[0.892s] Invoking command in '/home/me597/ME-597/lab3ws/src/task_4': PYTHONPATH=/home/me597/ME-597/lab3ws/build/task_4/prefix_override:/usr/lib/python3/dist-packages/colcon_core/task/python/colcon_distutils_commands:/home/me597/ME-597/lab3ws/install/task_4/lib/python3.10/site-packages:${PYTHONPATH} /usr/bin/python3 -W ignore:setup.py install is deprecated -W ignore:easy_install command is deprecated setup.py egg_info --egg-base ../../build/task_4 build --build-base /home/me597/ME-597/lab3ws/build/task_4/build install --record /home/me597/ME-597/lab3ws/build/task_4/install.log --single-version-externally-managed install_data
[1.178s] running egg_info
[1.179s] creating ../../build/task_4/task_4.egg-info
[1.179s] writing ../../build/task_4/task_4.egg-info/PKG-INFO
[1.181s] writing dependency_links to ../../build/task_4/task_4.egg-info/dependency_links.txt
[1.181s] writing entry points to ../../build/task_4/task_4.egg-info/entry_points.txt
[1.181s] writing requirements to ../../build/task_4/task_4.egg-info/requires.txt
[1.181s] writing top-level names to ../../build/task_4/task_4.egg-info/top_level.txt
[1.182s] writing manifest file '../../build/task_4/task_4.egg-info/SOURCES.txt'
[1.184s] reading manifest file '../../build/task_4/task_4.egg-info/SOURCES.txt'
[1.184s] adding license file 'LICENSE'
[1.184s] writing manifest file '../../build/task_4/task_4.egg-info/SOURCES.txt'
[1.184s] running build
[1.184s] running build_py
[1.186s] creating /home/me597/ME-597/lab3ws/build/task_4/build
[1.186s] creating /home/me597/ME-597/lab3ws/build/task_4/build/lib
[1.186s] creating /home/me597/ME-597/lab3ws/build/task_4/build/lib/task_4
[1.186s] copying task_4/__init__.py -> /home/me597/ME-597/lab3ws/build/task_4/build/lib/task_4
[1.187s] running install
[1.188s] running install_lib
[1.188s] creating /home/me597/ME-597/lab3ws/install/task_4/lib/python3.10/site-packages/task_4
[1.188s] copying /home/me597/ME-597/lab3ws/build/task_4/build/lib/task_4/__init__.py -> /home/me597/ME-597/lab3ws/install/task_4/lib/python3.10/site-packages/task_4
[1.188s] byte-compiling /home/me597/ME-597/lab3ws/install/task_4/lib/python3.10/site-packages/task_4/__init__.py to __init__.cpython-310.pyc
[1.188s] running install_data
[1.188s] creating /home/me597/ME-597/lab3ws/install/task_4/share/ament_index
[1.188s] creating /home/me597/ME-597/lab3ws/install/task_4/share/ament_index/resource_index
[1.188s] creating /home/me597/ME-597/lab3ws/install/task_4/share/ament_index/resource_index/packages
[1.188s] copying resource/task_4 -> /home/me597/ME-597/lab3ws/install/task_4/share/ament_index/resource_index/packages
[1.188s] copying package.xml -> /home/me597/ME-597/lab3ws/install/task_4/share/task_4
[1.188s] running install_egg_info
[1.192s] Copying ../../build/task_4/task_4.egg-info to /home/me597/ME-597/lab3ws/install/task_4/lib/python3.10/site-packages/task_4-0.0.0-py3.10.egg-info
[1.192s] running install_scripts
[1.217s] writing list of installed files to '/home/me597/ME-597/lab3ws/build/task_4/install.log'
[1.263s] Invoked command in '/home/me597/ME-597/lab3ws/src/task_4' returned '0': PYTHONPATH=/home/me597/ME-597/lab3ws/build/task_4/prefix_override:/usr/lib/python3/dist-packages/colcon_core/task/python/colcon_distutils_commands:/home/me597/ME-597/lab3ws/install/task_4/lib/python3.10/site-packages:${PYTHONPATH} /usr/bin/python3 -W ignore:setup.py install is deprecated -W ignore:easy_install command is deprecated setup.py egg_info --egg-base ../../build/task_4 build --build-base /home/me597/ME-597/lab3ws/build/task_4/build install --record /home/me597/ME-597/lab3ws/build/task_4/install.log --single-version-externally-managed install_data
