[0.710s] Invoking command in '/home/me597/ME-597/lab2ws/src/task_3': PYTHONPATH=/home/me597/ME-597/lab2ws/build/task_3/prefix_override:/usr/lib/python3/dist-packages/colcon_core/task/python/colcon_distutils_commands:/home/me597/ME-597/lab2ws/install/task_3/lib/python3.10/site-packages:${PYTHONPATH} /usr/bin/python3 -W ignore:setup.py install is deprecated -W ignore:easy_install command is deprecated setup.py egg_info --egg-base ../../build/task_3 build --build-base /home/me597/ME-597/lab2ws/build/task_3/build install --record /home/me597/ME-597/lab2ws/build/task_3/install.log --single-version-externally-managed install_data
[1.087s] running egg_info
[1.087s] creating ../../build/task_3/task_3.egg-info
[1.087s] writing ../../build/task_3/task_3.egg-info/PKG-INFO
[1.088s] writing dependency_links to ../../build/task_3/task_3.egg-info/dependency_links.txt
[1.089s] writing entry points to ../../build/task_3/task_3.egg-info/entry_points.txt
[1.089s] writing requirements to ../../build/task_3/task_3.egg-info/requires.txt
[1.090s] writing top-level names to ../../build/task_3/task_3.egg-info/top_level.txt
[1.091s] writing manifest file '../../build/task_3/task_3.egg-info/SOURCES.txt'
[1.096s] reading manifest file '../../build/task_3/task_3.egg-info/SOURCES.txt'
[1.096s] adding license file 'LICENSE'
[1.096s] writing manifest file '../../build/task_3/task_3.egg-info/SOURCES.txt'
[1.097s] running build
[1.097s] running build_py
[1.097s] creating /home/me597/ME-597/lab2ws/build/task_3/build
[1.097s] creating /home/me597/ME-597/lab2ws/build/task_3/build/lib
[1.098s] creating /home/me597/ME-597/lab2ws/build/task_3/build/lib/task_3
[1.103s] copying task_3/__init__.py -> /home/me597/ME-597/lab2ws/build/task_3/build/lib/task_3
[1.103s] copying task_3/pid_controller.py -> /home/me597/ME-597/lab2ws/build/task_3/build/lib/task_3
[1.106s] running install
[1.107s] running install_lib
[1.107s] creating /home/me597/ME-597/lab2ws/install/task_3/lib/python3.10/site-packages/task_3
[1.107s] copying /home/me597/ME-597/lab2ws/build/task_3/build/lib/task_3/__init__.py -> /home/me597/ME-597/lab2ws/install/task_3/lib/python3.10/site-packages/task_3
[1.107s] copying /home/me597/ME-597/lab2ws/build/task_3/build/lib/task_3/pid_controller.py -> /home/me597/ME-597/lab2ws/install/task_3/lib/python3.10/site-packages/task_3
[1.107s] byte-compiling /home/me597/ME-597/lab2ws/install/task_3/lib/python3.10/site-packages/task_3/__init__.py to __init__.cpython-310.pyc
[1.107s] byte-compiling /home/me597/ME-597/lab2ws/install/task_3/lib/python3.10/site-packages/task_3/pid_controller.py to pid_controller.cpython-310.pyc
[1.107s] running install_data
[1.107s] creating /home/me597/ME-597/lab2ws/install/task_3/share/ament_index
[1.107s] creating /home/me597/ME-597/lab2ws/install/task_3/share/ament_index/resource_index
[1.107s] creating /home/me597/ME-597/lab2ws/install/task_3/share/ament_index/resource_index/packages
[1.107s] copying resource/task_3 -> /home/me597/ME-597/lab2ws/install/task_3/share/ament_index/resource_index/packages
[1.107s] copying package.xml -> /home/me597/ME-597/lab2ws/install/task_3/share/task_3
[1.107s] running install_egg_info
[1.114s] Copying ../../build/task_3/task_3.egg-info to /home/me597/ME-597/lab2ws/install/task_3/lib/python3.10/site-packages/task_3-0.0.0-py3.10.egg-info
[1.115s] running install_scripts
[1.170s] Installing pid_controller script to /home/me597/ME-597/lab2ws/install/task_3/lib/task_3
[1.170s] writing list of installed files to '/home/me597/ME-597/lab2ws/build/task_3/install.log'
[1.206s] Invoked command in '/home/me597/ME-597/lab2ws/src/task_3' returned '0': PYTHONPATH=/home/me597/ME-597/lab2ws/build/task_3/prefix_override:/usr/lib/python3/dist-packages/colcon_core/task/python/colcon_distutils_commands:/home/me597/ME-597/lab2ws/install/task_3/lib/python3.10/site-packages:${PYTHONPATH} /usr/bin/python3 -W ignore:setup.py install is deprecated -W ignore:easy_install command is deprecated setup.py egg_info --egg-base ../../build/task_3 build --build-base /home/me597/ME-597/lab2ws/build/task_3/build install --record /home/me597/ME-597/lab2ws/build/task_3/install.log --single-version-externally-managed install_data
