[0.888s] Invoking command in '/home/me597/ME-597/lab4ws/build/task_5': AMENT_PREFIX_PATH=/home/me597/ME-597/lab4ws/install/cv_bridge:${AMENT_PREFIX_PATH} CMAKE_PREFIX_PATH=/home/me597/ME-597/lab4ws/install/cv_bridge LD_LIBRARY_PATH=/home/me597/ME-597/lab4ws/install/cv_bridge/lib:${LD_LIBRARY_PATH} PYTHONPATH=/home/me597/ME-597/lab4ws/build/task_5/prefix_override:/usr/lib/python3/dist-packages/colcon_core/task/python/colcon_distutils_commands:/home/me597/ME-597/lab4ws/install/task_5/lib/python3.10/site-packages:/home/me597/ME-597/lab4ws/install/cv_bridge/local/lib/python3.10/dist-packages:${PYTHONPATH} /usr/bin/python3 -W ignore:setup.py install is deprecated -W ignore:easy_install command is deprecated setup.py develop --editable --build-directory /home/me597/ME-597/lab4ws/build/task_5/build --no-deps symlink_data --force
[1.153s] running develop
[1.312s] running egg_info
[1.312s] writing task_5.egg-info/PKG-INFO
[1.312s] writing dependency_links to task_5.egg-info/dependency_links.txt
[1.314s] writing entry points to task_5.egg-info/entry_points.txt
[1.314s] writing requirements to task_5.egg-info/requires.txt
[1.315s] writing top-level names to task_5.egg-info/top_level.txt
[1.318s] reading manifest file 'task_5.egg-info/SOURCES.txt'
[1.318s] writing manifest file 'task_5.egg-info/SOURCES.txt'
[1.320s] running build_ext
[1.320s] Creating /home/me597/ME-597/lab4ws/install/task_5/lib/python3.10/site-packages/task-5.egg-link (link to .)
[1.321s] Installing image_publisher script to /home/me597/ME-597/lab4ws/install/task_5/lib/task_5
[1.329s] Installing object_detector script to /home/me597/ME-597/lab4ws/install/task_5/lib/task_5
[1.329s] 
[1.329s] Installed /home/me597/ME-597/lab4ws/build/task_5
[1.329s] running symlink_data
[1.329s] symbolically linking /home/me597/ME-597/lab4ws/build/task_5/resource/task_5 -> /home/me597/ME-597/lab4ws/install/task_5/share/ament_index/resource_index/packages
[1.329s] symbolically linking /home/me597/ME-597/lab4ws/build/task_5/package.xml -> /home/me597/ME-597/lab4ws/install/task_5/share/task_5
[1.329s] symbolically linking /home/me597/ME-597/lab4ws/build/task_5/launch/object_detector_launch.py -> /home/me597/ME-597/lab4ws/install/task_5/share/task_5/launch
[1.566s] Invoked command in '/home/me597/ME-597/lab4ws/build/task_5' returned '0': AMENT_PREFIX_PATH=/home/me597/ME-597/lab4ws/install/cv_bridge:${AMENT_PREFIX_PATH} CMAKE_PREFIX_PATH=/home/me597/ME-597/lab4ws/install/cv_bridge LD_LIBRARY_PATH=/home/me597/ME-597/lab4ws/install/cv_bridge/lib:${LD_LIBRARY_PATH} PYTHONPATH=/home/me597/ME-597/lab4ws/build/task_5/prefix_override:/usr/lib/python3/dist-packages/colcon_core/task/python/colcon_distutils_commands:/home/me597/ME-597/lab4ws/install/task_5/lib/python3.10/site-packages:/home/me597/ME-597/lab4ws/install/cv_bridge/local/lib/python3.10/dist-packages:${PYTHONPATH} /usr/bin/python3 -W ignore:setup.py install is deprecated -W ignore:easy_install command is deprecated setup.py develop --editable --build-directory /home/me597/ME-597/lab4ws/build/task_5/build --no-deps symlink_data --force
