[0.405s] Invoking command in '/home/me597/ME-597/Lab1ws/task_2': PYTHONPATH=/home/me597/ME-597/Lab1ws/task_2/build/task_2/prefix_override:/usr/lib/python3/dist-packages/colcon_core/task/python/colcon_distutils_commands:/home/me597/ME-597/Lab1ws/task_2/install/task_2/lib/python3.10/site-packages:${PYTHONPATH} /usr/bin/python3 -W ignore:setup.py install is deprecated -W ignore:easy_install command is deprecated setup.py egg_info --egg-base build/task_2 build --build-base /home/me597/ME-597/Lab1ws/task_2/build/task_2/build install --record /home/me597/ME-597/Lab1ws/task_2/build/task_2/install.log --single-version-externally-managed install_data
[0.581s] running egg_info
[0.581s] creating build/task_2/task_2.egg-info
[0.582s] writing build/task_2/task_2.egg-info/PKG-INFO
[0.582s] writing dependency_links to build/task_2/task_2.egg-info/dependency_links.txt
[0.582s] writing entry points to build/task_2/task_2.egg-info/entry_points.txt
[0.582s] writing requirements to build/task_2/task_2.egg-info/requires.txt
[0.582s] writing top-level names to build/task_2/task_2.egg-info/top_level.txt
[0.583s] writing manifest file 'build/task_2/task_2.egg-info/SOURCES.txt'
[0.584s] reading manifest file 'build/task_2/task_2.egg-info/SOURCES.txt'
[0.584s] adding license file 'LICENSE'
[0.585s] writing manifest file 'build/task_2/task_2.egg-info/SOURCES.txt'
[0.585s] running build
[0.585s] running build_py
[0.586s] creating /home/me597/ME-597/Lab1ws/task_2/build/task_2/build
[0.586s] creating /home/me597/ME-597/Lab1ws/task_2/build/task_2/build/lib
[0.586s] creating /home/me597/ME-597/Lab1ws/task_2/build/task_2/build/lib/task_2
[0.586s] copying task_2/publisher_member_function.py -> /home/me597/ME-597/Lab1ws/task_2/build/task_2/build/lib/task_2
[0.586s] copying task_2/__init__.py -> /home/me597/ME-597/Lab1ws/task_2/build/task_2/build/lib/task_2
[0.586s] copying task_2/subscriber_member_function.py -> /home/me597/ME-597/Lab1ws/task_2/build/task_2/build/lib/task_2
[0.586s] running install
[0.586s] running install_lib
[0.586s] creating /home/me597/ME-597/Lab1ws/task_2/install/task_2/lib/python3.10/site-packages/task_2
[0.587s] copying /home/me597/ME-597/Lab1ws/task_2/build/task_2/build/lib/task_2/publisher_member_function.py -> /home/me597/ME-597/Lab1ws/task_2/install/task_2/lib/python3.10/site-packages/task_2
[0.587s] copying /home/me597/ME-597/Lab1ws/task_2/build/task_2/build/lib/task_2/__init__.py -> /home/me597/ME-597/Lab1ws/task_2/install/task_2/lib/python3.10/site-packages/task_2
[0.587s] copying /home/me597/ME-597/Lab1ws/task_2/build/task_2/build/lib/task_2/subscriber_member_function.py -> /home/me597/ME-597/Lab1ws/task_2/install/task_2/lib/python3.10/site-packages/task_2
[0.587s] byte-compiling /home/me597/ME-597/Lab1ws/task_2/install/task_2/lib/python3.10/site-packages/task_2/publisher_member_function.py to publisher_member_function.cpython-310.pyc
[0.588s] byte-compiling /home/me597/ME-597/Lab1ws/task_2/install/task_2/lib/python3.10/site-packages/task_2/__init__.py to __init__.cpython-310.pyc
[0.588s] byte-compiling /home/me597/ME-597/Lab1ws/task_2/install/task_2/lib/python3.10/site-packages/task_2/subscriber_member_function.py to subscriber_member_function.cpython-310.pyc
[0.588s] running install_data
[0.588s] creating /home/me597/ME-597/Lab1ws/task_2/install/task_2/share/ament_index
[0.588s] creating /home/me597/ME-597/Lab1ws/task_2/install/task_2/share/ament_index/resource_index
[0.588s] creating /home/me597/ME-597/Lab1ws/task_2/install/task_2/share/ament_index/resource_index/packages
[0.588s] copying resource/task_2 -> /home/me597/ME-597/Lab1ws/task_2/install/task_2/share/ament_index/resource_index/packages
[0.588s] copying package.xml -> /home/me597/ME-597/Lab1ws/task_2/install/task_2/share/task_2
[0.588s] running install_egg_info
[0.590s] Copying build/task_2/task_2.egg-info to /home/me597/ME-597/Lab1ws/task_2/install/task_2/lib/python3.10/site-packages/task_2-0.0.0-py3.10.egg-info
[0.590s] running install_scripts
[0.607s] Installing listener script to /home/me597/ME-597/Lab1ws/task_2/install/task_2/lib/task_2
[0.607s] Installing talker script to /home/me597/ME-597/Lab1ws/task_2/install/task_2/lib/task_2
[0.607s] writing list of installed files to '/home/me597/ME-597/Lab1ws/task_2/build/task_2/install.log'
[0.625s] Invoked command in '/home/me597/ME-597/Lab1ws/task_2' returned '0': PYTHONPATH=/home/me597/ME-597/Lab1ws/task_2/build/task_2/prefix_override:/usr/lib/python3/dist-packages/colcon_core/task/python/colcon_distutils_commands:/home/me597/ME-597/Lab1ws/task_2/install/task_2/lib/python3.10/site-packages:${PYTHONPATH} /usr/bin/python3 -W ignore:setup.py install is deprecated -W ignore:easy_install command is deprecated setup.py egg_info --egg-base build/task_2 build --build-base /home/me597/ME-597/Lab1ws/task_2/build/task_2/build install --record /home/me597/ME-597/Lab1ws/task_2/build/task_2/install.log --single-version-externally-managed install_data
