[0.084s] DEBUG:colcon:Command line arguments: ['/usr/bin/colcon', 'build']
[0.084s] DEBUG:colcon:Parsed command line arguments: Namespace(log_base=None, log_level=None, verb_name='build', build_base='build', install_base='install', merge_install=False, symlink_install=False, test_result_base=None, continue_on_error=False, executor='parallel', parallel_workers=2, event_handlers=None, ignore_user_meta=False, metas=['./colcon.meta'], base_paths=['.'], packages_ignore=None, packages_ignore_regex=None, paths=None, packages_up_to=None, packages_up_to_regex=None, packages_above=None, packages_above_and_dependencies=None, packages_above_depth=None, packages_select_by_dep=None, packages_skip_by_dep=None, packages_skip_up_to=None, packages_select_build_failed=False, packages_skip_build_finished=False, packages_select_test_failures=False, packages_skip_test_passed=False, packages_select=None, packages_skip=None, packages_select_regex=None, packages_skip_regex=None, packages_start=None, packages_end=None, allow_overriding=[], cmake_args=None, cmake_target=None, cmake_target_skip_unavailable=False, cmake_clean_cache=False, cmake_clean_first=False, cmake_force_configure=False, ament_cmake_args=None, catkin_cmake_args=None, catkin_skip_building_tests=False, mixin_files=None, mixin=None, verb_parser=<colcon_mixin.mixin.mixin_argument.MixinArgumentDecorator object at 0x7485030ba1a0>, verb_extension=<colcon_core.verb.build.BuildVerb object at 0x7485030b9720>, main=<bound method BuildVerb.main of <colcon_core.verb.build.BuildVerb object at 0x7485030b9720>>, mixin_verb=('build',))
[0.198s] Level 1:colcon.colcon_core.package_discovery:discover_packages(colcon_meta) check parameters
[0.198s] Level 1:colcon.colcon_core.package_discovery:discover_packages(recursive) check parameters
[0.199s] Level 1:colcon.colcon_core.package_discovery:discover_packages(ignore) check parameters
[0.199s] Level 1:colcon.colcon_core.package_discovery:discover_packages(path) check parameters
[0.199s] Level 1:colcon.colcon_core.package_discovery:discover_packages(colcon_meta) discover
[0.199s] Level 1:colcon.colcon_core.package_discovery:discover_packages(recursive) discover
[0.199s] INFO:colcon.colcon_core.package_discovery:Crawling recursively for packages in '/home/me597/ME-597/Lab1ws'
[0.199s] Level 1:colcon.colcon_core.package_identification:_identify(.) by extensions ['ignore', 'ignore_ament_install']
[0.199s] Level 1:colcon.colcon_core.package_identification:_identify(.) by extension 'ignore'
[0.199s] Level 1:colcon.colcon_core.package_identification:_identify(.) by extension 'ignore_ament_install'
[0.199s] Level 1:colcon.colcon_core.package_identification:_identify(.) by extensions ['colcon_pkg']
[0.199s] Level 1:colcon.colcon_core.package_identification:_identify(.) by extension 'colcon_pkg'
[0.199s] Level 1:colcon.colcon_core.package_identification:_identify(.) by extensions ['colcon_meta']
[0.199s] Level 1:colcon.colcon_core.package_identification:_identify(.) by extension 'colcon_meta'
[0.199s] Level 1:colcon.colcon_core.package_identification:_identify(.) by extensions ['ros']
[0.199s] Level 1:colcon.colcon_core.package_identification:_identify(.) by extension 'ros'
[0.207s] Level 1:colcon.colcon_core.package_identification:_identify(.) by extensions ['cmake', 'python']
[0.207s] Level 1:colcon.colcon_core.package_identification:_identify(.) by extension 'cmake'
[0.207s] Level 1:colcon.colcon_core.package_identification:_identify(.) by extension 'python'
[0.208s] Level 1:colcon.colcon_core.package_identification:_identify(.) by extensions ['python_setup_py']
[0.208s] Level 1:colcon.colcon_core.package_identification:_identify(.) by extension 'python_setup_py'
[0.208s] Level 1:colcon.colcon_core.package_identification:_identify(build) by extensions ['ignore', 'ignore_ament_install']
[0.208s] Level 1:colcon.colcon_core.package_identification:_identify(build) by extension 'ignore'
[0.208s] Level 1:colcon.colcon_core.package_identification:_identify(build) ignored
[0.208s] Level 1:colcon.colcon_core.package_identification:_identify(install) by extensions ['ignore', 'ignore_ament_install']
[0.208s] Level 1:colcon.colcon_core.package_identification:_identify(install) by extension 'ignore'
[0.208s] Level 1:colcon.colcon_core.package_identification:_identify(install) ignored
[0.208s] Level 1:colcon.colcon_core.package_identification:_identify(log) by extensions ['ignore', 'ignore_ament_install']
[0.208s] Level 1:colcon.colcon_core.package_identification:_identify(log) by extension 'ignore'
[0.208s] Level 1:colcon.colcon_core.package_identification:_identify(log) ignored
[0.208s] Level 1:colcon.colcon_core.package_identification:_identify(task_1) by extensions ['ignore', 'ignore_ament_install']
[0.208s] Level 1:colcon.colcon_core.package_identification:_identify(task_1) by extension 'ignore'
[0.208s] Level 1:colcon.colcon_core.package_identification:_identify(task_1) by extension 'ignore_ament_install'
[0.208s] Level 1:colcon.colcon_core.package_identification:_identify(task_1) by extensions ['colcon_pkg']
[0.208s] Level 1:colcon.colcon_core.package_identification:_identify(task_1) by extension 'colcon_pkg'
[0.208s] Level 1:colcon.colcon_core.package_identification:_identify(task_1) by extensions ['colcon_meta']
[0.208s] Level 1:colcon.colcon_core.package_identification:_identify(task_1) by extension 'colcon_meta'
[0.208s] Level 1:colcon.colcon_core.package_identification:_identify(task_1) by extensions ['ros']
[0.208s] Level 1:colcon.colcon_core.package_identification:_identify(task_1) by extension 'ros'
[0.210s] DEBUG:colcon.colcon_core.package_identification:Package 'task_1' with type 'ros.ament_python' and name 'task_1'
[0.210s] Level 1:colcon.colcon_core.package_identification:_identify(task_2) by extensions ['ignore', 'ignore_ament_install']
[0.210s] Level 1:colcon.colcon_core.package_identification:_identify(task_2) by extension 'ignore'
[0.210s] Level 1:colcon.colcon_core.package_identification:_identify(task_2) by extension 'ignore_ament_install'
[0.210s] Level 1:colcon.colcon_core.package_identification:_identify(task_2) by extensions ['colcon_pkg']
[0.210s] Level 1:colcon.colcon_core.package_identification:_identify(task_2) by extension 'colcon_pkg'
[0.210s] Level 1:colcon.colcon_core.package_identification:_identify(task_2) by extensions ['colcon_meta']
[0.210s] Level 1:colcon.colcon_core.package_identification:_identify(task_2) by extension 'colcon_meta'
[0.210s] Level 1:colcon.colcon_core.package_identification:_identify(task_2) by extensions ['ros']
[0.210s] Level 1:colcon.colcon_core.package_identification:_identify(task_2) by extension 'ros'
[0.211s] DEBUG:colcon.colcon_core.package_identification:Package 'task_2' with type 'ros.ament_python' and name 'task_2'
[0.211s] Level 1:colcon.colcon_core.package_discovery:discover_packages(recursive) using defaults
[0.211s] Level 1:colcon.colcon_core.package_discovery:discover_packages(ignore) discover
[0.211s] Level 1:colcon.colcon_core.package_discovery:discover_packages(ignore) using defaults
[0.211s] Level 1:colcon.colcon_core.package_discovery:discover_packages(path) discover
[0.211s] Level 1:colcon.colcon_core.package_discovery:discover_packages(path) using defaults
[0.233s] Level 1:colcon.colcon_core.package_discovery:discover_packages(prefix_path) check parameters
[0.233s] Level 1:colcon.colcon_core.package_discovery:discover_packages(prefix_path) discover
[0.235s] DEBUG:colcon.colcon_installed_package_information.package_discovery:Found 2 installed packages in /home/me597/ME-597/Lab1ws/install
[0.236s] DEBUG:colcon.colcon_installed_package_information.package_discovery:Found 345 installed packages in /opt/ros/humble
[0.237s] Level 1:colcon.colcon_core.package_discovery:discover_packages(prefix_path) using defaults
[0.266s] Level 5:colcon.colcon_core.verb:set package 'task_1' build argument 'cmake_args' from command line to 'None'
[0.266s] Level 5:colcon.colcon_core.verb:set package 'task_1' build argument 'cmake_target' from command line to 'None'
[0.266s] Level 5:colcon.colcon_core.verb:set package 'task_1' build argument 'cmake_target_skip_unavailable' from command line to 'False'
[0.266s] Level 5:colcon.colcon_core.verb:set package 'task_1' build argument 'cmake_clean_cache' from command line to 'False'
[0.266s] Level 5:colcon.colcon_core.verb:set package 'task_1' build argument 'cmake_clean_first' from command line to 'False'
[0.266s] Level 5:colcon.colcon_core.verb:set package 'task_1' build argument 'cmake_force_configure' from command line to 'False'
[0.266s] Level 5:colcon.colcon_core.verb:set package 'task_1' build argument 'ament_cmake_args' from command line to 'None'
[0.266s] Level 5:colcon.colcon_core.verb:set package 'task_1' build argument 'catkin_cmake_args' from command line to 'None'
[0.266s] Level 5:colcon.colcon_core.verb:set package 'task_1' build argument 'catkin_skip_building_tests' from command line to 'False'
[0.266s] DEBUG:colcon.colcon_core.verb:Building package 'task_1' with the following arguments: {'ament_cmake_args': None, 'build_base': '/home/me597/ME-597/Lab1ws/build/task_1', 'catkin_cmake_args': None, 'catkin_skip_building_tests': False, 'cmake_args': None, 'cmake_clean_cache': False, 'cmake_clean_first': False, 'cmake_force_configure': False, 'cmake_target': None, 'cmake_target_skip_unavailable': False, 'install_base': '/home/me597/ME-597/Lab1ws/install/task_1', 'merge_install': False, 'path': '/home/me597/ME-597/Lab1ws/task_1', 'symlink_install': False, 'test_result_base': None}
[0.266s] Level 5:colcon.colcon_core.verb:set package 'task_2' build argument 'cmake_args' from command line to 'None'
[0.266s] Level 5:colcon.colcon_core.verb:set package 'task_2' build argument 'cmake_target' from command line to 'None'
[0.266s] Level 5:colcon.colcon_core.verb:set package 'task_2' build argument 'cmake_target_skip_unavailable' from command line to 'False'
[0.266s] Level 5:colcon.colcon_core.verb:set package 'task_2' build argument 'cmake_clean_cache' from command line to 'False'
[0.266s] Level 5:colcon.colcon_core.verb:set package 'task_2' build argument 'cmake_clean_first' from command line to 'False'
[0.267s] Level 5:colcon.colcon_core.verb:set package 'task_2' build argument 'cmake_force_configure' from command line to 'False'
[0.267s] Level 5:colcon.colcon_core.verb:set package 'task_2' build argument 'ament_cmake_args' from command line to 'None'
[0.267s] Level 5:colcon.colcon_core.verb:set package 'task_2' build argument 'catkin_cmake_args' from command line to 'None'
[0.267s] Level 5:colcon.colcon_core.verb:set package 'task_2' build argument 'catkin_skip_building_tests' from command line to 'False'
[0.267s] DEBUG:colcon.colcon_core.verb:Building package 'task_2' with the following arguments: {'ament_cmake_args': None, 'build_base': '/home/me597/ME-597/Lab1ws/build/task_2', 'catkin_cmake_args': None, 'catkin_skip_building_tests': False, 'cmake_args': None, 'cmake_clean_cache': False, 'cmake_clean_first': False, 'cmake_force_configure': False, 'cmake_target': None, 'cmake_target_skip_unavailable': False, 'install_base': '/home/me597/ME-597/Lab1ws/install/task_2', 'merge_install': False, 'path': '/home/me597/ME-597/Lab1ws/task_2', 'symlink_install': False, 'test_result_base': None}
[0.267s] INFO:colcon.colcon_core.executor:Executing jobs using 'parallel' executor
[0.268s] DEBUG:colcon.colcon_parallel_executor.executor.parallel:run_until_complete
[0.268s] INFO:colcon.colcon_ros.task.ament_python.build:Building ROS package in '/home/me597/ME-597/Lab1ws/task_1' with build type 'ament_python'
[0.268s] Level 1:colcon.colcon_core.shell:create_environment_hook('task_1', 'ament_prefix_path')
[0.270s] INFO:colcon.colcon_core.plugin_system:Skipping extension 'colcon_core.shell.bat': Not used on non-Windows systems
[0.270s] INFO:colcon.colcon_core.shell:Creating environment hook '/home/me597/ME-597/Lab1ws/install/task_1/share/task_1/hook/ament_prefix_path.ps1'
[0.271s] INFO:colcon.colcon_core.shell:Creating environment descriptor '/home/me597/ME-597/Lab1ws/install/task_1/share/task_1/hook/ament_prefix_path.dsv'
[0.272s] INFO:colcon.colcon_core.shell:Creating environment hook '/home/me597/ME-597/Lab1ws/install/task_1/share/task_1/hook/ament_prefix_path.sh'
[0.272s] INFO:colcon.colcon_core.shell:Skip shell extension 'powershell' for command environment: Not usable outside of PowerShell
[0.272s] DEBUG:colcon.colcon_core.shell:Skip shell extension 'dsv' for command environment
[0.276s] INFO:colcon.colcon_ros.task.ament_python.build:Building ROS package in '/home/me597/ME-597/Lab1ws/task_2' with build type 'ament_python'
[0.276s] Level 1:colcon.colcon_core.shell:create_environment_hook('task_2', 'ament_prefix_path')
[0.276s] INFO:colcon.colcon_core.shell:Creating environment hook '/home/me597/ME-597/Lab1ws/install/task_2/share/task_2/hook/ament_prefix_path.ps1'
[0.276s] INFO:colcon.colcon_core.shell:Creating environment descriptor '/home/me597/ME-597/Lab1ws/install/task_2/share/task_2/hook/ament_prefix_path.dsv'
[0.277s] INFO:colcon.colcon_core.shell:Creating environment hook '/home/me597/ME-597/Lab1ws/install/task_2/share/task_2/hook/ament_prefix_path.sh'
[0.277s] INFO:colcon.colcon_core.shell:Skip shell extension 'powershell' for command environment: Not usable outside of PowerShell
[0.277s] DEBUG:colcon.colcon_core.shell:Skip shell extension 'dsv' for command environment
[0.473s] INFO:colcon.colcon_core.task.python.build:Building Python package in '/home/me597/ME-597/Lab1ws/task_1'
[0.473s] INFO:colcon.colcon_core.shell:Skip shell extension 'powershell' for command environment: Not usable outside of PowerShell
[0.473s] DEBUG:colcon.colcon_core.shell:Skip shell extension 'dsv' for command environment
[0.658s] INFO:colcon.colcon_core.task.python.build:Building Python package in '/home/me597/ME-597/Lab1ws/task_2'
[0.658s] INFO:colcon.colcon_core.shell:Skip shell extension 'powershell' for command environment: Not usable outside of PowerShell
[0.658s] DEBUG:colcon.colcon_core.shell:Skip shell extension 'dsv' for command environment
[0.922s] DEBUG:colcon.colcon_core.event_handler.log_command:Invoking command in '/home/me597/ME-597/Lab1ws/task_1': PYTHONPATH=/home/me597/ME-597/Lab1ws/build/task_1/prefix_override:/usr/lib/python3/dist-packages/colcon_core/task/python/colcon_distutils_commands:/home/me597/ME-597/Lab1ws/install/task_1/lib/python3.10/site-packages:${PYTHONPATH} /usr/bin/python3 -W ignore:setup.py install is deprecated -W ignore:easy_install command is deprecated setup.py egg_info --egg-base ../build/task_1 build --build-base /home/me597/ME-597/Lab1ws/build/task_1/build install --record /home/me597/ME-597/Lab1ws/build/task_1/install.log --single-version-externally-managed install_data
[0.940s] DEBUG:colcon.colcon_core.event_handler.log_command:Invoking command in '/home/me597/ME-597/Lab1ws/task_2': PYTHONPATH=/home/me597/ME-597/Lab1ws/build/task_2/prefix_override:/usr/lib/python3/dist-packages/colcon_core/task/python/colcon_distutils_commands:/home/me597/ME-597/Lab1ws/install/task_2/lib/python3.10/site-packages:${PYTHONPATH} /usr/bin/python3 -W ignore:setup.py install is deprecated -W ignore:easy_install command is deprecated setup.py egg_info --egg-base ../build/task_2 build --build-base /home/me597/ME-597/Lab1ws/build/task_2/build install --record /home/me597/ME-597/Lab1ws/build/task_2/install.log --single-version-externally-managed install_data
[1.167s] Level 1:colcon.colcon_core.environment:checking '/home/me597/ME-597/Lab1ws/install/task_1' for CMake module files
[1.169s] DEBUG:colcon.colcon_core.event_handler.log_command:Invoked command in '/home/me597/ME-597/Lab1ws/task_1' returned '0': PYTHONPATH=/home/me597/ME-597/Lab1ws/build/task_1/prefix_override:/usr/lib/python3/dist-packages/colcon_core/task/python/colcon_distutils_commands:/home/me597/ME-597/Lab1ws/install/task_1/lib/python3.10/site-packages:${PYTHONPATH} /usr/bin/python3 -W ignore:setup.py install is deprecated -W ignore:easy_install command is deprecated setup.py egg_info --egg-base ../build/task_1 build --build-base /home/me597/ME-597/Lab1ws/build/task_1/build install --record /home/me597/ME-597/Lab1ws/build/task_1/install.log --single-version-externally-managed install_data
[1.170s] Level 1:colcon.colcon_core.environment:checking '/home/me597/ME-597/Lab1ws/install/task_1' for CMake config files
[1.170s] Level 1:colcon.colcon_core.environment:checking '/home/me597/ME-597/Lab1ws/install/task_1/lib'
[1.171s] Level 1:colcon.colcon_core.environment:checking '/home/me597/ME-597/Lab1ws/install/task_1/bin'
[1.171s] Level 1:colcon.colcon_core.environment:checking '/home/me597/ME-597/Lab1ws/install/task_1/lib/pkgconfig/task_1.pc'
[1.171s] Level 1:colcon.colcon_core.environment:checking '/home/me597/ME-597/Lab1ws/install/task_1/lib/python3.10/site-packages'
[1.171s] Level 1:colcon.colcon_core.shell:create_environment_hook('task_1', 'pythonpath')
[1.171s] INFO:colcon.colcon_core.shell:Creating environment hook '/home/me597/ME-597/Lab1ws/install/task_1/share/task_1/hook/pythonpath.ps1'
[1.172s] INFO:colcon.colcon_core.shell:Creating environment descriptor '/home/me597/ME-597/Lab1ws/install/task_1/share/task_1/hook/pythonpath.dsv'
[1.172s] INFO:colcon.colcon_core.shell:Creating environment hook '/home/me597/ME-597/Lab1ws/install/task_1/share/task_1/hook/pythonpath.sh'
[1.173s] Level 1:colcon.colcon_core.environment:checking '/home/me597/ME-597/Lab1ws/install/task_1/bin'
[1.173s] Level 1:colcon.colcon_core.environment:create_environment_scripts_only(task_1)
[1.173s] INFO:colcon.colcon_core.shell:Creating package script '/home/me597/ME-597/Lab1ws/install/task_1/share/task_1/package.ps1'
[1.174s] INFO:colcon.colcon_core.shell:Creating package descriptor '/home/me597/ME-597/Lab1ws/install/task_1/share/task_1/package.dsv'
[1.174s] INFO:colcon.colcon_core.shell:Creating package script '/home/me597/ME-597/Lab1ws/install/task_1/share/task_1/package.sh'
[1.175s] INFO:colcon.colcon_core.shell:Creating package script '/home/me597/ME-597/Lab1ws/install/task_1/share/task_1/package.bash'
[1.176s] INFO:colcon.colcon_core.shell:Creating package script '/home/me597/ME-597/Lab1ws/install/task_1/share/task_1/package.zsh'
[1.177s] Level 1:colcon.colcon_core.environment:create_file_with_runtime_dependencies(/home/me597/ME-597/Lab1ws/install/task_1/share/colcon-core/packages/task_1)
[1.199s] Level 1:colcon.colcon_core.environment:checking '/home/me597/ME-597/Lab1ws/install/task_2' for CMake module files
[1.199s] DEBUG:colcon.colcon_core.event_handler.log_command:Invoked command in '/home/me597/ME-597/Lab1ws/task_2' returned '0': PYTHONPATH=/home/me597/ME-597/Lab1ws/build/task_2/prefix_override:/usr/lib/python3/dist-packages/colcon_core/task/python/colcon_distutils_commands:/home/me597/ME-597/Lab1ws/install/task_2/lib/python3.10/site-packages:${PYTHONPATH} /usr/bin/python3 -W ignore:setup.py install is deprecated -W ignore:easy_install command is deprecated setup.py egg_info --egg-base ../build/task_2 build --build-base /home/me597/ME-597/Lab1ws/build/task_2/build install --record /home/me597/ME-597/Lab1ws/build/task_2/install.log --single-version-externally-managed install_data
[1.200s] Level 1:colcon.colcon_core.environment:checking '/home/me597/ME-597/Lab1ws/install/task_2' for CMake config files
[1.200s] Level 1:colcon.colcon_core.environment:checking '/home/me597/ME-597/Lab1ws/install/task_2/lib'
[1.200s] Level 1:colcon.colcon_core.environment:checking '/home/me597/ME-597/Lab1ws/install/task_2/bin'
[1.201s] Level 1:colcon.colcon_core.environment:checking '/home/me597/ME-597/Lab1ws/install/task_2/lib/pkgconfig/task_2.pc'
[1.201s] Level 1:colcon.colcon_core.environment:checking '/home/me597/ME-597/Lab1ws/install/task_2/lib/python3.10/site-packages'
[1.201s] Level 1:colcon.colcon_core.shell:create_environment_hook('task_2', 'pythonpath')
[1.201s] INFO:colcon.colcon_core.shell:Creating environment hook '/home/me597/ME-597/Lab1ws/install/task_2/share/task_2/hook/pythonpath.ps1'
[1.202s] INFO:colcon.colcon_core.shell:Creating environment descriptor '/home/me597/ME-597/Lab1ws/install/task_2/share/task_2/hook/pythonpath.dsv'
[1.202s] INFO:colcon.colcon_core.shell:Creating environment hook '/home/me597/ME-597/Lab1ws/install/task_2/share/task_2/hook/pythonpath.sh'
[1.203s] Level 1:colcon.colcon_core.environment:checking '/home/me597/ME-597/Lab1ws/install/task_2/bin'
[1.203s] Level 1:colcon.colcon_core.environment:create_environment_scripts_only(task_2)
[1.204s] INFO:colcon.colcon_core.shell:Creating package script '/home/me597/ME-597/Lab1ws/install/task_2/share/task_2/package.ps1'
[1.204s] INFO:colcon.colcon_core.shell:Creating package descriptor '/home/me597/ME-597/Lab1ws/install/task_2/share/task_2/package.dsv'
[1.205s] INFO:colcon.colcon_core.shell:Creating package script '/home/me597/ME-597/Lab1ws/install/task_2/share/task_2/package.sh'
[1.205s] INFO:colcon.colcon_core.shell:Creating package script '/home/me597/ME-597/Lab1ws/install/task_2/share/task_2/package.bash'
[1.206s] INFO:colcon.colcon_core.shell:Creating package script '/home/me597/ME-597/Lab1ws/install/task_2/share/task_2/package.zsh'
[1.206s] Level 1:colcon.colcon_core.environment:create_file_with_runtime_dependencies(/home/me597/ME-597/Lab1ws/install/task_2/share/colcon-core/packages/task_2)
[1.207s] DEBUG:colcon.colcon_parallel_executor.executor.parallel:closing loop
[1.207s] DEBUG:colcon.colcon_parallel_executor.executor.parallel:loop closed
[1.207s] DEBUG:colcon.colcon_parallel_executor.executor.parallel:run_until_complete finished with '0'
[1.207s] DEBUG:colcon.colcon_core.event_reactor:joining thread
[1.211s] INFO:colcon.colcon_core.plugin_system:Skipping extension 'colcon_notification.desktop_notification.terminal_notifier': Not used on non-Darwin systems
[1.212s] INFO:colcon.colcon_core.plugin_system:Skipping extension 'colcon_notification.desktop_notification.win32': Not used on non-Windows systems
[1.212s] INFO:colcon.colcon_notification.desktop_notification:Sending desktop notification using 'notify2'
[1.228s] DEBUG:colcon.colcon_core.event_reactor:joined thread
[1.229s] INFO:colcon.colcon_core.shell:Creating prefix script '/home/me597/ME-597/Lab1ws/install/local_setup.ps1'
[1.231s] INFO:colcon.colcon_core.shell:Creating prefix util module '/home/me597/ME-597/Lab1ws/install/_local_setup_util_ps1.py'
[1.233s] INFO:colcon.colcon_core.shell:Creating prefix chain script '/home/me597/ME-597/Lab1ws/install/setup.ps1'
[1.235s] INFO:colcon.colcon_core.shell:Creating prefix script '/home/me597/ME-597/Lab1ws/install/local_setup.sh'
[1.235s] INFO:colcon.colcon_core.shell:Creating prefix util module '/home/me597/ME-597/Lab1ws/install/_local_setup_util_sh.py'
[1.236s] INFO:colcon.colcon_core.shell:Creating prefix chain script '/home/me597/ME-597/Lab1ws/install/setup.sh'
[1.237s] INFO:colcon.colcon_core.shell:Creating prefix script '/home/me597/ME-597/Lab1ws/install/local_setup.bash'
[1.238s] INFO:colcon.colcon_core.shell:Creating prefix chain script '/home/me597/ME-597/Lab1ws/install/setup.bash'
[1.239s] INFO:colcon.colcon_core.shell:Creating prefix script '/home/me597/ME-597/Lab1ws/install/local_setup.zsh'
[1.239s] INFO:colcon.colcon_core.shell:Creating prefix chain script '/home/me597/ME-597/Lab1ws/install/setup.zsh'
