[0.844s] Invoking command in '/home/me597/ME-597/Lab1ws/task_1': PYTHONPATH=/home/me597/ME-597/Lab1ws/build/task_1/prefix_override:/usr/lib/python3/dist-packages/colcon_core/task/python/colcon_distutils_commands:/home/me597/ME-597/Lab1ws/install/task_1/lib/python3.10/site-packages:${PYTHONPATH} /usr/bin/python3 -W ignore:setup.py install is deprecated -W ignore:easy_install command is deprecated setup.py egg_info --egg-base ../build/task_1 build --build-base /home/me597/ME-597/Lab1ws/build/task_1/build install --record /home/me597/ME-597/Lab1ws/build/task_1/install.log --single-version-externally-managed install_data
[1.008s] running egg_info
[1.009s] writing ../build/task_1/task_1.egg-info/PKG-INFO
[1.009s] writing dependency_links to ../build/task_1/task_1.egg-info/dependency_links.txt
[1.010s] writing entry points to ../build/task_1/task_1.egg-info/entry_points.txt
[1.010s] writing requirements to ../build/task_1/task_1.egg-info/requires.txt
[1.010s] writing top-level names to ../build/task_1/task_1.egg-info/top_level.txt
[1.012s] reading manifest file '../build/task_1/task_1.egg-info/SOURCES.txt'
[1.012s] adding license file 'LICENSE'
[1.013s] writing manifest file '../build/task_1/task_1.egg-info/SOURCES.txt'
[1.013s] running build
[1.014s] running build_py
[1.014s] copying task_1/publisher_member_function.py -> /home/me597/ME-597/Lab1ws/build/task_1/build/lib/task_1
[1.016s] copying task_1/subscriber_member_function.py -> /home/me597/ME-597/Lab1ws/build/task_1/build/lib/task_1
[1.016s] running install
[1.016s] running install_lib
[1.018s] copying /home/me597/ME-597/Lab1ws/build/task_1/build/lib/task_1/publisher_member_function.py -> /home/me597/ME-597/Lab1ws/install/task_1/lib/python3.10/site-packages/task_1
[1.019s] copying /home/me597/ME-597/Lab1ws/build/task_1/build/lib/task_1/subscriber_member_function.py -> /home/me597/ME-597/Lab1ws/install/task_1/lib/python3.10/site-packages/task_1
[1.021s] byte-compiling /home/me597/ME-597/Lab1ws/install/task_1/lib/python3.10/site-packages/task_1/publisher_member_function.py to publisher_member_function.cpython-310.pyc
[1.021s] byte-compiling /home/me597/ME-597/Lab1ws/install/task_1/lib/python3.10/site-packages/task_1/subscriber_member_function.py to subscriber_member_function.cpython-310.pyc
[1.024s] running install_data
[1.025s] running install_egg_info
[1.025s] removing '/home/me597/ME-597/Lab1ws/install/task_1/lib/python3.10/site-packages/task_1-0.0.0-py3.10.egg-info' (and everything under it)
[1.028s] Copying ../build/task_1/task_1.egg-info to /home/me597/ME-597/Lab1ws/install/task_1/lib/python3.10/site-packages/task_1-0.0.0-py3.10.egg-info
[1.030s] running install_scripts
[1.054s] Installing listener script to /home/me597/ME-597/Lab1ws/install/task_1/lib/task_1
[1.054s] Installing talker script to /home/me597/ME-597/Lab1ws/install/task_1/lib/task_1
[1.055s] writing list of installed files to '/home/me597/ME-597/Lab1ws/build/task_1/install.log'
[1.073s] Invoked command in '/home/me597/ME-597/Lab1ws/task_1' returned '0': PYTHONPATH=/home/me597/ME-597/Lab1ws/build/task_1/prefix_override:/usr/lib/python3/dist-packages/colcon_core/task/python/colcon_distutils_commands:/home/me597/ME-597/Lab1ws/install/task_1/lib/python3.10/site-packages:${PYTHONPATH} /usr/bin/python3 -W ignore:setup.py install is deprecated -W ignore:easy_install command is deprecated setup.py egg_info --egg-base ../build/task_1 build --build-base /home/me597/ME-597/Lab1ws/build/task_1/build install --record /home/me597/ME-597/Lab1ws/build/task_1/install.log --single-version-externally-managed install_data
