[0.391s] Invoking command in '/home/me597/ME-597/Lab1ws/task_1': PYTHONPATH=/home/me597/ME-597/Lab1ws/build/task_1/prefix_override:/usr/lib/python3/dist-packages/colcon_core/task/python/colcon_distutils_commands:/home/me597/ME-597/Lab1ws/install/task_1/lib/python3.10/site-packages:${PYTHONPATH} /usr/bin/python3 -W ignore:setup.py install is deprecated -W ignore:easy_install command is deprecated setup.py egg_info --egg-base ../build/task_1 build --build-base /home/me597/ME-597/Lab1ws/build/task_1/build install --record /home/me597/ME-597/Lab1ws/build/task_1/install.log --single-version-externally-managed install_data
[0.541s] running egg_info
[0.543s] writing ../build/task_1/task_1.egg-info/PKG-INFO
[0.543s] writing dependency_links to ../build/task_1/task_1.egg-info/dependency_links.txt
[0.543s] writing entry points to ../build/task_1/task_1.egg-info/entry_points.txt
[0.543s] writing requirements to ../build/task_1/task_1.egg-info/requires.txt
[0.543s] writing top-level names to ../build/task_1/task_1.egg-info/top_level.txt
[0.545s] reading manifest file '../build/task_1/task_1.egg-info/SOURCES.txt'
[0.545s] adding license file 'LICENSE'
[0.546s] writing manifest file '../build/task_1/task_1.egg-info/SOURCES.txt'
[0.547s] running build
[0.547s] running build_py
[0.548s] copying task_1/subscriber_member_function.py -> /home/me597/ME-597/Lab1ws/build/task_1/build/lib/task_1
[0.548s] running install
[0.549s] running install_lib
[0.550s] copying /home/me597/ME-597/Lab1ws/build/task_1/build/lib/task_1/subscriber_member_function.py -> /home/me597/ME-597/Lab1ws/install/task_1/lib/python3.10/site-packages/task_1
[0.551s] byte-compiling /home/me597/ME-597/Lab1ws/install/task_1/lib/python3.10/site-packages/task_1/subscriber_member_function.py to subscriber_member_function.cpython-310.pyc
[0.551s] running install_data
[0.552s] running install_egg_info
[0.553s] removing '/home/me597/ME-597/Lab1ws/install/task_1/lib/python3.10/site-packages/task_1-0.0.0-py3.10.egg-info' (and everything under it)
[0.554s] Copying ../build/task_1/task_1.egg-info to /home/me597/ME-597/Lab1ws/install/task_1/lib/python3.10/site-packages/task_1-0.0.0-py3.10.egg-info
[0.555s] running install_scripts
[0.569s] Installing listener script to /home/me597/ME-597/Lab1ws/install/task_1/lib/task_1
[0.570s] Installing talker script to /home/me597/ME-597/Lab1ws/install/task_1/lib/task_1
[0.571s] writing list of installed files to '/home/me597/ME-597/Lab1ws/build/task_1/install.log'
[0.587s] Invoked command in '/home/me597/ME-597/Lab1ws/task_1' returned '0': PYTHONPATH=/home/me597/ME-597/Lab1ws/build/task_1/prefix_override:/usr/lib/python3/dist-packages/colcon_core/task/python/colcon_distutils_commands:/home/me597/ME-597/Lab1ws/install/task_1/lib/python3.10/site-packages:${PYTHONPATH} /usr/bin/python3 -W ignore:setup.py install is deprecated -W ignore:easy_install command is deprecated setup.py egg_info --egg-base ../build/task_1 build --build-base /home/me597/ME-597/Lab1ws/build/task_1/build install --record /home/me597/ME-597/Lab1ws/build/task_1/install.log --single-version-externally-managed install_data
