[1.154s] Invoking command in '/home/me597/ME-597/lab2ws/src/task_3': PYTHONPATH=/home/me597/ME-597/lab2ws/src/build/task_3/prefix_override:/usr/lib/python3/dist-packages/colcon_core/task/python/colcon_distutils_commands:/home/me597/ME-597/lab2ws/src/install/task_3/lib/python3.10/site-packages:${PYTHONPATH} /usr/bin/python3 -W ignore:setup.py install is deprecated -W ignore:easy_install command is deprecated setup.py egg_info --egg-base ../build/task_3 build --build-base /home/me597/ME-597/lab2ws/src/build/task_3/build install --record /home/me597/ME-597/lab2ws/src/build/task_3/install.log --single-version-externally-managed install_data
[2.046s] running egg_info
[2.056s] creating ../build/task_3/task_3.egg-info
[2.056s] writing ../build/task_3/task_3.egg-info/PKG-INFO
[2.056s] writing dependency_links to ../build/task_3/task_3.egg-info/dependency_links.txt
[2.056s] writing entry points to ../build/task_3/task_3.egg-info/entry_points.txt
[2.056s] writing requirements to ../build/task_3/task_3.egg-info/requires.txt
[2.056s] writing top-level names to ../build/task_3/task_3.egg-info/top_level.txt
[2.056s] writing manifest file '../build/task_3/task_3.egg-info/SOURCES.txt'
[2.062s] reading manifest file '../build/task_3/task_3.egg-info/SOURCES.txt'
[2.069s] adding license file 'LICENSE'
[2.071s] writing manifest file '../build/task_3/task_3.egg-info/SOURCES.txt'
[2.071s] running build
[2.071s] running build_py
[2.073s] creating /home/me597/ME-597/lab2ws/src/build/task_3/build
[2.073s] creating /home/me597/ME-597/lab2ws/src/build/task_3/build/lib
[2.073s] creating /home/me597/ME-597/lab2ws/src/build/task_3/build/lib/task_3
[2.073s] copying task_3/__init__.py -> /home/me597/ME-597/lab2ws/src/build/task_3/build/lib/task_3
[2.073s] copying task_3/pid_controller.py -> /home/me597/ME-597/lab2ws/src/build/task_3/build/lib/task_3
[2.073s] running install
[2.073s] running install_lib
[2.073s] creating /home/me597/ME-597/lab2ws/src/install/task_3/lib/python3.10/site-packages/task_3
[2.073s] copying /home/me597/ME-597/lab2ws/src/build/task_3/build/lib/task_3/__init__.py -> /home/me597/ME-597/lab2ws/src/install/task_3/lib/python3.10/site-packages/task_3
[2.074s] copying /home/me597/ME-597/lab2ws/src/build/task_3/build/lib/task_3/pid_controller.py -> /home/me597/ME-597/lab2ws/src/install/task_3/lib/python3.10/site-packages/task_3
[2.080s] byte-compiling /home/me597/ME-597/lab2ws/src/install/task_3/lib/python3.10/site-packages/task_3/__init__.py to __init__.cpython-310.pyc
[2.080s] byte-compiling /home/me597/ME-597/lab2ws/src/install/task_3/lib/python3.10/site-packages/task_3/pid_controller.py to pid_controller.cpython-310.pyc
[2.080s] running install_data
[2.080s] creating /home/me597/ME-597/lab2ws/src/install/task_3/share/ament_index
[2.080s] creating /home/me597/ME-597/lab2ws/src/install/task_3/share/ament_index/resource_index
[2.080s] creating /home/me597/ME-597/lab2ws/src/install/task_3/share/ament_index/resource_index/packages
[2.080s] copying resource/task_3 -> /home/me597/ME-597/lab2ws/src/install/task_3/share/ament_index/resource_index/packages
[2.080s] copying package.xml -> /home/me597/ME-597/lab2ws/src/install/task_3/share/task_3
[2.083s] running install_egg_info
[2.106s] Copying ../build/task_3/task_3.egg-info to /home/me597/ME-597/lab2ws/src/install/task_3/lib/python3.10/site-packages/task_3-0.0.0-py3.10.egg-info
[2.109s] running install_scripts
[2.233s] Installing pid_speed_controller script to /home/me597/ME-597/lab2ws/src/install/task_3/lib/task_3
[2.233s] writing list of installed files to '/home/me597/ME-597/lab2ws/src/build/task_3/install.log'
[2.294s] Invoked command in '/home/me597/ME-597/lab2ws/src/task_3' returned '0': PYTHONPATH=/home/me597/ME-597/lab2ws/src/build/task_3/prefix_override:/usr/lib/python3/dist-packages/colcon_core/task/python/colcon_distutils_commands:/home/me597/ME-597/lab2ws/src/install/task_3/lib/python3.10/site-packages:${PYTHONPATH} /usr/bin/python3 -W ignore:setup.py install is deprecated -W ignore:easy_install command is deprecated setup.py egg_info --egg-base ../build/task_3 build --build-base /home/me597/ME-597/lab2ws/src/build/task_3/build install --record /home/me597/ME-597/lab2ws/src/build/task_3/install.log --single-version-externally-managed install_data
