[0.190s] Invoking command in '/home/me597/ME-597/lab2ws/build/task_3_interfaces': CMAKE_PREFIX_PATH=/opt/ros/humble /usr/bin/cmake /home/me597/ME-597/lab2ws/src/task_3_interfaces -DCMAKE_INSTALL_PREFIX=/home/me597/ME-597/lab2ws/install/task_3_interfaces
[0.241s] -- The C compiler identification is GNU 11.4.0
[0.287s] -- The CXX compiler identification is GNU 11.4.0
[0.294s] -- Detecting C compiler ABI info
[0.349s] -- Detecting C compiler ABI info - done
[0.352s] -- Check for working C compiler: /usr/bin/cc - skipped
[0.352s] -- Detecting C compile features
[0.353s] -- Detecting C compile features - done
[0.354s] -- Detecting CXX compiler ABI info
[0.433s] -- Detecting CXX compiler ABI info - done
[0.433s] -- Check for working CXX compiler: /usr/bin/c++ - skipped
[0.433s] -- Detecting CXX compile features
[0.434s] -- Detecting CXX compile features - done
[0.439s] -- Found ament_cmake: 1.3.11 (/opt/ros/humble/share/ament_cmake/cmake)
[0.572s] -- Found Python3: /usr/bin/python3 (found version "3.10.12") found components: Interpreter 
[0.636s] -- Found ament_lint_auto: 0.12.11 (/opt/ros/humble/share/ament_lint_auto/cmake)
[0.685s] -- Added test 'lint_cmake' to check CMake code style
[0.686s] -- Added test 'xmllint' to check XML markup files
[0.688s] -- Configuring done
[0.689s] -- Generating done
[0.689s] -- Build files have been written to: /home/me597/ME-597/lab2ws/build/task_3_interfaces
[0.696s] Invoked command in '/home/me597/ME-597/lab2ws/build/task_3_interfaces' returned '0': CMAKE_PREFIX_PATH=/opt/ros/humble /usr/bin/cmake /home/me597/ME-597/lab2ws/src/task_3_interfaces -DCMAKE_INSTALL_PREFIX=/home/me597/ME-597/lab2ws/install/task_3_interfaces
[0.697s] Invoking command in '/home/me597/ME-597/lab2ws/build/task_3_interfaces': CMAKE_PREFIX_PATH=/opt/ros/humble /usr/bin/cmake --build /home/me597/ME-597/lab2ws/build/task_3_interfaces -- -j2 -l2
[0.722s] Invoked command in '/home/me597/ME-597/lab2ws/build/task_3_interfaces' returned '0': CMAKE_PREFIX_PATH=/opt/ros/humble /usr/bin/cmake --build /home/me597/ME-597/lab2ws/build/task_3_interfaces -- -j2 -l2
[0.730s] Invoking command in '/home/me597/ME-597/lab2ws/build/task_3_interfaces': CMAKE_PREFIX_PATH=/opt/ros/humble /usr/bin/cmake --install /home/me597/ME-597/lab2ws/build/task_3_interfaces
[0.748s] -- Install configuration: ""
[0.748s] -- Installing: /home/me597/ME-597/lab2ws/install/task_3_interfaces/share/ament_index/resource_index/package_run_dependencies/task_3_interfaces
[0.748s] -- Installing: /home/me597/ME-597/lab2ws/install/task_3_interfaces/share/ament_index/resource_index/parent_prefix_path/task_3_interfaces
[0.758s] -- Installing: /home/me597/ME-597/lab2ws/install/task_3_interfaces/share/task_3_interfaces/environment/ament_prefix_path.sh
[0.758s] -- Installing: /home/me597/ME-597/lab2ws/install/task_3_interfaces/share/task_3_interfaces/environment/ament_prefix_path.dsv
[0.758s] -- Installing: /home/me597/ME-597/lab2ws/install/task_3_interfaces/share/task_3_interfaces/environment/path.sh
[0.758s] -- Installing: /home/me597/ME-597/lab2ws/install/task_3_interfaces/share/task_3_interfaces/environment/path.dsv
[0.758s] -- Installing: /home/me597/ME-597/lab2ws/install/task_3_interfaces/share/task_3_interfaces/local_setup.bash
[0.758s] -- Installing: /home/me597/ME-597/lab2ws/install/task_3_interfaces/share/task_3_interfaces/local_setup.sh
[0.758s] -- Installing: /home/me597/ME-597/lab2ws/install/task_3_interfaces/share/task_3_interfaces/local_setup.zsh
[0.758s] -- Installing: /home/me597/ME-597/lab2ws/install/task_3_interfaces/share/task_3_interfaces/local_setup.dsv
[0.758s] -- Installing: /home/me597/ME-597/lab2ws/install/task_3_interfaces/share/task_3_interfaces/package.dsv
[0.758s] -- Installing: /home/me597/ME-597/lab2ws/install/task_3_interfaces/share/ament_index/resource_index/packages/task_3_interfaces
[0.758s] -- Installing: /home/me597/ME-597/lab2ws/install/task_3_interfaces/share/task_3_interfaces/cmake/task_3_interfacesConfig.cmake
[0.758s] -- Installing: /home/me597/ME-597/lab2ws/install/task_3_interfaces/share/task_3_interfaces/cmake/task_3_interfacesConfig-version.cmake
[0.758s] -- Installing: /home/me597/ME-597/lab2ws/install/task_3_interfaces/share/task_3_interfaces/package.xml
[0.758s] Invoked command in '/home/me597/ME-597/lab2ws/build/task_3_interfaces' returned '0': CMAKE_PREFIX_PATH=/opt/ros/humble /usr/bin/cmake --install /home/me597/ME-597/lab2ws/build/task_3_interfaces
