[0.412s] Invoking command in '/home/me597/ME-597/lab3ws/task_4': PYTHONPATH=/home/me597/ME-597/lab3ws/build/task_4/prefix_override:/usr/lib/python3/dist-packages/colcon_core/task/python/colcon_distutils_commands:/home/me597/ME-597/lab3ws/install/task_4/lib/python3.10/site-packages:${PYTHONPATH} /usr/bin/python3 -W ignore:setup.py install is deprecated -W ignore:easy_install command is deprecated setup.py egg_info --egg-base ../build/task_4 build --build-base /home/me597/ME-597/lab3ws/build/task_4/build install --record /home/me597/ME-597/lab3ws/build/task_4/install.log --single-version-externally-managed install_data
[0.574s] running egg_info
[0.575s] writing ../build/task_4/task_4.egg-info/PKG-INFO
[0.576s] writing dependency_links to ../build/task_4/task_4.egg-info/dependency_links.txt
[0.576s] writing entry points to ../build/task_4/task_4.egg-info/entry_points.txt
[0.576s] writing requirements to ../build/task_4/task_4.egg-info/requires.txt
[0.577s] writing top-level names to ../build/task_4/task_4.egg-info/top_level.txt
[0.578s] reading manifest file '../build/task_4/task_4.egg-info/SOURCES.txt'
[0.578s] adding license file 'LICENSE'
[0.579s] writing manifest file '../build/task_4/task_4.egg-info/SOURCES.txt'
[0.579s] running build
[0.579s] running build_py
[0.579s] copying task_4/auto_navigator.py -> /home/me597/ME-597/lab3ws/build/task_4/build/lib/task_4
[0.580s] running install
[0.580s] running install_lib
[0.580s] copying /home/me597/ME-597/lab3ws/build/task_4/build/lib/task_4/auto_navigator.py -> /home/me597/ME-597/lab3ws/install/task_4/lib/python3.10/site-packages/task_4
[0.583s] byte-compiling /home/me597/ME-597/lab3ws/install/task_4/lib/python3.10/site-packages/task_4/code_store.py to code_store.cpython-310.pyc
[0.583s] byte-compiling /home/me597/ME-597/lab3ws/install/task_4/lib/python3.10/site-packages/task_4/auto_navigator.py to auto_navigator.cpython-310.pyc
[0.585s] Sorry: IndentationError: unindent does not match any outer indentation level (code_store.py, line 176)
[0.587s] running install_data
[0.587s] running install_egg_info
[0.589s] removing '/home/me597/ME-597/lab3ws/install/task_4/lib/python3.10/site-packages/task_4-0.0.0-py3.10.egg-info' (and everything under it)
[0.594s] Copying ../build/task_4/task_4.egg-info to /home/me597/ME-597/lab3ws/install/task_4/lib/python3.10/site-packages/task_4-0.0.0-py3.10.egg-info
[0.594s] running install_scripts
[0.612s] Installing auto_navigator script to /home/me597/ME-597/lab3ws/install/task_4/lib/task_4
[0.615s] writing list of installed files to '/home/me597/ME-597/lab3ws/build/task_4/install.log'
[0.635s] Invoked command in '/home/me597/ME-597/lab3ws/task_4' returned '0': PYTHONPATH=/home/me597/ME-597/lab3ws/build/task_4/prefix_override:/usr/lib/python3/dist-packages/colcon_core/task/python/colcon_distutils_commands:/home/me597/ME-597/lab3ws/install/task_4/lib/python3.10/site-packages:${PYTHONPATH} /usr/bin/python3 -W ignore:setup.py install is deprecated -W ignore:easy_install command is deprecated setup.py egg_info --egg-base ../build/task_4 build --build-base /home/me597/ME-597/lab3ws/build/task_4/build install --record /home/me597/ME-597/lab3ws/build/task_4/install.log --single-version-externally-managed install_data
