[0.071s] DEBUG:colcon:Command line arguments: ['/usr/bin/colcon', 'build']
[0.071s] DEBUG:colcon:Parsed command line arguments: Namespace(log_base=None, log_level=None, verb_name='build', build_base='build', install_base='install', merge_install=False, symlink_install=False, test_result_base=None, continue_on_error=False, executor='parallel', parallel_workers=2, event_handlers=None, ignore_user_meta=False, metas=['./colcon.meta'], base_paths=['.'], packages_ignore=None, packages_ignore_regex=None, paths=None, packages_up_to=None, packages_up_to_regex=None, packages_above=None, packages_above_and_dependencies=None, packages_above_depth=None, packages_select_by_dep=None, packages_skip_by_dep=None, packages_skip_up_to=None, packages_select_build_failed=False, packages_skip_build_finished=False, packages_select_test_failures=False, packages_skip_test_passed=False, packages_select=None, packages_skip=None, packages_select_regex=None, packages_skip_regex=None, packages_start=None, packages_end=None, allow_overriding=[], cmake_args=None, cmake_target=None, cmake_target_skip_unavailable=False, cmake_clean_cache=False, cmake_clean_first=False, cmake_force_configure=False, ament_cmake_args=None, catkin_cmake_args=None, catkin_skip_building_tests=False, mixin_files=None, mixin=None, verb_parser=<colcon_mixin.mixin.mixin_argument.MixinArgumentDecorator object at 0x7e7da3a65060>, verb_extension=<colcon_core.verb.build.BuildVerb object at 0x7e7da3a645b0>, main=<bound method BuildVerb.main of <colcon_core.verb.build.BuildVerb object at 0x7e7da3a645b0>>, mixin_verb=('build',))
[0.178s] Level 1:colcon.colcon_core.package_discovery:discover_packages(colcon_meta) check parameters
[0.179s] Level 1:colcon.colcon_core.package_discovery:discover_packages(recursive) check parameters
[0.179s] Level 1:colcon.colcon_core.package_discovery:discover_packages(ignore) check parameters
[0.179s] Level 1:colcon.colcon_core.package_discovery:discover_packages(path) check parameters
[0.179s] Level 1:colcon.colcon_core.package_discovery:discover_packages(colcon_meta) discover
[0.179s] Level 1:colcon.colcon_core.package_discovery:discover_packages(recursive) discover
[0.179s] INFO:colcon.colcon_core.package_discovery:Crawling recursively for packages in '/home/me597/ME-597/lab4ws'
[0.179s] Level 1:colcon.colcon_core.package_identification:_identify(.) by extensions ['ignore', 'ignore_ament_install']
[0.179s] Level 1:colcon.colcon_core.package_identification:_identify(.) by extension 'ignore'
[0.179s] Level 1:colcon.colcon_core.package_identification:_identify(.) by extension 'ignore_ament_install'
[0.179s] Level 1:colcon.colcon_core.package_identification:_identify(.) by extensions ['colcon_pkg']
[0.179s] Level 1:colcon.colcon_core.package_identification:_identify(.) by extension 'colcon_pkg'
[0.179s] Level 1:colcon.colcon_core.package_identification:_identify(.) by extensions ['colcon_meta']
[0.179s] Level 1:colcon.colcon_core.package_identification:_identify(.) by extension 'colcon_meta'
[0.179s] Level 1:colcon.colcon_core.package_identification:_identify(.) by extensions ['ros']
[0.179s] Level 1:colcon.colcon_core.package_identification:_identify(.) by extension 'ros'
[0.187s] Level 1:colcon.colcon_core.package_identification:_identify(.) by extensions ['cmake', 'python']
[0.187s] Level 1:colcon.colcon_core.package_identification:_identify(.) by extension 'cmake'
[0.187s] Level 1:colcon.colcon_core.package_identification:_identify(.) by extension 'python'
[0.187s] Level 1:colcon.colcon_core.package_identification:_identify(.) by extensions ['python_setup_py']
[0.187s] Level 1:colcon.colcon_core.package_identification:_identify(.) by extension 'python_setup_py'
[0.187s] Level 1:colcon.colcon_core.package_identification:_identify(build) by extensions ['ignore', 'ignore_ament_install']
[0.187s] Level 1:colcon.colcon_core.package_identification:_identify(build) by extension 'ignore'
[0.187s] Level 1:colcon.colcon_core.package_identification:_identify(build) ignored
[0.187s] Level 1:colcon.colcon_core.package_identification:_identify(install) by extensions ['ignore', 'ignore_ament_install']
[0.187s] Level 1:colcon.colcon_core.package_identification:_identify(install) by extension 'ignore'
[0.187s] Level 1:colcon.colcon_core.package_identification:_identify(install) ignored
[0.188s] Level 1:colcon.colcon_core.package_identification:_identify(log) by extensions ['ignore', 'ignore_ament_install']
[0.188s] Level 1:colcon.colcon_core.package_identification:_identify(log) by extension 'ignore'
[0.188s] Level 1:colcon.colcon_core.package_identification:_identify(log) ignored
[0.188s] Level 1:colcon.colcon_core.package_identification:_identify(src) by extensions ['ignore', 'ignore_ament_install']
[0.188s] Level 1:colcon.colcon_core.package_identification:_identify(src) by extension 'ignore'
[0.188s] Level 1:colcon.colcon_core.package_identification:_identify(src) by extension 'ignore_ament_install'
[0.188s] Level 1:colcon.colcon_core.package_identification:_identify(src) by extensions ['colcon_pkg']
[0.188s] Level 1:colcon.colcon_core.package_identification:_identify(src) by extension 'colcon_pkg'
[0.188s] Level 1:colcon.colcon_core.package_identification:_identify(src) by extensions ['colcon_meta']
[0.188s] Level 1:colcon.colcon_core.package_identification:_identify(src) by extension 'colcon_meta'
[0.188s] Level 1:colcon.colcon_core.package_identification:_identify(src) by extensions ['ros']
[0.188s] Level 1:colcon.colcon_core.package_identification:_identify(src) by extension 'ros'
[0.188s] Level 1:colcon.colcon_core.package_identification:_identify(src) by extensions ['cmake', 'python']
[0.188s] Level 1:colcon.colcon_core.package_identification:_identify(src) by extension 'cmake'
[0.188s] Level 1:colcon.colcon_core.package_identification:_identify(src) by extension 'python'
[0.188s] Level 1:colcon.colcon_core.package_identification:_identify(src) by extensions ['python_setup_py']
[0.188s] Level 1:colcon.colcon_core.package_identification:_identify(src) by extension 'python_setup_py'
[0.188s] Level 1:colcon.colcon_core.package_identification:_identify(src/task_5) by extensions ['ignore', 'ignore_ament_install']
[0.188s] Level 1:colcon.colcon_core.package_identification:_identify(src/task_5) by extension 'ignore'
[0.188s] Level 1:colcon.colcon_core.package_identification:_identify(src/task_5) by extension 'ignore_ament_install'
[0.188s] Level 1:colcon.colcon_core.package_identification:_identify(src/task_5) by extensions ['colcon_pkg']
[0.188s] Level 1:colcon.colcon_core.package_identification:_identify(src/task_5) by extension 'colcon_pkg'
[0.188s] Level 1:colcon.colcon_core.package_identification:_identify(src/task_5) by extensions ['colcon_meta']
[0.188s] Level 1:colcon.colcon_core.package_identification:_identify(src/task_5) by extension 'colcon_meta'
[0.188s] Level 1:colcon.colcon_core.package_identification:_identify(src/task_5) by extensions ['ros']
[0.188s] Level 1:colcon.colcon_core.package_identification:_identify(src/task_5) by extension 'ros'
[0.190s] DEBUG:colcon.colcon_core.package_identification:Package 'src/task_5' with type 'ros.ament_python' and name 'task_5'
[0.190s] Level 1:colcon.colcon_core.package_identification:_identify(src/task_6) by extensions ['ignore', 'ignore_ament_install']
[0.190s] Level 1:colcon.colcon_core.package_identification:_identify(src/task_6) by extension 'ignore'
[0.190s] Level 1:colcon.colcon_core.package_identification:_identify(src/task_6) by extension 'ignore_ament_install'
[0.191s] Level 1:colcon.colcon_core.package_identification:_identify(src/task_6) by extensions ['colcon_pkg']
[0.191s] Level 1:colcon.colcon_core.package_identification:_identify(src/task_6) by extension 'colcon_pkg'
[0.191s] Level 1:colcon.colcon_core.package_identification:_identify(src/task_6) by extensions ['colcon_meta']
[0.191s] Level 1:colcon.colcon_core.package_identification:_identify(src/task_6) by extension 'colcon_meta'
[0.191s] Level 1:colcon.colcon_core.package_identification:_identify(src/task_6) by extensions ['ros']
[0.191s] Level 1:colcon.colcon_core.package_identification:_identify(src/task_6) by extension 'ros'
[0.191s] DEBUG:colcon.colcon_core.package_identification:Package 'src/task_6' with type 'ros.ament_python' and name 'task_6'
[0.191s] Level 1:colcon.colcon_core.package_discovery:discover_packages(recursive) using defaults
[0.191s] Level 1:colcon.colcon_core.package_discovery:discover_packages(ignore) discover
[0.191s] Level 1:colcon.colcon_core.package_discovery:discover_packages(ignore) using defaults
[0.191s] Level 1:colcon.colcon_core.package_discovery:discover_packages(path) discover
[0.191s] Level 1:colcon.colcon_core.package_discovery:discover_packages(path) using defaults
[0.213s] Level 1:colcon.colcon_core.package_discovery:discover_packages(prefix_path) check parameters
[0.213s] Level 1:colcon.colcon_core.package_discovery:discover_packages(prefix_path) discover
[0.214s] DEBUG:colcon.colcon_installed_package_information.package_discovery:Found 2 installed packages in /home/me597/ME-597/lab4ws/install
[0.215s] DEBUG:colcon.colcon_installed_package_information.package_discovery:Found 358 installed packages in /opt/ros/humble
[0.216s] Level 1:colcon.colcon_core.package_discovery:discover_packages(prefix_path) using defaults
[0.245s] Level 5:colcon.colcon_core.verb:set package 'task_5' build argument 'cmake_args' from command line to 'None'
[0.245s] Level 5:colcon.colcon_core.verb:set package 'task_5' build argument 'cmake_target' from command line to 'None'
[0.245s] Level 5:colcon.colcon_core.verb:set package 'task_5' build argument 'cmake_target_skip_unavailable' from command line to 'False'
[0.245s] Level 5:colcon.colcon_core.verb:set package 'task_5' build argument 'cmake_clean_cache' from command line to 'False'
[0.245s] Level 5:colcon.colcon_core.verb:set package 'task_5' build argument 'cmake_clean_first' from command line to 'False'
[0.245s] Level 5:colcon.colcon_core.verb:set package 'task_5' build argument 'cmake_force_configure' from command line to 'False'
[0.245s] Level 5:colcon.colcon_core.verb:set package 'task_5' build argument 'ament_cmake_args' from command line to 'None'
[0.245s] Level 5:colcon.colcon_core.verb:set package 'task_5' build argument 'catkin_cmake_args' from command line to 'None'
[0.245s] Level 5:colcon.colcon_core.verb:set package 'task_5' build argument 'catkin_skip_building_tests' from command line to 'False'
[0.245s] DEBUG:colcon.colcon_core.verb:Building package 'task_5' with the following arguments: {'ament_cmake_args': None, 'build_base': '/home/me597/ME-597/lab4ws/build/task_5', 'catkin_cmake_args': None, 'catkin_skip_building_tests': False, 'cmake_args': None, 'cmake_clean_cache': False, 'cmake_clean_first': False, 'cmake_force_configure': False, 'cmake_target': None, 'cmake_target_skip_unavailable': False, 'install_base': '/home/me597/ME-597/lab4ws/install/task_5', 'merge_install': False, 'path': '/home/me597/ME-597/lab4ws/src/task_5', 'symlink_install': False, 'test_result_base': None}
[0.245s] Level 5:colcon.colcon_core.verb:set package 'task_6' build argument 'cmake_args' from command line to 'None'
[0.245s] Level 5:colcon.colcon_core.verb:set package 'task_6' build argument 'cmake_target' from command line to 'None'
[0.246s] Level 5:colcon.colcon_core.verb:set package 'task_6' build argument 'cmake_target_skip_unavailable' from command line to 'False'
[0.246s] Level 5:colcon.colcon_core.verb:set package 'task_6' build argument 'cmake_clean_cache' from command line to 'False'
[0.246s] Level 5:colcon.colcon_core.verb:set package 'task_6' build argument 'cmake_clean_first' from command line to 'False'
[0.246s] Level 5:colcon.colcon_core.verb:set package 'task_6' build argument 'cmake_force_configure' from command line to 'False'
[0.246s] Level 5:colcon.colcon_core.verb:set package 'task_6' build argument 'ament_cmake_args' from command line to 'None'
[0.246s] Level 5:colcon.colcon_core.verb:set package 'task_6' build argument 'catkin_cmake_args' from command line to 'None'
[0.246s] Level 5:colcon.colcon_core.verb:set package 'task_6' build argument 'catkin_skip_building_tests' from command line to 'False'
[0.246s] DEBUG:colcon.colcon_core.verb:Building package 'task_6' with the following arguments: {'ament_cmake_args': None, 'build_base': '/home/me597/ME-597/lab4ws/build/task_6', 'catkin_cmake_args': None, 'catkin_skip_building_tests': False, 'cmake_args': None, 'cmake_clean_cache': False, 'cmake_clean_first': False, 'cmake_force_configure': False, 'cmake_target': None, 'cmake_target_skip_unavailable': False, 'install_base': '/home/me597/ME-597/lab4ws/install/task_6', 'merge_install': False, 'path': '/home/me597/ME-597/lab4ws/src/task_6', 'symlink_install': False, 'test_result_base': None}
[0.246s] INFO:colcon.colcon_core.executor:Executing jobs using 'parallel' executor
[0.247s] DEBUG:colcon.colcon_parallel_executor.executor.parallel:run_until_complete
[0.247s] INFO:colcon.colcon_ros.task.ament_python.build:Building ROS package in '/home/me597/ME-597/lab4ws/src/task_5' with build type 'ament_python'
[0.247s] Level 1:colcon.colcon_core.shell:create_environment_hook('task_5', 'ament_prefix_path')
[0.249s] INFO:colcon.colcon_core.plugin_system:Skipping extension 'colcon_core.shell.bat': Not used on non-Windows systems
[0.249s] INFO:colcon.colcon_core.shell:Creating environment hook '/home/me597/ME-597/lab4ws/install/task_5/share/task_5/hook/ament_prefix_path.ps1'
[0.250s] INFO:colcon.colcon_core.shell:Creating environment descriptor '/home/me597/ME-597/lab4ws/install/task_5/share/task_5/hook/ament_prefix_path.dsv'
[0.250s] INFO:colcon.colcon_core.shell:Creating environment hook '/home/me597/ME-597/lab4ws/install/task_5/share/task_5/hook/ament_prefix_path.sh'
[0.251s] INFO:colcon.colcon_core.shell:Skip shell extension 'powershell' for command environment: Not usable outside of PowerShell
[0.251s] DEBUG:colcon.colcon_core.shell:Skip shell extension 'dsv' for command environment
[0.254s] INFO:colcon.colcon_ros.task.ament_python.build:Building ROS package in '/home/me597/ME-597/lab4ws/src/task_6' with build type 'ament_python'
[0.254s] Level 1:colcon.colcon_core.shell:create_environment_hook('task_6', 'ament_prefix_path')
[0.254s] INFO:colcon.colcon_core.shell:Creating environment hook '/home/me597/ME-597/lab4ws/install/task_6/share/task_6/hook/ament_prefix_path.ps1'
[0.255s] INFO:colcon.colcon_core.shell:Creating environment descriptor '/home/me597/ME-597/lab4ws/install/task_6/share/task_6/hook/ament_prefix_path.dsv'
[0.255s] INFO:colcon.colcon_core.shell:Creating environment hook '/home/me597/ME-597/lab4ws/install/task_6/share/task_6/hook/ament_prefix_path.sh'
[0.255s] INFO:colcon.colcon_core.shell:Skip shell extension 'powershell' for command environment: Not usable outside of PowerShell
[0.256s] DEBUG:colcon.colcon_core.shell:Skip shell extension 'dsv' for command environment
[0.437s] INFO:colcon.colcon_core.task.python.build:Building Python package in '/home/me597/ME-597/lab4ws/src/task_5'
[0.437s] INFO:colcon.colcon_core.shell:Skip shell extension 'powershell' for command environment: Not usable outside of PowerShell
[0.437s] DEBUG:colcon.colcon_core.shell:Skip shell extension 'dsv' for command environment
[0.604s] INFO:colcon.colcon_core.task.python.build:Building Python package in '/home/me597/ME-597/lab4ws/src/task_6'
[0.605s] INFO:colcon.colcon_core.shell:Skip shell extension 'powershell' for command environment: Not usable outside of PowerShell
[0.605s] DEBUG:colcon.colcon_core.shell:Skip shell extension 'dsv' for command environment
[0.863s] DEBUG:colcon.colcon_core.event_handler.log_command:Invoking command in '/home/me597/ME-597/lab4ws/src/task_5': PYTHONPATH=/home/me597/ME-597/lab4ws/build/task_5/prefix_override:/usr/lib/python3/dist-packages/colcon_core/task/python/colcon_distutils_commands:/home/me597/ME-597/lab4ws/install/task_5/lib/python3.10/site-packages:${PYTHONPATH} /usr/bin/python3 -W ignore:setup.py install is deprecated -W ignore:easy_install command is deprecated setup.py egg_info --egg-base ../../build/task_5 build --build-base /home/me597/ME-597/lab4ws/build/task_5/build install --record /home/me597/ME-597/lab4ws/build/task_5/install.log --single-version-externally-managed install_data
[0.870s] DEBUG:colcon.colcon_core.event_handler.log_command:Invoking command in '/home/me597/ME-597/lab4ws/src/task_6': PYTHONPATH=/home/me597/ME-597/lab4ws/build/task_6/prefix_override:/usr/lib/python3/dist-packages/colcon_core/task/python/colcon_distutils_commands:/home/me597/ME-597/lab4ws/install/task_6/lib/python3.10/site-packages:${PYTHONPATH} /usr/bin/python3 -W ignore:setup.py install is deprecated -W ignore:easy_install command is deprecated setup.py egg_info --egg-base ../../build/task_6 build --build-base /home/me597/ME-597/lab4ws/build/task_6/build install --record /home/me597/ME-597/lab4ws/build/task_6/install.log --single-version-externally-managed install_data
[1.086s] Level 1:colcon.colcon_core.environment:checking '/home/me597/ME-597/lab4ws/install/task_6' for CMake module files
[1.086s] DEBUG:colcon.colcon_core.event_handler.log_command:Invoked command in '/home/me597/ME-597/lab4ws/src/task_6' returned '0': PYTHONPATH=/home/me597/ME-597/lab4ws/build/task_6/prefix_override:/usr/lib/python3/dist-packages/colcon_core/task/python/colcon_distutils_commands:/home/me597/ME-597/lab4ws/install/task_6/lib/python3.10/site-packages:${PYTHONPATH} /usr/bin/python3 -W ignore:setup.py install is deprecated -W ignore:easy_install command is deprecated setup.py egg_info --egg-base ../../build/task_6 build --build-base /home/me597/ME-597/lab4ws/build/task_6/build install --record /home/me597/ME-597/lab4ws/build/task_6/install.log --single-version-externally-managed install_data
[1.087s] Level 1:colcon.colcon_core.environment:checking '/home/me597/ME-597/lab4ws/install/task_6' for CMake config files
[1.088s] Level 1:colcon.colcon_core.environment:checking '/home/me597/ME-597/lab4ws/install/task_6/lib'
[1.089s] Level 1:colcon.colcon_core.environment:checking '/home/me597/ME-597/lab4ws/install/task_6/bin'
[1.089s] Level 1:colcon.colcon_core.environment:checking '/home/me597/ME-597/lab4ws/install/task_6/lib/pkgconfig/task_6.pc'
[1.089s] Level 1:colcon.colcon_core.environment:checking '/home/me597/ME-597/lab4ws/install/task_6/lib/python3.10/site-packages'
[1.089s] Level 1:colcon.colcon_core.shell:create_environment_hook('task_6', 'pythonpath')
[1.089s] INFO:colcon.colcon_core.shell:Creating environment hook '/home/me597/ME-597/lab4ws/install/task_6/share/task_6/hook/pythonpath.ps1'
[1.090s] INFO:colcon.colcon_core.shell:Creating environment descriptor '/home/me597/ME-597/lab4ws/install/task_6/share/task_6/hook/pythonpath.dsv'
[1.091s] INFO:colcon.colcon_core.shell:Creating environment hook '/home/me597/ME-597/lab4ws/install/task_6/share/task_6/hook/pythonpath.sh'
[1.091s] Level 1:colcon.colcon_core.environment:checking '/home/me597/ME-597/lab4ws/install/task_6/bin'
[1.091s] Level 1:colcon.colcon_core.environment:create_environment_scripts_only(task_6)
[1.091s] INFO:colcon.colcon_core.shell:Creating package script '/home/me597/ME-597/lab4ws/install/task_6/share/task_6/package.ps1'
[1.093s] INFO:colcon.colcon_core.shell:Creating package descriptor '/home/me597/ME-597/lab4ws/install/task_6/share/task_6/package.dsv'
[1.094s] INFO:colcon.colcon_core.shell:Creating package script '/home/me597/ME-597/lab4ws/install/task_6/share/task_6/package.sh'
[1.095s] INFO:colcon.colcon_core.shell:Creating package script '/home/me597/ME-597/lab4ws/install/task_6/share/task_6/package.bash'
[1.095s] INFO:colcon.colcon_core.shell:Creating package script '/home/me597/ME-597/lab4ws/install/task_6/share/task_6/package.zsh'
[1.096s] Level 1:colcon.colcon_core.environment:create_file_with_runtime_dependencies(/home/me597/ME-597/lab4ws/install/task_6/share/colcon-core/packages/task_6)
[1.097s] Level 1:colcon.colcon_core.environment:checking '/home/me597/ME-597/lab4ws/install/task_5' for CMake module files
[1.098s] Level 1:colcon.colcon_core.environment:checking '/home/me597/ME-597/lab4ws/install/task_5' for CMake config files
[1.098s] Level 1:colcon.colcon_core.environment:checking '/home/me597/ME-597/lab4ws/install/task_5/lib'
[1.098s] Level 1:colcon.colcon_core.environment:checking '/home/me597/ME-597/lab4ws/install/task_5/bin'
[1.098s] Level 1:colcon.colcon_core.environment:checking '/home/me597/ME-597/lab4ws/install/task_5/lib/pkgconfig/task_5.pc'
[1.098s] Level 1:colcon.colcon_core.environment:checking '/home/me597/ME-597/lab4ws/install/task_5/lib/python3.10/site-packages'
[1.099s] Level 1:colcon.colcon_core.shell:create_environment_hook('task_5', 'pythonpath')
[1.099s] INFO:colcon.colcon_core.shell:Creating environment hook '/home/me597/ME-597/lab4ws/install/task_5/share/task_5/hook/pythonpath.ps1'
[1.099s] INFO:colcon.colcon_core.shell:Creating environment descriptor '/home/me597/ME-597/lab4ws/install/task_5/share/task_5/hook/pythonpath.dsv'
[1.099s] DEBUG:colcon.colcon_core.event_handler.log_command:Invoked command in '/home/me597/ME-597/lab4ws/src/task_5' returned '0': PYTHONPATH=/home/me597/ME-597/lab4ws/build/task_5/prefix_override:/usr/lib/python3/dist-packages/colcon_core/task/python/colcon_distutils_commands:/home/me597/ME-597/lab4ws/install/task_5/lib/python3.10/site-packages:${PYTHONPATH} /usr/bin/python3 -W ignore:setup.py install is deprecated -W ignore:easy_install command is deprecated setup.py egg_info --egg-base ../../build/task_5 build --build-base /home/me597/ME-597/lab4ws/build/task_5/build install --record /home/me597/ME-597/lab4ws/build/task_5/install.log --single-version-externally-managed install_data
[1.099s] INFO:colcon.colcon_core.shell:Creating environment hook '/home/me597/ME-597/lab4ws/install/task_5/share/task_5/hook/pythonpath.sh'
[1.100s] Level 1:colcon.colcon_core.environment:checking '/home/me597/ME-597/lab4ws/install/task_5/bin'
[1.100s] Level 1:colcon.colcon_core.environment:create_environment_scripts_only(task_5)
[1.100s] INFO:colcon.colcon_core.shell:Creating package script '/home/me597/ME-597/lab4ws/install/task_5/share/task_5/package.ps1'
[1.101s] INFO:colcon.colcon_core.shell:Creating package descriptor '/home/me597/ME-597/lab4ws/install/task_5/share/task_5/package.dsv'
[1.101s] INFO:colcon.colcon_core.shell:Creating package script '/home/me597/ME-597/lab4ws/install/task_5/share/task_5/package.sh'
[1.101s] INFO:colcon.colcon_core.shell:Creating package script '/home/me597/ME-597/lab4ws/install/task_5/share/task_5/package.bash'
[1.102s] INFO:colcon.colcon_core.shell:Creating package script '/home/me597/ME-597/lab4ws/install/task_5/share/task_5/package.zsh'
[1.102s] Level 1:colcon.colcon_core.environment:create_file_with_runtime_dependencies(/home/me597/ME-597/lab4ws/install/task_5/share/colcon-core/packages/task_5)
[1.102s] DEBUG:colcon.colcon_parallel_executor.executor.parallel:closing loop
[1.102s] DEBUG:colcon.colcon_parallel_executor.executor.parallel:loop closed
[1.102s] DEBUG:colcon.colcon_parallel_executor.executor.parallel:run_until_complete finished with '0'
[1.102s] DEBUG:colcon.colcon_core.event_reactor:joining thread
[1.106s] INFO:colcon.colcon_core.plugin_system:Skipping extension 'colcon_notification.desktop_notification.terminal_notifier': Not used on non-Darwin systems
[1.106s] INFO:colcon.colcon_core.plugin_system:Skipping extension 'colcon_notification.desktop_notification.win32': Not used on non-Windows systems
[1.106s] INFO:colcon.colcon_notification.desktop_notification:Sending desktop notification using 'notify2'
[1.115s] DEBUG:colcon.colcon_core.event_reactor:joined thread
[1.116s] INFO:colcon.colcon_core.shell:Creating prefix script '/home/me597/ME-597/lab4ws/install/local_setup.ps1'
[1.117s] INFO:colcon.colcon_core.shell:Creating prefix util module '/home/me597/ME-597/lab4ws/install/_local_setup_util_ps1.py'
[1.118s] INFO:colcon.colcon_core.shell:Creating prefix chain script '/home/me597/ME-597/lab4ws/install/setup.ps1'
[1.118s] INFO:colcon.colcon_core.shell:Creating prefix script '/home/me597/ME-597/lab4ws/install/local_setup.sh'
[1.119s] INFO:colcon.colcon_core.shell:Creating prefix util module '/home/me597/ME-597/lab4ws/install/_local_setup_util_sh.py'
[1.123s] INFO:colcon.colcon_core.shell:Creating prefix chain script '/home/me597/ME-597/lab4ws/install/setup.sh'
[1.124s] INFO:colcon.colcon_core.shell:Creating prefix script '/home/me597/ME-597/lab4ws/install/local_setup.bash'
[1.124s] INFO:colcon.colcon_core.shell:Creating prefix chain script '/home/me597/ME-597/lab4ws/install/setup.bash'
[1.125s] INFO:colcon.colcon_core.shell:Creating prefix script '/home/me597/ME-597/lab4ws/install/local_setup.zsh'
[1.125s] INFO:colcon.colcon_core.shell:Creating prefix chain script '/home/me597/ME-597/lab4ws/install/setup.zsh'
