[0.421s] Invoking command in '/home/me597/ME-597/Lab1ws/task_2': PYTHONPATH=/home/me597/ME-597/Lab1ws/task_2/build/task_2/prefix_override:/usr/lib/python3/dist-packages/colcon_core/task/python/colcon_distutils_commands:/home/me597/ME-597/Lab1ws/task_2/install/task_2/lib/python3.10/site-packages:${PYTHONPATH} /usr/bin/python3 -W ignore:setup.py install is deprecated -W ignore:easy_install command is deprecated setup.py egg_info --egg-base build/task_2 build --build-base /home/me597/ME-597/Lab1ws/task_2/build/task_2/build install --record /home/me597/ME-597/Lab1ws/task_2/build/task_2/install.log --single-version-externally-managed install_data
[0.576s] running egg_info
[0.576s] writing build/task_2/task_2.egg-info/PKG-INFO
[0.577s] writing dependency_links to build/task_2/task_2.egg-info/dependency_links.txt
[0.577s] writing entry points to build/task_2/task_2.egg-info/entry_points.txt
[0.578s] writing requirements to build/task_2/task_2.egg-info/requires.txt
[0.578s] writing top-level names to build/task_2/task_2.egg-info/top_level.txt
[0.579s] reading manifest file 'build/task_2/task_2.egg-info/SOURCES.txt'
[0.580s] adding license file 'LICENSE'
[0.580s] writing manifest file 'build/task_2/task_2.egg-info/SOURCES.txt'
[0.581s] running build
[0.581s] running build_py
[0.581s] copying task_2/service.py -> /home/me597/ME-597/Lab1ws/task_2/build/task_2/build/lib/task_2
[0.581s] copying task_2/client.py -> /home/me597/ME-597/Lab1ws/task_2/build/task_2/build/lib/task_2
[0.581s] copying task_2/subscriber_member_function.py -> /home/me597/ME-597/Lab1ws/task_2/build/task_2/build/lib/task_2
[0.581s] running install
[0.582s] running install_lib
[0.583s] copying /home/me597/ME-597/Lab1ws/task_2/build/task_2/build/lib/task_2/service.py -> /home/me597/ME-597/Lab1ws/task_2/install/task_2/lib/python3.10/site-packages/task_2
[0.583s] copying /home/me597/ME-597/Lab1ws/task_2/build/task_2/build/lib/task_2/client.py -> /home/me597/ME-597/Lab1ws/task_2/install/task_2/lib/python3.10/site-packages/task_2
[0.583s] copying /home/me597/ME-597/Lab1ws/task_2/build/task_2/build/lib/task_2/subscriber_member_function.py -> /home/me597/ME-597/Lab1ws/task_2/install/task_2/lib/python3.10/site-packages/task_2
[0.584s] byte-compiling /home/me597/ME-597/Lab1ws/task_2/install/task_2/lib/python3.10/site-packages/task_2/service.py to service.cpython-310.pyc
[0.585s] byte-compiling /home/me597/ME-597/Lab1ws/task_2/install/task_2/lib/python3.10/site-packages/task_2/client.py to client.cpython-310.pyc
[0.585s] byte-compiling /home/me597/ME-597/Lab1ws/task_2/install/task_2/lib/python3.10/site-packages/task_2/subscriber_member_function.py to subscriber_member_function.cpython-310.pyc
[0.585s] running install_data
[0.585s] running install_egg_info
[0.586s] removing '/home/me597/ME-597/Lab1ws/task_2/install/task_2/lib/python3.10/site-packages/task_2-0.0.0-py3.10.egg-info' (and everything under it)
[0.587s] Copying build/task_2/task_2.egg-info to /home/me597/ME-597/Lab1ws/task_2/install/task_2/lib/python3.10/site-packages/task_2-0.0.0-py3.10.egg-info
[0.588s] running install_scripts
[0.602s] Installing client script to /home/me597/ME-597/Lab1ws/task_2/install/task_2/lib/task_2
[0.603s] Installing listener script to /home/me597/ME-597/Lab1ws/task_2/install/task_2/lib/task_2
[0.603s] Installing service script to /home/me597/ME-597/Lab1ws/task_2/install/task_2/lib/task_2
[0.603s] Installing talker script to /home/me597/ME-597/Lab1ws/task_2/install/task_2/lib/task_2
[0.603s] writing list of installed files to '/home/me597/ME-597/Lab1ws/task_2/build/task_2/install.log'
[0.618s] Invoked command in '/home/me597/ME-597/Lab1ws/task_2' returned '0': PYTHONPATH=/home/me597/ME-597/Lab1ws/task_2/build/task_2/prefix_override:/usr/lib/python3/dist-packages/colcon_core/task/python/colcon_distutils_commands:/home/me597/ME-597/Lab1ws/task_2/install/task_2/lib/python3.10/site-packages:${PYTHONPATH} /usr/bin/python3 -W ignore:setup.py install is deprecated -W ignore:easy_install command is deprecated setup.py egg_info --egg-base build/task_2 build --build-base /home/me597/ME-597/Lab1ws/task_2/build/task_2/build install --record /home/me597/ME-597/Lab1ws/task_2/build/task_2/install.log --single-version-externally-managed install_data
