[1.107s] Invoking command in '/home/me597/ME-597/lab3ws/src/task_4': PYTHONPATH=/home/me597/ME-597/lab3ws/src/build/task_4/prefix_override:/usr/lib/python3/dist-packages/colcon_core/task/python/colcon_distutils_commands:/home/me597/ME-597/lab3ws/src/install/task_4/lib/python3.10/site-packages:${PYTHONPATH} /usr/bin/python3 -W ignore:setup.py install is deprecated -W ignore:easy_install command is deprecated setup.py egg_info --egg-base ../build/task_4 build --build-base /home/me597/ME-597/lab3ws/src/build/task_4/build install --record /home/me597/ME-597/lab3ws/src/build/task_4/install.log --single-version-externally-managed install_data
[1.500s] running egg_info
[1.501s] writing ../build/task_4/task_4.egg-info/PKG-INFO
[1.501s] writing dependency_links to ../build/task_4/task_4.egg-info/dependency_links.txt
[1.502s] writing entry points to ../build/task_4/task_4.egg-info/entry_points.txt
[1.502s] writing requirements to ../build/task_4/task_4.egg-info/requires.txt
[1.503s] writing top-level names to ../build/task_4/task_4.egg-info/top_level.txt
[1.508s] reading manifest file '../build/task_4/task_4.egg-info/SOURCES.txt'
[1.513s] adding license file 'LICENSE'
[1.515s] writing manifest file '../build/task_4/task_4.egg-info/SOURCES.txt'
[1.515s] running build
[1.515s] running build_py
[1.515s] copying task_4/auto_navigator.py -> /home/me597/ME-597/lab3ws/src/build/task_4/build/lib/task_4
[1.515s] running install
[1.516s] running install_lib
[1.521s] copying /home/me597/ME-597/lab3ws/src/build/task_4/build/lib/task_4/auto_navigator.py -> /home/me597/ME-597/lab3ws/src/install/task_4/lib/python3.10/site-packages/task_4
[1.521s] byte-compiling /home/me597/ME-597/lab3ws/src/install/task_4/lib/python3.10/site-packages/task_4/auto_navigator.py to auto_navigator.cpython-310.pyc
[1.527s] running install_data
[1.528s] running install_egg_info
[1.533s] removing '/home/me597/ME-597/lab3ws/src/install/task_4/lib/python3.10/site-packages/task_4-0.0.0-py3.10.egg-info' (and everything under it)
[1.539s] Copying ../build/task_4/task_4.egg-info to /home/me597/ME-597/lab3ws/src/install/task_4/lib/python3.10/site-packages/task_4-0.0.0-py3.10.egg-info
[1.539s] running install_scripts
[1.566s] Installing auto_navigator script to /home/me597/ME-597/lab3ws/src/install/task_4/lib/task_4
[1.568s] writing list of installed files to '/home/me597/ME-597/lab3ws/src/build/task_4/install.log'
[1.608s] Invoked command in '/home/me597/ME-597/lab3ws/src/task_4' returned '0': PYTHONPATH=/home/me597/ME-597/lab3ws/src/build/task_4/prefix_override:/usr/lib/python3/dist-packages/colcon_core/task/python/colcon_distutils_commands:/home/me597/ME-597/lab3ws/src/install/task_4/lib/python3.10/site-packages:${PYTHONPATH} /usr/bin/python3 -W ignore:setup.py install is deprecated -W ignore:easy_install command is deprecated setup.py egg_info --egg-base ../build/task_4 build --build-base /home/me597/ME-597/lab3ws/src/build/task_4/build install --record /home/me597/ME-597/lab3ws/src/build/task_4/install.log --single-version-externally-managed install_data
