[0.732s] Invoking command in '/home/me597/ME-597/lab4ws/src/task_6': PYTHONPATH=/home/me597/ME-597/lab4ws/build/task_6/prefix_override:/usr/lib/python3/dist-packages/colcon_core/task/python/colcon_distutils_commands:/home/me597/ME-597/lab4ws/install/task_6/lib/python3.10/site-packages:${PYTHONPATH} /usr/bin/python3 -W ignore:setup.py install is deprecated -W ignore:easy_install command is deprecated setup.py egg_info --egg-base ../../build/task_6 build --build-base /home/me597/ME-597/lab4ws/build/task_6/build install --record /home/me597/ME-597/lab4ws/build/task_6/install.log --single-version-externally-managed install_data
[0.958s] running egg_info
[0.958s] writing ../../build/task_6/task_6.egg-info/PKG-INFO
[0.959s] writing dependency_links to ../../build/task_6/task_6.egg-info/dependency_links.txt
[0.959s] writing entry points to ../../build/task_6/task_6.egg-info/entry_points.txt
[0.960s] writing requirements to ../../build/task_6/task_6.egg-info/requires.txt
[0.960s] writing top-level names to ../../build/task_6/task_6.egg-info/top_level.txt
[0.964s] reading manifest file '../../build/task_6/task_6.egg-info/SOURCES.txt'
[0.964s] writing manifest file '../../build/task_6/task_6.egg-info/SOURCES.txt'
[0.964s] running build
[0.965s] running build_py
[0.965s] running install
[0.965s] running install_lib
[0.967s] running install_data
[0.967s] running install_egg_info
[0.969s] removing '/home/me597/ME-597/lab4ws/install/task_6/lib/python3.10/site-packages/task_6-0.0.0-py3.10.egg-info' (and everything under it)
[0.972s] Copying ../../build/task_6/task_6.egg-info to /home/me597/ME-597/lab4ws/install/task_6/lib/python3.10/site-packages/task_6-0.0.0-py3.10.egg-info
[0.973s] running install_scripts
[0.991s] writing list of installed files to '/home/me597/ME-597/lab4ws/build/task_6/install.log'
[1.012s] Invoked command in '/home/me597/ME-597/lab4ws/src/task_6' returned '0': PYTHONPATH=/home/me597/ME-597/lab4ws/build/task_6/prefix_override:/usr/lib/python3/dist-packages/colcon_core/task/python/colcon_distutils_commands:/home/me597/ME-597/lab4ws/install/task_6/lib/python3.10/site-packages:${PYTHONPATH} /usr/bin/python3 -W ignore:setup.py install is deprecated -W ignore:easy_install command is deprecated setup.py egg_info --egg-base ../../build/task_6 build --build-base /home/me597/ME-597/lab4ws/build/task_6/build install --record /home/me597/ME-597/lab4ws/build/task_6/install.log --single-version-externally-managed install_data
