[1.710s] Invoking command in '/home/me597/ME-597/lab4ws/src/task_5': CMAKE_PREFIX_PATH=/home/me597/ME-597/lab4ws/install/cv_bridge:/home/me597/ME-597/lab4ws/install/vision_opencv:/home/me597/ME-597/lab4ws/install/image_geometry LD_LIBRARY_PATH=/home/me597/ME-597/lab4ws/install/cv_bridge/lib:/home/me597/ME-597/lab4ws/install/image_geometry/lib:/usr/lib/x86_64-linux-gnu/gazebo-11/plugins:/opt/ros/humble/opt/rviz_ogre_vendor/lib:/opt/ros/humble/lib/x86_64-linux-gnu:/opt/ros/humble/lib PYTHONPATH=/home/me597/ME-597/lab4ws/build/task_5/prefix_override:/usr/lib/python3/dist-packages/colcon_core/task/python/colcon_distutils_commands:/home/me597/ME-597/lab4ws/install/task_5/lib/python3.10/site-packages:${PYTHONPATH} /usr/bin/python3 -W ignore:setup.py install is deprecated -W ignore:easy_install command is deprecated setup.py egg_info --egg-base ../../build/task_5 build --build-base /home/me597/ME-597/lab4ws/build/task_5/build install --record /home/me597/ME-597/lab4ws/build/task_5/install.log --single-version-externally-managed install_data
[2.477s] running egg_info
[2.481s] writing ../../build/task_5/task_5.egg-info/PKG-INFO
[2.481s] writing dependency_links to ../../build/task_5/task_5.egg-info/dependency_links.txt
[2.487s] writing entry points to ../../build/task_5/task_5.egg-info/entry_points.txt
[2.494s] writing requirements to ../../build/task_5/task_5.egg-info/requires.txt
[2.494s] writing top-level names to ../../build/task_5/task_5.egg-info/top_level.txt
[2.495s] reading manifest file '../../build/task_5/task_5.egg-info/SOURCES.txt'
[2.496s] writing manifest file '../../build/task_5/task_5.egg-info/SOURCES.txt'
[2.496s] running build
[2.496s] running build_py
[2.504s] running install
[2.504s] running install_lib
[2.505s] running install_data
[2.505s] running install_egg_info
[2.526s] removing '/home/me597/ME-597/lab4ws/install/task_5/lib/python3.10/site-packages/task_5-0.0.0-py3.10.egg-info' (and everything under it)
[2.526s] Copying ../../build/task_5/task_5.egg-info to /home/me597/ME-597/lab4ws/install/task_5/lib/python3.10/site-packages/task_5-0.0.0-py3.10.egg-info
[2.526s] running install_scripts
[2.578s] Installing image_publisher script to /home/me597/ME-597/lab4ws/install/task_5/lib/task_5
[2.582s] Installing object_detector script to /home/me597/ME-597/lab4ws/install/task_5/lib/task_5
[2.583s] Installing object_detector_launch script to /home/me597/ME-597/lab4ws/install/task_5/lib/task_5
[2.586s] writing list of installed files to '/home/me597/ME-597/lab4ws/build/task_5/install.log'
[2.675s] Invoked command in '/home/me597/ME-597/lab4ws/src/task_5' returned '0': CMAKE_PREFIX_PATH=/home/me597/ME-597/lab4ws/install/cv_bridge:/home/me597/ME-597/lab4ws/install/vision_opencv:/home/me597/ME-597/lab4ws/install/image_geometry LD_LIBRARY_PATH=/home/me597/ME-597/lab4ws/install/cv_bridge/lib:/home/me597/ME-597/lab4ws/install/image_geometry/lib:/usr/lib/x86_64-linux-gnu/gazebo-11/plugins:/opt/ros/humble/opt/rviz_ogre_vendor/lib:/opt/ros/humble/lib/x86_64-linux-gnu:/opt/ros/humble/lib PYTHONPATH=/home/me597/ME-597/lab4ws/build/task_5/prefix_override:/usr/lib/python3/dist-packages/colcon_core/task/python/colcon_distutils_commands:/home/me597/ME-597/lab4ws/install/task_5/lib/python3.10/site-packages:${PYTHONPATH} /usr/bin/python3 -W ignore:setup.py install is deprecated -W ignore:easy_install command is deprecated setup.py egg_info --egg-base ../../build/task_5 build --build-base /home/me597/ME-597/lab4ws/build/task_5/build install --record /home/me597/ME-597/lab4ws/build/task_5/install.log --single-version-externally-managed install_data
