[0.011s] Invoking command in '/home/me597/ME-597/Lab1ws/build/task_2_interfaces': CMAKE_PREFIX_PATH=/home/me597/ME-597/Lab1ws/install/task_2:/home/me597/ME-597/Lab1ws/install/task_1:/opt/ros/humble /usr/bin/cmake /home/me597/ME-597/Lab1ws/task_2_interfaces -DCMAKE_INSTALL_PREFIX=/home/me597/ME-597/Lab1ws/install/task_2_interfaces
[0.021s] -- Found ament_cmake: 1.3.11 (/opt/ros/humble/share/ament_cmake/cmake)
[0.125s] -- Found std_msgs: 4.2.4 (/opt/ros/humble/share/std_msgs/cmake)
[0.139s] -- Found rosidl_generator_c: 3.1.6 (/opt/ros/humble/share/rosidl_generator_c/cmake)
[0.141s] -- Found rosidl_adapter: 3.1.6 (/opt/ros/humble/share/rosidl_adapter/cmake)
[0.145s] -- Found rosidl_generator_cpp: 3.1.6 (/opt/ros/humble/share/rosidl_generator_cpp/cmake)
[0.153s] -- Using all available rosidl_typesupport_c: rosidl_typesupport_fastrtps_c;rosidl_typesupport_introspection_c
[0.161s] -- Using all available rosidl_typesupport_cpp: rosidl_typesupport_fastrtps_cpp;rosidl_typesupport_introspection_cpp
[0.175s] -- Found geometry_msgs: 4.2.4 (/opt/ros/humble/share/geometry_msgs/cmake)
[0.183s] -- Found rosidl_default_generators: 1.2.0 (/opt/ros/humble/share/rosidl_default_generators/cmake)
[0.349s] [31mCMake Error at /opt/ros/humble/share/rosidl_cmake/cmake/rosidl_generate_interfaces.cmake:229 (message):
[0.349s]   Packages installing interfaces must include
[0.350s]   '<member_of_group>rosidl_interface_packages</member_of_group>' in their
[0.350s]   package.xml
[0.350s] Call Stack (most recent call first):
[0.350s]   CMakeLists.txt:11 (rosidl_generate_interfaces)
[0.350s] 
[0.350s] [0m
[0.350s] -- Configuring incomplete, errors occurred!
[0.350s] See also "/home/me597/ME-597/Lab1ws/build/task_2_interfaces/CMakeFiles/CMakeOutput.log".
[0.355s] Invoked command in '/home/me597/ME-597/Lab1ws/build/task_2_interfaces' returned '1': CMAKE_PREFIX_PATH=/home/me597/ME-597/Lab1ws/install/task_2:/home/me597/ME-597/Lab1ws/install/task_1:/opt/ros/humble /usr/bin/cmake /home/me597/ME-597/Lab1ws/task_2_interfaces -DCMAKE_INSTALL_PREFIX=/home/me597/ME-597/Lab1ws/install/task_2_interfaces
