[0.268s] Invoking command in '/home/me597/ME-597/lab2ws/src/build/task_3_interfaces': CMAKE_PREFIX_PATH=${CMAKE_PREFIX_PATH}:/home/me597/ME-597/lab2ws/install/task_3:/opt/ros/humble /usr/bin/cmake /home/me597/ME-597/lab2ws/src/task_3_interfaces -DCMAKE_INSTALL_PREFIX=/home/me597/ME-597/lab2ws/src/install/task_3_interfaces
[0.665s] -- The C compiler identification is GNU 11.4.0
[0.966s] -- The CXX compiler identification is GNU 11.4.0
[1.024s] -- Detecting C compiler ABI info
[1.502s] -- Detecting C compiler ABI info - done
[1.512s] -- Check for working C compiler: /usr/bin/cc - skipped
[1.513s] -- Detecting C compile features
[1.520s] -- Detecting C compile features - done
[1.527s] -- Detecting CXX compiler ABI info
[1.978s] -- Detecting CXX compiler ABI info - done
[1.997s] -- Check for working CXX compiler: /usr/bin/c++ - skipped
[1.998s] -- Detecting CXX compile features
[2.007s] -- Detecting CXX compile features - done
[2.014s] -- Found ament_cmake: 1.3.11 (/opt/ros/humble/share/ament_cmake/cmake)
[2.484s] -- Found Python3: /usr/bin/python3 (found version "3.10.12") found components: Interpreter 
[2.691s] -- Found ament_lint_auto: 0.12.11 (/opt/ros/humble/share/ament_lint_auto/cmake)
[2.827s] -- Added test 'lint_cmake' to check CMake code style
[2.829s] -- Added test 'xmllint' to check XML markup files
[2.837s] -- Configuring done
[2.840s] -- Generating done
[2.847s] -- Build files have been written to: /home/me597/ME-597/lab2ws/src/build/task_3_interfaces
[2.855s] Invoked command in '/home/me597/ME-597/lab2ws/src/build/task_3_interfaces' returned '0': CMAKE_PREFIX_PATH=${CMAKE_PREFIX_PATH}:/home/me597/ME-597/lab2ws/install/task_3:/opt/ros/humble /usr/bin/cmake /home/me597/ME-597/lab2ws/src/task_3_interfaces -DCMAKE_INSTALL_PREFIX=/home/me597/ME-597/lab2ws/src/install/task_3_interfaces
[2.859s] Invoking command in '/home/me597/ME-597/lab2ws/src/build/task_3_interfaces': CMAKE_PREFIX_PATH=${CMAKE_PREFIX_PATH}:/home/me597/ME-597/lab2ws/install/task_3:/opt/ros/humble /usr/bin/cmake --build /home/me597/ME-597/lab2ws/src/build/task_3_interfaces -- -j2 -l2
[2.952s] Invoked command in '/home/me597/ME-597/lab2ws/src/build/task_3_interfaces' returned '0': CMAKE_PREFIX_PATH=${CMAKE_PREFIX_PATH}:/home/me597/ME-597/lab2ws/install/task_3:/opt/ros/humble /usr/bin/cmake --build /home/me597/ME-597/lab2ws/src/build/task_3_interfaces -- -j2 -l2
[2.968s] Invoking command in '/home/me597/ME-597/lab2ws/src/build/task_3_interfaces': CMAKE_PREFIX_PATH=${CMAKE_PREFIX_PATH}:/home/me597/ME-597/lab2ws/install/task_3:/opt/ros/humble /usr/bin/cmake --install /home/me597/ME-597/lab2ws/src/build/task_3_interfaces
[2.993s] -- Install configuration: ""
[2.994s] -- Installing: /home/me597/ME-597/lab2ws/src/install/task_3_interfaces/share/ament_index/resource_index/package_run_dependencies/task_3_interfaces
[2.994s] -- Installing: /home/me597/ME-597/lab2ws/src/install/task_3_interfaces/share/ament_index/resource_index/parent_prefix_path/task_3_interfaces
[2.994s] -- Installing: /home/me597/ME-597/lab2ws/src/install/task_3_interfaces/share/task_3_interfaces/environment/ament_prefix_path.sh
[3.002s] -- Installing: /home/me597/ME-597/lab2ws/src/install/task_3_interfaces/share/task_3_interfaces/environment/ament_prefix_path.dsv
[3.002s] -- Installing: /home/me597/ME-597/lab2ws/src/install/task_3_interfaces/share/task_3_interfaces/environment/path.sh
[3.002s] -- Installing: /home/me597/ME-597/lab2ws/src/install/task_3_interfaces/share/task_3_interfaces/environment/path.dsv
[3.002s] -- Installing: /home/me597/ME-597/lab2ws/src/install/task_3_interfaces/share/task_3_interfaces/local_setup.bash
[3.002s] -- Installing: /home/me597/ME-597/lab2ws/src/install/task_3_interfaces/share/task_3_interfaces/local_setup.sh
[3.003s] -- Installing: /home/me597/ME-597/lab2ws/src/install/task_3_interfaces/share/task_3_interfaces/local_setup.zsh
[3.003s] -- Installing: /home/me597/ME-597/lab2ws/src/install/task_3_interfaces/share/task_3_interfaces/local_setup.dsv
[3.003s] -- Installing: /home/me597/ME-597/lab2ws/src/install/task_3_interfaces/share/task_3_interfaces/package.dsv
[3.003s] -- Installing: /home/me597/ME-597/lab2ws/src/install/task_3_interfaces/share/ament_index/resource_index/packages/task_3_interfaces
[3.003s] -- Installing: /home/me597/ME-597/lab2ws/src/install/task_3_interfaces/share/task_3_interfaces/cmake/task_3_interfacesConfig.cmake
[3.003s] -- Installing: /home/me597/ME-597/lab2ws/src/install/task_3_interfaces/share/task_3_interfaces/cmake/task_3_interfacesConfig-version.cmake
[3.003s] -- Installing: /home/me597/ME-597/lab2ws/src/install/task_3_interfaces/share/task_3_interfaces/package.xml
[3.008s] Invoked command in '/home/me597/ME-597/lab2ws/src/build/task_3_interfaces' returned '0': CMAKE_PREFIX_PATH=${CMAKE_PREFIX_PATH}:/home/me597/ME-597/lab2ws/install/task_3:/opt/ros/humble /usr/bin/cmake --install /home/me597/ME-597/lab2ws/src/build/task_3_interfaces
