[0.019s] Invoking command in '/home/me597/ME-597/lab4ws/build/image_geometry': CMAKE_PREFIX_PATH=/home/me597/ME-597/lab4ws/install/task_6:/home/me597/ME-597/lab4ws/install/task_5:/opt/ros/humble /usr/bin/cmake /home/me597/ME-597/lab4ws/src/vision_opencv/image_geometry -DCMAKE_INSTALL_PREFIX=/home/me597/ME-597/lab4ws/install/image_geometry
[0.035s] -- Found ament_cmake_python: 1.3.11 (/opt/ros/humble/share/ament_cmake_python/cmake)
[0.036s] -- Found ament_cmake_ros: 0.10.0 (/opt/ros/humble/share/ament_cmake_ros/cmake)
[0.174s] -- Override CMake install command with custom implementation using symlinks instead of copying resources
[0.261s] -- Found sensor_msgs: 4.2.4 (/opt/ros/humble/share/sensor_msgs/cmake)
[0.282s] -- Found rosidl_generator_c: 3.1.6 (/opt/ros/humble/share/rosidl_generator_c/cmake)
[0.287s] -- Found rosidl_adapter: 3.1.6 (/opt/ros/humble/share/rosidl_adapter/cmake)
[0.299s] -- Found rosidl_generator_cpp: 3.1.6 (/opt/ros/humble/share/rosidl_generator_cpp/cmake)
[0.327s] -- Using all available rosidl_typesupport_c: rosidl_typesupport_fastrtps_c;rosidl_typesupport_introspection_c
[0.347s] -- Using all available rosidl_typesupport_cpp: rosidl_typesupport_fastrtps_cpp;rosidl_typesupport_introspection_cpp
[0.930s] -- Found gtest sources under '/opt/ros/humble/src/gtest_vendor': C++ tests using 'Google Test' will be built
[1.019s] -- Configuring done
[1.062s] -- Generating done
[1.079s] -- Build files have been written to: /home/me597/ME-597/lab4ws/build/image_geometry
[1.091s] Invoked command in '/home/me597/ME-597/lab4ws/build/image_geometry' returned '0': CMAKE_PREFIX_PATH=/home/me597/ME-597/lab4ws/install/task_6:/home/me597/ME-597/lab4ws/install/task_5:/opt/ros/humble /usr/bin/cmake /home/me597/ME-597/lab4ws/src/vision_opencv/image_geometry -DCMAKE_INSTALL_PREFIX=/home/me597/ME-597/lab4ws/install/image_geometry
[1.091s] Invoking command in '/home/me597/ME-597/lab4ws/build/image_geometry': CMAKE_PREFIX_PATH=/home/me597/ME-597/lab4ws/install/task_6:/home/me597/ME-597/lab4ws/install/task_5:/opt/ros/humble /usr/bin/cmake --build /home/me597/ME-597/lab4ws/build/image_geometry -- -j2 -l2
[1.150s] [  0%] Built target ament_cmake_python_symlink_image_geometry
[1.162s] [35m[1mConsolidate compiler generated dependencies of target image_geometry[0m
[1.180s] [ 27%] Built target image_geometry
[1.193s] [35m[1mConsolidate compiler generated dependencies of target gtest_main[0m
[1.208s] [ 45%] Built target gtest_main
[1.219s] [35m[1mConsolidate compiler generated dependencies of target gtest[0m
[1.233s] [ 63%] Built target gtest
[1.479s] running egg_info
[1.480s] writing image_geometry.egg-info/PKG-INFO
[1.481s] writing dependency_links to image_geometry.egg-info/dependency_links.txt
[1.481s] writing top-level names to image_geometry.egg-info/top_level.txt
[1.484s] reading manifest file 'image_geometry.egg-info/SOURCES.txt'
[1.485s] writing manifest file 'image_geometry.egg-info/SOURCES.txt'
[1.512s] [ 63%] Built target ament_cmake_python_build_image_geometry_egg
[1.522s] [35m[1mConsolidate compiler generated dependencies of target image_geometry-utest[0m
[1.536s] [ 81%] Built target image_geometry-utest
[1.550s] [35m[1mConsolidate compiler generated dependencies of target image_geometry-utest-equi[0m
[1.566s] [100%] Built target image_geometry-utest-equi
[1.580s] Invoked command in '/home/me597/ME-597/lab4ws/build/image_geometry' returned '0': CMAKE_PREFIX_PATH=/home/me597/ME-597/lab4ws/install/task_6:/home/me597/ME-597/lab4ws/install/task_5:/opt/ros/humble /usr/bin/cmake --build /home/me597/ME-597/lab4ws/build/image_geometry -- -j2 -l2
[1.594s] Invoking command in '/home/me597/ME-597/lab4ws/build/image_geometry': CMAKE_PREFIX_PATH=/home/me597/ME-597/lab4ws/install/task_6:/home/me597/ME-597/lab4ws/install/task_5:/opt/ros/humble /usr/bin/cmake --install /home/me597/ME-597/lab4ws/build/image_geometry
[1.604s] -- Install configuration: ""
[1.604s] -- Execute custom install script
[1.605s] -- Up-to-date symlink: /home/me597/ME-597/lab4ws/install/image_geometry/share/image_geometry/environment/pythonpath.sh
[1.606s] -- Up-to-date symlink: /home/me597/ME-597/lab4ws/install/image_geometry/share/image_geometry/environment/pythonpath.dsv
[1.607s] -- Up-to-date symlink: /home/me597/ME-597/lab4ws/install/image_geometry/local/lib/python3.10/dist-packages/image_geometry-4.1.0-py3.10.egg-info/PKG-INFO
[1.607s] -- Up-to-date symlink: /home/me597/ME-597/lab4ws/install/image_geometry/local/lib/python3.10/dist-packages/image_geometry-4.1.0-py3.10.egg-info/SOURCES.txt
[1.608s] -- Up-to-date symlink: /home/me597/ME-597/lab4ws/install/image_geometry/local/lib/python3.10/dist-packages/image_geometry-4.1.0-py3.10.egg-info/dependency_links.txt
[1.608s] -- Up-to-date symlink: /home/me597/ME-597/lab4ws/install/image_geometry/local/lib/python3.10/dist-packages/image_geometry-4.1.0-py3.10.egg-info/top_level.txt
[1.609s] -- Up-to-date symlink: /home/me597/ME-597/lab4ws/install/image_geometry/local/lib/python3.10/dist-packages/image_geometry/__init__.py
[1.609s] -- Up-to-date symlink: /home/me597/ME-597/lab4ws/install/image_geometry/local/lib/python3.10/dist-packages/image_geometry/cameramodels.py
[1.610s] -- Up-to-date symlink: /home/me597/ME-597/lab4ws/install/image_geometry/include/image_geometry/image_geometry/pinhole_camera_model.hpp
[1.611s] -- Up-to-date symlink: /home/me597/ME-597/lab4ws/install/image_geometry/include/image_geometry/image_geometry/stereo_camera_model.hpp
[1.612s] -- Up-to-date symlink: /home/me597/ME-597/lab4ws/install/image_geometry/include/image_geometry/image_geometry/visibility_control.hpp
[1.612s] -- Up-to-date symlink: /home/me597/ME-597/lab4ws/install/image_geometry/share/ament_index/resource_index/package_run_dependencies/image_geometry
[1.613s] -- Up-to-date symlink: /home/me597/ME-597/lab4ws/install/image_geometry/share/ament_index/resource_index/parent_prefix_path/image_geometry
[1.613s] -- Up-to-date symlink: /home/me597/ME-597/lab4ws/install/image_geometry/share/image_geometry/environment/ament_prefix_path.sh
[1.613s] -- Up-to-date symlink: /home/me597/ME-597/lab4ws/install/image_geometry/share/image_geometry/environment/ament_prefix_path.dsv
[1.616s] -- Up-to-date symlink: /home/me597/ME-597/lab4ws/install/image_geometry/share/image_geometry/environment/path.sh
[1.616s] -- Up-to-date symlink: /home/me597/ME-597/lab4ws/install/image_geometry/share/image_geometry/environment/path.dsv
[1.616s] -- Up-to-date symlink: /home/me597/ME-597/lab4ws/install/image_geometry/share/image_geometry/local_setup.bash
[1.616s] -- Up-to-date symlink: /home/me597/ME-597/lab4ws/install/image_geometry/share/image_geometry/local_setup.sh
[1.616s] -- Up-to-date symlink: /home/me597/ME-597/lab4ws/install/image_geometry/share/image_geometry/local_setup.zsh
[1.616s] -- Up-to-date symlink: /home/me597/ME-597/lab4ws/install/image_geometry/share/image_geometry/local_setup.dsv
[1.616s] -- Symlinking: /home/me597/ME-597/lab4ws/install/image_geometry/share/image_geometry/package.dsv
[1.626s] -- Up-to-date symlink: /home/me597/ME-597/lab4ws/install/image_geometry/share/ament_index/resource_index/packages/image_geometry
[1.627s] -- Up-to-date symlink: /home/me597/ME-597/lab4ws/install/image_geometry/share/image_geometry/cmake/ament_cmake_export_targets-extras.cmake
[1.627s] -- Up-to-date symlink: /home/me597/ME-597/lab4ws/install/image_geometry/share/image_geometry/cmake/ament_cmake_export_dependencies-extras.cmake
[1.628s] -- Up-to-date symlink: /home/me597/ME-597/lab4ws/install/image_geometry/share/image_geometry/cmake/image_geometryConfig.cmake
[1.628s] -- Up-to-date symlink: /home/me597/ME-597/lab4ws/install/image_geometry/share/image_geometry/cmake/image_geometryConfig-version.cmake
[1.629s] -- Up-to-date symlink: /home/me597/ME-597/lab4ws/install/image_geometry/share/image_geometry/package.xml
[1.662s] Listing '/home/me597/ME-597/lab4ws/install/image_geometry/local/lib/python3.10/dist-packages/image_geometry'...
[1.670s] -- Up-to-date: /home/me597/ME-597/lab4ws/install/image_geometry/lib/libimage_geometry.so
[1.670s] -- Up-to-date: /home/me597/ME-597/lab4ws/install/image_geometry/share/image_geometry/cmake/export_image_geometryExport.cmake
[1.670s] -- Up-to-date: /home/me597/ME-597/lab4ws/install/image_geometry/share/image_geometry/cmake/export_image_geometryExport-noconfig.cmake
[1.673s] Invoked command in '/home/me597/ME-597/lab4ws/build/image_geometry' returned '0': CMAKE_PREFIX_PATH=/home/me597/ME-597/lab4ws/install/task_6:/home/me597/ME-597/lab4ws/install/task_5:/opt/ros/humble /usr/bin/cmake --install /home/me597/ME-597/lab4ws/build/image_geometry
