[1.525s] Invoking command in '/home/me597/ME-597/lab4ws/build/task_5': AMENT_PREFIX_PATH=/home/me597/ME-597/lab4ws/install/cv_bridge:${AMENT_PREFIX_PATH} CMAKE_PREFIX_PATH=/home/me597/ME-597/lab4ws/install/cv_bridge LD_LIBRARY_PATH=/home/me597/ME-597/lab4ws/install/cv_bridge/lib:${LD_LIBRARY_PATH} PYTHONPATH=/home/me597/ME-597/lab4ws/build/task_5/prefix_override:/usr/lib/python3/dist-packages/colcon_core/task/python/colcon_distutils_commands:/home/me597/ME-597/lab4ws/install/task_5/lib/python3.10/site-packages:/home/me597/ME-597/lab4ws/install/cv_bridge/local/lib/python3.10/dist-packages:${PYTHONPATH} /usr/bin/python3 -W ignore:setup.py install is deprecated -W ignore:easy_install command is deprecated setup.py develop --uninstall --editable --build-directory /home/me597/ME-597/lab4ws/build/task_5/build
[2.070s] running develop
[2.395s] Removing /home/me597/ME-597/lab4ws/install/task_5/lib/python3.10/site-packages/task-5.egg-link (link to .)
[2.430s] Invoked command in '/home/me597/ME-597/lab4ws/build/task_5' returned '0': AMENT_PREFIX_PATH=/home/me597/ME-597/lab4ws/install/cv_bridge:${AMENT_PREFIX_PATH} CMAKE_PREFIX_PATH=/home/me597/ME-597/lab4ws/install/cv_bridge LD_LIBRARY_PATH=/home/me597/ME-597/lab4ws/install/cv_bridge/lib:${LD_LIBRARY_PATH} PYTHONPATH=/home/me597/ME-597/lab4ws/build/task_5/prefix_override:/usr/lib/python3/dist-packages/colcon_core/task/python/colcon_distutils_commands:/home/me597/ME-597/lab4ws/install/task_5/lib/python3.10/site-packages:/home/me597/ME-597/lab4ws/install/cv_bridge/local/lib/python3.10/dist-packages:${PYTHONPATH} /usr/bin/python3 -W ignore:setup.py install is deprecated -W ignore:easy_install command is deprecated setup.py develop --uninstall --editable --build-directory /home/me597/ME-597/lab4ws/build/task_5/build
[2.442s] Invoking command in '/home/me597/ME-597/lab4ws/src/task_5': AMENT_PREFIX_PATH=/home/me597/ME-597/lab4ws/install/cv_bridge:${AMENT_PREFIX_PATH} CMAKE_PREFIX_PATH=/home/me597/ME-597/lab4ws/install/cv_bridge LD_LIBRARY_PATH=/home/me597/ME-597/lab4ws/install/cv_bridge/lib:${LD_LIBRARY_PATH} PYTHONPATH=/home/me597/ME-597/lab4ws/build/task_5/prefix_override:/usr/lib/python3/dist-packages/colcon_core/task/python/colcon_distutils_commands:/home/me597/ME-597/lab4ws/install/task_5/lib/python3.10/site-packages:/home/me597/ME-597/lab4ws/install/cv_bridge/local/lib/python3.10/dist-packages:${PYTHONPATH} /usr/bin/python3 -W ignore:setup.py install is deprecated -W ignore:easy_install command is deprecated setup.py egg_info --egg-base ../../build/task_5 build --build-base /home/me597/ME-597/lab4ws/build/task_5/build install --record /home/me597/ME-597/lab4ws/build/task_5/install.log --single-version-externally-managed install_data --force
[3.003s] running egg_info
[3.004s] writing ../../build/task_5/task_5.egg-info/PKG-INFO
[3.004s] writing dependency_links to ../../build/task_5/task_5.egg-info/dependency_links.txt
[3.004s] writing entry points to ../../build/task_5/task_5.egg-info/entry_points.txt
[3.004s] writing requirements to ../../build/task_5/task_5.egg-info/requires.txt
[3.004s] writing top-level names to ../../build/task_5/task_5.egg-info/top_level.txt
[3.004s] reading manifest file '../../build/task_5/task_5.egg-info/SOURCES.txt'
[3.004s] writing manifest file '../../build/task_5/task_5.egg-info/SOURCES.txt'
[3.007s] running build
[3.007s] running build_py
[3.007s] running install
[3.007s] running install_lib
[3.008s] creating /home/me597/ME-597/lab4ws/install/task_5/lib/python3.10/site-packages/task_5
[3.008s] copying /home/me597/ME-597/lab4ws/build/task_5/build/lib/task_5/image_publisher.py -> /home/me597/ME-597/lab4ws/install/task_5/lib/python3.10/site-packages/task_5
[3.008s] copying /home/me597/ME-597/lab4ws/build/task_5/build/lib/task_5/object_detector.py -> /home/me597/ME-597/lab4ws/install/task_5/lib/python3.10/site-packages/task_5
[3.008s] copying /home/me597/ME-597/lab4ws/build/task_5/build/lib/task_5/__init__.py -> /home/me597/ME-597/lab4ws/install/task_5/lib/python3.10/site-packages/task_5
[3.013s] byte-compiling /home/me597/ME-597/lab4ws/install/task_5/lib/python3.10/site-packages/task_5/image_publisher.py to image_publisher.cpython-310.pyc
[3.013s] byte-compiling /home/me597/ME-597/lab4ws/install/task_5/lib/python3.10/site-packages/task_5/object_detector.py to object_detector.cpython-310.pyc
[3.013s] byte-compiling /home/me597/ME-597/lab4ws/install/task_5/lib/python3.10/site-packages/task_5/__init__.py to __init__.cpython-310.pyc
[3.013s] running install_data
[3.013s] copying resource/task_5 -> /home/me597/ME-597/lab4ws/install/task_5/share/ament_index/resource_index/packages
[3.013s] copying package.xml -> /home/me597/ME-597/lab4ws/install/task_5/share/task_5
[3.013s] copying launch/object_detector_launch.py -> /home/me597/ME-597/lab4ws/install/task_5/share/task_5/launch
[3.015s] running install_egg_info
[3.024s] Copying ../../build/task_5/task_5.egg-info to /home/me597/ME-597/lab4ws/install/task_5/lib/python3.10/site-packages/task_5-0.0.0-py3.10.egg-info
[3.024s] running install_scripts
[3.073s] Installing image_publisher script to /home/me597/ME-597/lab4ws/install/task_5/lib/task_5
[3.073s] Installing object_detector script to /home/me597/ME-597/lab4ws/install/task_5/lib/task_5
[3.074s] writing list of installed files to '/home/me597/ME-597/lab4ws/build/task_5/install.log'
[3.123s] Invoked command in '/home/me597/ME-597/lab4ws/src/task_5' returned '0': AMENT_PREFIX_PATH=/home/me597/ME-597/lab4ws/install/cv_bridge:${AMENT_PREFIX_PATH} CMAKE_PREFIX_PATH=/home/me597/ME-597/lab4ws/install/cv_bridge LD_LIBRARY_PATH=/home/me597/ME-597/lab4ws/install/cv_bridge/lib:${LD_LIBRARY_PATH} PYTHONPATH=/home/me597/ME-597/lab4ws/build/task_5/prefix_override:/usr/lib/python3/dist-packages/colcon_core/task/python/colcon_distutils_commands:/home/me597/ME-597/lab4ws/install/task_5/lib/python3.10/site-packages:/home/me597/ME-597/lab4ws/install/cv_bridge/local/lib/python3.10/dist-packages:${PYTHONPATH} /usr/bin/python3 -W ignore:setup.py install is deprecated -W ignore:easy_install command is deprecated setup.py egg_info --egg-base ../../build/task_5 build --build-base /home/me597/ME-597/lab4ws/build/task_5/build install --record /home/me597/ME-597/lab4ws/build/task_5/install.log --single-version-externally-managed install_data --force
