[0.665s] Invoking command in '/home/me597/ME-597/lab2ws/src/task_3': PYTHONPATH=/home/me597/ME-597/lab2ws/build/task_3/prefix_override:/usr/lib/python3/dist-packages/colcon_core/task/python/colcon_distutils_commands:/home/me597/ME-597/lab2ws/install/task_3/lib/python3.10/site-packages:${PYTHONPATH} /usr/bin/python3 -W ignore:setup.py install is deprecated -W ignore:easy_install command is deprecated setup.py egg_info --egg-base ../../build/task_3 build --build-base /home/me597/ME-597/lab2ws/build/task_3/build install --record /home/me597/ME-597/lab2ws/build/task_3/install.log --single-version-externally-managed install_data
[0.960s] running egg_info
[0.961s] writing ../../build/task_3/task_3.egg-info/PKG-INFO
[0.962s] writing dependency_links to ../../build/task_3/task_3.egg-info/dependency_links.txt
[0.962s] writing entry points to ../../build/task_3/task_3.egg-info/entry_points.txt
[0.962s] writing requirements to ../../build/task_3/task_3.egg-info/requires.txt
[0.962s] writing top-level names to ../../build/task_3/task_3.egg-info/top_level.txt
[0.964s] reading manifest file '../../build/task_3/task_3.egg-info/SOURCES.txt'
[0.964s] adding license file 'LICENSE'
[0.965s] writing manifest file '../../build/task_3/task_3.egg-info/SOURCES.txt'
[0.965s] running build
[0.965s] running build_py
[0.965s] copying task_3/pid_controller.py -> /home/me597/ME-597/lab2ws/build/task_3/build/lib/task_3
[0.966s] running install
[0.966s] running install_lib
[0.967s] copying /home/me597/ME-597/lab2ws/build/task_3/build/lib/task_3/pid_controller.py -> /home/me597/ME-597/lab2ws/install/task_3/lib/python3.10/site-packages/task_3
[0.968s] byte-compiling /home/me597/ME-597/lab2ws/install/task_3/lib/python3.10/site-packages/task_3/pid_controller.py to pid_controller.cpython-310.pyc
[0.968s] running install_data
[0.968s] running install_egg_info
[0.971s] removing '/home/me597/ME-597/lab2ws/install/task_3/lib/python3.10/site-packages/task_3-0.0.0-py3.10.egg-info' (and everything under it)
[0.975s] Copying ../../build/task_3/task_3.egg-info to /home/me597/ME-597/lab2ws/install/task_3/lib/python3.10/site-packages/task_3-0.0.0-py3.10.egg-info
[0.975s] running install_scripts
[0.998s] Installing pid_speed_controller script to /home/me597/ME-597/lab2ws/install/task_3/lib/task_3
[0.999s] writing list of installed files to '/home/me597/ME-597/lab2ws/build/task_3/install.log'
[1.026s] Invoked command in '/home/me597/ME-597/lab2ws/src/task_3' returned '0': PYTHONPATH=/home/me597/ME-597/lab2ws/build/task_3/prefix_override:/usr/lib/python3/dist-packages/colcon_core/task/python/colcon_distutils_commands:/home/me597/ME-597/lab2ws/install/task_3/lib/python3.10/site-packages:${PYTHONPATH} /usr/bin/python3 -W ignore:setup.py install is deprecated -W ignore:easy_install command is deprecated setup.py egg_info --egg-base ../../build/task_3 build --build-base /home/me597/ME-597/lab2ws/build/task_3/build install --record /home/me597/ME-597/lab2ws/build/task_3/install.log --single-version-externally-managed install_data
