[0.587s] Invoking command in '/home/me597/ME-597/lab2ws/src/task_3': PYTHONPATH=/home/me597/ME-597/lab2ws/build/task_3/prefix_override:/usr/lib/python3/dist-packages/colcon_core/task/python/colcon_distutils_commands:/home/me597/ME-597/lab2ws/install/task_3/lib/python3.10/site-packages:${PYTHONPATH} /usr/bin/python3 -W ignore:setup.py install is deprecated -W ignore:easy_install command is deprecated setup.py egg_info --egg-base ../../build/task_3 build --build-base /home/me597/ME-597/lab2ws/build/task_3/build install --record /home/me597/ME-597/lab2ws/build/task_3/install.log --single-version-externally-managed install_data
[0.798s] running egg_info
[0.799s] creating ../../build/task_3/task_3.egg-info
[0.799s] writing ../../build/task_3/task_3.egg-info/PKG-INFO
[0.800s] writing dependency_links to ../../build/task_3/task_3.egg-info/dependency_links.txt
[0.800s] writing entry points to ../../build/task_3/task_3.egg-info/entry_points.txt
[0.800s] writing requirements to ../../build/task_3/task_3.egg-info/requires.txt
[0.800s] writing top-level names to ../../build/task_3/task_3.egg-info/top_level.txt
[0.800s] writing manifest file '../../build/task_3/task_3.egg-info/SOURCES.txt'
[0.801s] reading manifest file '../../build/task_3/task_3.egg-info/SOURCES.txt'
[0.801s] adding license file 'LICENSE'
[0.802s] writing manifest file '../../build/task_3/task_3.egg-info/SOURCES.txt'
[0.802s] running build
[0.802s] running build_py
[0.803s] creating /home/me597/ME-597/lab2ws/build/task_3/build
[0.803s] creating /home/me597/ME-597/lab2ws/build/task_3/build/lib
[0.803s] creating /home/me597/ME-597/lab2ws/build/task_3/build/lib/task_3
[0.803s] copying task_3/__init__.py -> /home/me597/ME-597/lab2ws/build/task_3/build/lib/task_3
[0.803s] copying task_3/pid_controller.py -> /home/me597/ME-597/lab2ws/build/task_3/build/lib/task_3
[0.803s] running install
[0.803s] running install_lib
[0.805s] creating /home/me597/ME-597/lab2ws/install/task_3/lib/python3.10/site-packages/task_3
[0.805s] copying /home/me597/ME-597/lab2ws/build/task_3/build/lib/task_3/__init__.py -> /home/me597/ME-597/lab2ws/install/task_3/lib/python3.10/site-packages/task_3
[0.805s] copying /home/me597/ME-597/lab2ws/build/task_3/build/lib/task_3/pid_controller.py -> /home/me597/ME-597/lab2ws/install/task_3/lib/python3.10/site-packages/task_3
[0.805s] byte-compiling /home/me597/ME-597/lab2ws/install/task_3/lib/python3.10/site-packages/task_3/__init__.py to __init__.cpython-310.pyc
[0.805s] byte-compiling /home/me597/ME-597/lab2ws/install/task_3/lib/python3.10/site-packages/task_3/pid_controller.py to pid_controller.cpython-310.pyc
[0.805s] running install_data
[0.806s] creating /home/me597/ME-597/lab2ws/install/task_3/share/ament_index
[0.806s] creating /home/me597/ME-597/lab2ws/install/task_3/share/ament_index/resource_index
[0.807s] creating /home/me597/ME-597/lab2ws/install/task_3/share/ament_index/resource_index/packages
[0.807s] copying resource/task_3 -> /home/me597/ME-597/lab2ws/install/task_3/share/ament_index/resource_index/packages
[0.807s] copying package.xml -> /home/me597/ME-597/lab2ws/install/task_3/share/task_3
[0.807s] running install_egg_info
[0.808s] Copying ../../build/task_3/task_3.egg-info to /home/me597/ME-597/lab2ws/install/task_3/lib/python3.10/site-packages/task_3-0.0.0-py3.10.egg-info
[0.809s] running install_scripts
[0.828s] Installing pid_speed_controller script to /home/me597/ME-597/lab2ws/install/task_3/lib/task_3
[0.828s] writing list of installed files to '/home/me597/ME-597/lab2ws/build/task_3/install.log'
[0.848s] Invoked command in '/home/me597/ME-597/lab2ws/src/task_3' returned '0': PYTHONPATH=/home/me597/ME-597/lab2ws/build/task_3/prefix_override:/usr/lib/python3/dist-packages/colcon_core/task/python/colcon_distutils_commands:/home/me597/ME-597/lab2ws/install/task_3/lib/python3.10/site-packages:${PYTHONPATH} /usr/bin/python3 -W ignore:setup.py install is deprecated -W ignore:easy_install command is deprecated setup.py egg_info --egg-base ../../build/task_3 build --build-base /home/me597/ME-597/lab2ws/build/task_3/build install --record /home/me597/ME-597/lab2ws/build/task_3/install.log --single-version-externally-managed install_data
