[0.076s] DEBUG:colcon:Command line arguments: ['/usr/bin/colcon', 'build']
[0.076s] DEBUG:colcon:Parsed command line arguments: Namespace(log_base=None, log_level=None, verb_name='build', build_base='build', install_base='install', merge_install=False, symlink_install=False, test_result_base=None, continue_on_error=False, executor='parallel', parallel_workers=2, event_handlers=None, ignore_user_meta=False, metas=['./colcon.meta'], base_paths=['.'], packages_ignore=None, packages_ignore_regex=None, paths=None, packages_up_to=None, packages_up_to_regex=None, packages_above=None, packages_above_and_dependencies=None, packages_above_depth=None, packages_select_by_dep=None, packages_skip_by_dep=None, packages_skip_up_to=None, packages_select_build_failed=False, packages_skip_build_finished=False, packages_select_test_failures=False, packages_skip_test_passed=False, packages_select=None, packages_skip=None, packages_select_regex=None, packages_skip_regex=None, packages_start=None, packages_end=None, allow_overriding=[], cmake_args=None, cmake_target=None, cmake_target_skip_unavailable=False, cmake_clean_cache=False, cmake_clean_first=False, cmake_force_configure=False, ament_cmake_args=None, catkin_cmake_args=None, catkin_skip_building_tests=False, mixin_files=None, mixin=None, verb_parser=<colcon_mixin.mixin.mixin_argument.MixinArgumentDecorator object at 0x75e9055521a0>, verb_extension=<colcon_core.verb.build.BuildVerb object at 0x75e905551720>, main=<bound method BuildVerb.main of <colcon_core.verb.build.BuildVerb object at 0x75e905551720>>, mixin_verb=('build',))
[0.186s] Level 1:colcon.colcon_core.package_discovery:discover_packages(colcon_meta) check parameters
[0.186s] Level 1:colcon.colcon_core.package_discovery:discover_packages(recursive) check parameters
[0.186s] Level 1:colcon.colcon_core.package_discovery:discover_packages(ignore) check parameters
[0.186s] Level 1:colcon.colcon_core.package_discovery:discover_packages(path) check parameters
[0.187s] Level 1:colcon.colcon_core.package_discovery:discover_packages(colcon_meta) discover
[0.187s] Level 1:colcon.colcon_core.package_discovery:discover_packages(recursive) discover
[0.187s] INFO:colcon.colcon_core.package_discovery:Crawling recursively for packages in '/home/me597/ME-597/Lab1ws'
[0.187s] Level 1:colcon.colcon_core.package_identification:_identify(.) by extensions ['ignore', 'ignore_ament_install']
[0.187s] Level 1:colcon.colcon_core.package_identification:_identify(.) by extension 'ignore'
[0.187s] Level 1:colcon.colcon_core.package_identification:_identify(.) by extension 'ignore_ament_install'
[0.188s] Level 1:colcon.colcon_core.package_identification:_identify(.) by extensions ['colcon_pkg']
[0.188s] Level 1:colcon.colcon_core.package_identification:_identify(.) by extension 'colcon_pkg'
[0.188s] Level 1:colcon.colcon_core.package_identification:_identify(.) by extensions ['colcon_meta']
[0.188s] Level 1:colcon.colcon_core.package_identification:_identify(.) by extension 'colcon_meta'
[0.188s] Level 1:colcon.colcon_core.package_identification:_identify(.) by extensions ['ros']
[0.188s] Level 1:colcon.colcon_core.package_identification:_identify(.) by extension 'ros'
[0.196s] DEBUG:colcon.colcon_core.package_identification:Failed to parse potential ROS package manifest in'.': Error(s) in package './package.xml':
The manifest contains invalid XML:
junk after document element: line 2, column 0
[0.196s] Level 1:colcon.colcon_core.package_identification:_identify(.) by extensions ['cmake', 'python']
[0.196s] Level 1:colcon.colcon_core.package_identification:_identify(.) by extension 'cmake'
[0.196s] Level 1:colcon.colcon_core.package_identification:_identify(.) by extension 'python'
[0.196s] Level 1:colcon.colcon_core.package_identification:_identify(.) by extensions ['python_setup_py']
[0.196s] Level 1:colcon.colcon_core.package_identification:_identify(.) by extension 'python_setup_py'
[0.196s] Level 1:colcon.colcon_core.package_identification:_identify(build) by extensions ['ignore', 'ignore_ament_install']
[0.197s] Level 1:colcon.colcon_core.package_identification:_identify(build) by extension 'ignore'
[0.197s] Level 1:colcon.colcon_core.package_identification:_identify(build) ignored
[0.197s] Level 1:colcon.colcon_core.package_identification:_identify(install) by extensions ['ignore', 'ignore_ament_install']
[0.197s] Level 1:colcon.colcon_core.package_identification:_identify(install) by extension 'ignore'
[0.197s] Level 1:colcon.colcon_core.package_identification:_identify(install) ignored
[0.197s] Level 1:colcon.colcon_core.package_identification:_identify(log) by extensions ['ignore', 'ignore_ament_install']
[0.197s] Level 1:colcon.colcon_core.package_identification:_identify(log) by extension 'ignore'
[0.197s] Level 1:colcon.colcon_core.package_identification:_identify(log) ignored
[0.197s] Level 1:colcon.colcon_core.package_identification:_identify(task_1) by extensions ['ignore', 'ignore_ament_install']
[0.198s] Level 1:colcon.colcon_core.package_identification:_identify(task_1) by extension 'ignore'
[0.198s] Level 1:colcon.colcon_core.package_identification:_identify(task_1) by extension 'ignore_ament_install'
[0.198s] Level 1:colcon.colcon_core.package_identification:_identify(task_1) by extensions ['colcon_pkg']
[0.198s] Level 1:colcon.colcon_core.package_identification:_identify(task_1) by extension 'colcon_pkg'
[0.198s] Level 1:colcon.colcon_core.package_identification:_identify(task_1) by extensions ['colcon_meta']
[0.198s] Level 1:colcon.colcon_core.package_identification:_identify(task_1) by extension 'colcon_meta'
[0.198s] Level 1:colcon.colcon_core.package_identification:_identify(task_1) by extensions ['ros']
[0.198s] Level 1:colcon.colcon_core.package_identification:_identify(task_1) by extension 'ros'
[0.199s] DEBUG:colcon.colcon_core.package_identification:Package 'task_1' with type 'ros.ament_python' and name 'task_1'
[0.199s] Level 1:colcon.colcon_core.package_identification:_identify(task_2) by extensions ['ignore', 'ignore_ament_install']
[0.200s] Level 1:colcon.colcon_core.package_identification:_identify(task_2) by extension 'ignore'
[0.200s] Level 1:colcon.colcon_core.package_identification:_identify(task_2) by extension 'ignore_ament_install'
[0.200s] Level 1:colcon.colcon_core.package_identification:_identify(task_2) by extensions ['colcon_pkg']
[0.200s] Level 1:colcon.colcon_core.package_identification:_identify(task_2) by extension 'colcon_pkg'
[0.200s] Level 1:colcon.colcon_core.package_identification:_identify(task_2) by extensions ['colcon_meta']
[0.200s] Level 1:colcon.colcon_core.package_identification:_identify(task_2) by extension 'colcon_meta'
[0.200s] Level 1:colcon.colcon_core.package_identification:_identify(task_2) by extensions ['ros']
[0.200s] Level 1:colcon.colcon_core.package_identification:_identify(task_2) by extension 'ros'
[0.201s] DEBUG:colcon.colcon_core.package_identification:Package 'task_2' with type 'ros.ament_python' and name 'task_2'
[0.201s] Level 1:colcon.colcon_core.package_identification:_identify(task_2_interfaces) by extensions ['ignore', 'ignore_ament_install']
[0.201s] Level 1:colcon.colcon_core.package_identification:_identify(task_2_interfaces) by extension 'ignore'
[0.201s] Level 1:colcon.colcon_core.package_identification:_identify(task_2_interfaces) by extension 'ignore_ament_install'
[0.201s] Level 1:colcon.colcon_core.package_identification:_identify(task_2_interfaces) by extensions ['colcon_pkg']
[0.201s] Level 1:colcon.colcon_core.package_identification:_identify(task_2_interfaces) by extension 'colcon_pkg'
[0.201s] Level 1:colcon.colcon_core.package_identification:_identify(task_2_interfaces) by extensions ['colcon_meta']
[0.201s] Level 1:colcon.colcon_core.package_identification:_identify(task_2_interfaces) by extension 'colcon_meta'
[0.201s] Level 1:colcon.colcon_core.package_identification:_identify(task_2_interfaces) by extensions ['ros']
[0.202s] Level 1:colcon.colcon_core.package_identification:_identify(task_2_interfaces) by extension 'ros'
[0.203s] DEBUG:colcon.colcon_core.package_identification:Package 'task_2_interfaces' with type 'ros.ament_cmake' and name 'task_2_interfaces'
[0.204s] Level 1:colcon.colcon_core.package_discovery:discover_packages(recursive) using defaults
[0.204s] Level 1:colcon.colcon_core.package_discovery:discover_packages(ignore) discover
[0.204s] Level 1:colcon.colcon_core.package_discovery:discover_packages(ignore) using defaults
[0.204s] Level 1:colcon.colcon_core.package_discovery:discover_packages(path) discover
[0.204s] Level 1:colcon.colcon_core.package_discovery:discover_packages(path) using defaults
[0.227s] Level 1:colcon.colcon_core.package_discovery:discover_packages(prefix_path) check parameters
[0.227s] Level 1:colcon.colcon_core.package_discovery:discover_packages(prefix_path) discover
[0.228s] DEBUG:colcon.colcon_installed_package_information.package_discovery:Found 3 installed packages in /home/me597/ME-597/Lab1ws/install
[0.229s] DEBUG:colcon.colcon_installed_package_information.package_discovery:Found 345 installed packages in /opt/ros/humble
[0.230s] Level 1:colcon.colcon_core.package_discovery:discover_packages(prefix_path) using defaults
[0.260s] Level 5:colcon.colcon_core.verb:set package 'task_1' build argument 'cmake_args' from command line to 'None'
[0.260s] Level 5:colcon.colcon_core.verb:set package 'task_1' build argument 'cmake_target' from command line to 'None'
[0.260s] Level 5:colcon.colcon_core.verb:set package 'task_1' build argument 'cmake_target_skip_unavailable' from command line to 'False'
[0.260s] Level 5:colcon.colcon_core.verb:set package 'task_1' build argument 'cmake_clean_cache' from command line to 'False'
[0.260s] Level 5:colcon.colcon_core.verb:set package 'task_1' build argument 'cmake_clean_first' from command line to 'False'
[0.260s] Level 5:colcon.colcon_core.verb:set package 'task_1' build argument 'cmake_force_configure' from command line to 'False'
[0.260s] Level 5:colcon.colcon_core.verb:set package 'task_1' build argument 'ament_cmake_args' from command line to 'None'
[0.260s] Level 5:colcon.colcon_core.verb:set package 'task_1' build argument 'catkin_cmake_args' from command line to 'None'
[0.260s] Level 5:colcon.colcon_core.verb:set package 'task_1' build argument 'catkin_skip_building_tests' from command line to 'False'
[0.260s] DEBUG:colcon.colcon_core.verb:Building package 'task_1' with the following arguments: {'ament_cmake_args': None, 'build_base': '/home/me597/ME-597/Lab1ws/build/task_1', 'catkin_cmake_args': None, 'catkin_skip_building_tests': False, 'cmake_args': None, 'cmake_clean_cache': False, 'cmake_clean_first': False, 'cmake_force_configure': False, 'cmake_target': None, 'cmake_target_skip_unavailable': False, 'install_base': '/home/me597/ME-597/Lab1ws/install/task_1', 'merge_install': False, 'path': '/home/me597/ME-597/Lab1ws/task_1', 'symlink_install': False, 'test_result_base': None}
[0.261s] Level 5:colcon.colcon_core.verb:set package 'task_2' build argument 'cmake_args' from command line to 'None'
[0.261s] Level 5:colcon.colcon_core.verb:set package 'task_2' build argument 'cmake_target' from command line to 'None'
[0.261s] Level 5:colcon.colcon_core.verb:set package 'task_2' build argument 'cmake_target_skip_unavailable' from command line to 'False'
[0.261s] Level 5:colcon.colcon_core.verb:set package 'task_2' build argument 'cmake_clean_cache' from command line to 'False'
[0.261s] Level 5:colcon.colcon_core.verb:set package 'task_2' build argument 'cmake_clean_first' from command line to 'False'
[0.261s] Level 5:colcon.colcon_core.verb:set package 'task_2' build argument 'cmake_force_configure' from command line to 'False'
[0.261s] Level 5:colcon.colcon_core.verb:set package 'task_2' build argument 'ament_cmake_args' from command line to 'None'
[0.261s] Level 5:colcon.colcon_core.verb:set package 'task_2' build argument 'catkin_cmake_args' from command line to 'None'
[0.261s] Level 5:colcon.colcon_core.verb:set package 'task_2' build argument 'catkin_skip_building_tests' from command line to 'False'
[0.261s] DEBUG:colcon.colcon_core.verb:Building package 'task_2' with the following arguments: {'ament_cmake_args': None, 'build_base': '/home/me597/ME-597/Lab1ws/build/task_2', 'catkin_cmake_args': None, 'catkin_skip_building_tests': False, 'cmake_args': None, 'cmake_clean_cache': False, 'cmake_clean_first': False, 'cmake_force_configure': False, 'cmake_target': None, 'cmake_target_skip_unavailable': False, 'install_base': '/home/me597/ME-597/Lab1ws/install/task_2', 'merge_install': False, 'path': '/home/me597/ME-597/Lab1ws/task_2', 'symlink_install': False, 'test_result_base': None}
[0.261s] Level 5:colcon.colcon_core.verb:set package 'task_2_interfaces' build argument 'cmake_args' from command line to 'None'
[0.261s] Level 5:colcon.colcon_core.verb:set package 'task_2_interfaces' build argument 'cmake_target' from command line to 'None'
[0.261s] Level 5:colcon.colcon_core.verb:set package 'task_2_interfaces' build argument 'cmake_target_skip_unavailable' from command line to 'False'
[0.261s] Level 5:colcon.colcon_core.verb:set package 'task_2_interfaces' build argument 'cmake_clean_cache' from command line to 'False'
[0.261s] Level 5:colcon.colcon_core.verb:set package 'task_2_interfaces' build argument 'cmake_clean_first' from command line to 'False'
[0.261s] Level 5:colcon.colcon_core.verb:set package 'task_2_interfaces' build argument 'cmake_force_configure' from command line to 'False'
[0.261s] Level 5:colcon.colcon_core.verb:set package 'task_2_interfaces' build argument 'ament_cmake_args' from command line to 'None'
[0.261s] Level 5:colcon.colcon_core.verb:set package 'task_2_interfaces' build argument 'catkin_cmake_args' from command line to 'None'
[0.261s] Level 5:colcon.colcon_core.verb:set package 'task_2_interfaces' build argument 'catkin_skip_building_tests' from command line to 'False'
[0.261s] DEBUG:colcon.colcon_core.verb:Building package 'task_2_interfaces' with the following arguments: {'ament_cmake_args': None, 'build_base': '/home/me597/ME-597/Lab1ws/build/task_2_interfaces', 'catkin_cmake_args': None, 'catkin_skip_building_tests': False, 'cmake_args': None, 'cmake_clean_cache': False, 'cmake_clean_first': False, 'cmake_force_configure': False, 'cmake_target': None, 'cmake_target_skip_unavailable': False, 'install_base': '/home/me597/ME-597/Lab1ws/install/task_2_interfaces', 'merge_install': False, 'path': '/home/me597/ME-597/Lab1ws/task_2_interfaces', 'symlink_install': False, 'test_result_base': None}
[0.261s] INFO:colcon.colcon_core.executor:Executing jobs using 'parallel' executor
[0.262s] DEBUG:colcon.colcon_parallel_executor.executor.parallel:run_until_complete
[0.263s] INFO:colcon.colcon_ros.task.ament_python.build:Building ROS package in '/home/me597/ME-597/Lab1ws/task_1' with build type 'ament_python'
[0.263s] Level 1:colcon.colcon_core.shell:create_environment_hook('task_1', 'ament_prefix_path')
[0.265s] INFO:colcon.colcon_core.plugin_system:Skipping extension 'colcon_core.shell.bat': Not used on non-Windows systems
[0.266s] INFO:colcon.colcon_core.shell:Creating environment hook '/home/me597/ME-597/Lab1ws/install/task_1/share/task_1/hook/ament_prefix_path.ps1'
[0.267s] INFO:colcon.colcon_core.shell:Creating environment descriptor '/home/me597/ME-597/Lab1ws/install/task_1/share/task_1/hook/ament_prefix_path.dsv'
[0.268s] INFO:colcon.colcon_core.shell:Creating environment hook '/home/me597/ME-597/Lab1ws/install/task_1/share/task_1/hook/ament_prefix_path.sh'
[0.269s] INFO:colcon.colcon_core.shell:Skip shell extension 'powershell' for command environment: Not usable outside of PowerShell
[0.269s] DEBUG:colcon.colcon_core.shell:Skip shell extension 'dsv' for command environment
[0.273s] INFO:colcon.colcon_ros.task.ament_python.build:Building ROS package in '/home/me597/ME-597/Lab1ws/task_2' with build type 'ament_python'
[0.273s] Level 1:colcon.colcon_core.shell:create_environment_hook('task_2', 'ament_prefix_path')
[0.273s] INFO:colcon.colcon_core.shell:Creating environment hook '/home/me597/ME-597/Lab1ws/install/task_2/share/task_2/hook/ament_prefix_path.ps1'
[0.274s] INFO:colcon.colcon_core.shell:Creating environment descriptor '/home/me597/ME-597/Lab1ws/install/task_2/share/task_2/hook/ament_prefix_path.dsv'
[0.274s] INFO:colcon.colcon_core.shell:Creating environment hook '/home/me597/ME-597/Lab1ws/install/task_2/share/task_2/hook/ament_prefix_path.sh'
[0.275s] INFO:colcon.colcon_core.shell:Skip shell extension 'powershell' for command environment: Not usable outside of PowerShell
[0.275s] DEBUG:colcon.colcon_core.shell:Skip shell extension 'dsv' for command environment
[0.457s] INFO:colcon.colcon_core.task.python.build:Building Python package in '/home/me597/ME-597/Lab1ws/task_1'
[0.457s] INFO:colcon.colcon_core.shell:Skip shell extension 'powershell' for command environment: Not usable outside of PowerShell
[0.457s] DEBUG:colcon.colcon_core.shell:Skip shell extension 'dsv' for command environment
[0.629s] INFO:colcon.colcon_core.task.python.build:Building Python package in '/home/me597/ME-597/Lab1ws/task_2'
[0.630s] INFO:colcon.colcon_core.shell:Skip shell extension 'powershell' for command environment: Not usable outside of PowerShell
[0.630s] DEBUG:colcon.colcon_core.shell:Skip shell extension 'dsv' for command environment
[0.880s] DEBUG:colcon.colcon_core.event_handler.log_command:Invoking command in '/home/me597/ME-597/Lab1ws/task_1': PYTHONPATH=/home/me597/ME-597/Lab1ws/build/task_1/prefix_override:/usr/lib/python3/dist-packages/colcon_core/task/python/colcon_distutils_commands:/home/me597/ME-597/Lab1ws/install/task_1/lib/python3.10/site-packages:${PYTHONPATH} /usr/bin/python3 -W ignore:setup.py install is deprecated -W ignore:easy_install command is deprecated setup.py egg_info --egg-base ../build/task_1 build --build-base /home/me597/ME-597/Lab1ws/build/task_1/build install --record /home/me597/ME-597/Lab1ws/build/task_1/install.log --single-version-externally-managed install_data
[0.899s] DEBUG:colcon.colcon_core.event_handler.log_command:Invoking command in '/home/me597/ME-597/Lab1ws/task_2': PYTHONPATH=/home/me597/ME-597/Lab1ws/build/task_2/prefix_override:/usr/lib/python3/dist-packages/colcon_core/task/python/colcon_distutils_commands:/home/me597/ME-597/Lab1ws/install/task_2/lib/python3.10/site-packages:${PYTHONPATH} /usr/bin/python3 -W ignore:setup.py install is deprecated -W ignore:easy_install command is deprecated setup.py egg_info --egg-base ../build/task_2 build --build-base /home/me597/ME-597/Lab1ws/build/task_2/build install --record /home/me597/ME-597/Lab1ws/build/task_2/install.log --single-version-externally-managed install_data
[1.095s] DEBUG:colcon.colcon_core.event_handler.log_command:Invoked command in '/home/me597/ME-597/Lab1ws/task_1' returned '0': PYTHONPATH=/home/me597/ME-597/Lab1ws/build/task_1/prefix_override:/usr/lib/python3/dist-packages/colcon_core/task/python/colcon_distutils_commands:/home/me597/ME-597/Lab1ws/install/task_1/lib/python3.10/site-packages:${PYTHONPATH} /usr/bin/python3 -W ignore:setup.py install is deprecated -W ignore:easy_install command is deprecated setup.py egg_info --egg-base ../build/task_1 build --build-base /home/me597/ME-597/Lab1ws/build/task_1/build install --record /home/me597/ME-597/Lab1ws/build/task_1/install.log --single-version-externally-managed install_data
[1.096s] Level 1:colcon.colcon_core.environment:checking '/home/me597/ME-597/Lab1ws/install/task_1' for CMake module files
[1.097s] Level 1:colcon.colcon_core.environment:checking '/home/me597/ME-597/Lab1ws/install/task_1' for CMake config files
[1.097s] Level 1:colcon.colcon_core.environment:checking '/home/me597/ME-597/Lab1ws/install/task_1/lib'
[1.098s] Level 1:colcon.colcon_core.environment:checking '/home/me597/ME-597/Lab1ws/install/task_1/bin'
[1.098s] Level 1:colcon.colcon_core.environment:checking '/home/me597/ME-597/Lab1ws/install/task_1/lib/pkgconfig/task_1.pc'
[1.098s] Level 1:colcon.colcon_core.environment:checking '/home/me597/ME-597/Lab1ws/install/task_1/lib/python3.10/site-packages'
[1.099s] Level 1:colcon.colcon_core.shell:create_environment_hook('task_1', 'pythonpath')
[1.099s] INFO:colcon.colcon_core.shell:Creating environment hook '/home/me597/ME-597/Lab1ws/install/task_1/share/task_1/hook/pythonpath.ps1'
[1.101s] INFO:colcon.colcon_core.shell:Creating environment descriptor '/home/me597/ME-597/Lab1ws/install/task_1/share/task_1/hook/pythonpath.dsv'
[1.101s] INFO:colcon.colcon_core.shell:Creating environment hook '/home/me597/ME-597/Lab1ws/install/task_1/share/task_1/hook/pythonpath.sh'
[1.104s] Level 1:colcon.colcon_core.environment:checking '/home/me597/ME-597/Lab1ws/install/task_1/bin'
[1.104s] Level 1:colcon.colcon_core.environment:create_environment_scripts_only(task_1)
[1.104s] INFO:colcon.colcon_core.shell:Creating package script '/home/me597/ME-597/Lab1ws/install/task_1/share/task_1/package.ps1'
[1.106s] INFO:colcon.colcon_core.shell:Creating package descriptor '/home/me597/ME-597/Lab1ws/install/task_1/share/task_1/package.dsv'
[1.106s] INFO:colcon.colcon_core.shell:Creating package script '/home/me597/ME-597/Lab1ws/install/task_1/share/task_1/package.sh'
[1.110s] INFO:colcon.colcon_core.shell:Creating package script '/home/me597/ME-597/Lab1ws/install/task_1/share/task_1/package.bash'
[1.111s] INFO:colcon.colcon_core.shell:Creating package script '/home/me597/ME-597/Lab1ws/install/task_1/share/task_1/package.zsh'
[1.112s] Level 1:colcon.colcon_core.environment:create_file_with_runtime_dependencies(/home/me597/ME-597/Lab1ws/install/task_1/share/colcon-core/packages/task_1)
[1.114s] INFO:colcon.colcon_ros.task.ament_cmake.build:Building ROS package in '/home/me597/ME-597/Lab1ws/task_2_interfaces' with build type 'ament_cmake'
[1.114s] INFO:colcon.colcon_cmake.task.cmake.build:Building CMake package in '/home/me597/ME-597/Lab1ws/task_2_interfaces'
[1.114s] INFO:colcon.colcon_core.shell:Skip shell extension 'powershell' for command environment: Not usable outside of PowerShell
[1.115s] DEBUG:colcon.colcon_core.shell:Skip shell extension 'dsv' for command environment
[1.121s] DEBUG:colcon.colcon_core.event_handler.log_command:Invoking command in '/home/me597/ME-597/Lab1ws/build/task_2_interfaces': CMAKE_PREFIX_PATH=/home/me597/ME-597/Lab1ws/install/task_2:/home/me597/ME-597/Lab1ws/install/task_1:/opt/ros/humble /usr/bin/cmake /home/me597/ME-597/Lab1ws/task_2_interfaces -DCMAKE_INSTALL_PREFIX=/home/me597/ME-597/Lab1ws/install/task_2_interfaces
[1.148s] Level 1:colcon.colcon_core.environment:checking '/home/me597/ME-597/Lab1ws/install/task_2' for CMake module files
[1.148s] Level 1:colcon.colcon_core.environment:checking '/home/me597/ME-597/Lab1ws/install/task_2' for CMake config files
[1.149s] DEBUG:colcon.colcon_core.event_handler.log_command:Invoked command in '/home/me597/ME-597/Lab1ws/task_2' returned '0': PYTHONPATH=/home/me597/ME-597/Lab1ws/build/task_2/prefix_override:/usr/lib/python3/dist-packages/colcon_core/task/python/colcon_distutils_commands:/home/me597/ME-597/Lab1ws/install/task_2/lib/python3.10/site-packages:${PYTHONPATH} /usr/bin/python3 -W ignore:setup.py install is deprecated -W ignore:easy_install command is deprecated setup.py egg_info --egg-base ../build/task_2 build --build-base /home/me597/ME-597/Lab1ws/build/task_2/build install --record /home/me597/ME-597/Lab1ws/build/task_2/install.log --single-version-externally-managed install_data
[1.150s] Level 1:colcon.colcon_core.environment:checking '/home/me597/ME-597/Lab1ws/install/task_2/lib'
[1.150s] Level 1:colcon.colcon_core.environment:checking '/home/me597/ME-597/Lab1ws/install/task_2/bin'
[1.150s] Level 1:colcon.colcon_core.environment:checking '/home/me597/ME-597/Lab1ws/install/task_2/lib/pkgconfig/task_2.pc'
[1.151s] Level 1:colcon.colcon_core.environment:checking '/home/me597/ME-597/Lab1ws/install/task_2/lib/python3.10/site-packages'
[1.151s] Level 1:colcon.colcon_core.shell:create_environment_hook('task_2', 'pythonpath')
[1.151s] INFO:colcon.colcon_core.shell:Creating environment hook '/home/me597/ME-597/Lab1ws/install/task_2/share/task_2/hook/pythonpath.ps1'
[1.152s] INFO:colcon.colcon_core.shell:Creating environment descriptor '/home/me597/ME-597/Lab1ws/install/task_2/share/task_2/hook/pythonpath.dsv'
[1.152s] INFO:colcon.colcon_core.shell:Creating environment hook '/home/me597/ME-597/Lab1ws/install/task_2/share/task_2/hook/pythonpath.sh'
[1.153s] Level 1:colcon.colcon_core.environment:checking '/home/me597/ME-597/Lab1ws/install/task_2/bin'
[1.153s] Level 1:colcon.colcon_core.environment:create_environment_scripts_only(task_2)
[1.154s] INFO:colcon.colcon_core.shell:Creating package script '/home/me597/ME-597/Lab1ws/install/task_2/share/task_2/package.ps1'
[1.154s] INFO:colcon.colcon_core.shell:Creating package descriptor '/home/me597/ME-597/Lab1ws/install/task_2/share/task_2/package.dsv'
[1.155s] INFO:colcon.colcon_core.shell:Creating package script '/home/me597/ME-597/Lab1ws/install/task_2/share/task_2/package.sh'
[1.155s] INFO:colcon.colcon_core.shell:Creating package script '/home/me597/ME-597/Lab1ws/install/task_2/share/task_2/package.bash'
[1.156s] INFO:colcon.colcon_core.shell:Creating package script '/home/me597/ME-597/Lab1ws/install/task_2/share/task_2/package.zsh'
[1.156s] Level 1:colcon.colcon_core.environment:create_file_with_runtime_dependencies(/home/me597/ME-597/Lab1ws/install/task_2/share/colcon-core/packages/task_2)
[1.498s] DEBUG:colcon.colcon_core.event_handler.log_command:Invoked command in '/home/me597/ME-597/Lab1ws/build/task_2_interfaces' returned '1': CMAKE_PREFIX_PATH=/home/me597/ME-597/Lab1ws/install/task_2:/home/me597/ME-597/Lab1ws/install/task_1:/opt/ros/humble /usr/bin/cmake /home/me597/ME-597/Lab1ws/task_2_interfaces -DCMAKE_INSTALL_PREFIX=/home/me597/ME-597/Lab1ws/install/task_2_interfaces
[1.508s] Level 1:colcon.colcon_core.environment:create_environment_scripts_only(task_2_interfaces)
[1.508s] Level 1:colcon.colcon_core.environment:checking '/home/me597/ME-597/Lab1ws/install/task_2_interfaces' for CMake module files
[1.508s] Level 1:colcon.colcon_core.environment:checking '/home/me597/ME-597/Lab1ws/install/task_2_interfaces' for CMake config files
[1.508s] Level 1:colcon.colcon_core.environment:checking '/home/me597/ME-597/Lab1ws/install/task_2_interfaces/bin'
[1.509s] Level 1:colcon.colcon_core.environment:checking '/home/me597/ME-597/Lab1ws/install/task_2_interfaces/lib/pkgconfig/task_2_interfaces.pc'
[1.510s] Level 1:colcon.colcon_core.environment:checking '/home/me597/ME-597/Lab1ws/install/task_2_interfaces/lib/python3.10/site-packages'
[1.510s] Level 1:colcon.colcon_core.environment:checking '/home/me597/ME-597/Lab1ws/install/task_2_interfaces/bin'
[1.510s] INFO:colcon.colcon_core.shell:Creating package script '/home/me597/ME-597/Lab1ws/install/task_2_interfaces/share/task_2_interfaces/package.ps1'
[1.511s] INFO:colcon.colcon_core.shell:Creating package descriptor '/home/me597/ME-597/Lab1ws/install/task_2_interfaces/share/task_2_interfaces/package.dsv'
[1.511s] INFO:colcon.colcon_core.shell:Creating package script '/home/me597/ME-597/Lab1ws/install/task_2_interfaces/share/task_2_interfaces/package.sh'
[1.511s] INFO:colcon.colcon_core.shell:Creating package script '/home/me597/ME-597/Lab1ws/install/task_2_interfaces/share/task_2_interfaces/package.bash'
[1.512s] INFO:colcon.colcon_core.shell:Creating package script '/home/me597/ME-597/Lab1ws/install/task_2_interfaces/share/task_2_interfaces/package.zsh'
[1.512s] Level 1:colcon.colcon_core.environment:create_file_with_runtime_dependencies(/home/me597/ME-597/Lab1ws/install/task_2_interfaces/share/colcon-core/packages/task_2_interfaces)
[1.513s] DEBUG:colcon.colcon_parallel_executor.executor.parallel:closing loop
[1.513s] DEBUG:colcon.colcon_parallel_executor.executor.parallel:loop closed
[1.513s] DEBUG:colcon.colcon_parallel_executor.executor.parallel:run_until_complete finished with '1'
[1.513s] DEBUG:colcon.colcon_core.event_reactor:joining thread
[1.519s] INFO:colcon.colcon_core.plugin_system:Skipping extension 'colcon_notification.desktop_notification.terminal_notifier': Not used on non-Darwin systems
[1.519s] INFO:colcon.colcon_core.plugin_system:Skipping extension 'colcon_notification.desktop_notification.win32': Not used on non-Windows systems
[1.519s] INFO:colcon.colcon_notification.desktop_notification:Sending desktop notification using 'notify2'
[1.534s] DEBUG:colcon.colcon_core.event_reactor:joined thread
[1.534s] INFO:colcon.colcon_core.shell:Creating prefix script '/home/me597/ME-597/Lab1ws/install/local_setup.ps1'
[1.535s] INFO:colcon.colcon_core.shell:Creating prefix util module '/home/me597/ME-597/Lab1ws/install/_local_setup_util_ps1.py'
[1.537s] INFO:colcon.colcon_core.shell:Creating prefix chain script '/home/me597/ME-597/Lab1ws/install/setup.ps1'
[1.539s] INFO:colcon.colcon_core.shell:Creating prefix script '/home/me597/ME-597/Lab1ws/install/local_setup.sh'
[1.539s] INFO:colcon.colcon_core.shell:Creating prefix util module '/home/me597/ME-597/Lab1ws/install/_local_setup_util_sh.py'
[1.540s] INFO:colcon.colcon_core.shell:Creating prefix chain script '/home/me597/ME-597/Lab1ws/install/setup.sh'
[1.541s] INFO:colcon.colcon_core.shell:Creating prefix script '/home/me597/ME-597/Lab1ws/install/local_setup.bash'
[1.541s] INFO:colcon.colcon_core.shell:Creating prefix chain script '/home/me597/ME-597/Lab1ws/install/setup.bash'
[1.542s] INFO:colcon.colcon_core.shell:Creating prefix script '/home/me597/ME-597/Lab1ws/install/local_setup.zsh'
[1.543s] INFO:colcon.colcon_core.shell:Creating prefix chain script '/home/me597/ME-597/Lab1ws/install/setup.zsh'
