[0.616s] Invoking command in '/home/me597/ME-597/lab4ws/src/task_5': PYTHONPATH=/home/me597/ME-597/lab4ws/build/task_5/prefix_override:/usr/lib/python3/dist-packages/colcon_core/task/python/colcon_distutils_commands:/home/me597/ME-597/lab4ws/install/task_5/lib/python3.10/site-packages:${PYTHONPATH} /usr/bin/python3 -W ignore:setup.py install is deprecated -W ignore:easy_install command is deprecated setup.py egg_info --egg-base ../../build/task_5 build --build-base /home/me597/ME-597/lab4ws/build/task_5/build install --record /home/me597/ME-597/lab4ws/build/task_5/install.log --single-version-externally-managed install_data
[0.789s] running egg_info
[0.790s] writing ../../build/task_5/task_5.egg-info/PKG-INFO
[0.791s] writing dependency_links to ../../build/task_5/task_5.egg-info/dependency_links.txt
[0.791s] writing entry points to ../../build/task_5/task_5.egg-info/entry_points.txt
[0.792s] writing requirements to ../../build/task_5/task_5.egg-info/requires.txt
[0.792s] writing top-level names to ../../build/task_5/task_5.egg-info/top_level.txt
[0.796s] reading manifest file '../../build/task_5/task_5.egg-info/SOURCES.txt'
[0.796s] writing manifest file '../../build/task_5/task_5.egg-info/SOURCES.txt'
[0.797s] running build
[0.797s] running build_py
[0.798s] copying task_5/image_publisher.py -> /home/me597/ME-597/lab4ws/build/task_5/build/lib/task_5
[0.798s] running install
[0.799s] running install_lib
[0.801s] copying /home/me597/ME-597/lab4ws/build/task_5/build/lib/task_5/image_publisher.py -> /home/me597/ME-597/lab4ws/install/task_5/lib/python3.10/site-packages/task_5
[0.801s] byte-compiling /home/me597/ME-597/lab4ws/install/task_5/lib/python3.10/site-packages/task_5/image_publisher.py to image_publisher.cpython-310.pyc
[0.802s] running install_data
[0.803s] copying launch/object_detector_launch.py -> /home/me597/ME-597/lab4ws/install/task_5/share/task_5/launch
[0.803s] running install_egg_info
[0.806s] removing '/home/me597/ME-597/lab4ws/install/task_5/lib/python3.10/site-packages/task_5-0.0.0-py3.10.egg-info' (and everything under it)
[0.807s] Copying ../../build/task_5/task_5.egg-info to /home/me597/ME-597/lab4ws/install/task_5/lib/python3.10/site-packages/task_5-0.0.0-py3.10.egg-info
[0.808s] running install_scripts
[0.822s] Installing image_publisher script to /home/me597/ME-597/lab4ws/install/task_5/lib/task_5
[0.823s] Installing object_detector script to /home/me597/ME-597/lab4ws/install/task_5/lib/task_5
[0.824s] writing list of installed files to '/home/me597/ME-597/lab4ws/build/task_5/install.log'
[0.852s] Invoked command in '/home/me597/ME-597/lab4ws/src/task_5' returned '0': PYTHONPATH=/home/me597/ME-597/lab4ws/build/task_5/prefix_override:/usr/lib/python3/dist-packages/colcon_core/task/python/colcon_distutils_commands:/home/me597/ME-597/lab4ws/install/task_5/lib/python3.10/site-packages:${PYTHONPATH} /usr/bin/python3 -W ignore:setup.py install is deprecated -W ignore:easy_install command is deprecated setup.py egg_info --egg-base ../../build/task_5 build --build-base /home/me597/ME-597/lab4ws/build/task_5/build install --record /home/me597/ME-597/lab4ws/build/task_5/install.log --single-version-externally-managed install_data
