[0.116s] DEBUG:colcon:Command line arguments: ['/usr/bin/colcon', 'build']
[0.116s] DEBUG:colcon:Parsed command line arguments: Namespace(log_base=None, log_level=None, verb_name='build', build_base='build', install_base='install', merge_install=False, symlink_install=False, test_result_base=None, continue_on_error=False, executor='parallel', parallel_workers=2, event_handlers=None, ignore_user_meta=False, metas=['./colcon.meta'], base_paths=['.'], packages_ignore=None, packages_ignore_regex=None, paths=None, packages_up_to=None, packages_up_to_regex=None, packages_above=None, packages_above_and_dependencies=None, packages_above_depth=None, packages_select_by_dep=None, packages_skip_by_dep=None, packages_skip_up_to=None, packages_select_build_failed=False, packages_skip_build_finished=False, packages_select_test_failures=False, packages_skip_test_passed=False, packages_select=None, packages_skip=None, packages_select_regex=None, packages_skip_regex=None, packages_start=None, packages_end=None, allow_overriding=[], cmake_args=None, cmake_target=None, cmake_target_skip_unavailable=False, cmake_clean_cache=False, cmake_clean_first=False, cmake_force_configure=False, ament_cmake_args=None, catkin_cmake_args=None, catkin_skip_building_tests=False, mixin_files=None, mixin=None, verb_parser=<colcon_mixin.mixin.mixin_argument.MixinArgumentDecorator object at 0x72c252640d00>, verb_extension=<colcon_core.verb.build.BuildVerb object at 0x72c252640280>, main=<bound method BuildVerb.main of <colcon_core.verb.build.BuildVerb object at 0x72c252640280>>, mixin_verb=('build',))
[0.287s] Level 1:colcon.colcon_core.package_discovery:discover_packages(colcon_meta) check parameters
[0.289s] Level 1:colcon.colcon_core.package_discovery:discover_packages(recursive) check parameters
[0.289s] Level 1:colcon.colcon_core.package_discovery:discover_packages(ignore) check parameters
[0.289s] Level 1:colcon.colcon_core.package_discovery:discover_packages(path) check parameters
[0.289s] Level 1:colcon.colcon_core.package_discovery:discover_packages(colcon_meta) discover
[0.290s] Level 1:colcon.colcon_core.package_discovery:discover_packages(recursive) discover
[0.290s] INFO:colcon.colcon_core.package_discovery:Crawling recursively for packages in '/home/me597/ME-597/lab2ws'
[0.290s] Level 1:colcon.colcon_core.package_identification:_identify(.) by extensions ['ignore', 'ignore_ament_install']
[0.290s] Level 1:colcon.colcon_core.package_identification:_identify(.) by extension 'ignore'
[0.290s] Level 1:colcon.colcon_core.package_identification:_identify(.) by extension 'ignore_ament_install'
[0.290s] Level 1:colcon.colcon_core.package_identification:_identify(.) by extensions ['colcon_pkg']
[0.290s] Level 1:colcon.colcon_core.package_identification:_identify(.) by extension 'colcon_pkg'
[0.290s] Level 1:colcon.colcon_core.package_identification:_identify(.) by extensions ['colcon_meta']
[0.290s] Level 1:colcon.colcon_core.package_identification:_identify(.) by extension 'colcon_meta'
[0.290s] Level 1:colcon.colcon_core.package_identification:_identify(.) by extensions ['ros']
[0.290s] Level 1:colcon.colcon_core.package_identification:_identify(.) by extension 'ros'
[0.300s] Level 1:colcon.colcon_core.package_identification:_identify(.) by extensions ['cmake', 'python']
[0.300s] Level 1:colcon.colcon_core.package_identification:_identify(.) by extension 'cmake'
[0.300s] Level 1:colcon.colcon_core.package_identification:_identify(.) by extension 'python'
[0.300s] Level 1:colcon.colcon_core.package_identification:_identify(.) by extensions ['python_setup_py']
[0.300s] Level 1:colcon.colcon_core.package_identification:_identify(.) by extension 'python_setup_py'
[0.300s] Level 1:colcon.colcon_core.package_identification:_identify(build) by extensions ['ignore', 'ignore_ament_install']
[0.301s] Level 1:colcon.colcon_core.package_identification:_identify(build) by extension 'ignore'
[0.301s] Level 1:colcon.colcon_core.package_identification:_identify(build) ignored
[0.301s] Level 1:colcon.colcon_core.package_identification:_identify(install) by extensions ['ignore', 'ignore_ament_install']
[0.301s] Level 1:colcon.colcon_core.package_identification:_identify(install) by extension 'ignore'
[0.301s] Level 1:colcon.colcon_core.package_identification:_identify(install) ignored
[0.301s] Level 1:colcon.colcon_core.package_identification:_identify(log) by extensions ['ignore', 'ignore_ament_install']
[0.301s] Level 1:colcon.colcon_core.package_identification:_identify(log) by extension 'ignore'
[0.301s] Level 1:colcon.colcon_core.package_identification:_identify(log) ignored
[0.302s] Level 1:colcon.colcon_core.package_identification:_identify(src) by extensions ['ignore', 'ignore_ament_install']
[0.302s] Level 1:colcon.colcon_core.package_identification:_identify(src) by extension 'ignore'
[0.302s] Level 1:colcon.colcon_core.package_identification:_identify(src) by extension 'ignore_ament_install'
[0.302s] Level 1:colcon.colcon_core.package_identification:_identify(src) by extensions ['colcon_pkg']
[0.302s] Level 1:colcon.colcon_core.package_identification:_identify(src) by extension 'colcon_pkg'
[0.302s] Level 1:colcon.colcon_core.package_identification:_identify(src) by extensions ['colcon_meta']
[0.302s] Level 1:colcon.colcon_core.package_identification:_identify(src) by extension 'colcon_meta'
[0.302s] Level 1:colcon.colcon_core.package_identification:_identify(src) by extensions ['ros']
[0.302s] Level 1:colcon.colcon_core.package_identification:_identify(src) by extension 'ros'
[0.302s] Level 1:colcon.colcon_core.package_identification:_identify(src) by extensions ['cmake', 'python']
[0.302s] Level 1:colcon.colcon_core.package_identification:_identify(src) by extension 'cmake'
[0.302s] Level 1:colcon.colcon_core.package_identification:_identify(src) by extension 'python'
[0.302s] Level 1:colcon.colcon_core.package_identification:_identify(src) by extensions ['python_setup_py']
[0.302s] Level 1:colcon.colcon_core.package_identification:_identify(src) by extension 'python_setup_py'
[0.302s] Level 1:colcon.colcon_core.package_identification:_identify(src/task_3) by extensions ['ignore', 'ignore_ament_install']
[0.302s] Level 1:colcon.colcon_core.package_identification:_identify(src/task_3) by extension 'ignore'
[0.302s] Level 1:colcon.colcon_core.package_identification:_identify(src/task_3) by extension 'ignore_ament_install'
[0.302s] Level 1:colcon.colcon_core.package_identification:_identify(src/task_3) by extensions ['colcon_pkg']
[0.302s] Level 1:colcon.colcon_core.package_identification:_identify(src/task_3) by extension 'colcon_pkg'
[0.303s] Level 1:colcon.colcon_core.package_identification:_identify(src/task_3) by extensions ['colcon_meta']
[0.303s] Level 1:colcon.colcon_core.package_identification:_identify(src/task_3) by extension 'colcon_meta'
[0.303s] Level 1:colcon.colcon_core.package_identification:_identify(src/task_3) by extensions ['ros']
[0.303s] Level 1:colcon.colcon_core.package_identification:_identify(src/task_3) by extension 'ros'
[0.306s] DEBUG:colcon.colcon_core.package_identification:Package 'src/task_3' with type 'ros.ament_python' and name 'task_3'
[0.306s] Level 1:colcon.colcon_core.package_identification:_identify(src/task_3_interfaces) by extensions ['ignore', 'ignore_ament_install']
[0.306s] Level 1:colcon.colcon_core.package_identification:_identify(src/task_3_interfaces) by extension 'ignore'
[0.306s] Level 1:colcon.colcon_core.package_identification:_identify(src/task_3_interfaces) by extension 'ignore_ament_install'
[0.306s] Level 1:colcon.colcon_core.package_identification:_identify(src/task_3_interfaces) by extensions ['colcon_pkg']
[0.306s] Level 1:colcon.colcon_core.package_identification:_identify(src/task_3_interfaces) by extension 'colcon_pkg'
[0.307s] Level 1:colcon.colcon_core.package_identification:_identify(src/task_3_interfaces) by extensions ['colcon_meta']
[0.307s] Level 1:colcon.colcon_core.package_identification:_identify(src/task_3_interfaces) by extension 'colcon_meta'
[0.307s] Level 1:colcon.colcon_core.package_identification:_identify(src/task_3_interfaces) by extensions ['ros']
[0.307s] Level 1:colcon.colcon_core.package_identification:_identify(src/task_3_interfaces) by extension 'ros'
[0.307s] DEBUG:colcon.colcon_core.package_identification:Package 'src/task_3_interfaces' with type 'ros.ament_cmake' and name 'task_3_interfaces'
[0.307s] Level 1:colcon.colcon_core.package_discovery:discover_packages(recursive) using defaults
[0.307s] Level 1:colcon.colcon_core.package_discovery:discover_packages(ignore) discover
[0.307s] Level 1:colcon.colcon_core.package_discovery:discover_packages(ignore) using defaults
[0.307s] Level 1:colcon.colcon_core.package_discovery:discover_packages(path) discover
[0.307s] Level 1:colcon.colcon_core.package_discovery:discover_packages(path) using defaults
[0.334s] Level 1:colcon.colcon_core.package_discovery:discover_packages(prefix_path) check parameters
[0.335s] Level 1:colcon.colcon_core.package_discovery:discover_packages(prefix_path) discover
[0.336s] DEBUG:colcon.colcon_installed_package_information.package_discovery:Found 2 installed packages in /home/me597/ME-597/lab2ws/install
[0.337s] DEBUG:colcon.colcon_installed_package_information.package_discovery:Found 354 installed packages in /opt/ros/humble
[0.339s] Level 1:colcon.colcon_core.package_discovery:discover_packages(prefix_path) using defaults
[0.383s] Level 5:colcon.colcon_core.verb:set package 'task_3' build argument 'cmake_args' from command line to 'None'
[0.383s] Level 5:colcon.colcon_core.verb:set package 'task_3' build argument 'cmake_target' from command line to 'None'
[0.383s] Level 5:colcon.colcon_core.verb:set package 'task_3' build argument 'cmake_target_skip_unavailable' from command line to 'False'
[0.383s] Level 5:colcon.colcon_core.verb:set package 'task_3' build argument 'cmake_clean_cache' from command line to 'False'
[0.383s] Level 5:colcon.colcon_core.verb:set package 'task_3' build argument 'cmake_clean_first' from command line to 'False'
[0.383s] Level 5:colcon.colcon_core.verb:set package 'task_3' build argument 'cmake_force_configure' from command line to 'False'
[0.383s] Level 5:colcon.colcon_core.verb:set package 'task_3' build argument 'ament_cmake_args' from command line to 'None'
[0.384s] Level 5:colcon.colcon_core.verb:set package 'task_3' build argument 'catkin_cmake_args' from command line to 'None'
[0.384s] Level 5:colcon.colcon_core.verb:set package 'task_3' build argument 'catkin_skip_building_tests' from command line to 'False'
[0.384s] DEBUG:colcon.colcon_core.verb:Building package 'task_3' with the following arguments: {'ament_cmake_args': None, 'build_base': '/home/me597/ME-597/lab2ws/build/task_3', 'catkin_cmake_args': None, 'catkin_skip_building_tests': False, 'cmake_args': None, 'cmake_clean_cache': False, 'cmake_clean_first': False, 'cmake_force_configure': False, 'cmake_target': None, 'cmake_target_skip_unavailable': False, 'install_base': '/home/me597/ME-597/lab2ws/install/task_3', 'merge_install': False, 'path': '/home/me597/ME-597/lab2ws/src/task_3', 'symlink_install': False, 'test_result_base': None}
[0.384s] Level 5:colcon.colcon_core.verb:set package 'task_3_interfaces' build argument 'cmake_args' from command line to 'None'
[0.384s] Level 5:colcon.colcon_core.verb:set package 'task_3_interfaces' build argument 'cmake_target' from command line to 'None'
[0.384s] Level 5:colcon.colcon_core.verb:set package 'task_3_interfaces' build argument 'cmake_target_skip_unavailable' from command line to 'False'
[0.384s] Level 5:colcon.colcon_core.verb:set package 'task_3_interfaces' build argument 'cmake_clean_cache' from command line to 'False'
[0.384s] Level 5:colcon.colcon_core.verb:set package 'task_3_interfaces' build argument 'cmake_clean_first' from command line to 'False'
[0.384s] Level 5:colcon.colcon_core.verb:set package 'task_3_interfaces' build argument 'cmake_force_configure' from command line to 'False'
[0.384s] Level 5:colcon.colcon_core.verb:set package 'task_3_interfaces' build argument 'ament_cmake_args' from command line to 'None'
[0.385s] Level 5:colcon.colcon_core.verb:set package 'task_3_interfaces' build argument 'catkin_cmake_args' from command line to 'None'
[0.385s] Level 5:colcon.colcon_core.verb:set package 'task_3_interfaces' build argument 'catkin_skip_building_tests' from command line to 'False'
[0.385s] DEBUG:colcon.colcon_core.verb:Building package 'task_3_interfaces' with the following arguments: {'ament_cmake_args': None, 'build_base': '/home/me597/ME-597/lab2ws/build/task_3_interfaces', 'catkin_cmake_args': None, 'catkin_skip_building_tests': False, 'cmake_args': None, 'cmake_clean_cache': False, 'cmake_clean_first': False, 'cmake_force_configure': False, 'cmake_target': None, 'cmake_target_skip_unavailable': False, 'install_base': '/home/me597/ME-597/lab2ws/install/task_3_interfaces', 'merge_install': False, 'path': '/home/me597/ME-597/lab2ws/src/task_3_interfaces', 'symlink_install': False, 'test_result_base': None}
[0.385s] INFO:colcon.colcon_core.executor:Executing jobs using 'parallel' executor
[0.386s] DEBUG:colcon.colcon_parallel_executor.executor.parallel:run_until_complete
[0.387s] INFO:colcon.colcon_ros.task.ament_python.build:Building ROS package in '/home/me597/ME-597/lab2ws/src/task_3' with build type 'ament_python'
[0.387s] Level 1:colcon.colcon_core.shell:create_environment_hook('task_3', 'ament_prefix_path')
[0.389s] INFO:colcon.colcon_core.plugin_system:Skipping extension 'colcon_core.shell.bat': Not used on non-Windows systems
[0.389s] INFO:colcon.colcon_core.shell:Creating environment hook '/home/me597/ME-597/lab2ws/install/task_3/share/task_3/hook/ament_prefix_path.ps1'
[0.390s] INFO:colcon.colcon_core.shell:Creating environment descriptor '/home/me597/ME-597/lab2ws/install/task_3/share/task_3/hook/ament_prefix_path.dsv'
[0.390s] INFO:colcon.colcon_core.shell:Creating environment hook '/home/me597/ME-597/lab2ws/install/task_3/share/task_3/hook/ament_prefix_path.sh'
[0.391s] INFO:colcon.colcon_core.shell:Skip shell extension 'powershell' for command environment: Not usable outside of PowerShell
[0.392s] DEBUG:colcon.colcon_core.shell:Skip shell extension 'dsv' for command environment
[0.395s] INFO:colcon.colcon_ros.task.ament_cmake.build:Building ROS package in '/home/me597/ME-597/lab2ws/src/task_3_interfaces' with build type 'ament_cmake'
[0.395s] INFO:colcon.colcon_cmake.task.cmake.build:Building CMake package in '/home/me597/ME-597/lab2ws/src/task_3_interfaces'
[0.395s] INFO:colcon.colcon_core.shell:Skip shell extension 'powershell' for command environment: Not usable outside of PowerShell
[0.395s] DEBUG:colcon.colcon_core.shell:Skip shell extension 'dsv' for command environment
[0.628s] INFO:colcon.colcon_core.task.python.build:Building Python package in '/home/me597/ME-597/lab2ws/src/task_3'
[0.628s] INFO:colcon.colcon_core.shell:Skip shell extension 'powershell' for command environment: Not usable outside of PowerShell
[0.628s] DEBUG:colcon.colcon_core.shell:Skip shell extension 'dsv' for command environment
[0.638s] DEBUG:colcon.colcon_core.event_handler.log_command:Invoking command in '/home/me597/ME-597/lab2ws/build/task_3_interfaces': CMAKE_PREFIX_PATH=${CMAKE_PREFIX_PATH}:/home/me597/ME-597/lab2ws/install/task_3:/opt/ros/humble /usr/bin/cmake --build /home/me597/ME-597/lab2ws/build/task_3_interfaces -- -j2 -l2
[0.750s] DEBUG:colcon.colcon_core.event_handler.log_command:Invoked command in '/home/me597/ME-597/lab2ws/build/task_3_interfaces' returned '0': CMAKE_PREFIX_PATH=${CMAKE_PREFIX_PATH}:/home/me597/ME-597/lab2ws/install/task_3:/opt/ros/humble /usr/bin/cmake --build /home/me597/ME-597/lab2ws/build/task_3_interfaces -- -j2 -l2
[0.761s] DEBUG:colcon.colcon_core.event_handler.log_command:Invoking command in '/home/me597/ME-597/lab2ws/build/task_3_interfaces': CMAKE_PREFIX_PATH=${CMAKE_PREFIX_PATH}:/home/me597/ME-597/lab2ws/install/task_3:/opt/ros/humble /usr/bin/cmake --install /home/me597/ME-597/lab2ws/build/task_3_interfaces
[0.782s] Level 1:colcon.colcon_core.environment:create_environment_scripts_only(task_3_interfaces)
[0.783s] Level 1:colcon.colcon_core.environment:checking '/home/me597/ME-597/lab2ws/install/task_3_interfaces' for CMake module files
[0.788s] DEBUG:colcon.colcon_core.event_handler.log_command:Invoked command in '/home/me597/ME-597/lab2ws/build/task_3_interfaces' returned '0': CMAKE_PREFIX_PATH=${CMAKE_PREFIX_PATH}:/home/me597/ME-597/lab2ws/install/task_3:/opt/ros/humble /usr/bin/cmake --install /home/me597/ME-597/lab2ws/build/task_3_interfaces
[0.790s] Level 1:colcon.colcon_core.environment:checking '/home/me597/ME-597/lab2ws/install/task_3_interfaces' for CMake config files
[0.790s] Level 1:colcon.colcon_core.shell:create_environment_hook('task_3_interfaces', 'cmake_prefix_path')
[0.790s] INFO:colcon.colcon_core.shell:Creating environment hook '/home/me597/ME-597/lab2ws/install/task_3_interfaces/share/task_3_interfaces/hook/cmake_prefix_path.ps1'
[0.791s] INFO:colcon.colcon_core.shell:Creating environment descriptor '/home/me597/ME-597/lab2ws/install/task_3_interfaces/share/task_3_interfaces/hook/cmake_prefix_path.dsv'
[0.791s] INFO:colcon.colcon_core.shell:Creating environment hook '/home/me597/ME-597/lab2ws/install/task_3_interfaces/share/task_3_interfaces/hook/cmake_prefix_path.sh'
[0.797s] Level 1:colcon.colcon_core.environment:checking '/home/me597/ME-597/lab2ws/install/task_3_interfaces/bin'
[0.797s] Level 1:colcon.colcon_core.environment:checking '/home/me597/ME-597/lab2ws/install/task_3_interfaces/lib/pkgconfig/task_3_interfaces.pc'
[0.797s] Level 1:colcon.colcon_core.environment:checking '/home/me597/ME-597/lab2ws/install/task_3_interfaces/lib/python3.10/site-packages'
[0.798s] Level 1:colcon.colcon_core.environment:checking '/home/me597/ME-597/lab2ws/install/task_3_interfaces/bin'
[0.798s] INFO:colcon.colcon_core.shell:Creating package script '/home/me597/ME-597/lab2ws/install/task_3_interfaces/share/task_3_interfaces/package.ps1'
[0.806s] INFO:colcon.colcon_core.shell:Creating package descriptor '/home/me597/ME-597/lab2ws/install/task_3_interfaces/share/task_3_interfaces/package.dsv'
[0.807s] INFO:colcon.colcon_core.shell:Creating package script '/home/me597/ME-597/lab2ws/install/task_3_interfaces/share/task_3_interfaces/package.sh'
[0.814s] INFO:colcon.colcon_core.shell:Creating package script '/home/me597/ME-597/lab2ws/install/task_3_interfaces/share/task_3_interfaces/package.bash'
[0.814s] INFO:colcon.colcon_core.shell:Creating package script '/home/me597/ME-597/lab2ws/install/task_3_interfaces/share/task_3_interfaces/package.zsh'
[0.815s] Level 1:colcon.colcon_core.environment:create_file_with_runtime_dependencies(/home/me597/ME-597/lab2ws/install/task_3_interfaces/share/colcon-core/packages/task_3_interfaces)
[0.815s] Level 1:colcon.colcon_core.environment:create_environment_scripts_only(task_3_interfaces)
[0.816s] Level 1:colcon.colcon_core.environment:checking '/home/me597/ME-597/lab2ws/install/task_3_interfaces' for CMake module files
[0.816s] Level 1:colcon.colcon_core.environment:checking '/home/me597/ME-597/lab2ws/install/task_3_interfaces' for CMake config files
[0.816s] Level 1:colcon.colcon_core.shell:create_environment_hook('task_3_interfaces', 'cmake_prefix_path')
[0.816s] INFO:colcon.colcon_core.shell:Creating environment hook '/home/me597/ME-597/lab2ws/install/task_3_interfaces/share/task_3_interfaces/hook/cmake_prefix_path.ps1'
[0.817s] INFO:colcon.colcon_core.shell:Creating environment descriptor '/home/me597/ME-597/lab2ws/install/task_3_interfaces/share/task_3_interfaces/hook/cmake_prefix_path.dsv'
[0.818s] INFO:colcon.colcon_core.shell:Creating environment hook '/home/me597/ME-597/lab2ws/install/task_3_interfaces/share/task_3_interfaces/hook/cmake_prefix_path.sh'
[0.824s] Level 1:colcon.colcon_core.environment:checking '/home/me597/ME-597/lab2ws/install/task_3_interfaces/bin'
[0.824s] Level 1:colcon.colcon_core.environment:checking '/home/me597/ME-597/lab2ws/install/task_3_interfaces/lib/pkgconfig/task_3_interfaces.pc'
[0.824s] Level 1:colcon.colcon_core.environment:checking '/home/me597/ME-597/lab2ws/install/task_3_interfaces/lib/python3.10/site-packages'
[0.824s] Level 1:colcon.colcon_core.environment:checking '/home/me597/ME-597/lab2ws/install/task_3_interfaces/bin'
[0.825s] INFO:colcon.colcon_core.shell:Creating package script '/home/me597/ME-597/lab2ws/install/task_3_interfaces/share/task_3_interfaces/package.ps1'
[0.827s] INFO:colcon.colcon_core.shell:Creating package descriptor '/home/me597/ME-597/lab2ws/install/task_3_interfaces/share/task_3_interfaces/package.dsv'
[0.828s] INFO:colcon.colcon_core.shell:Creating package script '/home/me597/ME-597/lab2ws/install/task_3_interfaces/share/task_3_interfaces/package.sh'
[0.831s] INFO:colcon.colcon_core.shell:Creating package script '/home/me597/ME-597/lab2ws/install/task_3_interfaces/share/task_3_interfaces/package.bash'
[0.831s] INFO:colcon.colcon_core.shell:Creating package script '/home/me597/ME-597/lab2ws/install/task_3_interfaces/share/task_3_interfaces/package.zsh'
[0.831s] Level 1:colcon.colcon_core.environment:create_file_with_runtime_dependencies(/home/me597/ME-597/lab2ws/install/task_3_interfaces/share/colcon-core/packages/task_3_interfaces)
[1.129s] DEBUG:colcon.colcon_core.event_handler.log_command:Invoking command in '/home/me597/ME-597/lab2ws/src/task_3': PYTHONPATH=/home/me597/ME-597/lab2ws/build/task_3/prefix_override:/usr/lib/python3/dist-packages/colcon_core/task/python/colcon_distutils_commands:/home/me597/ME-597/lab2ws/install/task_3/lib/python3.10/site-packages:${PYTHONPATH} /usr/bin/python3 -W ignore:setup.py install is deprecated -W ignore:easy_install command is deprecated setup.py egg_info --egg-base ../../build/task_3 build --build-base /home/me597/ME-597/lab2ws/build/task_3/build install --record /home/me597/ME-597/lab2ws/build/task_3/install.log --single-version-externally-managed install_data
[1.437s] Level 1:colcon.colcon_core.environment:checking '/home/me597/ME-597/lab2ws/install/task_3' for CMake module files
[1.437s] DEBUG:colcon.colcon_core.event_handler.log_command:Invoked command in '/home/me597/ME-597/lab2ws/src/task_3' returned '0': PYTHONPATH=/home/me597/ME-597/lab2ws/build/task_3/prefix_override:/usr/lib/python3/dist-packages/colcon_core/task/python/colcon_distutils_commands:/home/me597/ME-597/lab2ws/install/task_3/lib/python3.10/site-packages:${PYTHONPATH} /usr/bin/python3 -W ignore:setup.py install is deprecated -W ignore:easy_install command is deprecated setup.py egg_info --egg-base ../../build/task_3 build --build-base /home/me597/ME-597/lab2ws/build/task_3/build install --record /home/me597/ME-597/lab2ws/build/task_3/install.log --single-version-externally-managed install_data
[1.439s] Level 1:colcon.colcon_core.environment:checking '/home/me597/ME-597/lab2ws/install/task_3' for CMake config files
[1.440s] Level 1:colcon.colcon_core.environment:checking '/home/me597/ME-597/lab2ws/install/task_3/lib'
[1.440s] Level 1:colcon.colcon_core.environment:checking '/home/me597/ME-597/lab2ws/install/task_3/bin'
[1.440s] Level 1:colcon.colcon_core.environment:checking '/home/me597/ME-597/lab2ws/install/task_3/lib/pkgconfig/task_3.pc'
[1.440s] Level 1:colcon.colcon_core.environment:checking '/home/me597/ME-597/lab2ws/install/task_3/lib/python3.10/site-packages'
[1.440s] Level 1:colcon.colcon_core.shell:create_environment_hook('task_3', 'pythonpath')
[1.440s] INFO:colcon.colcon_core.shell:Creating environment hook '/home/me597/ME-597/lab2ws/install/task_3/share/task_3/hook/pythonpath.ps1'
[1.446s] INFO:colcon.colcon_core.shell:Creating environment descriptor '/home/me597/ME-597/lab2ws/install/task_3/share/task_3/hook/pythonpath.dsv'
[1.446s] INFO:colcon.colcon_core.shell:Creating environment hook '/home/me597/ME-597/lab2ws/install/task_3/share/task_3/hook/pythonpath.sh'
[1.447s] Level 1:colcon.colcon_core.environment:checking '/home/me597/ME-597/lab2ws/install/task_3/bin'
[1.447s] Level 1:colcon.colcon_core.environment:create_environment_scripts_only(task_3)
[1.447s] INFO:colcon.colcon_core.shell:Creating package script '/home/me597/ME-597/lab2ws/install/task_3/share/task_3/package.ps1'
[1.448s] INFO:colcon.colcon_core.shell:Creating package descriptor '/home/me597/ME-597/lab2ws/install/task_3/share/task_3/package.dsv'
[1.448s] INFO:colcon.colcon_core.shell:Creating package script '/home/me597/ME-597/lab2ws/install/task_3/share/task_3/package.sh'
[1.450s] INFO:colcon.colcon_core.shell:Creating package script '/home/me597/ME-597/lab2ws/install/task_3/share/task_3/package.bash'
[1.450s] INFO:colcon.colcon_core.shell:Creating package script '/home/me597/ME-597/lab2ws/install/task_3/share/task_3/package.zsh'
[1.452s] Level 1:colcon.colcon_core.environment:create_file_with_runtime_dependencies(/home/me597/ME-597/lab2ws/install/task_3/share/colcon-core/packages/task_3)
[1.456s] DEBUG:colcon.colcon_parallel_executor.executor.parallel:closing loop
[1.456s] DEBUG:colcon.colcon_parallel_executor.executor.parallel:loop closed
[1.456s] DEBUG:colcon.colcon_parallel_executor.executor.parallel:run_until_complete finished with '0'
[1.456s] DEBUG:colcon.colcon_core.event_reactor:joining thread
[1.469s] INFO:colcon.colcon_core.plugin_system:Skipping extension 'colcon_notification.desktop_notification.terminal_notifier': Not used on non-Darwin systems
[1.469s] INFO:colcon.colcon_core.plugin_system:Skipping extension 'colcon_notification.desktop_notification.win32': Not used on non-Windows systems
[1.469s] INFO:colcon.colcon_notification.desktop_notification:Sending desktop notification using 'notify2'
[1.491s] DEBUG:colcon.colcon_core.event_reactor:joined thread
[1.492s] INFO:colcon.colcon_core.shell:Creating prefix script '/home/me597/ME-597/lab2ws/install/local_setup.ps1'
[1.493s] INFO:colcon.colcon_core.shell:Creating prefix util module '/home/me597/ME-597/lab2ws/install/_local_setup_util_ps1.py'
[1.496s] INFO:colcon.colcon_core.shell:Creating prefix chain script '/home/me597/ME-597/lab2ws/install/setup.ps1'
[1.500s] INFO:colcon.colcon_core.shell:Creating prefix script '/home/me597/ME-597/lab2ws/install/local_setup.sh'
[1.500s] INFO:colcon.colcon_core.shell:Creating prefix util module '/home/me597/ME-597/lab2ws/install/_local_setup_util_sh.py'
[1.501s] INFO:colcon.colcon_core.shell:Creating prefix chain script '/home/me597/ME-597/lab2ws/install/setup.sh'
[1.504s] INFO:colcon.colcon_core.shell:Creating prefix script '/home/me597/ME-597/lab2ws/install/local_setup.bash'
[1.505s] INFO:colcon.colcon_core.shell:Creating prefix chain script '/home/me597/ME-597/lab2ws/install/setup.bash'
[1.506s] INFO:colcon.colcon_core.shell:Creating prefix script '/home/me597/ME-597/lab2ws/install/local_setup.zsh'
[1.509s] INFO:colcon.colcon_core.shell:Creating prefix chain script '/home/me597/ME-597/lab2ws/install/setup.zsh'
