[0.017s] Invoking command in '/home/me597/ME-597/Lab1ws/build/task_2_interfaces': CMAKE_PREFIX_PATH=/opt/ros/humble /usr/bin/cmake --build /home/me597/ME-597/Lab1ws/build/task_2_interfaces -- -j2 -l2
[0.105s] -- Found ament_cmake: 1.3.11 (/opt/ros/humble/share/ament_cmake/cmake)
[0.257s] -- Found std_msgs: 4.2.4 (/opt/ros/humble/share/std_msgs/cmake)
[0.310s] -- Found rosidl_generator_c: 3.1.6 (/opt/ros/humble/share/rosidl_generator_c/cmake)
[0.314s] -- Found rosidl_adapter: 3.1.6 (/opt/ros/humble/share/rosidl_adapter/cmake)
[0.324s] -- Found rosidl_generator_cpp: 3.1.6 (/opt/ros/humble/share/rosidl_generator_cpp/cmake)
[0.344s] -- Using all available rosidl_typesupport_c: rosidl_typesupport_fastrtps_c;rosidl_typesupport_introspection_c
[0.359s] -- Using all available rosidl_typesupport_cpp: rosidl_typesupport_fastrtps_cpp;rosidl_typesupport_introspection_cpp
[0.385s] -- Found geometry_msgs: 4.2.4 (/opt/ros/humble/share/geometry_msgs/cmake)
[0.402s] -- Found rosidl_default_generators: 1.2.0 (/opt/ros/humble/share/rosidl_default_generators/cmake)
[0.651s] -- Found ament_cmake_ros: 0.10.0 (/opt/ros/humble/share/ament_cmake_ros/cmake)
[0.982s] -- Using all available rosidl_typesupport_c: rosidl_typesupport_fastrtps_c;rosidl_typesupport_introspection_c
[1.103s] -- Using all available rosidl_typesupport_cpp: rosidl_typesupport_fastrtps_cpp;rosidl_typesupport_introspection_cpp
[1.122s] -- Found python_cmake_module: 0.10.0 (/opt/ros/humble/share/python_cmake_module/cmake)
[1.144s] -- Using PYTHON_EXECUTABLE: /usr/bin/python3
[1.144s] -- Using PYTHON_INCLUDE_DIRS: /usr/include/python3.10
[1.144s] -- Using PYTHON_LIBRARIES: /usr/lib/x86_64-linux-gnu/libpython3.10.so
[1.193s] -- Configuring done
[1.254s] -- Generating done
[1.266s] -- Build files have been written to: /home/me597/ME-597/Lab1ws/build/task_2_interfaces
[1.289s] [35m[1mConsolidate compiler generated dependencies of target task_2_interfaces__rosidl_generator_c[0m
[1.297s] [  2%] Built target task_2_interfaces__cpp
[1.305s] [ 12%] Built target task_2_interfaces__rosidl_generator_c
[1.312s] [35m[1mConsolidate compiler generated dependencies of target task_2_interfaces__rosidl_typesupport_cpp[0m
[1.331s] [ 12%] Built target ament_cmake_python_copy_task_2_interfaces
[1.332s] [ 23%] Built target task_2_interfaces__rosidl_typesupport_cpp
[1.342s] [35m[1mConsolidate compiler generated dependencies of target task_2_interfaces__rosidl_typesupport_fastrtps_c[0m
[1.342s] [35m[1mConsolidate compiler generated dependencies of target task_2_interfaces__rosidl_typesupport_fastrtps_cpp[0m
[1.360s] [ 33%] Built target task_2_interfaces__rosidl_typesupport_fastrtps_c
[1.361s] [ 43%] Built target task_2_interfaces__rosidl_typesupport_fastrtps_cpp
[1.368s] [35m[1mConsolidate compiler generated dependencies of target task_2_interfaces__rosidl_typesupport_introspection_c[0m
[1.370s] [35m[1mConsolidate compiler generated dependencies of target task_2_interfaces__rosidl_typesupport_c[0m
[1.378s] [ 53%] Built target task_2_interfaces__rosidl_typesupport_c
[1.380s] [ 64%] Built target task_2_interfaces__rosidl_typesupport_introspection_c
[1.389s] [35m[1mConsolidate compiler generated dependencies of target task_2_interfaces__rosidl_typesupport_introspection_cpp[0m
[1.398s] [ 74%] Built target task_2_interfaces__rosidl_typesupport_introspection_cpp
[1.412s] [ 74%] Built target task_2_interfaces
[1.426s] [ 76%] Built target task_2_interfaces__py
[1.435s] [35m[1mConsolidate compiler generated dependencies of target task_2_interfaces__rosidl_generator_py[0m
[1.451s] [ 84%] Built target task_2_interfaces__rosidl_generator_py
[1.460s] [35m[1mConsolidate compiler generated dependencies of target task_2_interfaces__rosidl_typesupport_fastrtps_c__pyext[0m
[1.469s] [ 89%] Built target task_2_interfaces__rosidl_typesupport_fastrtps_c__pyext
[1.478s] [35m[1mConsolidate compiler generated dependencies of target task_2_interfaces__rosidl_typesupport_introspection_c__pyext[0m
[1.486s] [ 94%] Built target task_2_interfaces__rosidl_typesupport_introspection_c__pyext
[1.494s] [35m[1mConsolidate compiler generated dependencies of target task_2_interfaces__rosidl_typesupport_c__pyext[0m
[1.503s] [100%] Built target task_2_interfaces__rosidl_typesupport_c__pyext
[1.553s] running egg_info
[1.554s] writing task_2_interfaces.egg-info/PKG-INFO
[1.555s] writing dependency_links to task_2_interfaces.egg-info/dependency_links.txt
[1.555s] writing top-level names to task_2_interfaces.egg-info/top_level.txt
[1.557s] reading manifest file 'task_2_interfaces.egg-info/SOURCES.txt'
[1.558s] writing manifest file 'task_2_interfaces.egg-info/SOURCES.txt'
[1.577s] [100%] Built target ament_cmake_python_build_task_2_interfaces_egg
[1.588s] Invoked command in '/home/me597/ME-597/Lab1ws/build/task_2_interfaces' returned '0': CMAKE_PREFIX_PATH=/opt/ros/humble /usr/bin/cmake --build /home/me597/ME-597/Lab1ws/build/task_2_interfaces -- -j2 -l2
[1.595s] Invoking command in '/home/me597/ME-597/Lab1ws/build/task_2_interfaces': CMAKE_PREFIX_PATH=/opt/ros/humble /usr/bin/cmake --install /home/me597/ME-597/Lab1ws/build/task_2_interfaces
[1.600s] -- Install configuration: ""
[1.600s] -- Up-to-date: /home/me597/ME-597/Lab1ws/install/task_2_interfaces/share/ament_index/resource_index/rosidl_interfaces/task_2_interfaces
[1.600s] -- Up-to-date: /home/me597/ME-597/Lab1ws/install/task_2_interfaces/include/task_2_interfaces/task_2_interfaces
[1.600s] -- Up-to-date: /home/me597/ME-597/Lab1ws/install/task_2_interfaces/include/task_2_interfaces/task_2_interfaces/msg
[1.600s] -- Up-to-date: /home/me597/ME-597/Lab1ws/install/task_2_interfaces/include/task_2_interfaces/task_2_interfaces/msg/joint_data.h
[1.600s] -- Up-to-date: /home/me597/ME-597/Lab1ws/install/task_2_interfaces/include/task_2_interfaces/task_2_interfaces/msg/rosidl_generator_c__visibility_control.h
[1.601s] -- Up-to-date: /home/me597/ME-597/Lab1ws/install/task_2_interfaces/include/task_2_interfaces/task_2_interfaces/msg/detail
[1.601s] -- Up-to-date: /home/me597/ME-597/Lab1ws/install/task_2_interfaces/include/task_2_interfaces/task_2_interfaces/msg/detail/joint_data__functions.h
[1.601s] -- Up-to-date: /home/me597/ME-597/Lab1ws/install/task_2_interfaces/include/task_2_interfaces/task_2_interfaces/msg/detail/joint_data__struct.h
[1.601s] -- Up-to-date: /home/me597/ME-597/Lab1ws/install/task_2_interfaces/include/task_2_interfaces/task_2_interfaces/msg/detail/joint_data__functions.c
[1.601s] -- Up-to-date: /home/me597/ME-597/Lab1ws/install/task_2_interfaces/include/task_2_interfaces/task_2_interfaces/msg/detail/joint_data__type_support.h
[1.601s] -- Up-to-date: /home/me597/ME-597/Lab1ws/install/task_2_interfaces/include/task_2_interfaces/task_2_interfaces/srv
[1.601s] -- Up-to-date: /home/me597/ME-597/Lab1ws/install/task_2_interfaces/include/task_2_interfaces/task_2_interfaces/srv/detail
[1.601s] -- Up-to-date: /home/me597/ME-597/Lab1ws/install/task_2_interfaces/include/task_2_interfaces/task_2_interfaces/srv/detail/joint_state__functions.h
[1.601s] -- Up-to-date: /home/me597/ME-597/Lab1ws/install/task_2_interfaces/include/task_2_interfaces/task_2_interfaces/srv/detail/joint_state__functions.c
[1.601s] -- Up-to-date: /home/me597/ME-597/Lab1ws/install/task_2_interfaces/include/task_2_interfaces/task_2_interfaces/srv/detail/joint_state__type_support.h
[1.601s] -- Up-to-date: /home/me597/ME-597/Lab1ws/install/task_2_interfaces/include/task_2_interfaces/task_2_interfaces/srv/detail/joint_state__struct.h
[1.601s] -- Up-to-date: /home/me597/ME-597/Lab1ws/install/task_2_interfaces/include/task_2_interfaces/task_2_interfaces/srv/joint_state.h
[1.601s] -- Up-to-date: /home/me597/ME-597/Lab1ws/install/task_2_interfaces/share/task_2_interfaces/environment/library_path.sh
[1.601s] -- Installing: /home/me597/ME-597/Lab1ws/install/task_2_interfaces/share/task_2_interfaces/environment/library_path.dsv
[1.604s] -- Up-to-date: /home/me597/ME-597/Lab1ws/install/task_2_interfaces/lib/libtask_2_interfaces__rosidl_generator_c.so
[1.604s] -- Up-to-date: /home/me597/ME-597/Lab1ws/install/task_2_interfaces/include/task_2_interfaces/task_2_interfaces
[1.604s] -- Up-to-date: /home/me597/ME-597/Lab1ws/install/task_2_interfaces/include/task_2_interfaces/task_2_interfaces/msg
[1.604s] -- Up-to-date: /home/me597/ME-597/Lab1ws/install/task_2_interfaces/include/task_2_interfaces/task_2_interfaces/msg/detail
[1.604s] -- Up-to-date: /home/me597/ME-597/Lab1ws/install/task_2_interfaces/include/task_2_interfaces/task_2_interfaces/msg/detail/joint_data__rosidl_typesupport_fastrtps_c.h
[1.604s] -- Up-to-date: /home/me597/ME-597/Lab1ws/install/task_2_interfaces/include/task_2_interfaces/task_2_interfaces/msg/rosidl_typesupport_fastrtps_c__visibility_control.h
[1.604s] -- Up-to-date: /home/me597/ME-597/Lab1ws/install/task_2_interfaces/include/task_2_interfaces/task_2_interfaces/srv
[1.604s] -- Up-to-date: /home/me597/ME-597/Lab1ws/install/task_2_interfaces/include/task_2_interfaces/task_2_interfaces/srv/detail
[1.604s] -- Up-to-date: /home/me597/ME-597/Lab1ws/install/task_2_interfaces/include/task_2_interfaces/task_2_interfaces/srv/detail/joint_state__rosidl_typesupport_fastrtps_c.h
[1.607s] -- Up-to-date: /home/me597/ME-597/Lab1ws/install/task_2_interfaces/lib/libtask_2_interfaces__rosidl_typesupport_fastrtps_c.so
[1.608s] -- Up-to-date: /home/me597/ME-597/Lab1ws/install/task_2_interfaces/include/task_2_interfaces/task_2_interfaces
[1.608s] -- Up-to-date: /home/me597/ME-597/Lab1ws/install/task_2_interfaces/include/task_2_interfaces/task_2_interfaces/msg
[1.608s] -- Up-to-date: /home/me597/ME-597/Lab1ws/install/task_2_interfaces/include/task_2_interfaces/task_2_interfaces/msg/rosidl_generator_cpp__visibility_control.hpp
[1.608s] -- Up-to-date: /home/me597/ME-597/Lab1ws/install/task_2_interfaces/include/task_2_interfaces/task_2_interfaces/msg/detail
[1.608s] -- Up-to-date: /home/me597/ME-597/Lab1ws/install/task_2_interfaces/include/task_2_interfaces/task_2_interfaces/msg/detail/joint_data__type_support.hpp
[1.608s] -- Up-to-date: /home/me597/ME-597/Lab1ws/install/task_2_interfaces/include/task_2_interfaces/task_2_interfaces/msg/detail/joint_data__builder.hpp
[1.608s] -- Up-to-date: /home/me597/ME-597/Lab1ws/install/task_2_interfaces/include/task_2_interfaces/task_2_interfaces/msg/detail/joint_data__struct.hpp
[1.608s] -- Up-to-date: /home/me597/ME-597/Lab1ws/install/task_2_interfaces/include/task_2_interfaces/task_2_interfaces/msg/detail/joint_data__traits.hpp
[1.608s] -- Up-to-date: /home/me597/ME-597/Lab1ws/install/task_2_interfaces/include/task_2_interfaces/task_2_interfaces/msg/joint_data.hpp
[1.608s] -- Up-to-date: /home/me597/ME-597/Lab1ws/install/task_2_interfaces/include/task_2_interfaces/task_2_interfaces/srv
[1.608s] -- Up-to-date: /home/me597/ME-597/Lab1ws/install/task_2_interfaces/include/task_2_interfaces/task_2_interfaces/srv/detail
[1.608s] -- Up-to-date: /home/me597/ME-597/Lab1ws/install/task_2_interfaces/include/task_2_interfaces/task_2_interfaces/srv/detail/joint_state__traits.hpp
[1.608s] -- Up-to-date: /home/me597/ME-597/Lab1ws/install/task_2_interfaces/include/task_2_interfaces/task_2_interfaces/srv/detail/joint_state__type_support.hpp
[1.608s] -- Up-to-date: /home/me597/ME-597/Lab1ws/install/task_2_interfaces/include/task_2_interfaces/task_2_interfaces/srv/detail/joint_state__builder.hpp
[1.608s] -- Up-to-date: /home/me597/ME-597/Lab1ws/install/task_2_interfaces/include/task_2_interfaces/task_2_interfaces/srv/detail/joint_state__struct.hpp
[1.608s] -- Up-to-date: /home/me597/ME-597/Lab1ws/install/task_2_interfaces/include/task_2_interfaces/task_2_interfaces/srv/joint_state.hpp
[1.608s] -- Up-to-date: /home/me597/ME-597/Lab1ws/install/task_2_interfaces/include/task_2_interfaces/task_2_interfaces
[1.608s] -- Up-to-date: /home/me597/ME-597/Lab1ws/install/task_2_interfaces/include/task_2_interfaces/task_2_interfaces/msg
[1.608s] -- Up-to-date: /home/me597/ME-597/Lab1ws/install/task_2_interfaces/include/task_2_interfaces/task_2_interfaces/msg/detail
[1.609s] -- Up-to-date: /home/me597/ME-597/Lab1ws/install/task_2_interfaces/include/task_2_interfaces/task_2_interfaces/msg/detail/joint_data__rosidl_typesupport_fastrtps_cpp.hpp
[1.609s] -- Up-to-date: /home/me597/ME-597/Lab1ws/install/task_2_interfaces/include/task_2_interfaces/task_2_interfaces/msg/detail/dds_fastrtps
[1.609s] -- Up-to-date: /home/me597/ME-597/Lab1ws/install/task_2_interfaces/include/task_2_interfaces/task_2_interfaces/msg/rosidl_typesupport_fastrtps_cpp__visibility_control.h
[1.609s] -- Up-to-date: /home/me597/ME-597/Lab1ws/install/task_2_interfaces/include/task_2_interfaces/task_2_interfaces/srv
[1.609s] -- Up-to-date: /home/me597/ME-597/Lab1ws/install/task_2_interfaces/include/task_2_interfaces/task_2_interfaces/srv/detail
[1.609s] -- Up-to-date: /home/me597/ME-597/Lab1ws/install/task_2_interfaces/include/task_2_interfaces/task_2_interfaces/srv/detail/joint_state__rosidl_typesupport_fastrtps_cpp.hpp
[1.609s] -- Up-to-date: /home/me597/ME-597/Lab1ws/install/task_2_interfaces/include/task_2_interfaces/task_2_interfaces/srv/detail/dds_fastrtps
[1.609s] -- Up-to-date: /home/me597/ME-597/Lab1ws/install/task_2_interfaces/lib/libtask_2_interfaces__rosidl_typesupport_fastrtps_cpp.so
[1.611s] -- Up-to-date: /home/me597/ME-597/Lab1ws/install/task_2_interfaces/include/task_2_interfaces/task_2_interfaces
[1.611s] -- Up-to-date: /home/me597/ME-597/Lab1ws/install/task_2_interfaces/include/task_2_interfaces/task_2_interfaces/msg
[1.611s] -- Up-to-date: /home/me597/ME-597/Lab1ws/install/task_2_interfaces/include/task_2_interfaces/task_2_interfaces/msg/rosidl_typesupport_introspection_c__visibility_control.h
[1.611s] -- Up-to-date: /home/me597/ME-597/Lab1ws/install/task_2_interfaces/include/task_2_interfaces/task_2_interfaces/msg/detail
[1.611s] -- Up-to-date: /home/me597/ME-597/Lab1ws/install/task_2_interfaces/include/task_2_interfaces/task_2_interfaces/msg/detail/joint_data__rosidl_typesupport_introspection_c.h
[1.611s] -- Up-to-date: /home/me597/ME-597/Lab1ws/install/task_2_interfaces/include/task_2_interfaces/task_2_interfaces/msg/detail/joint_data__type_support.c
[1.611s] -- Up-to-date: /home/me597/ME-597/Lab1ws/install/task_2_interfaces/include/task_2_interfaces/task_2_interfaces/srv
[1.611s] -- Up-to-date: /home/me597/ME-597/Lab1ws/install/task_2_interfaces/include/task_2_interfaces/task_2_interfaces/srv/detail
[1.611s] -- Up-to-date: /home/me597/ME-597/Lab1ws/install/task_2_interfaces/include/task_2_interfaces/task_2_interfaces/srv/detail/joint_state__rosidl_typesupport_introspection_c.h
[1.611s] -- Up-to-date: /home/me597/ME-597/Lab1ws/install/task_2_interfaces/include/task_2_interfaces/task_2_interfaces/srv/detail/joint_state__type_support.c
[1.612s] -- Up-to-date: /home/me597/ME-597/Lab1ws/install/task_2_interfaces/lib/libtask_2_interfaces__rosidl_typesupport_introspection_c.so
[1.612s] -- Up-to-date: /home/me597/ME-597/Lab1ws/install/task_2_interfaces/lib/libtask_2_interfaces__rosidl_typesupport_c.so
[1.613s] -- Up-to-date: /home/me597/ME-597/Lab1ws/install/task_2_interfaces/include/task_2_interfaces/task_2_interfaces
[1.613s] -- Up-to-date: /home/me597/ME-597/Lab1ws/install/task_2_interfaces/include/task_2_interfaces/task_2_interfaces/msg
[1.613s] -- Up-to-date: /home/me597/ME-597/Lab1ws/install/task_2_interfaces/include/task_2_interfaces/task_2_interfaces/msg/detail
[1.613s] -- Up-to-date: /home/me597/ME-597/Lab1ws/install/task_2_interfaces/include/task_2_interfaces/task_2_interfaces/msg/detail/joint_data__rosidl_typesupport_introspection_cpp.hpp
[1.613s] -- Up-to-date: /home/me597/ME-597/Lab1ws/install/task_2_interfaces/include/task_2_interfaces/task_2_interfaces/msg/detail/joint_data__type_support.cpp
[1.613s] -- Up-to-date: /home/me597/ME-597/Lab1ws/install/task_2_interfaces/include/task_2_interfaces/task_2_interfaces/srv
[1.613s] -- Up-to-date: /home/me597/ME-597/Lab1ws/install/task_2_interfaces/include/task_2_interfaces/task_2_interfaces/srv/detail
[1.613s] -- Up-to-date: /home/me597/ME-597/Lab1ws/install/task_2_interfaces/include/task_2_interfaces/task_2_interfaces/srv/detail/joint_state__rosidl_typesupport_introspection_cpp.hpp
[1.613s] -- Up-to-date: /home/me597/ME-597/Lab1ws/install/task_2_interfaces/include/task_2_interfaces/task_2_interfaces/srv/detail/joint_state__type_support.cpp
[1.615s] -- Up-to-date: /home/me597/ME-597/Lab1ws/install/task_2_interfaces/lib/libtask_2_interfaces__rosidl_typesupport_introspection_cpp.so
[1.619s] -- Up-to-date: /home/me597/ME-597/Lab1ws/install/task_2_interfaces/lib/libtask_2_interfaces__rosidl_typesupport_cpp.so
[1.619s] -- Up-to-date: /home/me597/ME-597/Lab1ws/install/task_2_interfaces/share/task_2_interfaces/environment/pythonpath.sh
[1.619s] -- Installing: /home/me597/ME-597/Lab1ws/install/task_2_interfaces/share/task_2_interfaces/environment/pythonpath.dsv
[1.619s] -- Up-to-date: /home/me597/ME-597/Lab1ws/install/task_2_interfaces/local/lib/python3.10/dist-packages/task_2_interfaces-0.0.0-py3.10.egg-info
[1.619s] -- Installing: /home/me597/ME-597/Lab1ws/install/task_2_interfaces/local/lib/python3.10/dist-packages/task_2_interfaces-0.0.0-py3.10.egg-info/top_level.txt
[1.619s] -- Installing: /home/me597/ME-597/Lab1ws/install/task_2_interfaces/local/lib/python3.10/dist-packages/task_2_interfaces-0.0.0-py3.10.egg-info/SOURCES.txt
[1.619s] -- Installing: /home/me597/ME-597/Lab1ws/install/task_2_interfaces/local/lib/python3.10/dist-packages/task_2_interfaces-0.0.0-py3.10.egg-info/dependency_links.txt
[1.619s] -- Installing: /home/me597/ME-597/Lab1ws/install/task_2_interfaces/local/lib/python3.10/dist-packages/task_2_interfaces-0.0.0-py3.10.egg-info/PKG-INFO
[1.619s] -- Up-to-date: /home/me597/ME-597/Lab1ws/install/task_2_interfaces/local/lib/python3.10/dist-packages/task_2_interfaces
[1.619s] -- Up-to-date: /home/me597/ME-597/Lab1ws/install/task_2_interfaces/local/lib/python3.10/dist-packages/task_2_interfaces/_task_2_interfaces_s.ep.rosidl_typesupport_fastrtps_c.c
[1.619s] -- Up-to-date: /home/me597/ME-597/Lab1ws/install/task_2_interfaces/local/lib/python3.10/dist-packages/task_2_interfaces/task_2_interfaces_s__rosidl_typesupport_fastrtps_c.cpython-310-x86_64-linux-gnu.so
[1.619s] -- Up-to-date: /home/me597/ME-597/Lab1ws/install/task_2_interfaces/local/lib/python3.10/dist-packages/task_2_interfaces/_task_2_interfaces_s.ep.rosidl_typesupport_c.c
[1.619s] -- Up-to-date: /home/me597/ME-597/Lab1ws/install/task_2_interfaces/local/lib/python3.10/dist-packages/task_2_interfaces/msg
[1.619s] -- Up-to-date: /home/me597/ME-597/Lab1ws/install/task_2_interfaces/local/lib/python3.10/dist-packages/task_2_interfaces/msg/_joint_data.py
[1.619s] -- Up-to-date: /home/me597/ME-597/Lab1ws/install/task_2_interfaces/local/lib/python3.10/dist-packages/task_2_interfaces/msg/_joint_data_s.c
[1.619s] -- Up-to-date: /home/me597/ME-597/Lab1ws/install/task_2_interfaces/local/lib/python3.10/dist-packages/task_2_interfaces/msg/__init__.py
[1.619s] -- Up-to-date: /home/me597/ME-597/Lab1ws/install/task_2_interfaces/local/lib/python3.10/dist-packages/task_2_interfaces/task_2_interfaces_s__rosidl_typesupport_introspection_c.cpython-310-x86_64-linux-gnu.so
[1.619s] -- Up-to-date: /home/me597/ME-597/Lab1ws/install/task_2_interfaces/local/lib/python3.10/dist-packages/task_2_interfaces/task_2_interfaces_s__rosidl_typesupport_c.cpython-310-x86_64-linux-gnu.so
[1.620s] -- Installing: /home/me597/ME-597/Lab1ws/install/task_2_interfaces/local/lib/python3.10/dist-packages/task_2_interfaces/__init__.py
[1.622s] -- Up-to-date: /home/me597/ME-597/Lab1ws/install/task_2_interfaces/local/lib/python3.10/dist-packages/task_2_interfaces/libtask_2_interfaces__rosidl_generator_py.so
[1.622s] -- Up-to-date: /home/me597/ME-597/Lab1ws/install/task_2_interfaces/local/lib/python3.10/dist-packages/task_2_interfaces/_task_2_interfaces_s.ep.rosidl_typesupport_introspection_c.c
[1.622s] -- Up-to-date: /home/me597/ME-597/Lab1ws/install/task_2_interfaces/local/lib/python3.10/dist-packages/task_2_interfaces/srv
[1.622s] -- Up-to-date: /home/me597/ME-597/Lab1ws/install/task_2_interfaces/local/lib/python3.10/dist-packages/task_2_interfaces/srv/_joint_state.py
[1.622s] -- Up-to-date: /home/me597/ME-597/Lab1ws/install/task_2_interfaces/local/lib/python3.10/dist-packages/task_2_interfaces/srv/_joint_state_s.c
[1.622s] -- Up-to-date: /home/me597/ME-597/Lab1ws/install/task_2_interfaces/local/lib/python3.10/dist-packages/task_2_interfaces/srv/__init__.py
[1.653s] Listing '/home/me597/ME-597/Lab1ws/install/task_2_interfaces/local/lib/python3.10/dist-packages/task_2_interfaces'...
[1.654s] Compiling '/home/me597/ME-597/Lab1ws/install/task_2_interfaces/local/lib/python3.10/dist-packages/task_2_interfaces/__init__.py'...
[1.654s] Listing '/home/me597/ME-597/Lab1ws/install/task_2_interfaces/local/lib/python3.10/dist-packages/task_2_interfaces/msg'...
[1.654s] Listing '/home/me597/ME-597/Lab1ws/install/task_2_interfaces/local/lib/python3.10/dist-packages/task_2_interfaces/srv'...
[1.656s] -- Up-to-date: /home/me597/ME-597/Lab1ws/install/task_2_interfaces/local/lib/python3.10/dist-packages/task_2_interfaces/task_2_interfaces_s__rosidl_typesupport_fastrtps_c.cpython-310-x86_64-linux-gnu.so
[1.658s] -- Up-to-date: /home/me597/ME-597/Lab1ws/install/task_2_interfaces/local/lib/python3.10/dist-packages/task_2_interfaces/task_2_interfaces_s__rosidl_typesupport_introspection_c.cpython-310-x86_64-linux-gnu.so
[1.659s] -- Up-to-date: /home/me597/ME-597/Lab1ws/install/task_2_interfaces/local/lib/python3.10/dist-packages/task_2_interfaces/task_2_interfaces_s__rosidl_typesupport_c.cpython-310-x86_64-linux-gnu.so
[1.660s] -- Up-to-date: /home/me597/ME-597/Lab1ws/install/task_2_interfaces/lib/libtask_2_interfaces__rosidl_generator_py.so
[1.660s] -- Up-to-date: /home/me597/ME-597/Lab1ws/install/task_2_interfaces/share/task_2_interfaces/msg/JointData.idl
[1.660s] -- Up-to-date: /home/me597/ME-597/Lab1ws/install/task_2_interfaces/share/task_2_interfaces/srv/JointState.idl
[1.660s] -- Up-to-date: /home/me597/ME-597/Lab1ws/install/task_2_interfaces/share/task_2_interfaces/msg/JointData.msg
[1.660s] -- Up-to-date: /home/me597/ME-597/Lab1ws/install/task_2_interfaces/share/task_2_interfaces/srv/JointState.srv
[1.660s] -- Up-to-date: /home/me597/ME-597/Lab1ws/install/task_2_interfaces/share/task_2_interfaces/srv/JointState_Request.msg
[1.660s] -- Up-to-date: /home/me597/ME-597/Lab1ws/install/task_2_interfaces/share/task_2_interfaces/srv/JointState_Response.msg
[1.660s] -- Up-to-date: /home/me597/ME-597/Lab1ws/install/task_2_interfaces/share/ament_index/resource_index/package_run_dependencies/task_2_interfaces
[1.661s] -- Installing: /home/me597/ME-597/Lab1ws/install/task_2_interfaces/share/ament_index/resource_index/parent_prefix_path/task_2_interfaces
[1.661s] -- Up-to-date: /home/me597/ME-597/Lab1ws/install/task_2_interfaces/share/task_2_interfaces/environment/ament_prefix_path.sh
[1.661s] -- Installing: /home/me597/ME-597/Lab1ws/install/task_2_interfaces/share/task_2_interfaces/environment/ament_prefix_path.dsv
[1.661s] -- Up-to-date: /home/me597/ME-597/Lab1ws/install/task_2_interfaces/share/task_2_interfaces/environment/path.sh
[1.661s] -- Installing: /home/me597/ME-597/Lab1ws/install/task_2_interfaces/share/task_2_interfaces/environment/path.dsv
[1.661s] -- Up-to-date: /home/me597/ME-597/Lab1ws/install/task_2_interfaces/share/task_2_interfaces/local_setup.bash
[1.661s] -- Up-to-date: /home/me597/ME-597/Lab1ws/install/task_2_interfaces/share/task_2_interfaces/local_setup.sh
[1.662s] -- Up-to-date: /home/me597/ME-597/Lab1ws/install/task_2_interfaces/share/task_2_interfaces/local_setup.zsh
[1.662s] -- Installing: /home/me597/ME-597/Lab1ws/install/task_2_interfaces/share/task_2_interfaces/local_setup.dsv
[1.662s] -- Installing: /home/me597/ME-597/Lab1ws/install/task_2_interfaces/share/task_2_interfaces/package.dsv
[1.662s] -- Up-to-date: /home/me597/ME-597/Lab1ws/install/task_2_interfaces/share/ament_index/resource_index/packages/task_2_interfaces
[1.662s] -- Up-to-date: /home/me597/ME-597/Lab1ws/install/task_2_interfaces/share/task_2_interfaces/cmake/export_task_2_interfaces__rosidl_generator_cExport.cmake
[1.663s] -- Up-to-date: /home/me597/ME-597/Lab1ws/install/task_2_interfaces/share/task_2_interfaces/cmake/export_task_2_interfaces__rosidl_generator_cExport-noconfig.cmake
[1.663s] -- Up-to-date: /home/me597/ME-597/Lab1ws/install/task_2_interfaces/share/task_2_interfaces/cmake/export_task_2_interfaces__rosidl_typesupport_fastrtps_cExport.cmake
[1.663s] -- Up-to-date: /home/me597/ME-597/Lab1ws/install/task_2_interfaces/share/task_2_interfaces/cmake/export_task_2_interfaces__rosidl_typesupport_fastrtps_cExport-noconfig.cmake
[1.663s] -- Up-to-date: /home/me597/ME-597/Lab1ws/install/task_2_interfaces/share/task_2_interfaces/cmake/export_task_2_interfaces__rosidl_generator_cppExport.cmake
[1.663s] -- Up-to-date: /home/me597/ME-597/Lab1ws/install/task_2_interfaces/share/task_2_interfaces/cmake/export_task_2_interfaces__rosidl_typesupport_fastrtps_cppExport.cmake
[1.664s] -- Up-to-date: /home/me597/ME-597/Lab1ws/install/task_2_interfaces/share/task_2_interfaces/cmake/export_task_2_interfaces__rosidl_typesupport_fastrtps_cppExport-noconfig.cmake
[1.664s] -- Up-to-date: /home/me597/ME-597/Lab1ws/install/task_2_interfaces/share/task_2_interfaces/cmake/task_2_interfaces__rosidl_typesupport_introspection_cExport.cmake
[1.664s] -- Up-to-date: /home/me597/ME-597/Lab1ws/install/task_2_interfaces/share/task_2_interfaces/cmake/task_2_interfaces__rosidl_typesupport_introspection_cExport-noconfig.cmake
[1.664s] -- Up-to-date: /home/me597/ME-597/Lab1ws/install/task_2_interfaces/share/task_2_interfaces/cmake/task_2_interfaces__rosidl_typesupport_cExport.cmake
[1.665s] -- Up-to-date: /home/me597/ME-597/Lab1ws/install/task_2_interfaces/share/task_2_interfaces/cmake/task_2_interfaces__rosidl_typesupport_cExport-noconfig.cmake
[1.665s] -- Up-to-date: /home/me597/ME-597/Lab1ws/install/task_2_interfaces/share/task_2_interfaces/cmake/task_2_interfaces__rosidl_typesupport_introspection_cppExport.cmake
[1.665s] -- Up-to-date: /home/me597/ME-597/Lab1ws/install/task_2_interfaces/share/task_2_interfaces/cmake/task_2_interfaces__rosidl_typesupport_introspection_cppExport-noconfig.cmake
[1.665s] -- Up-to-date: /home/me597/ME-597/Lab1ws/install/task_2_interfaces/share/task_2_interfaces/cmake/task_2_interfaces__rosidl_typesupport_cppExport.cmake
[1.665s] -- Up-to-date: /home/me597/ME-597/Lab1ws/install/task_2_interfaces/share/task_2_interfaces/cmake/task_2_interfaces__rosidl_typesupport_cppExport-noconfig.cmake
[1.666s] -- Up-to-date: /home/me597/ME-597/Lab1ws/install/task_2_interfaces/share/task_2_interfaces/cmake/export_task_2_interfaces__rosidl_generator_pyExport.cmake
[1.666s] -- Up-to-date: /home/me597/ME-597/Lab1ws/install/task_2_interfaces/share/task_2_interfaces/cmake/export_task_2_interfaces__rosidl_generator_pyExport-noconfig.cmake
[1.666s] -- Up-to-date: /home/me597/ME-597/Lab1ws/install/task_2_interfaces/share/task_2_interfaces/cmake/rosidl_cmake-extras.cmake
[1.666s] -- Up-to-date: /home/me597/ME-597/Lab1ws/install/task_2_interfaces/share/task_2_interfaces/cmake/ament_cmake_export_dependencies-extras.cmake
[1.666s] -- Up-to-date: /home/me597/ME-597/Lab1ws/install/task_2_interfaces/share/task_2_interfaces/cmake/ament_cmake_export_include_directories-extras.cmake
[1.666s] -- Up-to-date: /home/me597/ME-597/Lab1ws/install/task_2_interfaces/share/task_2_interfaces/cmake/ament_cmake_export_libraries-extras.cmake
[1.666s] -- Up-to-date: /home/me597/ME-597/Lab1ws/install/task_2_interfaces/share/task_2_interfaces/cmake/ament_cmake_export_targets-extras.cmake
[1.666s] -- Up-to-date: /home/me597/ME-597/Lab1ws/install/task_2_interfaces/share/task_2_interfaces/cmake/rosidl_cmake_export_typesupport_targets-extras.cmake
[1.666s] -- Up-to-date: /home/me597/ME-597/Lab1ws/install/task_2_interfaces/share/task_2_interfaces/cmake/rosidl_cmake_export_typesupport_libraries-extras.cmake
[1.666s] -- Up-to-date: /home/me597/ME-597/Lab1ws/install/task_2_interfaces/share/task_2_interfaces/cmake/task_2_interfacesConfig.cmake
[1.667s] -- Up-to-date: /home/me597/ME-597/Lab1ws/install/task_2_interfaces/share/task_2_interfaces/cmake/task_2_interfacesConfig-version.cmake
[1.667s] -- Installing: /home/me597/ME-597/Lab1ws/install/task_2_interfaces/share/task_2_interfaces/package.xml
[1.670s] Invoked command in '/home/me597/ME-597/Lab1ws/build/task_2_interfaces' returned '0': CMAKE_PREFIX_PATH=/opt/ros/humble /usr/bin/cmake --install /home/me597/ME-597/Lab1ws/build/task_2_interfaces
