[1.384s] Invoking command in '/home/me597/ME-597/lab3ws/src/task_4': PYTHONPATH=/home/me597/ME-597/lab3ws/src/build/task_4/prefix_override:/usr/lib/python3/dist-packages/colcon_core/task/python/colcon_distutils_commands:/home/me597/ME-597/lab3ws/src/install/task_4/lib/python3.10/site-packages:${PYTHONPATH} /usr/bin/python3 -W ignore:setup.py install is deprecated -W ignore:easy_install command is deprecated setup.py egg_info --egg-base ../build/task_4 build --build-base /home/me597/ME-597/lab3ws/src/build/task_4/build install --record /home/me597/ME-597/lab3ws/src/build/task_4/install.log --single-version-externally-managed install_data
[1.904s] running egg_info
[1.907s] creating ../build/task_4/task_4.egg-info
[1.907s] writing ../build/task_4/task_4.egg-info/PKG-INFO
[1.907s] writing dependency_links to ../build/task_4/task_4.egg-info/dependency_links.txt
[1.907s] writing entry points to ../build/task_4/task_4.egg-info/entry_points.txt
[1.913s] writing requirements to ../build/task_4/task_4.egg-info/requires.txt
[1.913s] writing top-level names to ../build/task_4/task_4.egg-info/top_level.txt
[1.913s] writing manifest file '../build/task_4/task_4.egg-info/SOURCES.txt'
[1.914s] reading manifest file '../build/task_4/task_4.egg-info/SOURCES.txt'
[1.914s] adding license file 'LICENSE'
[1.917s] writing manifest file '../build/task_4/task_4.egg-info/SOURCES.txt'
[1.917s] running build
[1.917s] running build_py
[1.918s] creating /home/me597/ME-597/lab3ws/src/build/task_4/build
[1.918s] creating /home/me597/ME-597/lab3ws/src/build/task_4/build/lib
[1.920s] creating /home/me597/ME-597/lab3ws/src/build/task_4/build/lib/task_4
[1.920s] copying task_4/__init__.py -> /home/me597/ME-597/lab3ws/src/build/task_4/build/lib/task_4
[1.921s] copying task_4/auto_navigator.py -> /home/me597/ME-597/lab3ws/src/build/task_4/build/lib/task_4
[1.921s] running install
[1.923s] running install_lib
[1.925s] creating /home/me597/ME-597/lab3ws/src/install/task_4/lib/python3.10/site-packages/task_4
[1.925s] copying /home/me597/ME-597/lab3ws/src/build/task_4/build/lib/task_4/__init__.py -> /home/me597/ME-597/lab3ws/src/install/task_4/lib/python3.10/site-packages/task_4
[1.926s] copying /home/me597/ME-597/lab3ws/src/build/task_4/build/lib/task_4/auto_navigator.py -> /home/me597/ME-597/lab3ws/src/install/task_4/lib/python3.10/site-packages/task_4
[1.928s] byte-compiling /home/me597/ME-597/lab3ws/src/install/task_4/lib/python3.10/site-packages/task_4/__init__.py to __init__.cpython-310.pyc
[1.929s] byte-compiling /home/me597/ME-597/lab3ws/src/install/task_4/lib/python3.10/site-packages/task_4/auto_navigator.py to auto_navigator.cpython-310.pyc
[1.929s] running install_data
[1.930s] creating /home/me597/ME-597/lab3ws/src/install/task_4/share/ament_index
[1.930s] creating /home/me597/ME-597/lab3ws/src/install/task_4/share/ament_index/resource_index
[1.936s] creating /home/me597/ME-597/lab3ws/src/install/task_4/share/ament_index/resource_index/packages
[1.936s] copying resource/task_4 -> /home/me597/ME-597/lab3ws/src/install/task_4/share/ament_index/resource_index/packages
[1.937s] copying package.xml -> /home/me597/ME-597/lab3ws/src/install/task_4/share/task_4
[1.937s] creating /home/me597/ME-597/lab3ws/src/install/task_4/share/task_4/launch
[1.937s] copying launch/gen_sync_map_launch.py -> /home/me597/ME-597/lab3ws/src/install/task_4/share/task_4/launch
[1.937s] creating /home/me597/ME-597/lab3ws/src/install/task_4/share/task_4/maps
[1.937s] running install_egg_info
[1.938s] Copying ../build/task_4/task_4.egg-info to /home/me597/ME-597/lab3ws/src/install/task_4/lib/python3.10/site-packages/task_4-0.0.0-py3.10.egg-info
[1.942s] running install_scripts
[1.995s] Installing auto_navigator script to /home/me597/ME-597/lab3ws/src/install/task_4/lib/task_4
[1.996s] writing list of installed files to '/home/me597/ME-597/lab3ws/src/build/task_4/install.log'
[2.050s] Invoked command in '/home/me597/ME-597/lab3ws/src/task_4' returned '0': PYTHONPATH=/home/me597/ME-597/lab3ws/src/build/task_4/prefix_override:/usr/lib/python3/dist-packages/colcon_core/task/python/colcon_distutils_commands:/home/me597/ME-597/lab3ws/src/install/task_4/lib/python3.10/site-packages:${PYTHONPATH} /usr/bin/python3 -W ignore:setup.py install is deprecated -W ignore:easy_install command is deprecated setup.py egg_info --egg-base ../build/task_4 build --build-base /home/me597/ME-597/lab3ws/src/build/task_4/build install --record /home/me597/ME-597/lab3ws/src/build/task_4/install.log --single-version-externally-managed install_data
