[0.062s] Invoking command in '/home/me597/ME-597/lab4ws/build/image_geometry': CMAKE_PREFIX_PATH=${CMAKE_PREFIX_PATH}:/home/me597/ME-597/lab4ws/install/task_6:/home/me597/ME-597/lab4ws/install/task_5:/home/me597/ME-597/lab4ws/install/opencv_tests:/opt/ros/humble /usr/bin/cmake --build /home/me597/ME-597/lab4ws/build/image_geometry -- -j2 -l2
[0.465s] [  0%] Built target ament_cmake_python_symlink_image_geometry
[0.589s] [ 27%] Built target image_geometry
[0.718s] [ 45%] Built target gtest_main
[0.839s] [ 63%] Built target gtest
[1.894s] running egg_info
[1.905s] writing image_geometry.egg-info/PKG-INFO
[1.906s] writing dependency_links to image_geometry.egg-info/dependency_links.txt
[1.906s] writing top-level names to image_geometry.egg-info/top_level.txt
[1.916s] reading manifest file 'image_geometry.egg-info/SOURCES.txt'
[1.918s] writing manifest file 'image_geometry.egg-info/SOURCES.txt'
[2.052s] [ 63%] Built target ament_cmake_python_build_image_geometry_egg
[2.172s] [ 81%] Built target image_geometry-utest
[2.279s] [100%] Built target image_geometry-utest-equi
[2.405s] Invoked command in '/home/me597/ME-597/lab4ws/build/image_geometry' returned '0': CMAKE_PREFIX_PATH=${CMAKE_PREFIX_PATH}:/home/me597/ME-597/lab4ws/install/task_6:/home/me597/ME-597/lab4ws/install/task_5:/home/me597/ME-597/lab4ws/install/opencv_tests:/opt/ros/humble /usr/bin/cmake --build /home/me597/ME-597/lab4ws/build/image_geometry -- -j2 -l2
[2.408s] Invoking command in '/home/me597/ME-597/lab4ws/build/image_geometry': CMAKE_PREFIX_PATH=${CMAKE_PREFIX_PATH}:/home/me597/ME-597/lab4ws/install/task_6:/home/me597/ME-597/lab4ws/install/task_5:/home/me597/ME-597/lab4ws/install/opencv_tests:/opt/ros/humble /usr/bin/cmake --install /home/me597/ME-597/lab4ws/build/image_geometry
[2.511s] -- Install configuration: ""
[2.511s] -- Execute custom install script
[2.511s] -- Up-to-date symlink: /home/me597/ME-597/lab4ws/install/image_geometry/share/image_geometry/environment/pythonpath.sh
[2.528s] -- Up-to-date symlink: /home/me597/ME-597/lab4ws/install/image_geometry/share/image_geometry/environment/pythonpath.dsv
[2.528s] -- Up-to-date symlink: /home/me597/ME-597/lab4ws/install/image_geometry/local/lib/python3.10/dist-packages/image_geometry-4.1.0-py3.10.egg-info/PKG-INFO
[2.528s] -- Up-to-date symlink: /home/me597/ME-597/lab4ws/install/image_geometry/local/lib/python3.10/dist-packages/image_geometry-4.1.0-py3.10.egg-info/SOURCES.txt
[2.528s] -- Up-to-date symlink: /home/me597/ME-597/lab4ws/install/image_geometry/local/lib/python3.10/dist-packages/image_geometry-4.1.0-py3.10.egg-info/dependency_links.txt
[2.538s] -- Up-to-date symlink: /home/me597/ME-597/lab4ws/install/image_geometry/local/lib/python3.10/dist-packages/image_geometry-4.1.0-py3.10.egg-info/top_level.txt
[2.538s] -- Up-to-date symlink: /home/me597/ME-597/lab4ws/install/image_geometry/local/lib/python3.10/dist-packages/image_geometry/__init__.py
[2.539s] -- Up-to-date symlink: /home/me597/ME-597/lab4ws/install/image_geometry/local/lib/python3.10/dist-packages/image_geometry/cameramodels.py
[2.539s] -- Up-to-date symlink: /home/me597/ME-597/lab4ws/install/image_geometry/include/image_geometry/image_geometry/pinhole_camera_model.hpp
[2.539s] -- Up-to-date symlink: /home/me597/ME-597/lab4ws/install/image_geometry/include/image_geometry/image_geometry/stereo_camera_model.hpp
[2.539s] -- Up-to-date symlink: /home/me597/ME-597/lab4ws/install/image_geometry/include/image_geometry/image_geometry/visibility_control.hpp
[2.539s] -- Up-to-date symlink: /home/me597/ME-597/lab4ws/install/image_geometry/share/ament_index/resource_index/package_run_dependencies/image_geometry
[2.539s] -- Up-to-date symlink: /home/me597/ME-597/lab4ws/install/image_geometry/share/ament_index/resource_index/parent_prefix_path/image_geometry
[2.544s] -- Up-to-date symlink: /home/me597/ME-597/lab4ws/install/image_geometry/share/image_geometry/environment/ament_prefix_path.sh
[2.545s] -- Up-to-date symlink: /home/me597/ME-597/lab4ws/install/image_geometry/share/image_geometry/environment/ament_prefix_path.dsv
[2.545s] -- Up-to-date symlink: /home/me597/ME-597/lab4ws/install/image_geometry/share/image_geometry/environment/path.sh
[2.545s] -- Up-to-date symlink: /home/me597/ME-597/lab4ws/install/image_geometry/share/image_geometry/environment/path.dsv
[2.545s] -- Up-to-date symlink: /home/me597/ME-597/lab4ws/install/image_geometry/share/image_geometry/local_setup.bash
[2.547s] -- Up-to-date symlink: /home/me597/ME-597/lab4ws/install/image_geometry/share/image_geometry/local_setup.sh
[2.550s] -- Up-to-date symlink: /home/me597/ME-597/lab4ws/install/image_geometry/share/image_geometry/local_setup.zsh
[2.550s] -- Up-to-date symlink: /home/me597/ME-597/lab4ws/install/image_geometry/share/image_geometry/local_setup.dsv
[2.556s] -- Symlinking: /home/me597/ME-597/lab4ws/install/image_geometry/share/image_geometry/package.dsv
[2.621s] -- Up-to-date symlink: /home/me597/ME-597/lab4ws/install/image_geometry/share/ament_index/resource_index/packages/image_geometry
[2.626s] -- Up-to-date symlink: /home/me597/ME-597/lab4ws/install/image_geometry/share/image_geometry/cmake/ament_cmake_export_targets-extras.cmake
[2.626s] -- Up-to-date symlink: /home/me597/ME-597/lab4ws/install/image_geometry/share/image_geometry/cmake/ament_cmake_export_dependencies-extras.cmake
[2.626s] -- Up-to-date symlink: /home/me597/ME-597/lab4ws/install/image_geometry/share/image_geometry/cmake/image_geometryConfig.cmake
[2.626s] -- Up-to-date symlink: /home/me597/ME-597/lab4ws/install/image_geometry/share/image_geometry/cmake/image_geometryConfig-version.cmake
[2.626s] -- Up-to-date symlink: /home/me597/ME-597/lab4ws/install/image_geometry/share/image_geometry/package.xml
[2.798s] Listing '/home/me597/ME-597/lab4ws/install/image_geometry/local/lib/python3.10/dist-packages/image_geometry'...
[2.824s] -- Up-to-date: /home/me597/ME-597/lab4ws/install/image_geometry/lib/libimage_geometry.so
[2.825s] -- Up-to-date: /home/me597/ME-597/lab4ws/install/image_geometry/share/image_geometry/cmake/export_image_geometryExport.cmake
[2.829s] -- Up-to-date: /home/me597/ME-597/lab4ws/install/image_geometry/share/image_geometry/cmake/export_image_geometryExport-noconfig.cmake
[2.922s] Invoked command in '/home/me597/ME-597/lab4ws/build/image_geometry' returned '0': CMAKE_PREFIX_PATH=${CMAKE_PREFIX_PATH}:/home/me597/ME-597/lab4ws/install/task_6:/home/me597/ME-597/lab4ws/install/task_5:/home/me597/ME-597/lab4ws/install/opencv_tests:/opt/ros/humble /usr/bin/cmake --install /home/me597/ME-597/lab4ws/build/image_geometry
