[1.544s] Invoking command in '/home/me597/ME-597/lab4ws/src/task_6': AMENT_PREFIX_PATH=/home/me597/ME-597/lab4ws/install/cv_bridge:${AMENT_PREFIX_PATH} CMAKE_PREFIX_PATH=/home/me597/ME-597/lab4ws/install/cv_bridge LD_LIBRARY_PATH=/home/me597/ME-597/lab4ws/install/cv_bridge/lib:${LD_LIBRARY_PATH} PYTHONPATH=/home/me597/ME-597/lab4ws/build/task_6/prefix_override:/usr/lib/python3/dist-packages/colcon_core/task/python/colcon_distutils_commands:/home/me597/ME-597/lab4ws/install/task_6/lib/python3.10/site-packages:/home/me597/ME-597/lab4ws/install/cv_bridge/local/lib/python3.10/dist-packages:${PYTHONPATH} /usr/bin/python3 -W ignore:setup.py install is deprecated -W ignore:easy_install command is deprecated setup.py egg_info --egg-base ../../build/task_6 build --build-base /home/me597/ME-597/lab4ws/build/task_6/build install --record /home/me597/ME-597/lab4ws/build/task_6/install.log --single-version-externally-managed install_data
[2.026s] running egg_info
[2.027s] writing ../../build/task_6/task_6.egg-info/PKG-INFO
[2.032s] writing dependency_links to ../../build/task_6/task_6.egg-info/dependency_links.txt
[2.032s] writing entry points to ../../build/task_6/task_6.egg-info/entry_points.txt
[2.032s] writing requirements to ../../build/task_6/task_6.egg-info/requires.txt
[2.032s] writing top-level names to ../../build/task_6/task_6.egg-info/top_level.txt
[2.037s] reading manifest file '../../build/task_6/task_6.egg-info/SOURCES.txt'
[2.042s] writing manifest file '../../build/task_6/task_6.egg-info/SOURCES.txt'
[2.042s] running build
[2.042s] running build_py
[2.042s] running install
[2.044s] running install_lib
[2.047s] running install_data
[2.047s] running install_egg_info
[2.049s] removing '/home/me597/ME-597/lab4ws/install/task_6/lib/python3.10/site-packages/task_6-0.0.0-py3.10.egg-info' (and everything under it)
[2.054s] Copying ../../build/task_6/task_6.egg-info to /home/me597/ME-597/lab4ws/install/task_6/lib/python3.10/site-packages/task_6-0.0.0-py3.10.egg-info
[2.055s] running install_scripts
[2.112s] Installing red_ball_tracker script to /home/me597/ME-597/lab4ws/install/task_6/lib/task_6
[2.116s] writing list of installed files to '/home/me597/ME-597/lab4ws/build/task_6/install.log'
[2.177s] Invoked command in '/home/me597/ME-597/lab4ws/src/task_6' returned '0': AMENT_PREFIX_PATH=/home/me597/ME-597/lab4ws/install/cv_bridge:${AMENT_PREFIX_PATH} CMAKE_PREFIX_PATH=/home/me597/ME-597/lab4ws/install/cv_bridge LD_LIBRARY_PATH=/home/me597/ME-597/lab4ws/install/cv_bridge/lib:${LD_LIBRARY_PATH} PYTHONPATH=/home/me597/ME-597/lab4ws/build/task_6/prefix_override:/usr/lib/python3/dist-packages/colcon_core/task/python/colcon_distutils_commands:/home/me597/ME-597/lab4ws/install/task_6/lib/python3.10/site-packages:/home/me597/ME-597/lab4ws/install/cv_bridge/local/lib/python3.10/dist-packages:${PYTHONPATH} /usr/bin/python3 -W ignore:setup.py install is deprecated -W ignore:easy_install command is deprecated setup.py egg_info --egg-base ../../build/task_6 build --build-base /home/me597/ME-597/lab4ws/build/task_6/build install --record /home/me597/ME-597/lab4ws/build/task_6/install.log --single-version-externally-managed install_data
