[0.410s] Invoking command in '/home/me597/ME-597/Lab1ws/task_2': AMENT_PREFIX_PATH=/home/me597/ME-597/Lab1ws/install/task_2_interfaces:${AMENT_PREFIX_PATH} CMAKE_PREFIX_PATH=/home/me597/ME-597/Lab1ws/install/task_2_interfaces LD_LIBRARY_PATH=/home/me597/ME-597/Lab1ws/install/task_2_interfaces/lib:${LD_LIBRARY_PATH} PYTHONPATH=/home/me597/ME-597/Lab1ws/build/task_2/prefix_override:/usr/lib/python3/dist-packages/colcon_core/task/python/colcon_distutils_commands:/home/me597/ME-597/Lab1ws/install/task_2/lib/python3.10/site-packages:/home/me597/ME-597/Lab1ws/install/task_2_interfaces/local/lib/python3.10/dist-packages:${PYTHONPATH} /usr/bin/python3 -W ignore:setup.py install is deprecated -W ignore:easy_install command is deprecated setup.py egg_info --egg-base ../build/task_2 build --build-base /home/me597/ME-597/Lab1ws/build/task_2/build install --record /home/me597/ME-597/Lab1ws/build/task_2/install.log --single-version-externally-managed install_data
[0.571s] running egg_info
[0.571s] writing ../build/task_2/task_2.egg-info/PKG-INFO
[0.572s] writing dependency_links to ../build/task_2/task_2.egg-info/dependency_links.txt
[0.572s] writing entry points to ../build/task_2/task_2.egg-info/entry_points.txt
[0.573s] writing requirements to ../build/task_2/task_2.egg-info/requires.txt
[0.573s] writing top-level names to ../build/task_2/task_2.egg-info/top_level.txt
[0.574s] reading manifest file '../build/task_2/task_2.egg-info/SOURCES.txt'
[0.576s] adding license file 'LICENSE'
[0.576s] writing manifest file '../build/task_2/task_2.egg-info/SOURCES.txt'
[0.576s] running build
[0.576s] running build_py
[0.577s] running install
[0.577s] running install_lib
[0.578s] running install_data
[0.578s] copying package.xml -> /home/me597/ME-597/Lab1ws/install/task_2/share/task_2
[0.578s] running install_egg_info
[0.580s] removing '/home/me597/ME-597/Lab1ws/install/task_2/lib/python3.10/site-packages/task_2-0.0.0-py3.10.egg-info' (and everything under it)
[0.581s] Copying ../build/task_2/task_2.egg-info to /home/me597/ME-597/Lab1ws/install/task_2/lib/python3.10/site-packages/task_2-0.0.0-py3.10.egg-info
[0.583s] running install_scripts
[0.598s] Installing client script to /home/me597/ME-597/Lab1ws/install/task_2/lib/task_2
[0.598s] Installing service script to /home/me597/ME-597/Lab1ws/install/task_2/lib/task_2
[0.598s] Installing talker script to /home/me597/ME-597/Lab1ws/install/task_2/lib/task_2
[0.599s] writing list of installed files to '/home/me597/ME-597/Lab1ws/build/task_2/install.log'
[0.614s] Invoked command in '/home/me597/ME-597/Lab1ws/task_2' returned '0': AMENT_PREFIX_PATH=/home/me597/ME-597/Lab1ws/install/task_2_interfaces:${AMENT_PREFIX_PATH} CMAKE_PREFIX_PATH=/home/me597/ME-597/Lab1ws/install/task_2_interfaces LD_LIBRARY_PATH=/home/me597/ME-597/Lab1ws/install/task_2_interfaces/lib:${LD_LIBRARY_PATH} PYTHONPATH=/home/me597/ME-597/Lab1ws/build/task_2/prefix_override:/usr/lib/python3/dist-packages/colcon_core/task/python/colcon_distutils_commands:/home/me597/ME-597/Lab1ws/install/task_2/lib/python3.10/site-packages:/home/me597/ME-597/Lab1ws/install/task_2_interfaces/local/lib/python3.10/dist-packages:${PYTHONPATH} /usr/bin/python3 -W ignore:setup.py install is deprecated -W ignore:easy_install command is deprecated setup.py egg_info --egg-base ../build/task_2 build --build-base /home/me597/ME-597/Lab1ws/build/task_2/build install --record /home/me597/ME-597/Lab1ws/build/task_2/install.log --single-version-externally-managed install_data
