[0.431s] Invoking command in '/home/me597/ME-597/Lab1ws/task_2': PYTHONPATH=/home/me597/ME-597/Lab1ws/build/task_2/prefix_override:/usr/lib/python3/dist-packages/colcon_core/task/python/colcon_distutils_commands:/home/me597/ME-597/Lab1ws/install/task_2/lib/python3.10/site-packages:${PYTHONPATH} /usr/bin/python3 -W ignore:setup.py install is deprecated -W ignore:easy_install command is deprecated setup.py egg_info --egg-base ../build/task_2 build --build-base /home/me597/ME-597/Lab1ws/build/task_2/build install --record /home/me597/ME-597/Lab1ws/build/task_2/install.log --single-version-externally-managed install_data
[0.585s] running egg_info
[0.586s] writing ../build/task_2/task_2.egg-info/PKG-INFO
[0.586s] writing dependency_links to ../build/task_2/task_2.egg-info/dependency_links.txt
[0.586s] writing entry points to ../build/task_2/task_2.egg-info/entry_points.txt
[0.587s] writing requirements to ../build/task_2/task_2.egg-info/requires.txt
[0.587s] writing top-level names to ../build/task_2/task_2.egg-info/top_level.txt
[0.588s] reading manifest file '../build/task_2/task_2.egg-info/SOURCES.txt'
[0.588s] adding license file 'LICENSE'
[0.588s] writing manifest file '../build/task_2/task_2.egg-info/SOURCES.txt'
[0.589s] running build
[0.589s] running build_py
[0.589s] running install
[0.589s] running install_lib
[0.590s] running install_data
[0.590s] running install_egg_info
[0.592s] removing '/home/me597/ME-597/Lab1ws/install/task_2/lib/python3.10/site-packages/task_2-0.0.0-py3.10.egg-info' (and everything under it)
[0.593s] Copying ../build/task_2/task_2.egg-info to /home/me597/ME-597/Lab1ws/install/task_2/lib/python3.10/site-packages/task_2-0.0.0-py3.10.egg-info
[0.594s] running install_scripts
[0.608s] Installing client script to /home/me597/ME-597/Lab1ws/install/task_2/lib/task_2
[0.609s] Installing listener script to /home/me597/ME-597/Lab1ws/install/task_2/lib/task_2
[0.609s] Installing service script to /home/me597/ME-597/Lab1ws/install/task_2/lib/task_2
[0.609s] Installing talker script to /home/me597/ME-597/Lab1ws/install/task_2/lib/task_2
[0.609s] writing list of installed files to '/home/me597/ME-597/Lab1ws/build/task_2/install.log'
[0.625s] Invoked command in '/home/me597/ME-597/Lab1ws/task_2' returned '0': PYTHONPATH=/home/me597/ME-597/Lab1ws/build/task_2/prefix_override:/usr/lib/python3/dist-packages/colcon_core/task/python/colcon_distutils_commands:/home/me597/ME-597/Lab1ws/install/task_2/lib/python3.10/site-packages:${PYTHONPATH} /usr/bin/python3 -W ignore:setup.py install is deprecated -W ignore:easy_install command is deprecated setup.py egg_info --egg-base ../build/task_2 build --build-base /home/me597/ME-597/Lab1ws/build/task_2/build install --record /home/me597/ME-597/Lab1ws/build/task_2/install.log --single-version-externally-managed install_data
