[0.759s] Invoking command in '/home/me597/ME-597/lab4ws/src/task_5': PYTHONPATH=/home/me597/ME-597/lab4ws/build/task_5/prefix_override:/usr/lib/python3/dist-packages/colcon_core/task/python/colcon_distutils_commands:/home/me597/ME-597/lab4ws/install/task_5/lib/python3.10/site-packages:${PYTHONPATH} /usr/bin/python3 -W ignore:setup.py install is deprecated -W ignore:easy_install command is deprecated setup.py egg_info --egg-base ../../build/task_5 build --build-base /home/me597/ME-597/lab4ws/build/task_5/build install --record /home/me597/ME-597/lab4ws/build/task_5/install.log --single-version-externally-managed install_data
[0.998s] running egg_info
[0.999s] writing ../../build/task_5/task_5.egg-info/PKG-INFO
[1.000s] writing dependency_links to ../../build/task_5/task_5.egg-info/dependency_links.txt
[1.000s] writing entry points to ../../build/task_5/task_5.egg-info/entry_points.txt
[1.001s] writing requirements to ../../build/task_5/task_5.egg-info/requires.txt
[1.002s] writing top-level names to ../../build/task_5/task_5.egg-info/top_level.txt
[1.004s] reading manifest file '../../build/task_5/task_5.egg-info/SOURCES.txt'
[1.005s] writing manifest file '../../build/task_5/task_5.egg-info/SOURCES.txt'
[1.006s] running build
[1.006s] running build_py
[1.006s] copying task_5/image_publisher.py -> /home/me597/ME-597/lab4ws/build/task_5/build/lib/task_5
[1.009s] running install
[1.009s] running install_lib
[1.009s] copying /home/me597/ME-597/lab4ws/build/task_5/build/lib/task_5/image_publisher.py -> /home/me597/ME-597/lab4ws/install/task_5/lib/python3.10/site-packages/task_5
[1.010s] byte-compiling /home/me597/ME-597/lab4ws/install/task_5/lib/python3.10/site-packages/task_5/image_publisher.py to image_publisher.cpython-310.pyc
[1.010s] running install_data
[1.011s] copying package.xml -> /home/me597/ME-597/lab4ws/install/task_5/share/task_5
[1.011s] running install_egg_info
[1.014s] removing '/home/me597/ME-597/lab4ws/install/task_5/lib/python3.10/site-packages/task_5-0.0.0-py3.10.egg-info' (and everything under it)
[1.018s] Copying ../../build/task_5/task_5.egg-info to /home/me597/ME-597/lab4ws/install/task_5/lib/python3.10/site-packages/task_5-0.0.0-py3.10.egg-info
[1.022s] running install_scripts
[1.049s] Installing image_publisher script to /home/me597/ME-597/lab4ws/install/task_5/lib/task_5
[1.050s] Installing object_detector script to /home/me597/ME-597/lab4ws/install/task_5/lib/task_5
[1.051s] writing list of installed files to '/home/me597/ME-597/lab4ws/build/task_5/install.log'
[1.072s] Invoked command in '/home/me597/ME-597/lab4ws/src/task_5' returned '0': PYTHONPATH=/home/me597/ME-597/lab4ws/build/task_5/prefix_override:/usr/lib/python3/dist-packages/colcon_core/task/python/colcon_distutils_commands:/home/me597/ME-597/lab4ws/install/task_5/lib/python3.10/site-packages:${PYTHONPATH} /usr/bin/python3 -W ignore:setup.py install is deprecated -W ignore:easy_install command is deprecated setup.py egg_info --egg-base ../../build/task_5 build --build-base /home/me597/ME-597/lab4ws/build/task_5/build install --record /home/me597/ME-597/lab4ws/build/task_5/install.log --single-version-externally-managed install_data
