[0.023s] Invoking command in '/home/me597/ME-597/lab4ws/build/vision_opencv': AMENT_PREFIX_PATH=/home/me597/ME-597/lab4ws/install/image_geometry:/home/me597/ME-597/lab4ws/install/cv_bridge:${AMENT_PREFIX_PATH} CMAKE_PREFIX_PATH=/home/me597/ME-597/lab4ws/install/image_geometry:/home/me597/ME-597/lab4ws/install/cv_bridge:/opt/ros/humble LD_LIBRARY_PATH=/home/me597/ME-597/lab4ws/install/image_geometry/lib:/home/me597/ME-597/lab4ws/install/cv_bridge/lib:${LD_LIBRARY_PATH} PYTHONPATH=/home/me597/ME-597/lab4ws/install/image_geometry/local/lib/python3.10/dist-packages:/home/me597/ME-597/lab4ws/install/cv_bridge/local/lib/python3.10/dist-packages:${PYTHONPATH} /usr/bin/cmake /home/me597/ME-597/lab4ws/src/vision_opencv/vision_opencv -DAMENT_CMAKE_SYMLINK_INSTALL=1 -DCMAKE_INSTALL_PREFIX=/home/me597/ME-597/lab4ws/install/vision_opencv
[0.087s] -- The C compiler identification is GNU 11.4.0
[0.148s] -- The CXX compiler identification is GNU 11.4.0
[0.156s] -- Detecting C compiler ABI info
[0.252s] -- Detecting C compiler ABI info - done
[0.272s] -- Check for working C compiler: /usr/bin/cc - skipped
[0.274s] -- Detecting C compile features
[0.274s] -- Detecting C compile features - done
[0.281s] -- Detecting CXX compiler ABI info
[0.479s] -- Detecting CXX compiler ABI info - done
[0.498s] -- Check for working CXX compiler: /usr/bin/c++ - skipped
[0.499s] -- Detecting CXX compile features
[0.499s] -- Detecting CXX compile features - done
[0.504s] -- Found ament_cmake: 1.3.11 (/opt/ros/humble/share/ament_cmake/cmake)
[0.868s] -- Found Python3: /usr/bin/python3 (found version "3.10.12") found components: Interpreter 
[1.041s] -- Override CMake install command with custom implementation using symlinks instead of copying resources
[1.272s] -- Configuring done
[1.279s] -- Generating done
[1.284s] -- Build files have been written to: /home/me597/ME-597/lab4ws/build/vision_opencv
[1.297s] Invoked command in '/home/me597/ME-597/lab4ws/build/vision_opencv' returned '0': AMENT_PREFIX_PATH=/home/me597/ME-597/lab4ws/install/image_geometry:/home/me597/ME-597/lab4ws/install/cv_bridge:${AMENT_PREFIX_PATH} CMAKE_PREFIX_PATH=/home/me597/ME-597/lab4ws/install/image_geometry:/home/me597/ME-597/lab4ws/install/cv_bridge:/opt/ros/humble LD_LIBRARY_PATH=/home/me597/ME-597/lab4ws/install/image_geometry/lib:/home/me597/ME-597/lab4ws/install/cv_bridge/lib:${LD_LIBRARY_PATH} PYTHONPATH=/home/me597/ME-597/lab4ws/install/image_geometry/local/lib/python3.10/dist-packages:/home/me597/ME-597/lab4ws/install/cv_bridge/local/lib/python3.10/dist-packages:${PYTHONPATH} /usr/bin/cmake /home/me597/ME-597/lab4ws/src/vision_opencv/vision_opencv -DAMENT_CMAKE_SYMLINK_INSTALL=1 -DCMAKE_INSTALL_PREFIX=/home/me597/ME-597/lab4ws/install/vision_opencv
[1.298s] Invoking command in '/home/me597/ME-597/lab4ws/build/vision_opencv': AMENT_PREFIX_PATH=/home/me597/ME-597/lab4ws/install/image_geometry:/home/me597/ME-597/lab4ws/install/cv_bridge:${AMENT_PREFIX_PATH} CMAKE_PREFIX_PATH=/home/me597/ME-597/lab4ws/install/image_geometry:/home/me597/ME-597/lab4ws/install/cv_bridge:/opt/ros/humble LD_LIBRARY_PATH=/home/me597/ME-597/lab4ws/install/image_geometry/lib:/home/me597/ME-597/lab4ws/install/cv_bridge/lib:${LD_LIBRARY_PATH} PYTHONPATH=/home/me597/ME-597/lab4ws/install/image_geometry/local/lib/python3.10/dist-packages:/home/me597/ME-597/lab4ws/install/cv_bridge/local/lib/python3.10/dist-packages:${PYTHONPATH} /usr/bin/cmake --build /home/me597/ME-597/lab4ws/build/vision_opencv -- -j2 -l2
[1.443s] Invoked command in '/home/me597/ME-597/lab4ws/build/vision_opencv' returned '0': AMENT_PREFIX_PATH=/home/me597/ME-597/lab4ws/install/image_geometry:/home/me597/ME-597/lab4ws/install/cv_bridge:${AMENT_PREFIX_PATH} CMAKE_PREFIX_PATH=/home/me597/ME-597/lab4ws/install/image_geometry:/home/me597/ME-597/lab4ws/install/cv_bridge:/opt/ros/humble LD_LIBRARY_PATH=/home/me597/ME-597/lab4ws/install/image_geometry/lib:/home/me597/ME-597/lab4ws/install/cv_bridge/lib:${LD_LIBRARY_PATH} PYTHONPATH=/home/me597/ME-597/lab4ws/install/image_geometry/local/lib/python3.10/dist-packages:/home/me597/ME-597/lab4ws/install/cv_bridge/local/lib/python3.10/dist-packages:${PYTHONPATH} /usr/bin/cmake --build /home/me597/ME-597/lab4ws/build/vision_opencv -- -j2 -l2
[1.443s] Invoking command in '/home/me597/ME-597/lab4ws/build/vision_opencv': AMENT_PREFIX_PATH=/home/me597/ME-597/lab4ws/install/image_geometry:/home/me597/ME-597/lab4ws/install/cv_bridge:${AMENT_PREFIX_PATH} CMAKE_PREFIX_PATH=/home/me597/ME-597/lab4ws/install/image_geometry:/home/me597/ME-597/lab4ws/install/cv_bridge:/opt/ros/humble LD_LIBRARY_PATH=/home/me597/ME-597/lab4ws/install/image_geometry/lib:/home/me597/ME-597/lab4ws/install/cv_bridge/lib:${LD_LIBRARY_PATH} PYTHONPATH=/home/me597/ME-597/lab4ws/install/image_geometry/local/lib/python3.10/dist-packages:/home/me597/ME-597/lab4ws/install/cv_bridge/local/lib/python3.10/dist-packages:${PYTHONPATH} /usr/bin/cmake --install /home/me597/ME-597/lab4ws/build/vision_opencv
[1.469s] -- Install configuration: ""
[1.469s] -- Execute custom install script
[1.471s] -- Symlinking: /home/me597/ME-597/lab4ws/install/vision_opencv/share/ament_index/resource_index/package_run_dependencies/vision_opencv
[1.497s] -- Symlinking: /home/me597/ME-597/lab4ws/install/vision_opencv/share/ament_index/resource_index/parent_prefix_path/vision_opencv
[1.526s] -- Symlinking: /home/me597/ME-597/lab4ws/install/vision_opencv/share/vision_opencv/environment/ament_prefix_path.sh
[1.553s] -- Symlinking: /home/me597/ME-597/lab4ws/install/vision_opencv/share/vision_opencv/environment/ament_prefix_path.dsv
[1.580s] -- Symlinking: /home/me597/ME-597/lab4ws/install/vision_opencv/share/vision_opencv/environment/path.sh
[1.601s] -- Symlinking: /home/me597/ME-597/lab4ws/install/vision_opencv/share/vision_opencv/environment/path.dsv
[1.618s] -- Symlinking: /home/me597/ME-597/lab4ws/install/vision_opencv/share/vision_opencv/local_setup.bash
[1.643s] -- Symlinking: /home/me597/ME-597/lab4ws/install/vision_opencv/share/vision_opencv/local_setup.sh
[1.685s] -- Symlinking: /home/me597/ME-597/lab4ws/install/vision_opencv/share/vision_opencv/local_setup.zsh
[1.710s] -- Symlinking: /home/me597/ME-597/lab4ws/install/vision_opencv/share/vision_opencv/local_setup.dsv
[1.737s] -- Symlinking: /home/me597/ME-597/lab4ws/install/vision_opencv/share/vision_opencv/package.dsv
[1.767s] -- Symlinking: /home/me597/ME-597/lab4ws/install/vision_opencv/share/ament_index/resource_index/packages/vision_opencv
[1.781s] -- Symlinking: /home/me597/ME-597/lab4ws/install/vision_opencv/share/vision_opencv/cmake/vision_opencvConfig.cmake
[1.803s] -- Symlinking: /home/me597/ME-597/lab4ws/install/vision_opencv/share/vision_opencv/cmake/vision_opencvConfig-version.cmake
[1.833s] -- Symlinking: /home/me597/ME-597/lab4ws/install/vision_opencv/share/vision_opencv/package.xml
[1.857s] Invoked command in '/home/me597/ME-597/lab4ws/build/vision_opencv' returned '0': AMENT_PREFIX_PATH=/home/me597/ME-597/lab4ws/install/image_geometry:/home/me597/ME-597/lab4ws/install/cv_bridge:${AMENT_PREFIX_PATH} CMAKE_PREFIX_PATH=/home/me597/ME-597/lab4ws/install/image_geometry:/home/me597/ME-597/lab4ws/install/cv_bridge:/opt/ros/humble LD_LIBRARY_PATH=/home/me597/ME-597/lab4ws/install/image_geometry/lib:/home/me597/ME-597/lab4ws/install/cv_bridge/lib:${LD_LIBRARY_PATH} PYTHONPATH=/home/me597/ME-597/lab4ws/install/image_geometry/local/lib/python3.10/dist-packages:/home/me597/ME-597/lab4ws/install/cv_bridge/local/lib/python3.10/dist-packages:${PYTHONPATH} /usr/bin/cmake --install /home/me597/ME-597/lab4ws/build/vision_opencv
