[0.669s] Invoking command in '/home/me597/ME-597/lab2ws/src/task_3': PYTHONPATH=/home/me597/ME-597/lab2ws/build/task_3/prefix_override:/usr/lib/python3/dist-packages/colcon_core/task/python/colcon_distutils_commands:/home/me597/ME-597/lab2ws/install/task_3/lib/python3.10/site-packages:${PYTHONPATH} /usr/bin/python3 -W ignore:setup.py install is deprecated -W ignore:easy_install command is deprecated setup.py egg_info --egg-base ../../build/task_3 build --build-base /home/me597/ME-597/lab2ws/build/task_3/build install --record /home/me597/ME-597/lab2ws/build/task_3/install.log --single-version-externally-managed install_data
[0.902s] running egg_info
[0.904s] writing ../../build/task_3/task_3.egg-info/PKG-INFO
[0.904s] writing dependency_links to ../../build/task_3/task_3.egg-info/dependency_links.txt
[0.904s] writing entry points to ../../build/task_3/task_3.egg-info/entry_points.txt
[0.904s] writing requirements to ../../build/task_3/task_3.egg-info/requires.txt
[0.904s] writing top-level names to ../../build/task_3/task_3.egg-info/top_level.txt
[0.906s] reading manifest file '../../build/task_3/task_3.egg-info/SOURCES.txt'
[0.906s] adding license file 'LICENSE'
[0.907s] writing manifest file '../../build/task_3/task_3.egg-info/SOURCES.txt'
[0.907s] running build
[0.907s] running build_py
[0.907s] copying task_3/pid_controller.py -> /home/me597/ME-597/lab2ws/build/task_3/build/lib/task_3
[0.907s] running install
[0.907s] running install_lib
[0.908s] copying /home/me597/ME-597/lab2ws/build/task_3/build/lib/task_3/pid_controller.py -> /home/me597/ME-597/lab2ws/install/task_3/lib/python3.10/site-packages/task_3
[0.908s] byte-compiling /home/me597/ME-597/lab2ws/install/task_3/lib/python3.10/site-packages/task_3/pid_controller.py to pid_controller.cpython-310.pyc
[0.909s] running install_data
[0.909s] running install_egg_info
[0.912s] removing '/home/me597/ME-597/lab2ws/install/task_3/lib/python3.10/site-packages/task_3-0.0.0-py3.10.egg-info' (and everything under it)
[0.912s] Copying ../../build/task_3/task_3.egg-info to /home/me597/ME-597/lab2ws/install/task_3/lib/python3.10/site-packages/task_3-0.0.0-py3.10.egg-info
[0.914s] running install_scripts
[0.935s] Installing pid_controller script to /home/me597/ME-597/lab2ws/install/task_3/lib/task_3
[0.935s] writing list of installed files to '/home/me597/ME-597/lab2ws/build/task_3/install.log'
[0.958s] Invoked command in '/home/me597/ME-597/lab2ws/src/task_3' returned '0': PYTHONPATH=/home/me597/ME-597/lab2ws/build/task_3/prefix_override:/usr/lib/python3/dist-packages/colcon_core/task/python/colcon_distutils_commands:/home/me597/ME-597/lab2ws/install/task_3/lib/python3.10/site-packages:${PYTHONPATH} /usr/bin/python3 -W ignore:setup.py install is deprecated -W ignore:easy_install command is deprecated setup.py egg_info --egg-base ../../build/task_3 build --build-base /home/me597/ME-597/lab2ws/build/task_3/build install --record /home/me597/ME-597/lab2ws/build/task_3/install.log --single-version-externally-managed install_data
