[0.439s] Invoking command in '/home/me597/ME-597/lab2ws/src/task_3': PYTHONPATH=/home/me597/ME-597/lab2ws/build/task_3/prefix_override:/usr/lib/python3/dist-packages/colcon_core/task/python/colcon_distutils_commands:/home/me597/ME-597/lab2ws/install/task_3/lib/python3.10/site-packages:${PYTHONPATH} /usr/bin/python3 -W ignore:setup.py install is deprecated -W ignore:easy_install command is deprecated setup.py egg_info --egg-base ../../build/task_3 build --build-base /home/me597/ME-597/lab2ws/build/task_3/build install --record /home/me597/ME-597/lab2ws/build/task_3/install.log --single-version-externally-managed install_data
[0.602s] running egg_info
[0.603s] writing ../../build/task_3/task_3.egg-info/PKG-INFO
[0.604s] writing dependency_links to ../../build/task_3/task_3.egg-info/dependency_links.txt
[0.604s] writing entry points to ../../build/task_3/task_3.egg-info/entry_points.txt
[0.605s] writing requirements to ../../build/task_3/task_3.egg-info/requires.txt
[0.606s] writing top-level names to ../../build/task_3/task_3.egg-info/top_level.txt
[0.607s] reading manifest file '../../build/task_3/task_3.egg-info/SOURCES.txt'
[0.607s] adding license file 'LICENSE'
[0.608s] writing manifest file '../../build/task_3/task_3.egg-info/SOURCES.txt'
[0.609s] running build
[0.609s] running build_py
[0.609s] copying task_3/pid_controller.py -> /home/me597/ME-597/lab2ws/build/task_3/build/lib/task_3
[0.609s] running install
[0.609s] running install_lib
[0.610s] copying /home/me597/ME-597/lab2ws/build/task_3/build/lib/task_3/pid_controller.py -> /home/me597/ME-597/lab2ws/install/task_3/lib/python3.10/site-packages/task_3
[0.610s] byte-compiling /home/me597/ME-597/lab2ws/install/task_3/lib/python3.10/site-packages/task_3/pid_controller.py to pid_controller.cpython-310.pyc
[0.611s] running install_data
[0.611s] running install_egg_info
[0.613s] removing '/home/me597/ME-597/lab2ws/install/task_3/lib/python3.10/site-packages/task_3-0.0.0-py3.10.egg-info' (and everything under it)
[0.615s] Copying ../../build/task_3/task_3.egg-info to /home/me597/ME-597/lab2ws/install/task_3/lib/python3.10/site-packages/task_3-0.0.0-py3.10.egg-info
[0.615s] running install_scripts
[0.629s] Installing pid_controller script to /home/me597/ME-597/lab2ws/install/task_3/lib/task_3
[0.630s] writing list of installed files to '/home/me597/ME-597/lab2ws/build/task_3/install.log'
[0.647s] Invoked command in '/home/me597/ME-597/lab2ws/src/task_3' returned '0': PYTHONPATH=/home/me597/ME-597/lab2ws/build/task_3/prefix_override:/usr/lib/python3/dist-packages/colcon_core/task/python/colcon_distutils_commands:/home/me597/ME-597/lab2ws/install/task_3/lib/python3.10/site-packages:${PYTHONPATH} /usr/bin/python3 -W ignore:setup.py install is deprecated -W ignore:easy_install command is deprecated setup.py egg_info --egg-base ../../build/task_3 build --build-base /home/me597/ME-597/lab2ws/build/task_3/build install --record /home/me597/ME-597/lab2ws/build/task_3/install.log --single-version-externally-managed install_data
