[0.041s] Invoking command in '/home/me597/ME-597/lab4ws/build/vision_opencv': CMAKE_PREFIX_PATH=/home/me597/ME-597/lab4ws/install/image_geometry:/home/me597/ME-597/lab4ws/install/cv_bridge:/home/me597/ME-597/lab4ws/install/vision_opencv:/home/me597/ME-597/lab4ws/install/task_6:/home/me597/ME-597/lab4ws/install/task_5:/home/me597/ME-597/lab4ws/install/opencv_tests:/opt/ros/humble /usr/bin/cmake --build /home/me597/ME-597/lab4ws/build/vision_opencv -- -j2 -l2
[0.144s] Invoked command in '/home/me597/ME-597/lab4ws/build/vision_opencv' returned '0': CMAKE_PREFIX_PATH=/home/me597/ME-597/lab4ws/install/image_geometry:/home/me597/ME-597/lab4ws/install/cv_bridge:/home/me597/ME-597/lab4ws/install/vision_opencv:/home/me597/ME-597/lab4ws/install/task_6:/home/me597/ME-597/lab4ws/install/task_5:/home/me597/ME-597/lab4ws/install/opencv_tests:/opt/ros/humble /usr/bin/cmake --build /home/me597/ME-597/lab4ws/build/vision_opencv -- -j2 -l2
[0.149s] Invoking command in '/home/me597/ME-597/lab4ws/build/vision_opencv': CMAKE_PREFIX_PATH=/home/me597/ME-597/lab4ws/install/image_geometry:/home/me597/ME-597/lab4ws/install/cv_bridge:/home/me597/ME-597/lab4ws/install/vision_opencv:/home/me597/ME-597/lab4ws/install/task_6:/home/me597/ME-597/lab4ws/install/task_5:/home/me597/ME-597/lab4ws/install/opencv_tests:/opt/ros/humble /usr/bin/cmake --install /home/me597/ME-597/lab4ws/build/vision_opencv
[0.189s] -- Install configuration: ""
[0.190s] -- Execute custom install script
[0.190s] -- Up-to-date symlink: /home/me597/ME-597/lab4ws/install/vision_opencv/share/ament_index/resource_index/package_run_dependencies/vision_opencv
[0.191s] -- Up-to-date symlink: /home/me597/ME-597/lab4ws/install/vision_opencv/share/ament_index/resource_index/parent_prefix_path/vision_opencv
[0.191s] -- Up-to-date symlink: /home/me597/ME-597/lab4ws/install/vision_opencv/share/vision_opencv/environment/ament_prefix_path.sh
[0.191s] -- Up-to-date symlink: /home/me597/ME-597/lab4ws/install/vision_opencv/share/vision_opencv/environment/ament_prefix_path.dsv
[0.191s] -- Up-to-date symlink: /home/me597/ME-597/lab4ws/install/vision_opencv/share/vision_opencv/environment/path.sh
[0.191s] -- Up-to-date symlink: /home/me597/ME-597/lab4ws/install/vision_opencv/share/vision_opencv/environment/path.dsv
[0.191s] -- Up-to-date symlink: /home/me597/ME-597/lab4ws/install/vision_opencv/share/vision_opencv/local_setup.bash
[0.191s] -- Up-to-date symlink: /home/me597/ME-597/lab4ws/install/vision_opencv/share/vision_opencv/local_setup.sh
[0.191s] -- Up-to-date symlink: /home/me597/ME-597/lab4ws/install/vision_opencv/share/vision_opencv/local_setup.zsh
[0.191s] -- Up-to-date symlink: /home/me597/ME-597/lab4ws/install/vision_opencv/share/vision_opencv/local_setup.dsv
[0.191s] -- Symlinking: /home/me597/ME-597/lab4ws/install/vision_opencv/share/vision_opencv/package.dsv
[0.210s] -- Up-to-date symlink: /home/me597/ME-597/lab4ws/install/vision_opencv/share/ament_index/resource_index/packages/vision_opencv
[0.211s] -- Up-to-date symlink: /home/me597/ME-597/lab4ws/install/vision_opencv/share/vision_opencv/cmake/vision_opencvConfig.cmake
[0.212s] -- Up-to-date symlink: /home/me597/ME-597/lab4ws/install/vision_opencv/share/vision_opencv/cmake/vision_opencvConfig-version.cmake
[0.213s] -- Up-to-date symlink: /home/me597/ME-597/lab4ws/install/vision_opencv/share/vision_opencv/package.xml
[0.213s] Invoked command in '/home/me597/ME-597/lab4ws/build/vision_opencv' returned '0': CMAKE_PREFIX_PATH=/home/me597/ME-597/lab4ws/install/image_geometry:/home/me597/ME-597/lab4ws/install/cv_bridge:/home/me597/ME-597/lab4ws/install/vision_opencv:/home/me597/ME-597/lab4ws/install/task_6:/home/me597/ME-597/lab4ws/install/task_5:/home/me597/ME-597/lab4ws/install/opencv_tests:/opt/ros/humble /usr/bin/cmake --install /home/me597/ME-597/lab4ws/build/vision_opencv
