[1.583s] Invoking command in '/home/me597/ME-597/lab3ws/src/task_4': PYTHONPATH=/home/me597/ME-597/lab3ws/src/build/task_4/prefix_override:/usr/lib/python3/dist-packages/colcon_core/task/python/colcon_distutils_commands:/home/me597/ME-597/lab3ws/src/install/task_4/lib/python3.10/site-packages:${PYTHONPATH} /usr/bin/python3 -W ignore:setup.py install is deprecated -W ignore:easy_install command is deprecated setup.py egg_info --egg-base ../build/task_4 build --build-base /home/me597/ME-597/lab3ws/src/build/task_4/build install --record /home/me597/ME-597/lab3ws/src/build/task_4/install.log --single-version-externally-managed install_data
[2.162s] running egg_info
[2.162s] writing ../build/task_4/task_4.egg-info/PKG-INFO
[2.164s] writing dependency_links to ../build/task_4/task_4.egg-info/dependency_links.txt
[2.164s] writing entry points to ../build/task_4/task_4.egg-info/entry_points.txt
[2.169s] writing requirements to ../build/task_4/task_4.egg-info/requires.txt
[2.169s] writing top-level names to ../build/task_4/task_4.egg-info/top_level.txt
[2.171s] reading manifest file '../build/task_4/task_4.egg-info/SOURCES.txt'
[2.173s] adding license file 'LICENSE'
[2.174s] writing manifest file '../build/task_4/task_4.egg-info/SOURCES.txt'
[2.175s] running build
[2.175s] running build_py
[2.175s] copying task_4/auto_navigator.py -> /home/me597/ME-597/lab3ws/src/build/task_4/build/lib/task_4
[2.176s] running install
[2.176s] running install_lib
[2.180s] copying /home/me597/ME-597/lab3ws/src/build/task_4/build/lib/task_4/auto_navigator.py -> /home/me597/ME-597/lab3ws/src/install/task_4/lib/python3.10/site-packages/task_4
[2.183s] byte-compiling /home/me597/ME-597/lab3ws/src/install/task_4/lib/python3.10/site-packages/task_4/auto_navigator.py to auto_navigator.cpython-310.pyc
[2.190s] running install_data
[2.191s] running install_egg_info
[2.194s] removing '/home/me597/ME-597/lab3ws/src/install/task_4/lib/python3.10/site-packages/task_4-0.0.0-py3.10.egg-info' (and everything under it)
[2.197s] Copying ../build/task_4/task_4.egg-info to /home/me597/ME-597/lab3ws/src/install/task_4/lib/python3.10/site-packages/task_4-0.0.0-py3.10.egg-info
[2.197s] running install_scripts
[2.234s] Installing auto_navigator script to /home/me597/ME-597/lab3ws/src/install/task_4/lib/task_4
[2.235s] writing list of installed files to '/home/me597/ME-597/lab3ws/src/build/task_4/install.log'
[2.292s] Invoked command in '/home/me597/ME-597/lab3ws/src/task_4' returned '0': PYTHONPATH=/home/me597/ME-597/lab3ws/src/build/task_4/prefix_override:/usr/lib/python3/dist-packages/colcon_core/task/python/colcon_distutils_commands:/home/me597/ME-597/lab3ws/src/install/task_4/lib/python3.10/site-packages:${PYTHONPATH} /usr/bin/python3 -W ignore:setup.py install is deprecated -W ignore:easy_install command is deprecated setup.py egg_info --egg-base ../build/task_4 build --build-base /home/me597/ME-597/lab3ws/src/build/task_4/build install --record /home/me597/ME-597/lab3ws/src/build/task_4/install.log --single-version-externally-managed install_data
