[0.181s] Invoking command in '/home/me597/ME-597/lab2ws/build/task_3_interfaces': CMAKE_PREFIX_PATH=${CMAKE_PREFIX_PATH}:/home/me597/ME-597/lab2ws/install/task_3:/opt/ros/humble /usr/bin/cmake --build /home/me597/ME-597/lab2ws/build/task_3_interfaces -- -j2 -l2
[0.213s] Invoked command in '/home/me597/ME-597/lab2ws/build/task_3_interfaces' returned '0': CMAKE_PREFIX_PATH=${CMAKE_PREFIX_PATH}:/home/me597/ME-597/lab2ws/install/task_3:/opt/ros/humble /usr/bin/cmake --build /home/me597/ME-597/lab2ws/build/task_3_interfaces -- -j2 -l2
[0.224s] Invoking command in '/home/me597/ME-597/lab2ws/build/task_3_interfaces': CMAKE_PREFIX_PATH=${CMAKE_PREFIX_PATH}:/home/me597/ME-597/lab2ws/install/task_3:/opt/ros/humble /usr/bin/cmake --install /home/me597/ME-597/lab2ws/build/task_3_interfaces
[0.238s] -- Install configuration: ""
[0.239s] -- Up-to-date: /home/me597/ME-597/lab2ws/install/task_3_interfaces/share/ament_index/resource_index/package_run_dependencies/task_3_interfaces
[0.239s] -- Up-to-date: /home/me597/ME-597/lab2ws/install/task_3_interfaces/share/ament_index/resource_index/parent_prefix_path/task_3_interfaces
[0.239s] -- Up-to-date: /home/me597/ME-597/lab2ws/install/task_3_interfaces/share/task_3_interfaces/environment/ament_prefix_path.sh
[0.240s] -- Up-to-date: /home/me597/ME-597/lab2ws/install/task_3_interfaces/share/task_3_interfaces/environment/ament_prefix_path.dsv
[0.240s] -- Up-to-date: /home/me597/ME-597/lab2ws/install/task_3_interfaces/share/task_3_interfaces/environment/path.sh
[0.240s] -- Up-to-date: /home/me597/ME-597/lab2ws/install/task_3_interfaces/share/task_3_interfaces/environment/path.dsv
[0.240s] -- Up-to-date: /home/me597/ME-597/lab2ws/install/task_3_interfaces/share/task_3_interfaces/local_setup.bash
[0.245s] -- Up-to-date: /home/me597/ME-597/lab2ws/install/task_3_interfaces/share/task_3_interfaces/local_setup.sh
[0.246s] -- Up-to-date: /home/me597/ME-597/lab2ws/install/task_3_interfaces/share/task_3_interfaces/local_setup.zsh
[0.246s] -- Up-to-date: /home/me597/ME-597/lab2ws/install/task_3_interfaces/share/task_3_interfaces/local_setup.dsv
[0.246s] -- Installing: /home/me597/ME-597/lab2ws/install/task_3_interfaces/share/task_3_interfaces/package.dsv
[0.246s] -- Up-to-date: /home/me597/ME-597/lab2ws/install/task_3_interfaces/share/ament_index/resource_index/packages/task_3_interfaces
[0.246s] -- Up-to-date: /home/me597/ME-597/lab2ws/install/task_3_interfaces/share/task_3_interfaces/cmake/task_3_interfacesConfig.cmake
[0.246s] -- Up-to-date: /home/me597/ME-597/lab2ws/install/task_3_interfaces/share/task_3_interfaces/cmake/task_3_interfacesConfig-version.cmake
[0.246s] -- Up-to-date: /home/me597/ME-597/lab2ws/install/task_3_interfaces/share/task_3_interfaces/package.xml
[0.246s] Invoked command in '/home/me597/ME-597/lab2ws/build/task_3_interfaces' returned '0': CMAKE_PREFIX_PATH=${CMAKE_PREFIX_PATH}:/home/me597/ME-597/lab2ws/install/task_3:/opt/ros/humble /usr/bin/cmake --install /home/me597/ME-597/lab2ws/build/task_3_interfaces
