[0.247s] Invoking command in '/home/me597/ME-597/lab2ws/build/task_3_interfaces': CMAKE_PREFIX_PATH=/opt/ros/humble /usr/bin/cmake /home/me597/ME-597/lab2ws/src/task_3_interfaces -DCMAKE_INSTALL_PREFIX=/home/me597/ME-597/lab2ws/install/task_3_interfaces
[0.560s] -- The C compiler identification is GNU 11.4.0
[0.849s] -- The CXX compiler identification is GNU 11.4.0
[0.888s] -- Detecting C compiler ABI info
[1.119s] -- Detecting C compiler ABI info - done
[1.129s] -- Check for working C compiler: /usr/bin/cc - skipped
[1.133s] -- Detecting C compile features
[1.135s] -- Detecting C compile features - done
[1.145s] -- Detecting CXX compiler ABI info
[1.301s] -- Detecting CXX compiler ABI info - done
[1.311s] -- Check for working CXX compiler: /usr/bin/c++ - skipped
[1.312s] -- Detecting CXX compile features
[1.314s] -- Detecting CXX compile features - done
[1.320s] -- Found ament_cmake: 1.3.11 (/opt/ros/humble/share/ament_cmake/cmake)
[1.542s] -- Found Python3: /usr/bin/python3 (found version "3.10.12") found components: Interpreter 
[1.716s] -- Found ament_lint_auto: 0.12.11 (/opt/ros/humble/share/ament_lint_auto/cmake)
[1.864s] -- Added test 'lint_cmake' to check CMake code style
[1.869s] -- Added test 'xmllint' to check XML markup files
[1.874s] -- Configuring done
[1.876s] -- Generating done
[1.880s] -- Build files have been written to: /home/me597/ME-597/lab2ws/build/task_3_interfaces
[1.889s] Invoked command in '/home/me597/ME-597/lab2ws/build/task_3_interfaces' returned '0': CMAKE_PREFIX_PATH=/opt/ros/humble /usr/bin/cmake /home/me597/ME-597/lab2ws/src/task_3_interfaces -DCMAKE_INSTALL_PREFIX=/home/me597/ME-597/lab2ws/install/task_3_interfaces
[1.890s] Invoking command in '/home/me597/ME-597/lab2ws/build/task_3_interfaces': CMAKE_PREFIX_PATH=/opt/ros/humble /usr/bin/cmake --build /home/me597/ME-597/lab2ws/build/task_3_interfaces -- -j2 -l2
[1.953s] Invoked command in '/home/me597/ME-597/lab2ws/build/task_3_interfaces' returned '0': CMAKE_PREFIX_PATH=/opt/ros/humble /usr/bin/cmake --build /home/me597/ME-597/lab2ws/build/task_3_interfaces -- -j2 -l2
[1.967s] Invoking command in '/home/me597/ME-597/lab2ws/build/task_3_interfaces': CMAKE_PREFIX_PATH=/opt/ros/humble /usr/bin/cmake --install /home/me597/ME-597/lab2ws/build/task_3_interfaces
[1.983s] -- Install configuration: ""
[1.983s] -- Installing: /home/me597/ME-597/lab2ws/install/task_3_interfaces/share/ament_index/resource_index/package_run_dependencies/task_3_interfaces
[1.984s] -- Installing: /home/me597/ME-597/lab2ws/install/task_3_interfaces/share/ament_index/resource_index/parent_prefix_path/task_3_interfaces
[1.985s] -- Installing: /home/me597/ME-597/lab2ws/install/task_3_interfaces/share/task_3_interfaces/environment/ament_prefix_path.sh
[1.985s] -- Installing: /home/me597/ME-597/lab2ws/install/task_3_interfaces/share/task_3_interfaces/environment/ament_prefix_path.dsv
[1.985s] -- Installing: /home/me597/ME-597/lab2ws/install/task_3_interfaces/share/task_3_interfaces/environment/path.sh
[1.985s] -- Installing: /home/me597/ME-597/lab2ws/install/task_3_interfaces/share/task_3_interfaces/environment/path.dsv
[1.985s] -- Installing: /home/me597/ME-597/lab2ws/install/task_3_interfaces/share/task_3_interfaces/local_setup.bash
[1.987s] -- Installing: /home/me597/ME-597/lab2ws/install/task_3_interfaces/share/task_3_interfaces/local_setup.sh
[1.987s] -- Installing: /home/me597/ME-597/lab2ws/install/task_3_interfaces/share/task_3_interfaces/local_setup.zsh
[1.987s] -- Installing: /home/me597/ME-597/lab2ws/install/task_3_interfaces/share/task_3_interfaces/local_setup.dsv
[1.987s] -- Installing: /home/me597/ME-597/lab2ws/install/task_3_interfaces/share/task_3_interfaces/package.dsv
[1.988s] -- Installing: /home/me597/ME-597/lab2ws/install/task_3_interfaces/share/ament_index/resource_index/packages/task_3_interfaces
[1.988s] -- Installing: /home/me597/ME-597/lab2ws/install/task_3_interfaces/share/task_3_interfaces/cmake/task_3_interfacesConfig.cmake
[1.988s] -- Installing: /home/me597/ME-597/lab2ws/install/task_3_interfaces/share/task_3_interfaces/cmake/task_3_interfacesConfig-version.cmake
[1.988s] -- Installing: /home/me597/ME-597/lab2ws/install/task_3_interfaces/share/task_3_interfaces/package.xml
[1.989s] Invoked command in '/home/me597/ME-597/lab2ws/build/task_3_interfaces' returned '0': CMAKE_PREFIX_PATH=/opt/ros/humble /usr/bin/cmake --install /home/me597/ME-597/lab2ws/build/task_3_interfaces
