[0.425s] Invoking command in '/home/me597/ME-597/lab3ws/src/task_4': PYTHONPATH=/home/me597/ME-597/lab3ws/build/task_4/prefix_override:/usr/lib/python3/dist-packages/colcon_core/task/python/colcon_distutils_commands:/home/me597/ME-597/lab3ws/install/task_4/lib/python3.10/site-packages:${PYTHONPATH} /usr/bin/python3 -W ignore:setup.py install is deprecated -W ignore:easy_install command is deprecated setup.py egg_info --egg-base ../../build/task_4 build --build-base /home/me597/ME-597/lab3ws/build/task_4/build install --record /home/me597/ME-597/lab3ws/build/task_4/install.log --single-version-externally-managed install_data
[0.606s] running egg_info
[0.606s] writing ../../build/task_4/task_4.egg-info/PKG-INFO
[0.606s] writing dependency_links to ../../build/task_4/task_4.egg-info/dependency_links.txt
[0.606s] writing entry points to ../../build/task_4/task_4.egg-info/entry_points.txt
[0.606s] writing requirements to ../../build/task_4/task_4.egg-info/requires.txt
[0.606s] writing top-level names to ../../build/task_4/task_4.egg-info/top_level.txt
[0.608s] reading manifest file '../../build/task_4/task_4.egg-info/SOURCES.txt'
[0.608s] adding license file 'LICENSE'
[0.609s] writing manifest file '../../build/task_4/task_4.egg-info/SOURCES.txt'
[0.609s] running build
[0.609s] running build_py
[0.609s] copying task_4/code_store.py -> /home/me597/ME-597/lab3ws/build/task_4/build/lib/task_4
[0.610s] copying task_4/auto_navigator.py -> /home/me597/ME-597/lab3ws/build/task_4/build/lib/task_4
[0.612s] running install
[0.612s] running install_lib
[0.612s] copying /home/me597/ME-597/lab3ws/build/task_4/build/lib/task_4/code_store.py -> /home/me597/ME-597/lab3ws/install/task_4/lib/python3.10/site-packages/task_4
[0.612s] copying /home/me597/ME-597/lab3ws/build/task_4/build/lib/task_4/auto_navigator.py -> /home/me597/ME-597/lab3ws/install/task_4/lib/python3.10/site-packages/task_4
[0.612s] byte-compiling /home/me597/ME-597/lab3ws/install/task_4/lib/python3.10/site-packages/task_4/code_store.py to code_store.cpython-310.pyc
[0.614s] Sorry: IndentationError: unindent does not match any outer indentation level (code_store.py, line 176)
[0.614s] byte-compiling /home/me597/ME-597/lab3ws/install/task_4/lib/python3.10/site-packages/task_4/auto_navigator.py to auto_navigator.cpython-310.pyc
[0.619s] running install_data
[0.619s] running install_egg_info
[0.622s] removing '/home/me597/ME-597/lab3ws/install/task_4/lib/python3.10/site-packages/task_4-0.0.0-py3.10.egg-info' (and everything under it)
[0.623s] Copying ../../build/task_4/task_4.egg-info to /home/me597/ME-597/lab3ws/install/task_4/lib/python3.10/site-packages/task_4-0.0.0-py3.10.egg-info
[0.623s] running install_scripts
[0.637s] Installing auto_navigator script to /home/me597/ME-597/lab3ws/install/task_4/lib/task_4
[0.638s] writing list of installed files to '/home/me597/ME-597/lab3ws/build/task_4/install.log'
[0.654s] Invoked command in '/home/me597/ME-597/lab3ws/src/task_4' returned '0': PYTHONPATH=/home/me597/ME-597/lab3ws/build/task_4/prefix_override:/usr/lib/python3/dist-packages/colcon_core/task/python/colcon_distutils_commands:/home/me597/ME-597/lab3ws/install/task_4/lib/python3.10/site-packages:${PYTHONPATH} /usr/bin/python3 -W ignore:setup.py install is deprecated -W ignore:easy_install command is deprecated setup.py egg_info --egg-base ../../build/task_4 build --build-base /home/me597/ME-597/lab3ws/build/task_4/build install --record /home/me597/ME-597/lab3ws/build/task_4/install.log --single-version-externally-managed install_data
