[0.243s] Invoking command in '/home/me597/ME-597/lab2ws/build/task_3_interfaces': CMAKE_PREFIX_PATH=${CMAKE_PREFIX_PATH}:/home/me597/ME-597/lab2ws/install/task_3:/opt/ros/humble /usr/bin/cmake --build /home/me597/ME-597/lab2ws/build/task_3_interfaces -- -j2 -l2
[0.355s] Invoked command in '/home/me597/ME-597/lab2ws/build/task_3_interfaces' returned '0': CMAKE_PREFIX_PATH=${CMAKE_PREFIX_PATH}:/home/me597/ME-597/lab2ws/install/task_3:/opt/ros/humble /usr/bin/cmake --build /home/me597/ME-597/lab2ws/build/task_3_interfaces -- -j2 -l2
[0.366s] Invoking command in '/home/me597/ME-597/lab2ws/build/task_3_interfaces': CMAKE_PREFIX_PATH=${CMAKE_PREFIX_PATH}:/home/me597/ME-597/lab2ws/install/task_3:/opt/ros/humble /usr/bin/cmake --install /home/me597/ME-597/lab2ws/build/task_3_interfaces
[0.374s] -- Install configuration: ""
[0.375s] -- Up-to-date: /home/me597/ME-597/lab2ws/install/task_3_interfaces/share/ament_index/resource_index/package_run_dependencies/task_3_interfaces
[0.375s] -- Up-to-date: /home/me597/ME-597/lab2ws/install/task_3_interfaces/share/ament_index/resource_index/parent_prefix_path/task_3_interfaces
[0.377s] -- Up-to-date: /home/me597/ME-597/lab2ws/install/task_3_interfaces/share/task_3_interfaces/environment/ament_prefix_path.sh
[0.378s] -- Up-to-date: /home/me597/ME-597/lab2ws/install/task_3_interfaces/share/task_3_interfaces/environment/ament_prefix_path.dsv
[0.378s] -- Up-to-date: /home/me597/ME-597/lab2ws/install/task_3_interfaces/share/task_3_interfaces/environment/path.sh
[0.378s] -- Up-to-date: /home/me597/ME-597/lab2ws/install/task_3_interfaces/share/task_3_interfaces/environment/path.dsv
[0.378s] -- Up-to-date: /home/me597/ME-597/lab2ws/install/task_3_interfaces/share/task_3_interfaces/local_setup.bash
[0.378s] -- Up-to-date: /home/me597/ME-597/lab2ws/install/task_3_interfaces/share/task_3_interfaces/local_setup.sh
[0.378s] -- Up-to-date: /home/me597/ME-597/lab2ws/install/task_3_interfaces/share/task_3_interfaces/local_setup.zsh
[0.379s] -- Up-to-date: /home/me597/ME-597/lab2ws/install/task_3_interfaces/share/task_3_interfaces/local_setup.dsv
[0.379s] -- Installing: /home/me597/ME-597/lab2ws/install/task_3_interfaces/share/task_3_interfaces/package.dsv
[0.380s] -- Up-to-date: /home/me597/ME-597/lab2ws/install/task_3_interfaces/share/ament_index/resource_index/packages/task_3_interfaces
[0.380s] -- Up-to-date: /home/me597/ME-597/lab2ws/install/task_3_interfaces/share/task_3_interfaces/cmake/task_3_interfacesConfig.cmake
[0.382s] -- Up-to-date: /home/me597/ME-597/lab2ws/install/task_3_interfaces/share/task_3_interfaces/cmake/task_3_interfacesConfig-version.cmake
[0.382s] -- Up-to-date: /home/me597/ME-597/lab2ws/install/task_3_interfaces/share/task_3_interfaces/package.xml
[0.393s] Invoked command in '/home/me597/ME-597/lab2ws/build/task_3_interfaces' returned '0': CMAKE_PREFIX_PATH=${CMAKE_PREFIX_PATH}:/home/me597/ME-597/lab2ws/install/task_3:/opt/ros/humble /usr/bin/cmake --install /home/me597/ME-597/lab2ws/build/task_3_interfaces
