[0.013s] Invoking command in '/home/me597/ME-597/Lab1ws/build/task_2_interfaces': CMAKE_PREFIX_PATH=/opt/ros/humble /usr/bin/cmake --build /home/me597/ME-597/Lab1ws/build/task_2_interfaces -- -j2 -l2
[0.063s] [ 10%] Built target task_2_interfaces__rosidl_generator_c
[0.063s] [ 12%] Built target task_2_interfaces__cpp
[0.083s] [ 23%] Built target task_2_interfaces__rosidl_typesupport_cpp
[0.096s] [ 23%] Built target ament_cmake_python_copy_task_2_interfaces
[0.117s] [ 33%] Built target task_2_interfaces__rosidl_typesupport_fastrtps_c
[0.134s] [ 43%] Built target task_2_interfaces__rosidl_typesupport_introspection_c
[0.151s] [ 53%] Built target task_2_interfaces__rosidl_typesupport_fastrtps_cpp
[0.172s] [ 64%] Built target task_2_interfaces__rosidl_typesupport_c
[0.175s] [ 74%] Built target task_2_interfaces__rosidl_typesupport_introspection_cpp
[0.190s] [ 74%] Built target task_2_interfaces
[0.207s] [ 76%] Built target task_2_interfaces__py
[0.221s] [ 84%] Built target task_2_interfaces__rosidl_generator_py
[0.239s] [ 89%] Built target task_2_interfaces__rosidl_typesupport_fastrtps_c__pyext
[0.254s] [ 94%] Built target task_2_interfaces__rosidl_typesupport_introspection_c__pyext
[0.269s] [100%] Built target task_2_interfaces__rosidl_typesupport_c__pyext
[0.410s] running egg_info
[0.411s] writing task_2_interfaces.egg-info/PKG-INFO
[0.412s] writing dependency_links to task_2_interfaces.egg-info/dependency_links.txt
[0.413s] writing top-level names to task_2_interfaces.egg-info/top_level.txt
[0.416s] reading manifest file 'task_2_interfaces.egg-info/SOURCES.txt'
[0.418s] writing manifest file 'task_2_interfaces.egg-info/SOURCES.txt'
[0.444s] [100%] Built target ament_cmake_python_build_task_2_interfaces_egg
[0.462s] Invoked command in '/home/me597/ME-597/Lab1ws/build/task_2_interfaces' returned '0': CMAKE_PREFIX_PATH=/opt/ros/humble /usr/bin/cmake --build /home/me597/ME-597/Lab1ws/build/task_2_interfaces -- -j2 -l2
[0.470s] Invoking command in '/home/me597/ME-597/Lab1ws/build/task_2_interfaces': CMAKE_PREFIX_PATH=/opt/ros/humble /usr/bin/cmake --install /home/me597/ME-597/Lab1ws/build/task_2_interfaces
[0.474s] -- Install configuration: ""
[0.475s] -- Up-to-date: /home/me597/ME-597/Lab1ws/install/task_2_interfaces/share/ament_index/resource_index/rosidl_interfaces/task_2_interfaces
[0.475s] -- Up-to-date: /home/me597/ME-597/Lab1ws/install/task_2_interfaces/include/task_2_interfaces/task_2_interfaces
[0.476s] -- Up-to-date: /home/me597/ME-597/Lab1ws/install/task_2_interfaces/include/task_2_interfaces/task_2_interfaces/msg
[0.476s] -- Up-to-date: /home/me597/ME-597/Lab1ws/install/task_2_interfaces/include/task_2_interfaces/task_2_interfaces/msg/joint_data.h
[0.476s] -- Up-to-date: /home/me597/ME-597/Lab1ws/install/task_2_interfaces/include/task_2_interfaces/task_2_interfaces/msg/rosidl_generator_c__visibility_control.h
[0.477s] -- Up-to-date: /home/me597/ME-597/Lab1ws/install/task_2_interfaces/include/task_2_interfaces/task_2_interfaces/msg/detail
[0.483s] -- Up-to-date: /home/me597/ME-597/Lab1ws/install/task_2_interfaces/include/task_2_interfaces/task_2_interfaces/msg/detail/joint_data__functions.h
[0.483s] -- Up-to-date: /home/me597/ME-597/Lab1ws/install/task_2_interfaces/include/task_2_interfaces/task_2_interfaces/msg/detail/joint_data__struct.h
[0.483s] -- Up-to-date: /home/me597/ME-597/Lab1ws/install/task_2_interfaces/include/task_2_interfaces/task_2_interfaces/msg/detail/joint_data__functions.c
[0.483s] -- Up-to-date: /home/me597/ME-597/Lab1ws/install/task_2_interfaces/include/task_2_interfaces/task_2_interfaces/msg/detail/joint_data__type_support.h
[0.483s] -- Up-to-date: /home/me597/ME-597/Lab1ws/install/task_2_interfaces/include/task_2_interfaces/task_2_interfaces/srv
[0.484s] -- Up-to-date: /home/me597/ME-597/Lab1ws/install/task_2_interfaces/include/task_2_interfaces/task_2_interfaces/srv/detail
[0.484s] -- Up-to-date: /home/me597/ME-597/Lab1ws/install/task_2_interfaces/include/task_2_interfaces/task_2_interfaces/srv/detail/joint_state__functions.h
[0.484s] -- Up-to-date: /home/me597/ME-597/Lab1ws/install/task_2_interfaces/include/task_2_interfaces/task_2_interfaces/srv/detail/joint_state__functions.c
[0.484s] -- Up-to-date: /home/me597/ME-597/Lab1ws/install/task_2_interfaces/include/task_2_interfaces/task_2_interfaces/srv/detail/joint_state__type_support.h
[0.484s] -- Up-to-date: /home/me597/ME-597/Lab1ws/install/task_2_interfaces/include/task_2_interfaces/task_2_interfaces/srv/detail/joint_state__struct.h
[0.484s] -- Up-to-date: /home/me597/ME-597/Lab1ws/install/task_2_interfaces/include/task_2_interfaces/task_2_interfaces/srv/joint_state.h
[0.484s] -- Up-to-date: /home/me597/ME-597/Lab1ws/install/task_2_interfaces/share/task_2_interfaces/environment/library_path.sh
[0.484s] -- Up-to-date: /home/me597/ME-597/Lab1ws/install/task_2_interfaces/share/task_2_interfaces/environment/library_path.dsv
[0.484s] -- Up-to-date: /home/me597/ME-597/Lab1ws/install/task_2_interfaces/lib/libtask_2_interfaces__rosidl_generator_c.so
[0.484s] -- Up-to-date: /home/me597/ME-597/Lab1ws/install/task_2_interfaces/include/task_2_interfaces/task_2_interfaces
[0.484s] -- Up-to-date: /home/me597/ME-597/Lab1ws/install/task_2_interfaces/include/task_2_interfaces/task_2_interfaces/msg
[0.484s] -- Up-to-date: /home/me597/ME-597/Lab1ws/install/task_2_interfaces/include/task_2_interfaces/task_2_interfaces/msg/detail
[0.484s] -- Up-to-date: /home/me597/ME-597/Lab1ws/install/task_2_interfaces/include/task_2_interfaces/task_2_interfaces/msg/detail/joint_data__rosidl_typesupport_fastrtps_c.h
[0.484s] -- Up-to-date: /home/me597/ME-597/Lab1ws/install/task_2_interfaces/include/task_2_interfaces/task_2_interfaces/msg/rosidl_typesupport_fastrtps_c__visibility_control.h
[0.484s] -- Up-to-date: /home/me597/ME-597/Lab1ws/install/task_2_interfaces/include/task_2_interfaces/task_2_interfaces/srv
[0.484s] -- Up-to-date: /home/me597/ME-597/Lab1ws/install/task_2_interfaces/include/task_2_interfaces/task_2_interfaces/srv/detail
[0.484s] -- Up-to-date: /home/me597/ME-597/Lab1ws/install/task_2_interfaces/include/task_2_interfaces/task_2_interfaces/srv/detail/joint_state__rosidl_typesupport_fastrtps_c.h
[0.484s] -- Up-to-date: /home/me597/ME-597/Lab1ws/install/task_2_interfaces/lib/libtask_2_interfaces__rosidl_typesupport_fastrtps_c.so
[0.484s] -- Up-to-date: /home/me597/ME-597/Lab1ws/install/task_2_interfaces/include/task_2_interfaces/task_2_interfaces
[0.484s] -- Up-to-date: /home/me597/ME-597/Lab1ws/install/task_2_interfaces/include/task_2_interfaces/task_2_interfaces/msg
[0.484s] -- Up-to-date: /home/me597/ME-597/Lab1ws/install/task_2_interfaces/include/task_2_interfaces/task_2_interfaces/msg/rosidl_generator_cpp__visibility_control.hpp
[0.484s] -- Up-to-date: /home/me597/ME-597/Lab1ws/install/task_2_interfaces/include/task_2_interfaces/task_2_interfaces/msg/detail
[0.484s] -- Up-to-date: /home/me597/ME-597/Lab1ws/install/task_2_interfaces/include/task_2_interfaces/task_2_interfaces/msg/detail/joint_data__type_support.hpp
[0.484s] -- Up-to-date: /home/me597/ME-597/Lab1ws/install/task_2_interfaces/include/task_2_interfaces/task_2_interfaces/msg/detail/joint_data__builder.hpp
[0.484s] -- Up-to-date: /home/me597/ME-597/Lab1ws/install/task_2_interfaces/include/task_2_interfaces/task_2_interfaces/msg/detail/joint_data__struct.hpp
[0.484s] -- Up-to-date: /home/me597/ME-597/Lab1ws/install/task_2_interfaces/include/task_2_interfaces/task_2_interfaces/msg/detail/joint_data__traits.hpp
[0.484s] -- Up-to-date: /home/me597/ME-597/Lab1ws/install/task_2_interfaces/include/task_2_interfaces/task_2_interfaces/msg/joint_data.hpp
[0.484s] -- Up-to-date: /home/me597/ME-597/Lab1ws/install/task_2_interfaces/include/task_2_interfaces/task_2_interfaces/srv
[0.484s] -- Up-to-date: /home/me597/ME-597/Lab1ws/install/task_2_interfaces/include/task_2_interfaces/task_2_interfaces/srv/detail
[0.484s] -- Up-to-date: /home/me597/ME-597/Lab1ws/install/task_2_interfaces/include/task_2_interfaces/task_2_interfaces/srv/detail/joint_state__traits.hpp
[0.484s] -- Up-to-date: /home/me597/ME-597/Lab1ws/install/task_2_interfaces/include/task_2_interfaces/task_2_interfaces/srv/detail/joint_state__type_support.hpp
[0.485s] -- Up-to-date: /home/me597/ME-597/Lab1ws/install/task_2_interfaces/include/task_2_interfaces/task_2_interfaces/srv/detail/joint_state__builder.hpp
[0.485s] -- Up-to-date: /home/me597/ME-597/Lab1ws/install/task_2_interfaces/include/task_2_interfaces/task_2_interfaces/srv/detail/joint_state__struct.hpp
[0.485s] -- Up-to-date: /home/me597/ME-597/Lab1ws/install/task_2_interfaces/include/task_2_interfaces/task_2_interfaces/srv/joint_state.hpp
[0.485s] -- Up-to-date: /home/me597/ME-597/Lab1ws/install/task_2_interfaces/include/task_2_interfaces/task_2_interfaces
[0.485s] -- Up-to-date: /home/me597/ME-597/Lab1ws/install/task_2_interfaces/include/task_2_interfaces/task_2_interfaces/msg
[0.485s] -- Up-to-date: /home/me597/ME-597/Lab1ws/install/task_2_interfaces/include/task_2_interfaces/task_2_interfaces/msg/detail
[0.485s] -- Up-to-date: /home/me597/ME-597/Lab1ws/install/task_2_interfaces/include/task_2_interfaces/task_2_interfaces/msg/detail/joint_data__rosidl_typesupport_fastrtps_cpp.hpp
[0.485s] -- Up-to-date: /home/me597/ME-597/Lab1ws/install/task_2_interfaces/include/task_2_interfaces/task_2_interfaces/msg/detail/dds_fastrtps
[0.485s] -- Up-to-date: /home/me597/ME-597/Lab1ws/install/task_2_interfaces/include/task_2_interfaces/task_2_interfaces/msg/rosidl_typesupport_fastrtps_cpp__visibility_control.h
[0.485s] -- Up-to-date: /home/me597/ME-597/Lab1ws/install/task_2_interfaces/include/task_2_interfaces/task_2_interfaces/srv
[0.485s] -- Up-to-date: /home/me597/ME-597/Lab1ws/install/task_2_interfaces/include/task_2_interfaces/task_2_interfaces/srv/detail
[0.485s] -- Up-to-date: /home/me597/ME-597/Lab1ws/install/task_2_interfaces/include/task_2_interfaces/task_2_interfaces/srv/detail/joint_state__rosidl_typesupport_fastrtps_cpp.hpp
[0.485s] -- Up-to-date: /home/me597/ME-597/Lab1ws/install/task_2_interfaces/include/task_2_interfaces/task_2_interfaces/srv/detail/dds_fastrtps
[0.485s] -- Up-to-date: /home/me597/ME-597/Lab1ws/install/task_2_interfaces/lib/libtask_2_interfaces__rosidl_typesupport_fastrtps_cpp.so
[0.485s] -- Up-to-date: /home/me597/ME-597/Lab1ws/install/task_2_interfaces/include/task_2_interfaces/task_2_interfaces
[0.485s] -- Up-to-date: /home/me597/ME-597/Lab1ws/install/task_2_interfaces/include/task_2_interfaces/task_2_interfaces/msg
[0.489s] -- Up-to-date: /home/me597/ME-597/Lab1ws/install/task_2_interfaces/include/task_2_interfaces/task_2_interfaces/msg/rosidl_typesupport_introspection_c__visibility_control.h
[0.489s] -- Up-to-date: /home/me597/ME-597/Lab1ws/install/task_2_interfaces/include/task_2_interfaces/task_2_interfaces/msg/detail
[0.491s] -- Up-to-date: /home/me597/ME-597/Lab1ws/install/task_2_interfaces/include/task_2_interfaces/task_2_interfaces/msg/detail/joint_data__rosidl_typesupport_introspection_c.h
[0.491s] -- Up-to-date: /home/me597/ME-597/Lab1ws/install/task_2_interfaces/include/task_2_interfaces/task_2_interfaces/msg/detail/joint_data__type_support.c
[0.491s] -- Up-to-date: /home/me597/ME-597/Lab1ws/install/task_2_interfaces/include/task_2_interfaces/task_2_interfaces/srv
[0.491s] -- Up-to-date: /home/me597/ME-597/Lab1ws/install/task_2_interfaces/include/task_2_interfaces/task_2_interfaces/srv/detail
[0.491s] -- Up-to-date: /home/me597/ME-597/Lab1ws/install/task_2_interfaces/include/task_2_interfaces/task_2_interfaces/srv/detail/joint_state__rosidl_typesupport_introspection_c.h
[0.491s] -- Up-to-date: /home/me597/ME-597/Lab1ws/install/task_2_interfaces/include/task_2_interfaces/task_2_interfaces/srv/detail/joint_state__type_support.c
[0.491s] -- Up-to-date: /home/me597/ME-597/Lab1ws/install/task_2_interfaces/lib/libtask_2_interfaces__rosidl_typesupport_introspection_c.so
[0.491s] -- Up-to-date: /home/me597/ME-597/Lab1ws/install/task_2_interfaces/lib/libtask_2_interfaces__rosidl_typesupport_c.so
[0.491s] -- Up-to-date: /home/me597/ME-597/Lab1ws/install/task_2_interfaces/include/task_2_interfaces/task_2_interfaces
[0.492s] -- Up-to-date: /home/me597/ME-597/Lab1ws/install/task_2_interfaces/include/task_2_interfaces/task_2_interfaces/msg
[0.492s] -- Up-to-date: /home/me597/ME-597/Lab1ws/install/task_2_interfaces/include/task_2_interfaces/task_2_interfaces/msg/detail
[0.492s] -- Up-to-date: /home/me597/ME-597/Lab1ws/install/task_2_interfaces/include/task_2_interfaces/task_2_interfaces/msg/detail/joint_data__rosidl_typesupport_introspection_cpp.hpp
[0.492s] -- Up-to-date: /home/me597/ME-597/Lab1ws/install/task_2_interfaces/include/task_2_interfaces/task_2_interfaces/msg/detail/joint_data__type_support.cpp
[0.492s] -- Up-to-date: /home/me597/ME-597/Lab1ws/install/task_2_interfaces/include/task_2_interfaces/task_2_interfaces/srv
[0.492s] -- Up-to-date: /home/me597/ME-597/Lab1ws/install/task_2_interfaces/include/task_2_interfaces/task_2_interfaces/srv/detail
[0.492s] -- Up-to-date: /home/me597/ME-597/Lab1ws/install/task_2_interfaces/include/task_2_interfaces/task_2_interfaces/srv/detail/joint_state__rosidl_typesupport_introspection_cpp.hpp
[0.492s] -- Up-to-date: /home/me597/ME-597/Lab1ws/install/task_2_interfaces/include/task_2_interfaces/task_2_interfaces/srv/detail/joint_state__type_support.cpp
[0.492s] -- Up-to-date: /home/me597/ME-597/Lab1ws/install/task_2_interfaces/lib/libtask_2_interfaces__rosidl_typesupport_introspection_cpp.so
[0.492s] -- Up-to-date: /home/me597/ME-597/Lab1ws/install/task_2_interfaces/lib/libtask_2_interfaces__rosidl_typesupport_cpp.so
[0.492s] -- Up-to-date: /home/me597/ME-597/Lab1ws/install/task_2_interfaces/share/task_2_interfaces/environment/pythonpath.sh
[0.492s] -- Up-to-date: /home/me597/ME-597/Lab1ws/install/task_2_interfaces/share/task_2_interfaces/environment/pythonpath.dsv
[0.492s] -- Up-to-date: /home/me597/ME-597/Lab1ws/install/task_2_interfaces/local/lib/python3.10/dist-packages/task_2_interfaces-0.0.0-py3.10.egg-info
[0.492s] -- Installing: /home/me597/ME-597/Lab1ws/install/task_2_interfaces/local/lib/python3.10/dist-packages/task_2_interfaces-0.0.0-py3.10.egg-info/top_level.txt
[0.492s] -- Installing: /home/me597/ME-597/Lab1ws/install/task_2_interfaces/local/lib/python3.10/dist-packages/task_2_interfaces-0.0.0-py3.10.egg-info/SOURCES.txt
[0.492s] -- Installing: /home/me597/ME-597/Lab1ws/install/task_2_interfaces/local/lib/python3.10/dist-packages/task_2_interfaces-0.0.0-py3.10.egg-info/dependency_links.txt
[0.492s] -- Installing: /home/me597/ME-597/Lab1ws/install/task_2_interfaces/local/lib/python3.10/dist-packages/task_2_interfaces-0.0.0-py3.10.egg-info/PKG-INFO
[0.492s] -- Up-to-date: /home/me597/ME-597/Lab1ws/install/task_2_interfaces/local/lib/python3.10/dist-packages/task_2_interfaces
[0.492s] -- Up-to-date: /home/me597/ME-597/Lab1ws/install/task_2_interfaces/local/lib/python3.10/dist-packages/task_2_interfaces/_task_2_interfaces_s.ep.rosidl_typesupport_fastrtps_c.c
[0.492s] -- Up-to-date: /home/me597/ME-597/Lab1ws/install/task_2_interfaces/local/lib/python3.10/dist-packages/task_2_interfaces/task_2_interfaces_s__rosidl_typesupport_fastrtps_c.cpython-310-x86_64-linux-gnu.so
[0.492s] -- Up-to-date: /home/me597/ME-597/Lab1ws/install/task_2_interfaces/local/lib/python3.10/dist-packages/task_2_interfaces/_task_2_interfaces_s.ep.rosidl_typesupport_c.c
[0.492s] -- Up-to-date: /home/me597/ME-597/Lab1ws/install/task_2_interfaces/local/lib/python3.10/dist-packages/task_2_interfaces/msg
[0.492s] -- Up-to-date: /home/me597/ME-597/Lab1ws/install/task_2_interfaces/local/lib/python3.10/dist-packages/task_2_interfaces/msg/_joint_data.py
[0.492s] -- Up-to-date: /home/me597/ME-597/Lab1ws/install/task_2_interfaces/local/lib/python3.10/dist-packages/task_2_interfaces/msg/_joint_data_s.c
[0.492s] -- Up-to-date: /home/me597/ME-597/Lab1ws/install/task_2_interfaces/local/lib/python3.10/dist-packages/task_2_interfaces/msg/__init__.py
[0.492s] -- Up-to-date: /home/me597/ME-597/Lab1ws/install/task_2_interfaces/local/lib/python3.10/dist-packages/task_2_interfaces/task_2_interfaces_s__rosidl_typesupport_introspection_c.cpython-310-x86_64-linux-gnu.so
[0.493s] -- Up-to-date: /home/me597/ME-597/Lab1ws/install/task_2_interfaces/local/lib/python3.10/dist-packages/task_2_interfaces/task_2_interfaces_s__rosidl_typesupport_c.cpython-310-x86_64-linux-gnu.so
[0.493s] -- Up-to-date: /home/me597/ME-597/Lab1ws/install/task_2_interfaces/local/lib/python3.10/dist-packages/task_2_interfaces/__init__.py
[0.493s] -- Up-to-date: /home/me597/ME-597/Lab1ws/install/task_2_interfaces/local/lib/python3.10/dist-packages/task_2_interfaces/libtask_2_interfaces__rosidl_generator_py.so
[0.493s] -- Up-to-date: /home/me597/ME-597/Lab1ws/install/task_2_interfaces/local/lib/python3.10/dist-packages/task_2_interfaces/_task_2_interfaces_s.ep.rosidl_typesupport_introspection_c.c
[0.493s] -- Up-to-date: /home/me597/ME-597/Lab1ws/install/task_2_interfaces/local/lib/python3.10/dist-packages/task_2_interfaces/srv
[0.493s] -- Up-to-date: /home/me597/ME-597/Lab1ws/install/task_2_interfaces/local/lib/python3.10/dist-packages/task_2_interfaces/srv/_joint_state.py
[0.493s] -- Up-to-date: /home/me597/ME-597/Lab1ws/install/task_2_interfaces/local/lib/python3.10/dist-packages/task_2_interfaces/srv/_joint_state_s.c
[0.493s] -- Up-to-date: /home/me597/ME-597/Lab1ws/install/task_2_interfaces/local/lib/python3.10/dist-packages/task_2_interfaces/srv/__init__.py
[0.528s] Listing '/home/me597/ME-597/Lab1ws/install/task_2_interfaces/local/lib/python3.10/dist-packages/task_2_interfaces'...
[0.528s] Listing '/home/me597/ME-597/Lab1ws/install/task_2_interfaces/local/lib/python3.10/dist-packages/task_2_interfaces/msg'...
[0.528s] Listing '/home/me597/ME-597/Lab1ws/install/task_2_interfaces/local/lib/python3.10/dist-packages/task_2_interfaces/srv'...
[0.529s] -- Up-to-date: /home/me597/ME-597/Lab1ws/install/task_2_interfaces/local/lib/python3.10/dist-packages/task_2_interfaces/task_2_interfaces_s__rosidl_typesupport_fastrtps_c.cpython-310-x86_64-linux-gnu.so
[0.530s] -- Up-to-date: /home/me597/ME-597/Lab1ws/install/task_2_interfaces/local/lib/python3.10/dist-packages/task_2_interfaces/task_2_interfaces_s__rosidl_typesupport_introspection_c.cpython-310-x86_64-linux-gnu.so
[0.530s] -- Up-to-date: /home/me597/ME-597/Lab1ws/install/task_2_interfaces/local/lib/python3.10/dist-packages/task_2_interfaces/task_2_interfaces_s__rosidl_typesupport_c.cpython-310-x86_64-linux-gnu.so
[0.530s] -- Up-to-date: /home/me597/ME-597/Lab1ws/install/task_2_interfaces/lib/libtask_2_interfaces__rosidl_generator_py.so
[0.530s] -- Up-to-date: /home/me597/ME-597/Lab1ws/install/task_2_interfaces/share/task_2_interfaces/msg/JointData.idl
[0.530s] -- Up-to-date: /home/me597/ME-597/Lab1ws/install/task_2_interfaces/share/task_2_interfaces/srv/JointState.idl
[0.530s] -- Up-to-date: /home/me597/ME-597/Lab1ws/install/task_2_interfaces/share/task_2_interfaces/msg/JointData.msg
[0.530s] -- Up-to-date: /home/me597/ME-597/Lab1ws/install/task_2_interfaces/share/task_2_interfaces/srv/JointState.srv
[0.530s] -- Up-to-date: /home/me597/ME-597/Lab1ws/install/task_2_interfaces/share/task_2_interfaces/srv/JointState_Request.msg
[0.530s] -- Up-to-date: /home/me597/ME-597/Lab1ws/install/task_2_interfaces/share/task_2_interfaces/srv/JointState_Response.msg
[0.532s] -- Up-to-date: /home/me597/ME-597/Lab1ws/install/task_2_interfaces/share/ament_index/resource_index/package_run_dependencies/task_2_interfaces
[0.532s] -- Up-to-date: /home/me597/ME-597/Lab1ws/install/task_2_interfaces/share/ament_index/resource_index/parent_prefix_path/task_2_interfaces
[0.532s] -- Up-to-date: /home/me597/ME-597/Lab1ws/install/task_2_interfaces/share/task_2_interfaces/environment/ament_prefix_path.sh
[0.532s] -- Up-to-date: /home/me597/ME-597/Lab1ws/install/task_2_interfaces/share/task_2_interfaces/environment/ament_prefix_path.dsv
[0.532s] -- Up-to-date: /home/me597/ME-597/Lab1ws/install/task_2_interfaces/share/task_2_interfaces/environment/path.sh
[0.532s] -- Up-to-date: /home/me597/ME-597/Lab1ws/install/task_2_interfaces/share/task_2_interfaces/environment/path.dsv
[0.532s] -- Up-to-date: /home/me597/ME-597/Lab1ws/install/task_2_interfaces/share/task_2_interfaces/local_setup.bash
[0.532s] -- Up-to-date: /home/me597/ME-597/Lab1ws/install/task_2_interfaces/share/task_2_interfaces/local_setup.sh
[0.532s] -- Up-to-date: /home/me597/ME-597/Lab1ws/install/task_2_interfaces/share/task_2_interfaces/local_setup.zsh
[0.532s] -- Up-to-date: /home/me597/ME-597/Lab1ws/install/task_2_interfaces/share/task_2_interfaces/local_setup.dsv
[0.532s] -- Up-to-date: /home/me597/ME-597/Lab1ws/install/task_2_interfaces/share/task_2_interfaces/package.dsv
[0.533s] -- Up-to-date: /home/me597/ME-597/Lab1ws/install/task_2_interfaces/share/ament_index/resource_index/packages/task_2_interfaces
[0.533s] -- Up-to-date: /home/me597/ME-597/Lab1ws/install/task_2_interfaces/share/task_2_interfaces/cmake/export_task_2_interfaces__rosidl_generator_cExport.cmake
[0.533s] -- Up-to-date: /home/me597/ME-597/Lab1ws/install/task_2_interfaces/share/task_2_interfaces/cmake/export_task_2_interfaces__rosidl_generator_cExport-noconfig.cmake
[0.533s] -- Up-to-date: /home/me597/ME-597/Lab1ws/install/task_2_interfaces/share/task_2_interfaces/cmake/export_task_2_interfaces__rosidl_typesupport_fastrtps_cExport.cmake
[0.533s] -- Up-to-date: /home/me597/ME-597/Lab1ws/install/task_2_interfaces/share/task_2_interfaces/cmake/export_task_2_interfaces__rosidl_typesupport_fastrtps_cExport-noconfig.cmake
[0.533s] -- Up-to-date: /home/me597/ME-597/Lab1ws/install/task_2_interfaces/share/task_2_interfaces/cmake/export_task_2_interfaces__rosidl_generator_cppExport.cmake
[0.533s] -- Up-to-date: /home/me597/ME-597/Lab1ws/install/task_2_interfaces/share/task_2_interfaces/cmake/export_task_2_interfaces__rosidl_typesupport_fastrtps_cppExport.cmake
[0.533s] -- Up-to-date: /home/me597/ME-597/Lab1ws/install/task_2_interfaces/share/task_2_interfaces/cmake/export_task_2_interfaces__rosidl_typesupport_fastrtps_cppExport-noconfig.cmake
[0.533s] -- Up-to-date: /home/me597/ME-597/Lab1ws/install/task_2_interfaces/share/task_2_interfaces/cmake/task_2_interfaces__rosidl_typesupport_introspection_cExport.cmake
[0.533s] -- Up-to-date: /home/me597/ME-597/Lab1ws/install/task_2_interfaces/share/task_2_interfaces/cmake/task_2_interfaces__rosidl_typesupport_introspection_cExport-noconfig.cmake
[0.533s] -- Up-to-date: /home/me597/ME-597/Lab1ws/install/task_2_interfaces/share/task_2_interfaces/cmake/task_2_interfaces__rosidl_typesupport_cExport.cmake
[0.533s] -- Up-to-date: /home/me597/ME-597/Lab1ws/install/task_2_interfaces/share/task_2_interfaces/cmake/task_2_interfaces__rosidl_typesupport_cExport-noconfig.cmake
[0.533s] -- Up-to-date: /home/me597/ME-597/Lab1ws/install/task_2_interfaces/share/task_2_interfaces/cmake/task_2_interfaces__rosidl_typesupport_introspection_cppExport.cmake
[0.533s] -- Up-to-date: /home/me597/ME-597/Lab1ws/install/task_2_interfaces/share/task_2_interfaces/cmake/task_2_interfaces__rosidl_typesupport_introspection_cppExport-noconfig.cmake
[0.533s] -- Up-to-date: /home/me597/ME-597/Lab1ws/install/task_2_interfaces/share/task_2_interfaces/cmake/task_2_interfaces__rosidl_typesupport_cppExport.cmake
[0.533s] -- Up-to-date: /home/me597/ME-597/Lab1ws/install/task_2_interfaces/share/task_2_interfaces/cmake/task_2_interfaces__rosidl_typesupport_cppExport-noconfig.cmake
[0.533s] -- Up-to-date: /home/me597/ME-597/Lab1ws/install/task_2_interfaces/share/task_2_interfaces/cmake/export_task_2_interfaces__rosidl_generator_pyExport.cmake
[0.533s] -- Up-to-date: /home/me597/ME-597/Lab1ws/install/task_2_interfaces/share/task_2_interfaces/cmake/export_task_2_interfaces__rosidl_generator_pyExport-noconfig.cmake
[0.533s] -- Up-to-date: /home/me597/ME-597/Lab1ws/install/task_2_interfaces/share/task_2_interfaces/cmake/rosidl_cmake-extras.cmake
[0.533s] -- Up-to-date: /home/me597/ME-597/Lab1ws/install/task_2_interfaces/share/task_2_interfaces/cmake/ament_cmake_export_dependencies-extras.cmake
[0.533s] -- Up-to-date: /home/me597/ME-597/Lab1ws/install/task_2_interfaces/share/task_2_interfaces/cmake/ament_cmake_export_include_directories-extras.cmake
[0.533s] -- Up-to-date: /home/me597/ME-597/Lab1ws/install/task_2_interfaces/share/task_2_interfaces/cmake/ament_cmake_export_libraries-extras.cmake
[0.533s] -- Up-to-date: /home/me597/ME-597/Lab1ws/install/task_2_interfaces/share/task_2_interfaces/cmake/ament_cmake_export_targets-extras.cmake
[0.533s] -- Up-to-date: /home/me597/ME-597/Lab1ws/install/task_2_interfaces/share/task_2_interfaces/cmake/rosidl_cmake_export_typesupport_targets-extras.cmake
[0.533s] -- Up-to-date: /home/me597/ME-597/Lab1ws/install/task_2_interfaces/share/task_2_interfaces/cmake/rosidl_cmake_export_typesupport_libraries-extras.cmake
[0.533s] -- Up-to-date: /home/me597/ME-597/Lab1ws/install/task_2_interfaces/share/task_2_interfaces/cmake/task_2_interfacesConfig.cmake
[0.533s] -- Up-to-date: /home/me597/ME-597/Lab1ws/install/task_2_interfaces/share/task_2_interfaces/cmake/task_2_interfacesConfig-version.cmake
[0.533s] -- Up-to-date: /home/me597/ME-597/Lab1ws/install/task_2_interfaces/share/task_2_interfaces/package.xml
[0.544s] Invoked command in '/home/me597/ME-597/Lab1ws/build/task_2_interfaces' returned '0': CMAKE_PREFIX_PATH=/opt/ros/humble /usr/bin/cmake --install /home/me597/ME-597/Lab1ws/build/task_2_interfaces
