[0.638s] Invoking command in '/home/me597/ME-597/lab4ws/src/task_6': PYTHONPATH=/home/me597/ME-597/lab4ws/build/task_6/prefix_override:/usr/lib/python3/dist-packages/colcon_core/task/python/colcon_distutils_commands:/home/me597/ME-597/lab4ws/install/task_6/lib/python3.10/site-packages:${PYTHONPATH} /usr/bin/python3 -W ignore:setup.py install is deprecated -W ignore:easy_install command is deprecated setup.py egg_info --egg-base ../../build/task_6 build --build-base /home/me597/ME-597/lab4ws/build/task_6/build install --record /home/me597/ME-597/lab4ws/build/task_6/install.log --single-version-externally-managed install_data
[0.852s] running egg_info
[0.852s] creating ../../build/task_6/task_6.egg-info
[0.852s] writing ../../build/task_6/task_6.egg-info/PKG-INFO
[0.852s] writing dependency_links to ../../build/task_6/task_6.egg-info/dependency_links.txt
[0.852s] writing entry points to ../../build/task_6/task_6.egg-info/entry_points.txt
[0.852s] writing requirements to ../../build/task_6/task_6.egg-info/requires.txt
[0.852s] writing top-level names to ../../build/task_6/task_6.egg-info/top_level.txt
[0.852s] writing manifest file '../../build/task_6/task_6.egg-info/SOURCES.txt'
[0.852s] reading manifest file '../../build/task_6/task_6.egg-info/SOURCES.txt'
[0.852s] writing manifest file '../../build/task_6/task_6.egg-info/SOURCES.txt'
[0.852s] running build
[0.852s] running build_py
[0.861s] creating /home/me597/ME-597/lab4ws/build/task_6/build
[0.861s] creating /home/me597/ME-597/lab4ws/build/task_6/build/lib
[0.861s] creating /home/me597/ME-597/lab4ws/build/task_6/build/lib/task_6
[0.861s] copying task_6/__init__.py -> /home/me597/ME-597/lab4ws/build/task_6/build/lib/task_6
[0.861s] running install
[0.861s] running install_lib
[0.861s] creating /home/me597/ME-597/lab4ws/install/task_6/lib/python3.10/site-packages/task_6
[0.861s] copying /home/me597/ME-597/lab4ws/build/task_6/build/lib/task_6/__init__.py -> /home/me597/ME-597/lab4ws/install/task_6/lib/python3.10/site-packages/task_6
[0.861s] byte-compiling /home/me597/ME-597/lab4ws/install/task_6/lib/python3.10/site-packages/task_6/__init__.py to __init__.cpython-310.pyc
[0.861s] running install_data
[0.861s] creating /home/me597/ME-597/lab4ws/install/task_6/share/ament_index
[0.862s] creating /home/me597/ME-597/lab4ws/install/task_6/share/ament_index/resource_index
[0.862s] creating /home/me597/ME-597/lab4ws/install/task_6/share/ament_index/resource_index/packages
[0.862s] copying resource/task_6 -> /home/me597/ME-597/lab4ws/install/task_6/share/ament_index/resource_index/packages
[0.862s] copying package.xml -> /home/me597/ME-597/lab4ws/install/task_6/share/task_6
[0.862s] running install_egg_info
[0.871s] Copying ../../build/task_6/task_6.egg-info to /home/me597/ME-597/lab4ws/install/task_6/lib/python3.10/site-packages/task_6-0.0.0-py3.10.egg-info
[0.871s] running install_scripts
[0.909s] writing list of installed files to '/home/me597/ME-597/lab4ws/build/task_6/install.log'
[0.975s] Invoked command in '/home/me597/ME-597/lab4ws/src/task_6' returned '0': PYTHONPATH=/home/me597/ME-597/lab4ws/build/task_6/prefix_override:/usr/lib/python3/dist-packages/colcon_core/task/python/colcon_distutils_commands:/home/me597/ME-597/lab4ws/install/task_6/lib/python3.10/site-packages:${PYTHONPATH} /usr/bin/python3 -W ignore:setup.py install is deprecated -W ignore:easy_install command is deprecated setup.py egg_info --egg-base ../../build/task_6 build --build-base /home/me597/ME-597/lab4ws/build/task_6/build install --record /home/me597/ME-597/lab4ws/build/task_6/install.log --single-version-externally-managed install_data
