[1.101s] Invoking command in '/home/me597/ME-597/lab3ws/src/task_4': PYTHONPATH=/home/me597/ME-597/lab3ws/build/task_4/prefix_override:/usr/lib/python3/dist-packages/colcon_core/task/python/colcon_distutils_commands:/home/me597/ME-597/lab3ws/install/task_4/lib/python3.10/site-packages:${PYTHONPATH} /usr/bin/python3 -W ignore:setup.py install is deprecated -W ignore:easy_install command is deprecated setup.py egg_info --egg-base ../../build/task_4 build --build-base /home/me597/ME-597/lab3ws/build/task_4/build install --record /home/me597/ME-597/lab3ws/build/task_4/install.log --single-version-externally-managed install_data
[1.450s] running egg_info
[1.450s] writing ../../build/task_4/task_4.egg-info/PKG-INFO
[1.451s] writing dependency_links to ../../build/task_4/task_4.egg-info/dependency_links.txt
[1.451s] writing entry points to ../../build/task_4/task_4.egg-info/entry_points.txt
[1.453s] writing requirements to ../../build/task_4/task_4.egg-info/requires.txt
[1.453s] writing top-level names to ../../build/task_4/task_4.egg-info/top_level.txt
[1.456s] reading manifest file '../../build/task_4/task_4.egg-info/SOURCES.txt'
[1.458s] adding license file 'LICENSE'
[1.459s] writing manifest file '../../build/task_4/task_4.egg-info/SOURCES.txt'
[1.459s] running build
[1.460s] running build_py
[1.461s] copying task_4/auto_navigator.py -> /home/me597/ME-597/lab3ws/build/task_4/build/lib/task_4
[1.463s] running install
[1.464s] running install_lib
[1.465s] copying /home/me597/ME-597/lab3ws/build/task_4/build/lib/task_4/auto_navigator.py -> /home/me597/ME-597/lab3ws/install/task_4/lib/python3.10/site-packages/task_4
[1.466s] byte-compiling /home/me597/ME-597/lab3ws/install/task_4/lib/python3.10/site-packages/task_4/code_store.py to code_store.cpython-310.pyc
[1.468s] Sorry: IndentationError: unindent does not match any outer indentation level (code_store.py, line 176)
[1.469s] byte-compiling /home/me597/ME-597/lab3ws/install/task_4/lib/python3.10/site-packages/task_4/auto_navigator.py to auto_navigator.cpython-310.pyc
[1.479s] running install_data
[1.480s] running install_egg_info
[1.484s] removing '/home/me597/ME-597/lab3ws/install/task_4/lib/python3.10/site-packages/task_4-0.0.0-py3.10.egg-info' (and everything under it)
[1.486s] Copying ../../build/task_4/task_4.egg-info to /home/me597/ME-597/lab3ws/install/task_4/lib/python3.10/site-packages/task_4-0.0.0-py3.10.egg-info
[1.486s] running install_scripts
[1.514s] Installing auto_navigator script to /home/me597/ME-597/lab3ws/install/task_4/lib/task_4
[1.515s] writing list of installed files to '/home/me597/ME-597/lab3ws/build/task_4/install.log'
[1.551s] Invoked command in '/home/me597/ME-597/lab3ws/src/task_4' returned '0': PYTHONPATH=/home/me597/ME-597/lab3ws/build/task_4/prefix_override:/usr/lib/python3/dist-packages/colcon_core/task/python/colcon_distutils_commands:/home/me597/ME-597/lab3ws/install/task_4/lib/python3.10/site-packages:${PYTHONPATH} /usr/bin/python3 -W ignore:setup.py install is deprecated -W ignore:easy_install command is deprecated setup.py egg_info --egg-base ../../build/task_4 build --build-base /home/me597/ME-597/lab3ws/build/task_4/build install --record /home/me597/ME-597/lab3ws/build/task_4/install.log --single-version-externally-managed install_data
