[0.015s] Invoking command in '/home/me597/ME-597/Lab1ws/build/task_2_interfaces': CMAKE_PREFIX_PATH=/home/me597/ME-597/Lab1ws/install/task_2:/home/me597/ME-597/Lab1ws/install/task_1:/opt/ros/humble /usr/bin/cmake /home/me597/ME-597/Lab1ws/task_2_interfaces -DCMAKE_INSTALL_PREFIX=/home/me597/ME-597/Lab1ws/install/task_2_interfaces
[0.344s] -- The C compiler identification is GNU 11.4.0
[0.596s] -- The CXX compiler identification is GNU 11.4.0
[0.641s] -- Detecting C compiler ABI info
[0.743s] -- Detecting C compiler ABI info - done
[0.755s] -- Check for working C compiler: /usr/bin/cc - skipped
[0.756s] -- Detecting C compile features
[0.760s] -- Detecting C compile features - done
[0.767s] -- Detecting CXX compiler ABI info
[0.880s] -- Detecting CXX compiler ABI info - done
[0.890s] -- Check for working CXX compiler: /usr/bin/c++ - skipped
[0.890s] -- Detecting CXX compile features
[0.890s] -- Detecting CXX compile features - done
[0.908s] -- Found ament_cmake: 1.3.11 (/opt/ros/humble/share/ament_cmake/cmake)
[1.090s] -- Found Python3: /usr/bin/python3 (found version "3.10.12") found components: Interpreter 
[1.271s] -- Found std_msgs: 4.2.4 (/opt/ros/humble/share/std_msgs/cmake)
[1.405s] -- Found rosidl_generator_c: 3.1.6 (/opt/ros/humble/share/rosidl_generator_c/cmake)
[1.426s] -- Found rosidl_adapter: 3.1.6 (/opt/ros/humble/share/rosidl_adapter/cmake)
[1.465s] -- Found rosidl_generator_cpp: 3.1.6 (/opt/ros/humble/share/rosidl_generator_cpp/cmake)
[1.509s] -- Using all available rosidl_typesupport_c: rosidl_typesupport_fastrtps_c;rosidl_typesupport_introspection_c
[1.562s] -- Using all available rosidl_typesupport_cpp: rosidl_typesupport_fastrtps_cpp;rosidl_typesupport_introspection_cpp
[1.649s] -- Found geometry_msgs: 4.2.4 (/opt/ros/humble/share/geometry_msgs/cmake)
[1.705s] -- Found rosidl_default_generators: 1.2.0 (/opt/ros/humble/share/rosidl_default_generators/cmake)
[1.919s] [31mCMake Error at /opt/ros/humble/share/rosidl_cmake/cmake/rosidl_generate_interfaces.cmake:229 (message):
[1.919s]   Packages installing interfaces must include
[1.919s]   '<member_of_group>rosidl_interface_packages</member_of_group>' in their
[1.919s]   package.xml
[1.919s] Call Stack (most recent call first):
[1.919s]   CMakeLists.txt:11 (rosidl_generate_interfaces)
[1.919s] 
[1.919s] [0m
[1.920s] -- Configuring incomplete, errors occurred!
[1.920s] See also "/home/me597/ME-597/Lab1ws/build/task_2_interfaces/CMakeFiles/CMakeOutput.log".
[1.929s] Invoked command in '/home/me597/ME-597/Lab1ws/build/task_2_interfaces' returned '1': CMAKE_PREFIX_PATH=/home/me597/ME-597/Lab1ws/install/task_2:/home/me597/ME-597/Lab1ws/install/task_1:/opt/ros/humble /usr/bin/cmake /home/me597/ME-597/Lab1ws/task_2_interfaces -DCMAKE_INSTALL_PREFIX=/home/me597/ME-597/Lab1ws/install/task_2_interfaces
