[0.017s] Invoking command in '/home/me597/ME-597/lab4ws/build/image_geometry': CMAKE_PREFIX_PATH=${CMAKE_PREFIX_PATH}:/home/me597/ME-597/lab4ws/install/opencv_tests:/home/me597/ME-597/lab4ws/install/task_6:/home/me597/ME-597/lab4ws/install/task_5:/opt/ros/humble /usr/bin/cmake --build /home/me597/ME-597/lab4ws/build/image_geometry -- -j2 -l2
[0.091s] [ 27%] Built target image_geometry
[0.102s] [ 27%] Built target ament_cmake_python_symlink_image_geometry
[0.146s] [ 45%] Built target gtest_main
[0.175s] [ 63%] Built target gtest
[0.221s] [ 81%] Built target image_geometry-utest
[0.274s] [100%] Built target image_geometry-utest-equi
[0.552s] running egg_info
[0.553s] writing image_geometry.egg-info/PKG-INFO
[0.554s] writing dependency_links to image_geometry.egg-info/dependency_links.txt
[0.555s] writing top-level names to image_geometry.egg-info/top_level.txt
[0.556s] reading manifest file 'image_geometry.egg-info/SOURCES.txt'
[0.558s] writing manifest file 'image_geometry.egg-info/SOURCES.txt'
[0.587s] [100%] Built target ament_cmake_python_build_image_geometry_egg
[0.613s] Invoked command in '/home/me597/ME-597/lab4ws/build/image_geometry' returned '0': CMAKE_PREFIX_PATH=${CMAKE_PREFIX_PATH}:/home/me597/ME-597/lab4ws/install/opencv_tests:/home/me597/ME-597/lab4ws/install/task_6:/home/me597/ME-597/lab4ws/install/task_5:/opt/ros/humble /usr/bin/cmake --build /home/me597/ME-597/lab4ws/build/image_geometry -- -j2 -l2
[0.614s] Invoking command in '/home/me597/ME-597/lab4ws/build/image_geometry': CMAKE_PREFIX_PATH=${CMAKE_PREFIX_PATH}:/home/me597/ME-597/lab4ws/install/opencv_tests:/home/me597/ME-597/lab4ws/install/task_6:/home/me597/ME-597/lab4ws/install/task_5:/opt/ros/humble /usr/bin/cmake --install /home/me597/ME-597/lab4ws/build/image_geometry
[0.630s] -- Install configuration: ""
[0.630s] -- Execute custom install script
[0.631s] -- Up-to-date symlink: /home/me597/ME-597/lab4ws/install/image_geometry/share/image_geometry/environment/pythonpath.sh
[0.631s] -- Up-to-date symlink: /home/me597/ME-597/lab4ws/install/image_geometry/share/image_geometry/environment/pythonpath.dsv
[0.631s] -- Up-to-date symlink: /home/me597/ME-597/lab4ws/install/image_geometry/local/lib/python3.10/dist-packages/image_geometry-4.1.0-py3.10.egg-info/PKG-INFO
[0.631s] -- Up-to-date symlink: /home/me597/ME-597/lab4ws/install/image_geometry/local/lib/python3.10/dist-packages/image_geometry-4.1.0-py3.10.egg-info/SOURCES.txt
[0.637s] -- Up-to-date symlink: /home/me597/ME-597/lab4ws/install/image_geometry/local/lib/python3.10/dist-packages/image_geometry-4.1.0-py3.10.egg-info/dependency_links.txt
[0.637s] -- Up-to-date symlink: /home/me597/ME-597/lab4ws/install/image_geometry/local/lib/python3.10/dist-packages/image_geometry-4.1.0-py3.10.egg-info/top_level.txt
[0.637s] -- Up-to-date symlink: /home/me597/ME-597/lab4ws/install/image_geometry/local/lib/python3.10/dist-packages/image_geometry/__init__.py
[0.637s] -- Up-to-date symlink: /home/me597/ME-597/lab4ws/install/image_geometry/local/lib/python3.10/dist-packages/image_geometry/cameramodels.py
[0.637s] -- Up-to-date symlink: /home/me597/ME-597/lab4ws/install/image_geometry/include/image_geometry/image_geometry/pinhole_camera_model.hpp
[0.637s] -- Up-to-date symlink: /home/me597/ME-597/lab4ws/install/image_geometry/include/image_geometry/image_geometry/stereo_camera_model.hpp
[0.637s] -- Up-to-date symlink: /home/me597/ME-597/lab4ws/install/image_geometry/include/image_geometry/image_geometry/visibility_control.hpp
[0.638s] -- Up-to-date symlink: /home/me597/ME-597/lab4ws/install/image_geometry/share/ament_index/resource_index/package_run_dependencies/image_geometry
[0.638s] -- Up-to-date symlink: /home/me597/ME-597/lab4ws/install/image_geometry/share/ament_index/resource_index/parent_prefix_path/image_geometry
[0.638s] -- Up-to-date symlink: /home/me597/ME-597/lab4ws/install/image_geometry/share/image_geometry/environment/ament_prefix_path.sh
[0.638s] -- Up-to-date symlink: /home/me597/ME-597/lab4ws/install/image_geometry/share/image_geometry/environment/ament_prefix_path.dsv
[0.638s] -- Up-to-date symlink: /home/me597/ME-597/lab4ws/install/image_geometry/share/image_geometry/environment/path.sh
[0.638s] -- Up-to-date symlink: /home/me597/ME-597/lab4ws/install/image_geometry/share/image_geometry/environment/path.dsv
[0.638s] -- Up-to-date symlink: /home/me597/ME-597/lab4ws/install/image_geometry/share/image_geometry/local_setup.bash
[0.638s] -- Up-to-date symlink: /home/me597/ME-597/lab4ws/install/image_geometry/share/image_geometry/local_setup.sh
[0.638s] -- Up-to-date symlink: /home/me597/ME-597/lab4ws/install/image_geometry/share/image_geometry/local_setup.zsh
[0.638s] -- Up-to-date symlink: /home/me597/ME-597/lab4ws/install/image_geometry/share/image_geometry/local_setup.dsv
[0.638s] -- Symlinking: /home/me597/ME-597/lab4ws/install/image_geometry/share/image_geometry/package.dsv
[0.651s] -- Up-to-date symlink: /home/me597/ME-597/lab4ws/install/image_geometry/share/ament_index/resource_index/packages/image_geometry
[0.651s] -- Up-to-date symlink: /home/me597/ME-597/lab4ws/install/image_geometry/share/image_geometry/cmake/ament_cmake_export_targets-extras.cmake
[0.651s] -- Up-to-date symlink: /home/me597/ME-597/lab4ws/install/image_geometry/share/image_geometry/cmake/ament_cmake_export_dependencies-extras.cmake
[0.651s] -- Up-to-date symlink: /home/me597/ME-597/lab4ws/install/image_geometry/share/image_geometry/cmake/image_geometryConfig.cmake
[0.651s] -- Up-to-date symlink: /home/me597/ME-597/lab4ws/install/image_geometry/share/image_geometry/cmake/image_geometryConfig-version.cmake
[0.651s] -- Up-to-date symlink: /home/me597/ME-597/lab4ws/install/image_geometry/share/image_geometry/package.xml
[0.692s] Listing '/home/me597/ME-597/lab4ws/install/image_geometry/local/lib/python3.10/dist-packages/image_geometry'...
[0.700s] -- Up-to-date: /home/me597/ME-597/lab4ws/install/image_geometry/lib/libimage_geometry.so
[0.700s] -- Up-to-date: /home/me597/ME-597/lab4ws/install/image_geometry/share/image_geometry/cmake/export_image_geometryExport.cmake
[0.700s] -- Up-to-date: /home/me597/ME-597/lab4ws/install/image_geometry/share/image_geometry/cmake/export_image_geometryExport-noconfig.cmake
[0.722s] Invoked command in '/home/me597/ME-597/lab4ws/build/image_geometry' returned '0': CMAKE_PREFIX_PATH=${CMAKE_PREFIX_PATH}:/home/me597/ME-597/lab4ws/install/opencv_tests:/home/me597/ME-597/lab4ws/install/task_6:/home/me597/ME-597/lab4ws/install/task_5:/opt/ros/humble /usr/bin/cmake --install /home/me597/ME-597/lab4ws/build/image_geometry
