[0.861s] Invoking command in '/home/me597/ME-597/lab4ws/src/task_5': PYTHONPATH=/home/me597/ME-597/lab4ws/build/task_5/prefix_override:/usr/lib/python3/dist-packages/colcon_core/task/python/colcon_distutils_commands:/home/me597/ME-597/lab4ws/install/task_5/lib/python3.10/site-packages:${PYTHONPATH} /usr/bin/python3 -W ignore:setup.py install is deprecated -W ignore:easy_install command is deprecated setup.py egg_info --egg-base ../../build/task_5 build --build-base /home/me597/ME-597/lab4ws/build/task_5/build install --record /home/me597/ME-597/lab4ws/build/task_5/install.log --single-version-externally-managed install_data
[1.073s] running egg_info
[1.075s] writing ../../build/task_5/task_5.egg-info/PKG-INFO
[1.077s] writing dependency_links to ../../build/task_5/task_5.egg-info/dependency_links.txt
[1.079s] writing entry points to ../../build/task_5/task_5.egg-info/entry_points.txt
[1.080s] writing requirements to ../../build/task_5/task_5.egg-info/requires.txt
[1.081s] writing top-level names to ../../build/task_5/task_5.egg-info/top_level.txt
[1.085s] reading manifest file '../../build/task_5/task_5.egg-info/SOURCES.txt'
[1.087s] writing manifest file '../../build/task_5/task_5.egg-info/SOURCES.txt'
[1.088s] running build
[1.088s] running build_py
[1.089s] copying task_5/image_publisher.py -> /home/me597/ME-597/lab4ws/build/task_5/build/lib/task_5
[1.090s] running install
[1.091s] running install_lib
[1.092s] copying /home/me597/ME-597/lab4ws/build/task_5/build/lib/task_5/image_publisher.py -> /home/me597/ME-597/lab4ws/install/task_5/lib/python3.10/site-packages/task_5
[1.094s] byte-compiling /home/me597/ME-597/lab4ws/install/task_5/lib/python3.10/site-packages/task_5/image_publisher.py to image_publisher.cpython-310.pyc
[1.095s] running install_data
[1.096s] running install_egg_info
[1.098s] removing '/home/me597/ME-597/lab4ws/install/task_5/lib/python3.10/site-packages/task_5-0.0.0-py3.10.egg-info' (and everything under it)
[1.105s] Copying ../../build/task_5/task_5.egg-info to /home/me597/ME-597/lab4ws/install/task_5/lib/python3.10/site-packages/task_5-0.0.0-py3.10.egg-info
[1.105s] running install_scripts
[1.125s] Installing image_publisher script to /home/me597/ME-597/lab4ws/install/task_5/lib/task_5
[1.126s] Installing object_detector script to /home/me597/ME-597/lab4ws/install/task_5/lib/task_5
[1.127s] writing list of installed files to '/home/me597/ME-597/lab4ws/build/task_5/install.log'
[1.161s] Invoked command in '/home/me597/ME-597/lab4ws/src/task_5' returned '0': PYTHONPATH=/home/me597/ME-597/lab4ws/build/task_5/prefix_override:/usr/lib/python3/dist-packages/colcon_core/task/python/colcon_distutils_commands:/home/me597/ME-597/lab4ws/install/task_5/lib/python3.10/site-packages:${PYTHONPATH} /usr/bin/python3 -W ignore:setup.py install is deprecated -W ignore:easy_install command is deprecated setup.py egg_info --egg-base ../../build/task_5 build --build-base /home/me597/ME-597/lab4ws/build/task_5/build install --record /home/me597/ME-597/lab4ws/build/task_5/install.log --single-version-externally-managed install_data
