[0.020s] Invoking command in '/home/me597/ME-597/lab4ws/build/image_geometry': CMAKE_PREFIX_PATH=/opt/ros/humble /usr/bin/cmake /home/me597/ME-597/lab4ws/src/vision_opencv/image_geometry -DAMENT_CMAKE_SYMLINK_INSTALL=1 -DCMAKE_INSTALL_PREFIX=/home/me597/ME-597/lab4ws/install/image_geometry
[0.239s] -- The C compiler identification is GNU 11.4.0
[0.487s] -- The CXX compiler identification is GNU 11.4.0
[0.511s] -- Detecting C compiler ABI info
[0.614s] -- Detecting C compiler ABI info - done
[0.632s] -- Check for working C compiler: /usr/bin/cc - skipped
[0.632s] -- Detecting C compile features
[0.632s] -- Detecting C compile features - done
[0.640s] -- Detecting CXX compiler ABI info
[0.746s] -- Detecting CXX compiler ABI info - done
[0.757s] -- Check for working CXX compiler: /usr/bin/c++ - skipped
[0.758s] -- Detecting CXX compile features
[0.758s] -- Detecting CXX compile features - done
[0.771s] -- Found ament_cmake_python: 1.3.11 (/opt/ros/humble/share/ament_cmake_python/cmake)
[0.774s] -- Found ament_cmake_ros: 0.10.0 (/opt/ros/humble/share/ament_cmake_ros/cmake)
[0.977s] -- Found Python3: /usr/bin/python3 (found version "3.10.12") found components: Interpreter 
[1.052s] -- Override CMake install command with custom implementation using symlinks instead of copying resources
[1.225s] -- Found OpenCV: /usr (found version "4.5.4") found components: calib3d core highgui imgproc 
[1.231s] -- Found sensor_msgs: 4.2.4 (/opt/ros/humble/share/sensor_msgs/cmake)
[1.319s] -- Found rosidl_generator_c: 3.1.6 (/opt/ros/humble/share/rosidl_generator_c/cmake)
[1.328s] -- Found rosidl_adapter: 3.1.6 (/opt/ros/humble/share/rosidl_adapter/cmake)
[1.362s] -- Found rosidl_generator_cpp: 3.1.6 (/opt/ros/humble/share/rosidl_generator_cpp/cmake)
[1.406s] -- Using all available rosidl_typesupport_c: rosidl_typesupport_fastrtps_c;rosidl_typesupport_introspection_c
[1.456s] -- Using all available rosidl_typesupport_cpp: rosidl_typesupport_fastrtps_cpp;rosidl_typesupport_introspection_cpp
[2.130s] -- Found gtest sources under '/opt/ros/humble/src/gtest_vendor': C++ tests using 'Google Test' will be built
[2.141s] -- Looking for pthread.h
[2.267s] -- Looking for pthread.h - found
[2.267s] -- Performing Test CMAKE_HAVE_LIBC_PTHREAD
[2.343s] -- Performing Test CMAKE_HAVE_LIBC_PTHREAD - Success
[2.344s] -- Found Threads: TRUE  
[2.435s] -- Configuring done
[2.475s] -- Generating done
[2.485s] -- Build files have been written to: /home/me597/ME-597/lab4ws/build/image_geometry
[2.495s] Invoked command in '/home/me597/ME-597/lab4ws/build/image_geometry' returned '0': CMAKE_PREFIX_PATH=/opt/ros/humble /usr/bin/cmake /home/me597/ME-597/lab4ws/src/vision_opencv/image_geometry -DAMENT_CMAKE_SYMLINK_INSTALL=1 -DCMAKE_INSTALL_PREFIX=/home/me597/ME-597/lab4ws/install/image_geometry
[2.499s] Invoking command in '/home/me597/ME-597/lab4ws/build/image_geometry': CMAKE_PREFIX_PATH=/opt/ros/humble /usr/bin/cmake --build /home/me597/ME-597/lab4ws/build/image_geometry -- -j2 -l2
[2.574s] [  0%] Built target ament_cmake_python_symlink_image_geometry
[2.580s] [  9%] [32mBuilding CXX object CMakeFiles/image_geometry.dir/src/pinhole_camera_model.cpp.o[0m
[2.594s] [ 18%] [32mBuilding CXX object gtest/CMakeFiles/gtest_main.dir/src/gtest_main.cc.o[0m
[4.670s] [ 27%] [32m[1mLinking CXX static library libgtest_main.a[0m
[4.830s] [ 27%] Built target gtest_main
[5.009s] [ 36%] [32mBuilding CXX object gtest/CMakeFiles/gtest.dir/src/gtest-all.cc.o[0m
[6.183s] [ 45%] [32mBuilding CXX object CMakeFiles/image_geometry.dir/src/stereo_camera_model.cpp.o[0m
[10.366s] [ 54%] [32m[1mLinking CXX shared library libimage_geometry.so[0m
[10.638s] [ 54%] Built target image_geometry
[11.160s] running egg_info
[11.160s] creating image_geometry.egg-info
[11.166s] writing image_geometry.egg-info/PKG-INFO
[11.166s] writing dependency_links to image_geometry.egg-info/dependency_links.txt
[11.166s] writing top-level names to image_geometry.egg-info/top_level.txt
[11.166s] writing manifest file 'image_geometry.egg-info/SOURCES.txt'
[11.172s] reading manifest file 'image_geometry.egg-info/SOURCES.txt'
[11.173s] writing manifest file 'image_geometry.egg-info/SOURCES.txt'
[11.247s] [ 54%] Built target ament_cmake_python_build_image_geometry_egg
[14.795s] [ 63%] [32m[1mLinking CXX static library libgtest.a[0m
[14.931s] [ 63%] Built target gtest
[14.968s] [ 72%] [32mBuilding CXX object test/CMakeFiles/image_geometry-utest.dir/utest.cpp.o[0m
[14.978s] [ 81%] [32mBuilding CXX object test/CMakeFiles/image_geometry-utest-equi.dir/utest_equi.cpp.o[0m
[21.722s] [ 90%] [32m[1mLinking CXX executable image_geometry-utest-equi[0m
[21.889s] [100%] [32m[1mLinking CXX executable image_geometry-utest[0m
[22.087s] [100%] Built target image_geometry-utest-equi
[22.150s] [100%] Built target image_geometry-utest
[22.173s] Invoked command in '/home/me597/ME-597/lab4ws/build/image_geometry' returned '0': CMAKE_PREFIX_PATH=/opt/ros/humble /usr/bin/cmake --build /home/me597/ME-597/lab4ws/build/image_geometry -- -j2 -l2
[22.181s] Invoking command in '/home/me597/ME-597/lab4ws/build/image_geometry': CMAKE_PREFIX_PATH=/opt/ros/humble /usr/bin/cmake --install /home/me597/ME-597/lab4ws/build/image_geometry
[22.187s] -- Install configuration: ""
[22.187s] -- Execute custom install script
[22.188s] -- Symlinking: /home/me597/ME-597/lab4ws/install/image_geometry/share/image_geometry/environment/pythonpath.sh
[22.209s] -- Symlinking: /home/me597/ME-597/lab4ws/install/image_geometry/share/image_geometry/environment/pythonpath.dsv
[22.218s] -- Symlinking: /home/me597/ME-597/lab4ws/install/image_geometry/local/lib/python3.10/dist-packages/image_geometry-4.1.0-py3.10.egg-info/PKG-INFO
[22.232s] -- Symlinking: /home/me597/ME-597/lab4ws/install/image_geometry/local/lib/python3.10/dist-packages/image_geometry-4.1.0-py3.10.egg-info/SOURCES.txt
[22.239s] -- Symlinking: /home/me597/ME-597/lab4ws/install/image_geometry/local/lib/python3.10/dist-packages/image_geometry-4.1.0-py3.10.egg-info/dependency_links.txt
[22.248s] -- Symlinking: /home/me597/ME-597/lab4ws/install/image_geometry/local/lib/python3.10/dist-packages/image_geometry-4.1.0-py3.10.egg-info/top_level.txt
[22.261s] -- Symlinking: /home/me597/ME-597/lab4ws/install/image_geometry/local/lib/python3.10/dist-packages/image_geometry/__init__.py
[22.269s] -- Symlinking: /home/me597/ME-597/lab4ws/install/image_geometry/local/lib/python3.10/dist-packages/image_geometry/cameramodels.py
[22.277s] -- Symlinking: /home/me597/ME-597/lab4ws/install/image_geometry/include/image_geometry/image_geometry/pinhole_camera_model.hpp
[22.284s] -- Symlinking: /home/me597/ME-597/lab4ws/install/image_geometry/include/image_geometry/image_geometry/stereo_camera_model.hpp
[22.291s] -- Symlinking: /home/me597/ME-597/lab4ws/install/image_geometry/include/image_geometry/image_geometry/visibility_control.hpp
[22.300s] -- Symlinking: /home/me597/ME-597/lab4ws/install/image_geometry/share/ament_index/resource_index/package_run_dependencies/image_geometry
[22.305s] -- Symlinking: /home/me597/ME-597/lab4ws/install/image_geometry/share/ament_index/resource_index/parent_prefix_path/image_geometry
[22.322s] -- Symlinking: /home/me597/ME-597/lab4ws/install/image_geometry/share/image_geometry/environment/ament_prefix_path.sh
[22.331s] -- Symlinking: /home/me597/ME-597/lab4ws/install/image_geometry/share/image_geometry/environment/ament_prefix_path.dsv
[22.340s] -- Symlinking: /home/me597/ME-597/lab4ws/install/image_geometry/share/image_geometry/environment/path.sh
[22.348s] -- Symlinking: /home/me597/ME-597/lab4ws/install/image_geometry/share/image_geometry/environment/path.dsv
[22.358s] -- Symlinking: /home/me597/ME-597/lab4ws/install/image_geometry/share/image_geometry/local_setup.bash
[22.365s] -- Symlinking: /home/me597/ME-597/lab4ws/install/image_geometry/share/image_geometry/local_setup.sh
[22.373s] -- Symlinking: /home/me597/ME-597/lab4ws/install/image_geometry/share/image_geometry/local_setup.zsh
[22.379s] -- Symlinking: /home/me597/ME-597/lab4ws/install/image_geometry/share/image_geometry/local_setup.dsv
[22.386s] -- Symlinking: /home/me597/ME-597/lab4ws/install/image_geometry/share/image_geometry/package.dsv
[22.394s] -- Symlinking: /home/me597/ME-597/lab4ws/install/image_geometry/share/ament_index/resource_index/packages/image_geometry
[22.401s] -- Symlinking: /home/me597/ME-597/lab4ws/install/image_geometry/share/image_geometry/cmake/ament_cmake_export_targets-extras.cmake
[22.410s] -- Symlinking: /home/me597/ME-597/lab4ws/install/image_geometry/share/image_geometry/cmake/ament_cmake_export_dependencies-extras.cmake
[22.419s] -- Symlinking: /home/me597/ME-597/lab4ws/install/image_geometry/share/image_geometry/cmake/image_geometryConfig.cmake
[22.431s] -- Symlinking: /home/me597/ME-597/lab4ws/install/image_geometry/share/image_geometry/cmake/image_geometryConfig-version.cmake
[22.435s] -- Symlinking: /home/me597/ME-597/lab4ws/install/image_geometry/share/image_geometry/package.xml
[22.485s] Listing '/home/me597/ME-597/lab4ws/install/image_geometry/local/lib/python3.10/dist-packages/image_geometry'...
[22.486s] Compiling '/home/me597/ME-597/lab4ws/install/image_geometry/local/lib/python3.10/dist-packages/image_geometry/__init__.py'...
[22.486s] Compiling '/home/me597/ME-597/lab4ws/install/image_geometry/local/lib/python3.10/dist-packages/image_geometry/cameramodels.py'...
[22.491s] -- Installing: /home/me597/ME-597/lab4ws/install/image_geometry/lib/libimage_geometry.so
[22.492s] -- Set runtime path of "/home/me597/ME-597/lab4ws/install/image_geometry/lib/libimage_geometry.so" to ""
[22.492s] -- Installing: /home/me597/ME-597/lab4ws/install/image_geometry/share/image_geometry/cmake/export_image_geometryExport.cmake
[22.492s] -- Installing: /home/me597/ME-597/lab4ws/install/image_geometry/share/image_geometry/cmake/export_image_geometryExport-noconfig.cmake
[22.495s] Invoked command in '/home/me597/ME-597/lab4ws/build/image_geometry' returned '0': CMAKE_PREFIX_PATH=/opt/ros/humble /usr/bin/cmake --install /home/me597/ME-597/lab4ws/build/image_geometry
