[0.903s] Invoking command in '/home/me597/ME-597/lab4ws/build/vision_opencv': CMAKE_PREFIX_PATH=/home/me597/ME-597/lab4ws/install/image_geometry:/home/me597/ME-597/lab4ws/install/cv_bridge:/home/me597/ME-597/lab4ws/install/vision_opencv:/home/me597/ME-597/lab4ws/install/task_6:/home/me597/ME-597/lab4ws/install/task_5:/home/me597/ME-597/lab4ws/install/opencv_tests:/opt/ros/humble /usr/bin/cmake --build /home/me597/ME-597/lab4ws/build/vision_opencv -- -j2 -l2
[1.048s] Invoked command in '/home/me597/ME-597/lab4ws/build/vision_opencv' returned '0': CMAKE_PREFIX_PATH=/home/me597/ME-597/lab4ws/install/image_geometry:/home/me597/ME-597/lab4ws/install/cv_bridge:/home/me597/ME-597/lab4ws/install/vision_opencv:/home/me597/ME-597/lab4ws/install/task_6:/home/me597/ME-597/lab4ws/install/task_5:/home/me597/ME-597/lab4ws/install/opencv_tests:/opt/ros/humble /usr/bin/cmake --build /home/me597/ME-597/lab4ws/build/vision_opencv -- -j2 -l2
[1.048s] Invoking command in '/home/me597/ME-597/lab4ws/build/vision_opencv': CMAKE_PREFIX_PATH=/home/me597/ME-597/lab4ws/install/image_geometry:/home/me597/ME-597/lab4ws/install/cv_bridge:/home/me597/ME-597/lab4ws/install/vision_opencv:/home/me597/ME-597/lab4ws/install/task_6:/home/me597/ME-597/lab4ws/install/task_5:/home/me597/ME-597/lab4ws/install/opencv_tests:/opt/ros/humble /usr/bin/cmake --install /home/me597/ME-597/lab4ws/build/vision_opencv
[1.103s] -- Install configuration: ""
[1.103s] -- Execute custom install script
[1.104s] -- Up-to-date symlink: /home/me597/ME-597/lab4ws/install/vision_opencv/share/ament_index/resource_index/package_run_dependencies/vision_opencv
[1.113s] -- Up-to-date symlink: /home/me597/ME-597/lab4ws/install/vision_opencv/share/ament_index/resource_index/parent_prefix_path/vision_opencv
[1.128s] -- Up-to-date symlink: /home/me597/ME-597/lab4ws/install/vision_opencv/share/vision_opencv/environment/ament_prefix_path.sh
[1.128s] -- Up-to-date symlink: /home/me597/ME-597/lab4ws/install/vision_opencv/share/vision_opencv/environment/ament_prefix_path.dsv
[1.128s] -- Up-to-date symlink: /home/me597/ME-597/lab4ws/install/vision_opencv/share/vision_opencv/environment/path.sh
[1.128s] -- Up-to-date symlink: /home/me597/ME-597/lab4ws/install/vision_opencv/share/vision_opencv/environment/path.dsv
[1.128s] -- Up-to-date symlink: /home/me597/ME-597/lab4ws/install/vision_opencv/share/vision_opencv/local_setup.bash
[1.128s] -- Up-to-date symlink: /home/me597/ME-597/lab4ws/install/vision_opencv/share/vision_opencv/local_setup.sh
[1.128s] -- Up-to-date symlink: /home/me597/ME-597/lab4ws/install/vision_opencv/share/vision_opencv/local_setup.zsh
[1.128s] -- Up-to-date symlink: /home/me597/ME-597/lab4ws/install/vision_opencv/share/vision_opencv/local_setup.dsv
[1.128s] -- Symlinking: /home/me597/ME-597/lab4ws/install/vision_opencv/share/vision_opencv/package.dsv
[1.210s] -- Up-to-date symlink: /home/me597/ME-597/lab4ws/install/vision_opencv/share/ament_index/resource_index/packages/vision_opencv
[1.210s] -- Up-to-date symlink: /home/me597/ME-597/lab4ws/install/vision_opencv/share/vision_opencv/cmake/vision_opencvConfig.cmake
[1.210s] -- Up-to-date symlink: /home/me597/ME-597/lab4ws/install/vision_opencv/share/vision_opencv/cmake/vision_opencvConfig-version.cmake
[1.210s] -- Up-to-date symlink: /home/me597/ME-597/lab4ws/install/vision_opencv/share/vision_opencv/package.xml
[1.234s] Invoked command in '/home/me597/ME-597/lab4ws/build/vision_opencv' returned '0': CMAKE_PREFIX_PATH=/home/me597/ME-597/lab4ws/install/image_geometry:/home/me597/ME-597/lab4ws/install/cv_bridge:/home/me597/ME-597/lab4ws/install/vision_opencv:/home/me597/ME-597/lab4ws/install/task_6:/home/me597/ME-597/lab4ws/install/task_5:/home/me597/ME-597/lab4ws/install/opencv_tests:/opt/ros/humble /usr/bin/cmake --install /home/me597/ME-597/lab4ws/build/vision_opencv
