[0.748s] Invoking command in '/home/me597/ME-597/lab4ws/src/task_5': PYTHONPATH=/home/me597/ME-597/lab4ws/build/task_5/prefix_override:/usr/lib/python3/dist-packages/colcon_core/task/python/colcon_distutils_commands:/home/me597/ME-597/lab4ws/install/task_5/lib/python3.10/site-packages:${PYTHONPATH} /usr/bin/python3 -W ignore:setup.py install is deprecated -W ignore:easy_install command is deprecated setup.py egg_info --egg-base ../../build/task_5 build --build-base /home/me597/ME-597/lab4ws/build/task_5/build install --record /home/me597/ME-597/lab4ws/build/task_5/install.log --single-version-externally-managed install_data
[0.911s] running egg_info
[0.912s] writing ../../build/task_5/task_5.egg-info/PKG-INFO
[0.912s] writing dependency_links to ../../build/task_5/task_5.egg-info/dependency_links.txt
[0.913s] writing entry points to ../../build/task_5/task_5.egg-info/entry_points.txt
[0.913s] writing requirements to ../../build/task_5/task_5.egg-info/requires.txt
[0.913s] writing top-level names to ../../build/task_5/task_5.egg-info/top_level.txt
[0.913s] reading manifest file '../../build/task_5/task_5.egg-info/SOURCES.txt'
[0.913s] writing manifest file '../../build/task_5/task_5.egg-info/SOURCES.txt'
[0.913s] running build
[0.913s] running build_py
[0.914s] running install
[0.914s] running install_lib
[0.917s] running install_data
[0.917s] copying launch/object_detector_launch.py -> /home/me597/ME-597/lab4ws/install/task_5/share/task_5/launch
[0.917s] running install_egg_info
[0.920s] removing '/home/me597/ME-597/lab4ws/install/task_5/lib/python3.10/site-packages/task_5-0.0.0-py3.10.egg-info' (and everything under it)
[0.920s] Copying ../../build/task_5/task_5.egg-info to /home/me597/ME-597/lab4ws/install/task_5/lib/python3.10/site-packages/task_5-0.0.0-py3.10.egg-info
[0.920s] running install_scripts
[0.934s] Installing image_publisher script to /home/me597/ME-597/lab4ws/install/task_5/lib/task_5
[0.935s] Installing object_detector script to /home/me597/ME-597/lab4ws/install/task_5/lib/task_5
[0.935s] writing list of installed files to '/home/me597/ME-597/lab4ws/build/task_5/install.log'
[0.955s] Invoked command in '/home/me597/ME-597/lab4ws/src/task_5' returned '0': PYTHONPATH=/home/me597/ME-597/lab4ws/build/task_5/prefix_override:/usr/lib/python3/dist-packages/colcon_core/task/python/colcon_distutils_commands:/home/me597/ME-597/lab4ws/install/task_5/lib/python3.10/site-packages:${PYTHONPATH} /usr/bin/python3 -W ignore:setup.py install is deprecated -W ignore:easy_install command is deprecated setup.py egg_info --egg-base ../../build/task_5 build --build-base /home/me597/ME-597/lab4ws/build/task_5/build install --record /home/me597/ME-597/lab4ws/build/task_5/install.log --single-version-externally-managed install_data
