[0.825s] Invoking command in '/home/me597/ME-597/lab4ws/src/task_5': PYTHONPATH=/home/me597/ME-597/lab4ws/build/task_5/prefix_override:/usr/lib/python3/dist-packages/colcon_core/task/python/colcon_distutils_commands:/home/me597/ME-597/lab4ws/install/task_5/lib/python3.10/site-packages:${PYTHONPATH} /usr/bin/python3 -W ignore:setup.py install is deprecated -W ignore:easy_install command is deprecated setup.py egg_info --egg-base ../../build/task_5 build --build-base /home/me597/ME-597/lab4ws/build/task_5/build install --record /home/me597/ME-597/lab4ws/build/task_5/install.log --single-version-externally-managed install_data
[1.062s] running egg_info
[1.063s] writing ../../build/task_5/task_5.egg-info/PKG-INFO
[1.063s] writing dependency_links to ../../build/task_5/task_5.egg-info/dependency_links.txt
[1.064s] writing entry points to ../../build/task_5/task_5.egg-info/entry_points.txt
[1.065s] writing requirements to ../../build/task_5/task_5.egg-info/requires.txt
[1.065s] writing top-level names to ../../build/task_5/task_5.egg-info/top_level.txt
[1.069s] reading manifest file '../../build/task_5/task_5.egg-info/SOURCES.txt'
[1.069s] writing manifest file '../../build/task_5/task_5.egg-info/SOURCES.txt'
[1.069s] running build
[1.069s] running build_py
[1.069s] copying task_5/image_publisher.py -> /home/me597/ME-597/lab4ws/build/task_5/build/lib/task_5
[1.069s] running install
[1.069s] running install_lib
[1.070s] copying /home/me597/ME-597/lab4ws/build/task_5/build/lib/task_5/image_publisher.py -> /home/me597/ME-597/lab4ws/install/task_5/lib/python3.10/site-packages/task_5
[1.070s] byte-compiling /home/me597/ME-597/lab4ws/install/task_5/lib/python3.10/site-packages/task_5/image_publisher.py to image_publisher.cpython-310.pyc
[1.074s] running install_data
[1.074s] running install_egg_info
[1.074s] removing '/home/me597/ME-597/lab4ws/install/task_5/lib/python3.10/site-packages/task_5-0.0.0-py3.10.egg-info' (and everything under it)
[1.079s] Copying ../../build/task_5/task_5.egg-info to /home/me597/ME-597/lab4ws/install/task_5/lib/python3.10/site-packages/task_5-0.0.0-py3.10.egg-info
[1.079s] running install_scripts
[1.097s] Installing image_publisher script to /home/me597/ME-597/lab4ws/install/task_5/lib/task_5
[1.098s] Installing object_detector script to /home/me597/ME-597/lab4ws/install/task_5/lib/task_5
[1.098s] writing list of installed files to '/home/me597/ME-597/lab4ws/build/task_5/install.log'
[1.121s] Invoked command in '/home/me597/ME-597/lab4ws/src/task_5' returned '0': PYTHONPATH=/home/me597/ME-597/lab4ws/build/task_5/prefix_override:/usr/lib/python3/dist-packages/colcon_core/task/python/colcon_distutils_commands:/home/me597/ME-597/lab4ws/install/task_5/lib/python3.10/site-packages:${PYTHONPATH} /usr/bin/python3 -W ignore:setup.py install is deprecated -W ignore:easy_install command is deprecated setup.py egg_info --egg-base ../../build/task_5 build --build-base /home/me597/ME-597/lab4ws/build/task_5/build install --record /home/me597/ME-597/lab4ws/build/task_5/install.log --single-version-externally-managed install_data
