[1.510s] Invoking command in '/home/me597/ME-597/lab4ws/src/task_5': AMENT_PREFIX_PATH=/home/me597/ME-597/lab4ws/install/cv_bridge:${AMENT_PREFIX_PATH} CMAKE_PREFIX_PATH=/home/me597/ME-597/lab4ws/install/cv_bridge LD_LIBRARY_PATH=/home/me597/ME-597/lab4ws/install/cv_bridge/lib:${LD_LIBRARY_PATH} PYTHONPATH=/home/me597/ME-597/lab4ws/build/task_5/prefix_override:/usr/lib/python3/dist-packages/colcon_core/task/python/colcon_distutils_commands:/home/me597/ME-597/lab4ws/install/task_5/lib/python3.10/site-packages:/home/me597/ME-597/lab4ws/install/cv_bridge/local/lib/python3.10/dist-packages:${PYTHONPATH} /usr/bin/python3 -W ignore:setup.py install is deprecated -W ignore:easy_install command is deprecated setup.py egg_info --egg-base ../../build/task_5 build --build-base /home/me597/ME-597/lab4ws/build/task_5/build install --record /home/me597/ME-597/lab4ws/build/task_5/install.log --single-version-externally-managed install_data
[2.024s] running egg_info
[2.026s] writing ../../build/task_5/task_5.egg-info/PKG-INFO
[2.027s] writing dependency_links to ../../build/task_5/task_5.egg-info/dependency_links.txt
[2.027s] writing entry points to ../../build/task_5/task_5.egg-info/entry_points.txt
[2.030s] writing requirements to ../../build/task_5/task_5.egg-info/requires.txt
[2.030s] writing top-level names to ../../build/task_5/task_5.egg-info/top_level.txt
[2.034s] reading manifest file '../../build/task_5/task_5.egg-info/SOURCES.txt'
[2.034s] writing manifest file '../../build/task_5/task_5.egg-info/SOURCES.txt'
[2.034s] running build
[2.035s] running build_py
[2.036s] copying task_5/image_publisher.py -> /home/me597/ME-597/lab4ws/build/task_5/build/lib/task_5
[2.036s] copying task_5/object_detector.py -> /home/me597/ME-597/lab4ws/build/task_5/build/lib/task_5
[2.036s] running install
[2.036s] running install_lib
[2.036s] copying /home/me597/ME-597/lab4ws/build/task_5/build/lib/task_5/image_publisher.py -> /home/me597/ME-597/lab4ws/install/task_5/lib/python3.10/site-packages/task_5
[2.036s] copying /home/me597/ME-597/lab4ws/build/task_5/build/lib/task_5/object_detector.py -> /home/me597/ME-597/lab4ws/install/task_5/lib/python3.10/site-packages/task_5
[2.038s] byte-compiling /home/me597/ME-597/lab4ws/install/task_5/lib/python3.10/site-packages/task_5/image_publisher.py to image_publisher.cpython-310.pyc
[2.040s] byte-compiling /home/me597/ME-597/lab4ws/install/task_5/lib/python3.10/site-packages/task_5/object_detector.py to object_detector.cpython-310.pyc
[2.052s] running install_data
[2.052s] running install_egg_info
[2.052s] removing '/home/me597/ME-597/lab4ws/install/task_5/lib/python3.10/site-packages/task_5-0.0.0-py3.10.egg-info' (and everything under it)
[2.052s] Copying ../../build/task_5/task_5.egg-info to /home/me597/ME-597/lab4ws/install/task_5/lib/python3.10/site-packages/task_5-0.0.0-py3.10.egg-info
[2.056s] running install_scripts
[2.108s] Installing image_publisher script to /home/me597/ME-597/lab4ws/install/task_5/lib/task_5
[2.108s] Installing object_detector script to /home/me597/ME-597/lab4ws/install/task_5/lib/task_5
[2.108s] Installing object_detector_launch script to /home/me597/ME-597/lab4ws/install/task_5/lib/task_5
[2.113s] writing list of installed files to '/home/me597/ME-597/lab4ws/build/task_5/install.log'
[2.174s] Invoked command in '/home/me597/ME-597/lab4ws/src/task_5' returned '0': AMENT_PREFIX_PATH=/home/me597/ME-597/lab4ws/install/cv_bridge:${AMENT_PREFIX_PATH} CMAKE_PREFIX_PATH=/home/me597/ME-597/lab4ws/install/cv_bridge LD_LIBRARY_PATH=/home/me597/ME-597/lab4ws/install/cv_bridge/lib:${LD_LIBRARY_PATH} PYTHONPATH=/home/me597/ME-597/lab4ws/build/task_5/prefix_override:/usr/lib/python3/dist-packages/colcon_core/task/python/colcon_distutils_commands:/home/me597/ME-597/lab4ws/install/task_5/lib/python3.10/site-packages:/home/me597/ME-597/lab4ws/install/cv_bridge/local/lib/python3.10/dist-packages:${PYTHONPATH} /usr/bin/python3 -W ignore:setup.py install is deprecated -W ignore:easy_install command is deprecated setup.py egg_info --egg-base ../../build/task_5 build --build-base /home/me597/ME-597/lab4ws/build/task_5/build install --record /home/me597/ME-597/lab4ws/build/task_5/install.log --single-version-externally-managed install_data
