[0.015s] Invoking command in '/home/me597/ME-597/lab4ws/build/cv_bridge': CMAKE_PREFIX_PATH=${CMAKE_PREFIX_PATH}:/home/me597/ME-597/lab4ws/install/task_6:/home/me597/ME-597/lab4ws/install/task_5:/home/me597/ME-597/lab4ws/install/opencv_tests:/opt/ros/humble /usr/bin/cmake --build /home/me597/ME-597/lab4ws/build/cv_bridge -- -j2 -l2
[0.070s] [ 22%] Built target cv_bridge
[0.081s] [ 22%] Built target ament_cmake_python_symlink_cv_bridge
[0.107s] [ 33%] Built target gtest_main
[0.123s] [ 44%] Built target gtest
[0.185s] [ 61%] Built target cv_bridge_boost
[0.224s] [100%] Built target cv_bridge-utest
[0.352s] running egg_info
[0.352s] writing cv_bridge.egg-info/PKG-INFO
[0.352s] writing dependency_links to cv_bridge.egg-info/dependency_links.txt
[0.352s] writing top-level names to cv_bridge.egg-info/top_level.txt
[0.356s] reading manifest file 'cv_bridge.egg-info/SOURCES.txt'
[0.363s] writing manifest file 'cv_bridge.egg-info/SOURCES.txt'
[0.398s] [100%] Built target ament_cmake_python_build_cv_bridge_egg
[0.417s] Invoked command in '/home/me597/ME-597/lab4ws/build/cv_bridge' returned '0': CMAKE_PREFIX_PATH=${CMAKE_PREFIX_PATH}:/home/me597/ME-597/lab4ws/install/task_6:/home/me597/ME-597/lab4ws/install/task_5:/home/me597/ME-597/lab4ws/install/opencv_tests:/opt/ros/humble /usr/bin/cmake --build /home/me597/ME-597/lab4ws/build/cv_bridge -- -j2 -l2
[0.423s] Invoking command in '/home/me597/ME-597/lab4ws/build/cv_bridge': CMAKE_PREFIX_PATH=${CMAKE_PREFIX_PATH}:/home/me597/ME-597/lab4ws/install/task_6:/home/me597/ME-597/lab4ws/install/task_5:/home/me597/ME-597/lab4ws/install/opencv_tests:/opt/ros/humble /usr/bin/cmake --install /home/me597/ME-597/lab4ws/build/cv_bridge
[0.431s] -- Install configuration: ""
[0.431s] -- Execute custom install script
[0.432s] -- Up-to-date symlink: /home/me597/ME-597/lab4ws/install/cv_bridge/share/cv_bridge/environment/pythonpath.sh
[0.432s] -- Up-to-date symlink: /home/me597/ME-597/lab4ws/install/cv_bridge/share/cv_bridge/environment/pythonpath.dsv
[0.434s] -- Up-to-date symlink: /home/me597/ME-597/lab4ws/install/cv_bridge/local/lib/python3.10/dist-packages/cv_bridge-4.1.0-py3.10.egg-info/PKG-INFO
[0.434s] -- Up-to-date symlink: /home/me597/ME-597/lab4ws/install/cv_bridge/local/lib/python3.10/dist-packages/cv_bridge-4.1.0-py3.10.egg-info/SOURCES.txt
[0.434s] -- Up-to-date symlink: /home/me597/ME-597/lab4ws/install/cv_bridge/local/lib/python3.10/dist-packages/cv_bridge-4.1.0-py3.10.egg-info/dependency_links.txt
[0.434s] -- Up-to-date symlink: /home/me597/ME-597/lab4ws/install/cv_bridge/local/lib/python3.10/dist-packages/cv_bridge-4.1.0-py3.10.egg-info/top_level.txt
[0.434s] -- Up-to-date symlink: /home/me597/ME-597/lab4ws/install/cv_bridge/local/lib/python3.10/dist-packages/cv_bridge/__init__.py
[0.437s] -- Up-to-date symlink: /home/me597/ME-597/lab4ws/install/cv_bridge/local/lib/python3.10/dist-packages/cv_bridge/core.py
[0.437s] -- Up-to-date symlink: /home/me597/ME-597/lab4ws/install/cv_bridge/include/cv_bridge/cv_bridge/cv_bridge_export.h
[0.437s] -- Up-to-date symlink: /home/me597/ME-597/lab4ws/install/cv_bridge/local/lib/python3.10/dist-packages/cv_bridge/boost//cv_bridge_boost.so
[0.437s] -- Up-to-date symlink: /home/me597/ME-597/lab4ws/install/cv_bridge/include/cv_bridge/cv_bridge/cv_bridge.hpp
[0.437s] -- Up-to-date symlink: /home/me597/ME-597/lab4ws/install/cv_bridge/include/cv_bridge/cv_bridge/cv_mat_sensor_msgs_image_type_adapter.hpp
[0.437s] -- Up-to-date symlink: /home/me597/ME-597/lab4ws/install/cv_bridge/include/cv_bridge/cv_bridge/rgb_colors.hpp
[0.437s] -- Up-to-date symlink: /home/me597/ME-597/lab4ws/install/cv_bridge/include/cv_bridge/cv_bridge/visibility_control.h
[0.437s] -- Up-to-date symlink: /home/me597/ME-597/lab4ws/install/cv_bridge/lib/libcv_bridge.so
[0.437s] -- Up-to-date symlink: /home/me597/ME-597/lab4ws/install/cv_bridge/share/ament_index/resource_index/package_run_dependencies/cv_bridge
[0.437s] -- Up-to-date symlink: /home/me597/ME-597/lab4ws/install/cv_bridge/share/ament_index/resource_index/parent_prefix_path/cv_bridge
[0.437s] -- Up-to-date symlink: /home/me597/ME-597/lab4ws/install/cv_bridge/share/cv_bridge/environment/ament_prefix_path.sh
[0.437s] -- Up-to-date symlink: /home/me597/ME-597/lab4ws/install/cv_bridge/share/cv_bridge/environment/ament_prefix_path.dsv
[0.437s] -- Up-to-date symlink: /home/me597/ME-597/lab4ws/install/cv_bridge/share/cv_bridge/environment/path.sh
[0.437s] -- Up-to-date symlink: /home/me597/ME-597/lab4ws/install/cv_bridge/share/cv_bridge/environment/path.dsv
[0.438s] -- Up-to-date symlink: /home/me597/ME-597/lab4ws/install/cv_bridge/share/cv_bridge/local_setup.bash
[0.438s] -- Up-to-date symlink: /home/me597/ME-597/lab4ws/install/cv_bridge/share/cv_bridge/local_setup.sh
[0.438s] -- Up-to-date symlink: /home/me597/ME-597/lab4ws/install/cv_bridge/share/cv_bridge/local_setup.zsh
[0.438s] -- Up-to-date symlink: /home/me597/ME-597/lab4ws/install/cv_bridge/share/cv_bridge/local_setup.dsv
[0.438s] -- Symlinking: /home/me597/ME-597/lab4ws/install/cv_bridge/share/cv_bridge/package.dsv
[0.458s] -- Up-to-date symlink: /home/me597/ME-597/lab4ws/install/cv_bridge/share/ament_index/resource_index/packages/cv_bridge
[0.458s] -- Up-to-date symlink: /home/me597/ME-597/lab4ws/install/cv_bridge/share/cv_bridge/cmake/cv_bridge-extras.cmake
[0.462s] -- Up-to-date symlink: /home/me597/ME-597/lab4ws/install/cv_bridge/share/cv_bridge/cmake/ament_cmake_export_dependencies-extras.cmake
[0.462s] -- Up-to-date symlink: /home/me597/ME-597/lab4ws/install/cv_bridge/share/cv_bridge/cmake/ament_cmake_export_targets-extras.cmake
[0.465s] -- Up-to-date symlink: /home/me597/ME-597/lab4ws/install/cv_bridge/share/cv_bridge/cmake/cv_bridgeConfig.cmake
[0.465s] -- Up-to-date symlink: /home/me597/ME-597/lab4ws/install/cv_bridge/share/cv_bridge/cmake/cv_bridgeConfig-version.cmake
[0.465s] -- Up-to-date symlink: /home/me597/ME-597/lab4ws/install/cv_bridge/share/cv_bridge/package.xml
[0.502s] Listing '/home/me597/ME-597/lab4ws/install/cv_bridge/local/lib/python3.10/dist-packages/cv_bridge'...
[0.502s] Listing '/home/me597/ME-597/lab4ws/install/cv_bridge/local/lib/python3.10/dist-packages/cv_bridge/boost'...
[0.506s] -- Up-to-date: /home/me597/ME-597/lab4ws/install/cv_bridge/share/cv_bridge/cmake/export_cv_bridgeExport.cmake
[0.508s] -- Up-to-date: /home/me597/ME-597/lab4ws/install/cv_bridge/share/cv_bridge/cmake/export_cv_bridgeExport-noconfig.cmake
[0.509s] Invoked command in '/home/me597/ME-597/lab4ws/build/cv_bridge' returned '0': CMAKE_PREFIX_PATH=${CMAKE_PREFIX_PATH}:/home/me597/ME-597/lab4ws/install/task_6:/home/me597/ME-597/lab4ws/install/task_5:/home/me597/ME-597/lab4ws/install/opencv_tests:/opt/ros/humble /usr/bin/cmake --install /home/me597/ME-597/lab4ws/build/cv_bridge
