running develop
Removing /home/me597/ME-597/lab4ws/install/task_6/lib/python3.10/site-packages/task-6.egg-link (link to .)
running egg_info
writing ../../build/task_6/task_6.egg-info/PKG-INFO
writing dependency_links to ../../build/task_6/task_6.egg-info/dependency_links.txt
writing entry points to ../../build/task_6/task_6.egg-info/entry_points.txt
writing requirements to ../../build/task_6/task_6.egg-info/requires.txt
writing top-level names to ../../build/task_6/task_6.egg-info/top_level.txt
reading manifest file '../../build/task_6/task_6.egg-info/SOURCES.txt'
writing manifest file '../../build/task_6/task_6.egg-info/SOURCES.txt'
running build
running build_py
running install
running install_lib
creating /home/me597/ME-597/lab4ws/install/task_6/lib/python3.10/site-packages/task_6
copying /home/me597/ME-597/lab4ws/build/task_6/build/lib/task_6/__init__.py -> /home/me597/ME-597/lab4ws/install/task_6/lib/python3.10/site-packages/task_6
byte-compiling /home/me597/ME-597/lab4ws/install/task_6/lib/python3.10/site-packages/task_6/__init__.py to __init__.cpython-310.pyc
running install_data
copying resource/task_6 -> /home/me597/ME-597/lab4ws/install/task_6/share/ament_index/resource_index/packages
copying package.xml -> /home/me597/ME-597/lab4ws/install/task_6/share/task_6
running install_egg_info
Copying ../../build/task_6/task_6.egg-info to /home/me597/ME-597/lab4ws/install/task_6/lib/python3.10/site-packages/task_6-0.0.0-py3.10.egg-info
running install_scripts
writing list of installed files to '/home/me597/ME-597/lab4ws/build/task_6/install.log'
