[1.188s] Invoking command in '/home/me597/ME-597/lab4ws/build/task_6': AMENT_PREFIX_PATH=/home/me597/ME-597/lab4ws/install/cv_bridge:${AMENT_PREFIX_PATH} CMAKE_PREFIX_PATH=/home/me597/ME-597/lab4ws/install/cv_bridge LD_LIBRARY_PATH=/home/me597/ME-597/lab4ws/install/cv_bridge/lib:${LD_LIBRARY_PATH} PYTHONPATH=/home/me597/ME-597/lab4ws/build/task_6/prefix_override:/usr/lib/python3/dist-packages/colcon_core/task/python/colcon_distutils_commands:/home/me597/ME-597/lab4ws/install/task_6/lib/python3.10/site-packages:/home/me597/ME-597/lab4ws/install/cv_bridge/local/lib/python3.10/dist-packages:${PYTHONPATH} /usr/bin/python3 -W ignore:setup.py install is deprecated -W ignore:easy_install command is deprecated setup.py develop --uninstall --editable --build-directory /home/me597/ME-597/lab4ws/build/task_6/build
[1.507s] running develop
[1.699s] Removing /home/me597/ME-597/lab4ws/install/task_6/lib/python3.10/site-packages/task-6.egg-link (link to .)
[1.739s] Invoked command in '/home/me597/ME-597/lab4ws/build/task_6' returned '0': AMENT_PREFIX_PATH=/home/me597/ME-597/lab4ws/install/cv_bridge:${AMENT_PREFIX_PATH} CMAKE_PREFIX_PATH=/home/me597/ME-597/lab4ws/install/cv_bridge LD_LIBRARY_PATH=/home/me597/ME-597/lab4ws/install/cv_bridge/lib:${LD_LIBRARY_PATH} PYTHONPATH=/home/me597/ME-597/lab4ws/build/task_6/prefix_override:/usr/lib/python3/dist-packages/colcon_core/task/python/colcon_distutils_commands:/home/me597/ME-597/lab4ws/install/task_6/lib/python3.10/site-packages:/home/me597/ME-597/lab4ws/install/cv_bridge/local/lib/python3.10/dist-packages:${PYTHONPATH} /usr/bin/python3 -W ignore:setup.py install is deprecated -W ignore:easy_install command is deprecated setup.py develop --uninstall --editable --build-directory /home/me597/ME-597/lab4ws/build/task_6/build
[1.740s] Invoking command in '/home/me597/ME-597/lab4ws/src/task_6': AMENT_PREFIX_PATH=/home/me597/ME-597/lab4ws/install/cv_bridge:${AMENT_PREFIX_PATH} CMAKE_PREFIX_PATH=/home/me597/ME-597/lab4ws/install/cv_bridge LD_LIBRARY_PATH=/home/me597/ME-597/lab4ws/install/cv_bridge/lib:${LD_LIBRARY_PATH} PYTHONPATH=/home/me597/ME-597/lab4ws/build/task_6/prefix_override:/usr/lib/python3/dist-packages/colcon_core/task/python/colcon_distutils_commands:/home/me597/ME-597/lab4ws/install/task_6/lib/python3.10/site-packages:/home/me597/ME-597/lab4ws/install/cv_bridge/local/lib/python3.10/dist-packages:${PYTHONPATH} /usr/bin/python3 -W ignore:setup.py install is deprecated -W ignore:easy_install command is deprecated setup.py egg_info --egg-base ../../build/task_6 build --build-base /home/me597/ME-597/lab4ws/build/task_6/build install --record /home/me597/ME-597/lab4ws/build/task_6/install.log --single-version-externally-managed install_data --force
[2.108s] running egg_info
[2.109s] writing ../../build/task_6/task_6.egg-info/PKG-INFO
[2.110s] writing dependency_links to ../../build/task_6/task_6.egg-info/dependency_links.txt
[2.111s] writing entry points to ../../build/task_6/task_6.egg-info/entry_points.txt
[2.112s] writing requirements to ../../build/task_6/task_6.egg-info/requires.txt
[2.112s] writing top-level names to ../../build/task_6/task_6.egg-info/top_level.txt
[2.117s] reading manifest file '../../build/task_6/task_6.egg-info/SOURCES.txt'
[2.123s] writing manifest file '../../build/task_6/task_6.egg-info/SOURCES.txt'
[2.123s] running build
[2.123s] running build_py
[2.123s] running install
[2.123s] running install_lib
[2.123s] creating /home/me597/ME-597/lab4ws/install/task_6/lib/python3.10/site-packages/task_6
[2.124s] copying /home/me597/ME-597/lab4ws/build/task_6/build/lib/task_6/__init__.py -> /home/me597/ME-597/lab4ws/install/task_6/lib/python3.10/site-packages/task_6
[2.124s] byte-compiling /home/me597/ME-597/lab4ws/install/task_6/lib/python3.10/site-packages/task_6/__init__.py to __init__.cpython-310.pyc
[2.125s] running install_data
[2.125s] copying resource/task_6 -> /home/me597/ME-597/lab4ws/install/task_6/share/ament_index/resource_index/packages
[2.125s] copying package.xml -> /home/me597/ME-597/lab4ws/install/task_6/share/task_6
[2.125s] running install_egg_info
[2.127s] Copying ../../build/task_6/task_6.egg-info to /home/me597/ME-597/lab4ws/install/task_6/lib/python3.10/site-packages/task_6-0.0.0-py3.10.egg-info
[2.128s] running install_scripts
[2.153s] writing list of installed files to '/home/me597/ME-597/lab4ws/build/task_6/install.log'
[2.186s] Invoked command in '/home/me597/ME-597/lab4ws/src/task_6' returned '0': AMENT_PREFIX_PATH=/home/me597/ME-597/lab4ws/install/cv_bridge:${AMENT_PREFIX_PATH} CMAKE_PREFIX_PATH=/home/me597/ME-597/lab4ws/install/cv_bridge LD_LIBRARY_PATH=/home/me597/ME-597/lab4ws/install/cv_bridge/lib:${LD_LIBRARY_PATH} PYTHONPATH=/home/me597/ME-597/lab4ws/build/task_6/prefix_override:/usr/lib/python3/dist-packages/colcon_core/task/python/colcon_distutils_commands:/home/me597/ME-597/lab4ws/install/task_6/lib/python3.10/site-packages:/home/me597/ME-597/lab4ws/install/cv_bridge/local/lib/python3.10/dist-packages:${PYTHONPATH} /usr/bin/python3 -W ignore:setup.py install is deprecated -W ignore:easy_install command is deprecated setup.py egg_info --egg-base ../../build/task_6 build --build-base /home/me597/ME-597/lab4ws/build/task_6/build install --record /home/me597/ME-597/lab4ws/build/task_6/install.log --single-version-externally-managed install_data --force
