[0.042s] Invoking command in '/home/me597/ME-597/lab4ws/build/vision_opencv': AMENT_PREFIX_PATH=/home/me597/ME-597/lab4ws/install/image_geometry:/home/me597/ME-597/lab4ws/install/cv_bridge:${AMENT_PREFIX_PATH} CMAKE_PREFIX_PATH=/home/me597/ME-597/lab4ws/install/image_geometry:/home/me597/ME-597/lab4ws/install/cv_bridge:/opt/ros/humble LD_LIBRARY_PATH=/home/me597/ME-597/lab4ws/install/image_geometry/lib:/home/me597/ME-597/lab4ws/install/cv_bridge/lib:${LD_LIBRARY_PATH} PYTHONPATH=/home/me597/ME-597/lab4ws/install/image_geometry/local/lib/python3.10/dist-packages:/home/me597/ME-597/lab4ws/install/cv_bridge/local/lib/python3.10/dist-packages:${PYTHONPATH} /usr/bin/cmake --build /home/me597/ME-597/lab4ws/build/vision_opencv -- -j2 -l2
[0.215s] Invoked command in '/home/me597/ME-597/lab4ws/build/vision_opencv' returned '0': AMENT_PREFIX_PATH=/home/me597/ME-597/lab4ws/install/image_geometry:/home/me597/ME-597/lab4ws/install/cv_bridge:${AMENT_PREFIX_PATH} CMAKE_PREFIX_PATH=/home/me597/ME-597/lab4ws/install/image_geometry:/home/me597/ME-597/lab4ws/install/cv_bridge:/opt/ros/humble LD_LIBRARY_PATH=/home/me597/ME-597/lab4ws/install/image_geometry/lib:/home/me597/ME-597/lab4ws/install/cv_bridge/lib:${LD_LIBRARY_PATH} PYTHONPATH=/home/me597/ME-597/lab4ws/install/image_geometry/local/lib/python3.10/dist-packages:/home/me597/ME-597/lab4ws/install/cv_bridge/local/lib/python3.10/dist-packages:${PYTHONPATH} /usr/bin/cmake --build /home/me597/ME-597/lab4ws/build/vision_opencv -- -j2 -l2
[0.232s] Invoking command in '/home/me597/ME-597/lab4ws/build/vision_opencv': AMENT_PREFIX_PATH=/home/me597/ME-597/lab4ws/install/image_geometry:/home/me597/ME-597/lab4ws/install/cv_bridge:${AMENT_PREFIX_PATH} CMAKE_PREFIX_PATH=/home/me597/ME-597/lab4ws/install/image_geometry:/home/me597/ME-597/lab4ws/install/cv_bridge:/opt/ros/humble LD_LIBRARY_PATH=/home/me597/ME-597/lab4ws/install/image_geometry/lib:/home/me597/ME-597/lab4ws/install/cv_bridge/lib:${LD_LIBRARY_PATH} PYTHONPATH=/home/me597/ME-597/lab4ws/install/image_geometry/local/lib/python3.10/dist-packages:/home/me597/ME-597/lab4ws/install/cv_bridge/local/lib/python3.10/dist-packages:${PYTHONPATH} /usr/bin/cmake --install /home/me597/ME-597/lab4ws/build/vision_opencv
[0.260s] -- Install configuration: ""
[0.269s] -- Execute custom install script
[0.269s] -- Up-to-date symlink: /home/me597/ME-597/lab4ws/install/vision_opencv/share/ament_index/resource_index/package_run_dependencies/vision_opencv
[0.269s] -- Up-to-date symlink: /home/me597/ME-597/lab4ws/install/vision_opencv/share/ament_index/resource_index/parent_prefix_path/vision_opencv
[0.269s] -- Up-to-date symlink: /home/me597/ME-597/lab4ws/install/vision_opencv/share/vision_opencv/environment/ament_prefix_path.sh
[0.269s] -- Up-to-date symlink: /home/me597/ME-597/lab4ws/install/vision_opencv/share/vision_opencv/environment/ament_prefix_path.dsv
[0.269s] -- Up-to-date symlink: /home/me597/ME-597/lab4ws/install/vision_opencv/share/vision_opencv/environment/path.sh
[0.269s] -- Up-to-date symlink: /home/me597/ME-597/lab4ws/install/vision_opencv/share/vision_opencv/environment/path.dsv
[0.269s] -- Up-to-date symlink: /home/me597/ME-597/lab4ws/install/vision_opencv/share/vision_opencv/local_setup.bash
[0.269s] -- Up-to-date symlink: /home/me597/ME-597/lab4ws/install/vision_opencv/share/vision_opencv/local_setup.sh
[0.269s] -- Up-to-date symlink: /home/me597/ME-597/lab4ws/install/vision_opencv/share/vision_opencv/local_setup.zsh
[0.269s] -- Up-to-date symlink: /home/me597/ME-597/lab4ws/install/vision_opencv/share/vision_opencv/local_setup.dsv
[0.290s] -- Symlinking: /home/me597/ME-597/lab4ws/install/vision_opencv/share/vision_opencv/package.dsv
[0.342s] -- Up-to-date symlink: /home/me597/ME-597/lab4ws/install/vision_opencv/share/ament_index/resource_index/packages/vision_opencv
[0.342s] -- Up-to-date symlink: /home/me597/ME-597/lab4ws/install/vision_opencv/share/vision_opencv/cmake/vision_opencvConfig.cmake
[0.351s] -- Up-to-date symlink: /home/me597/ME-597/lab4ws/install/vision_opencv/share/vision_opencv/cmake/vision_opencvConfig-version.cmake
[0.351s] -- Up-to-date symlink: /home/me597/ME-597/lab4ws/install/vision_opencv/share/vision_opencv/package.xml
[0.352s] Invoked command in '/home/me597/ME-597/lab4ws/build/vision_opencv' returned '0': AMENT_PREFIX_PATH=/home/me597/ME-597/lab4ws/install/image_geometry:/home/me597/ME-597/lab4ws/install/cv_bridge:${AMENT_PREFIX_PATH} CMAKE_PREFIX_PATH=/home/me597/ME-597/lab4ws/install/image_geometry:/home/me597/ME-597/lab4ws/install/cv_bridge:/opt/ros/humble LD_LIBRARY_PATH=/home/me597/ME-597/lab4ws/install/image_geometry/lib:/home/me597/ME-597/lab4ws/install/cv_bridge/lib:${LD_LIBRARY_PATH} PYTHONPATH=/home/me597/ME-597/lab4ws/install/image_geometry/local/lib/python3.10/dist-packages:/home/me597/ME-597/lab4ws/install/cv_bridge/local/lib/python3.10/dist-packages:${PYTHONPATH} /usr/bin/cmake --install /home/me597/ME-597/lab4ws/build/vision_opencv
