[1.666s] Invoking command in '/home/me597/ME-597/lab4ws/src/task_6': CMAKE_PREFIX_PATH=/home/me597/ME-597/lab4ws/install/cv_bridge:/home/me597/ME-597/lab4ws/install/vision_opencv:/home/me597/ME-597/lab4ws/install/image_geometry LD_LIBRARY_PATH=/home/me597/ME-597/lab4ws/install/cv_bridge/lib:/home/me597/ME-597/lab4ws/install/image_geometry/lib:/usr/lib/x86_64-linux-gnu/gazebo-11/plugins:/opt/ros/humble/opt/rviz_ogre_vendor/lib:/opt/ros/humble/lib/x86_64-linux-gnu:/opt/ros/humble/lib PYTHONPATH=/home/me597/ME-597/lab4ws/build/task_6/prefix_override:/usr/lib/python3/dist-packages/colcon_core/task/python/colcon_distutils_commands:/home/me597/ME-597/lab4ws/install/task_6/lib/python3.10/site-packages:${PYTHONPATH} /usr/bin/python3 -W ignore:setup.py install is deprecated -W ignore:easy_install command is deprecated setup.py egg_info --egg-base ../../build/task_6 build --build-base /home/me597/ME-597/lab4ws/build/task_6/build install --record /home/me597/ME-597/lab4ws/build/task_6/install.log --single-version-externally-managed install_data
[2.050s] running egg_info
[2.052s] writing ../../build/task_6/task_6.egg-info/PKG-INFO
[2.052s] writing dependency_links to ../../build/task_6/task_6.egg-info/dependency_links.txt
[2.053s] writing entry points to ../../build/task_6/task_6.egg-info/entry_points.txt
[2.054s] writing requirements to ../../build/task_6/task_6.egg-info/requires.txt
[2.055s] writing top-level names to ../../build/task_6/task_6.egg-info/top_level.txt
[2.061s] reading manifest file '../../build/task_6/task_6.egg-info/SOURCES.txt'
[2.064s] writing manifest file '../../build/task_6/task_6.egg-info/SOURCES.txt'
[2.064s] running build
[2.064s] running build_py
[2.066s] copying task_6/red_ball_tracker.py -> /home/me597/ME-597/lab4ws/build/task_6/build/lib/task_6
[2.066s] running install
[2.066s] running install_lib
[2.066s] copying /home/me597/ME-597/lab4ws/build/task_6/build/lib/task_6/red_ball_tracker.py -> /home/me597/ME-597/lab4ws/install/task_6/lib/python3.10/site-packages/task_6
[2.068s] byte-compiling /home/me597/ME-597/lab4ws/install/task_6/lib/python3.10/site-packages/task_6/red_ball_tracker.py to red_ball_tracker.cpython-310.pyc
[2.070s] running install_data
[2.070s] running install_egg_info
[2.074s] removing '/home/me597/ME-597/lab4ws/install/task_6/lib/python3.10/site-packages/task_6-0.0.0-py3.10.egg-info' (and everything under it)
[2.081s] Copying ../../build/task_6/task_6.egg-info to /home/me597/ME-597/lab4ws/install/task_6/lib/python3.10/site-packages/task_6-0.0.0-py3.10.egg-info
[2.081s] running install_scripts
[2.121s] Installing red_ball_tracker script to /home/me597/ME-597/lab4ws/install/task_6/lib/task_6
[2.123s] writing list of installed files to '/home/me597/ME-597/lab4ws/build/task_6/install.log'
[2.171s] Invoked command in '/home/me597/ME-597/lab4ws/src/task_6' returned '0': CMAKE_PREFIX_PATH=/home/me597/ME-597/lab4ws/install/cv_bridge:/home/me597/ME-597/lab4ws/install/vision_opencv:/home/me597/ME-597/lab4ws/install/image_geometry LD_LIBRARY_PATH=/home/me597/ME-597/lab4ws/install/cv_bridge/lib:/home/me597/ME-597/lab4ws/install/image_geometry/lib:/usr/lib/x86_64-linux-gnu/gazebo-11/plugins:/opt/ros/humble/opt/rviz_ogre_vendor/lib:/opt/ros/humble/lib/x86_64-linux-gnu:/opt/ros/humble/lib PYTHONPATH=/home/me597/ME-597/lab4ws/build/task_6/prefix_override:/usr/lib/python3/dist-packages/colcon_core/task/python/colcon_distutils_commands:/home/me597/ME-597/lab4ws/install/task_6/lib/python3.10/site-packages:${PYTHONPATH} /usr/bin/python3 -W ignore:setup.py install is deprecated -W ignore:easy_install command is deprecated setup.py egg_info --egg-base ../../build/task_6 build --build-base /home/me597/ME-597/lab4ws/build/task_6/build install --record /home/me597/ME-597/lab4ws/build/task_6/install.log --single-version-externally-managed install_data
