[0.807s] Invoking command in '/home/me597/ME-597/Lab1ws/task_2': PYTHONPATH=/home/me597/ME-597/Lab1ws/build/task_2/prefix_override:/usr/lib/python3/dist-packages/colcon_core/task/python/colcon_distutils_commands:/home/me597/ME-597/Lab1ws/install/task_2/lib/python3.10/site-packages:${PYTHONPATH} /usr/bin/python3 -W ignore:setup.py install is deprecated -W ignore:easy_install command is deprecated setup.py egg_info --egg-base ../build/task_2 build --build-base /home/me597/ME-597/Lab1ws/build/task_2/build install --record /home/me597/ME-597/Lab1ws/build/task_2/install.log --single-version-externally-managed install_data
[1.008s] running egg_info
[1.009s] creating ../build/task_2/task_2.egg-info
[1.010s] writing ../build/task_2/task_2.egg-info/PKG-INFO
[1.010s] writing dependency_links to ../build/task_2/task_2.egg-info/dependency_links.txt
[1.011s] writing entry points to ../build/task_2/task_2.egg-info/entry_points.txt
[1.011s] writing requirements to ../build/task_2/task_2.egg-info/requires.txt
[1.012s] writing top-level names to ../build/task_2/task_2.egg-info/top_level.txt
[1.012s] writing manifest file '../build/task_2/task_2.egg-info/SOURCES.txt'
[1.014s] reading manifest file '../build/task_2/task_2.egg-info/SOURCES.txt'
[1.014s] adding license file 'LICENSE'
[1.015s] writing manifest file '../build/task_2/task_2.egg-info/SOURCES.txt'
[1.016s] running build
[1.018s] running build_py
[1.018s] creating /home/me597/ME-597/Lab1ws/build/task_2/build
[1.019s] creating /home/me597/ME-597/Lab1ws/build/task_2/build/lib
[1.020s] creating /home/me597/ME-597/Lab1ws/build/task_2/build/lib/task_2
[1.020s] copying task_2/__init__.py -> /home/me597/ME-597/Lab1ws/build/task_2/build/lib/task_2
[1.020s] running install
[1.029s] running install_lib
[1.029s] creating /home/me597/ME-597/Lab1ws/install/task_2/lib/python3.10/site-packages/task_2
[1.029s] copying /home/me597/ME-597/Lab1ws/build/task_2/build/lib/task_2/__init__.py -> /home/me597/ME-597/Lab1ws/install/task_2/lib/python3.10/site-packages/task_2
[1.029s] byte-compiling /home/me597/ME-597/Lab1ws/install/task_2/lib/python3.10/site-packages/task_2/__init__.py to __init__.cpython-310.pyc
[1.029s] running install_data
[1.029s] creating /home/me597/ME-597/Lab1ws/install/task_2/share/ament_index
[1.029s] creating /home/me597/ME-597/Lab1ws/install/task_2/share/ament_index/resource_index
[1.029s] creating /home/me597/ME-597/Lab1ws/install/task_2/share/ament_index/resource_index/packages
[1.029s] copying resource/task_2 -> /home/me597/ME-597/Lab1ws/install/task_2/share/ament_index/resource_index/packages
[1.029s] copying package.xml -> /home/me597/ME-597/Lab1ws/install/task_2/share/task_2
[1.029s] running install_egg_info
[1.033s] Copying ../build/task_2/task_2.egg-info to /home/me597/ME-597/Lab1ws/install/task_2/lib/python3.10/site-packages/task_2-0.0.0-py3.10.egg-info
[1.039s] running install_scripts
[1.059s] writing list of installed files to '/home/me597/ME-597/Lab1ws/build/task_2/install.log'
[1.091s] Invoked command in '/home/me597/ME-597/Lab1ws/task_2' returned '0': PYTHONPATH=/home/me597/ME-597/Lab1ws/build/task_2/prefix_override:/usr/lib/python3/dist-packages/colcon_core/task/python/colcon_distutils_commands:/home/me597/ME-597/Lab1ws/install/task_2/lib/python3.10/site-packages:${PYTHONPATH} /usr/bin/python3 -W ignore:setup.py install is deprecated -W ignore:easy_install command is deprecated setup.py egg_info --egg-base ../build/task_2 build --build-base /home/me597/ME-597/Lab1ws/build/task_2/build install --record /home/me597/ME-597/Lab1ws/build/task_2/install.log --single-version-externally-managed install_data
