[0.626s] Invoking command in '/home/me597/ME-597/lab3ws/src/task_4': PYTHONPATH=/home/me597/ME-597/lab3ws/build/task_4/prefix_override:/usr/lib/python3/dist-packages/colcon_core/task/python/colcon_distutils_commands:/home/me597/ME-597/lab3ws/install/task_4/lib/python3.10/site-packages:${PYTHONPATH} /usr/bin/python3 -W ignore:setup.py install is deprecated -W ignore:easy_install command is deprecated setup.py egg_info --egg-base ../../build/task_4 build --build-base /home/me597/ME-597/lab3ws/build/task_4/build install --record /home/me597/ME-597/lab3ws/build/task_4/install.log --single-version-externally-managed install_data
[0.854s] running egg_info
[0.854s] writing ../../build/task_4/task_4.egg-info/PKG-INFO
[0.854s] writing dependency_links to ../../build/task_4/task_4.egg-info/dependency_links.txt
[0.856s] writing entry points to ../../build/task_4/task_4.egg-info/entry_points.txt
[0.856s] writing requirements to ../../build/task_4/task_4.egg-info/requires.txt
[0.856s] writing top-level names to ../../build/task_4/task_4.egg-info/top_level.txt
[0.858s] reading manifest file '../../build/task_4/task_4.egg-info/SOURCES.txt'
[0.858s] adding license file 'LICENSE'
[0.859s] writing manifest file '../../build/task_4/task_4.egg-info/SOURCES.txt'
[0.859s] running build
[0.859s] running build_py
[0.860s] copying task_4/code_store.py -> /home/me597/ME-597/lab3ws/build/task_4/build/lib/task_4
[0.861s] copying task_4/auto_navigator.py -> /home/me597/ME-597/lab3ws/build/task_4/build/lib/task_4
[0.861s] running install
[0.861s] running install_lib
[0.861s] copying /home/me597/ME-597/lab3ws/build/task_4/build/lib/task_4/code_store.py -> /home/me597/ME-597/lab3ws/install/task_4/lib/python3.10/site-packages/task_4
[0.862s] copying /home/me597/ME-597/lab3ws/build/task_4/build/lib/task_4/auto_navigator.py -> /home/me597/ME-597/lab3ws/install/task_4/lib/python3.10/site-packages/task_4
[0.862s] byte-compiling /home/me597/ME-597/lab3ws/install/task_4/lib/python3.10/site-packages/task_4/code_store.py to code_store.cpython-310.pyc
[0.863s] byte-compiling /home/me597/ME-597/lab3ws/install/task_4/lib/python3.10/site-packages/task_4/auto_navigator.py to auto_navigator.cpython-310.pyc
[0.864s] Sorry: IndentationError: unindent does not match any outer indentation level (code_store.py, line 176)
[0.871s] running install_data
[0.871s] running install_egg_info
[0.871s] removing '/home/me597/ME-597/lab3ws/install/task_4/lib/python3.10/site-packages/task_4-0.0.0-py3.10.egg-info' (and everything under it)
[0.874s] Copying ../../build/task_4/task_4.egg-info to /home/me597/ME-597/lab3ws/install/task_4/lib/python3.10/site-packages/task_4-0.0.0-py3.10.egg-info
[0.874s] running install_scripts
[0.892s] Installing auto_navigator script to /home/me597/ME-597/lab3ws/install/task_4/lib/task_4
[0.892s] writing list of installed files to '/home/me597/ME-597/lab3ws/build/task_4/install.log'
[0.912s] Invoked command in '/home/me597/ME-597/lab3ws/src/task_4' returned '0': PYTHONPATH=/home/me597/ME-597/lab3ws/build/task_4/prefix_override:/usr/lib/python3/dist-packages/colcon_core/task/python/colcon_distutils_commands:/home/me597/ME-597/lab3ws/install/task_4/lib/python3.10/site-packages:${PYTHONPATH} /usr/bin/python3 -W ignore:setup.py install is deprecated -W ignore:easy_install command is deprecated setup.py egg_info --egg-base ../../build/task_4 build --build-base /home/me597/ME-597/lab3ws/build/task_4/build install --record /home/me597/ME-597/lab3ws/build/task_4/install.log --single-version-externally-managed install_data
