[2.159s] Invoking command in '/home/me597/ME-597/lab4ws/src/task_5': AMENT_PREFIX_PATH=/home/me597/ME-597/lab4ws/install/cv_bridge:${AMENT_PREFIX_PATH} CMAKE_PREFIX_PATH=/home/me597/ME-597/lab4ws/install/cv_bridge LD_LIBRARY_PATH=/home/me597/ME-597/lab4ws/install/cv_bridge/lib:${LD_LIBRARY_PATH} PYTHONPATH=/home/me597/ME-597/lab4ws/build/task_5/prefix_override:/usr/lib/python3/dist-packages/colcon_core/task/python/colcon_distutils_commands:/home/me597/ME-597/lab4ws/install/task_5/lib/python3.10/site-packages:/home/me597/ME-597/lab4ws/install/cv_bridge/local/lib/python3.10/dist-packages:${PYTHONPATH} /usr/bin/python3 -W ignore:setup.py install is deprecated -W ignore:easy_install command is deprecated setup.py egg_info --egg-base ../../build/task_5 build --build-base /home/me597/ME-597/lab4ws/build/task_5/build install --record /home/me597/ME-597/lab4ws/build/task_5/install.log --single-version-externally-managed install_data
[3.409s] running egg_info
[3.409s] writing ../../build/task_5/task_5.egg-info/PKG-INFO
[3.410s] writing dependency_links to ../../build/task_5/task_5.egg-info/dependency_links.txt
[3.410s] writing entry points to ../../build/task_5/task_5.egg-info/entry_points.txt
[3.410s] writing requirements to ../../build/task_5/task_5.egg-info/requires.txt
[3.410s] writing top-level names to ../../build/task_5/task_5.egg-info/top_level.txt
[3.430s] reading manifest file '../../build/task_5/task_5.egg-info/SOURCES.txt'
[3.430s] writing manifest file '../../build/task_5/task_5.egg-info/SOURCES.txt'
[3.430s] running build
[3.430s] running build_py
[3.442s] running install
[3.442s] running install_lib
[3.447s] running install_data
[3.447s] running install_egg_info
[3.463s] removing '/home/me597/ME-597/lab4ws/install/task_5/lib/python3.10/site-packages/task_5-0.0.0-py3.10.egg-info' (and everything under it)
[3.463s] Copying ../../build/task_5/task_5.egg-info to /home/me597/ME-597/lab4ws/install/task_5/lib/python3.10/site-packages/task_5-0.0.0-py3.10.egg-info
[3.468s] running install_scripts
[3.609s] Installing image_publisher script to /home/me597/ME-597/lab4ws/install/task_5/lib/task_5
[3.614s] Installing object_detector script to /home/me597/ME-597/lab4ws/install/task_5/lib/task_5
[3.614s] Installing object_detector_launch script to /home/me597/ME-597/lab4ws/install/task_5/lib/task_5
[3.623s] writing list of installed files to '/home/me597/ME-597/lab4ws/build/task_5/install.log'
[3.712s] Invoked command in '/home/me597/ME-597/lab4ws/src/task_5' returned '0': AMENT_PREFIX_PATH=/home/me597/ME-597/lab4ws/install/cv_bridge:${AMENT_PREFIX_PATH} CMAKE_PREFIX_PATH=/home/me597/ME-597/lab4ws/install/cv_bridge LD_LIBRARY_PATH=/home/me597/ME-597/lab4ws/install/cv_bridge/lib:${LD_LIBRARY_PATH} PYTHONPATH=/home/me597/ME-597/lab4ws/build/task_5/prefix_override:/usr/lib/python3/dist-packages/colcon_core/task/python/colcon_distutils_commands:/home/me597/ME-597/lab4ws/install/task_5/lib/python3.10/site-packages:/home/me597/ME-597/lab4ws/install/cv_bridge/local/lib/python3.10/dist-packages:${PYTHONPATH} /usr/bin/python3 -W ignore:setup.py install is deprecated -W ignore:easy_install command is deprecated setup.py egg_info --egg-base ../../build/task_5 build --build-base /home/me597/ME-597/lab4ws/build/task_5/build install --record /home/me597/ME-597/lab4ws/build/task_5/install.log --single-version-externally-managed install_data
