[0.012s] Invoking command in '/home/me597/ME-597/Lab1ws/build/task_2_interfaces': CMAKE_PREFIX_PATH=/home/me597/ME-597/Lab1ws/install/task_2:/home/me597/ME-597/Lab1ws/install/task_1:/opt/ros/humble /usr/bin/cmake /home/me597/ME-597/Lab1ws/task_2_interfaces -DCMAKE_INSTALL_PREFIX=/home/me597/ME-597/Lab1ws/install/task_2_interfaces
[0.022s] -- Found ament_cmake: 1.3.11 (/opt/ros/humble/share/ament_cmake/cmake)
[0.118s] -- Found std_msgs: 4.2.4 (/opt/ros/humble/share/std_msgs/cmake)
[0.135s] -- Found rosidl_generator_c: 3.1.6 (/opt/ros/humble/share/rosidl_generator_c/cmake)
[0.137s] -- Found rosidl_adapter: 3.1.6 (/opt/ros/humble/share/rosidl_adapter/cmake)
[0.142s] -- Found rosidl_generator_cpp: 3.1.6 (/opt/ros/humble/share/rosidl_generator_cpp/cmake)
[0.150s] -- Using all available rosidl_typesupport_c: rosidl_typesupport_fastrtps_c;rosidl_typesupport_introspection_c
[0.161s] -- Using all available rosidl_typesupport_cpp: rosidl_typesupport_fastrtps_cpp;rosidl_typesupport_introspection_cpp
[0.176s] -- Found geometry_msgs: 4.2.4 (/opt/ros/humble/share/geometry_msgs/cmake)
[0.184s] -- Found rosidl_default_generators: 1.2.0 (/opt/ros/humble/share/rosidl_default_generators/cmake)
[0.420s] -- Found ament_cmake_ros: 0.10.0 (/opt/ros/humble/share/ament_cmake_ros/cmake)
[0.781s] -- Using all available rosidl_typesupport_c: rosidl_typesupport_fastrtps_c;rosidl_typesupport_introspection_c
[0.908s] -- Using all available rosidl_typesupport_cpp: rosidl_typesupport_fastrtps_cpp;rosidl_typesupport_introspection_cpp
[0.928s] -- Found PythonInterp: /usr/bin/python3 (found suitable version "3.10.12", minimum required is "3.6") 
[0.932s] -- Found python_cmake_module: 0.10.0 (/opt/ros/humble/share/python_cmake_module/cmake)
[0.964s] -- Found PythonLibs: /usr/lib/x86_64-linux-gnu/libpython3.10.so (found suitable version "3.10.12", minimum required is "3.5") 
[0.964s] -- Using PYTHON_EXECUTABLE: /usr/bin/python3
[0.965s] -- Using PYTHON_INCLUDE_DIRS: /usr/include/python3.10
[0.965s] -- Using PYTHON_LIBRARIES: /usr/lib/x86_64-linux-gnu/libpython3.10.so
[0.985s] -- Found PythonExtra: .so  
[1.066s] -- Configuring done
[1.109s] -- Generating done
[1.122s] -- Build files have been written to: /home/me597/ME-597/Lab1ws/build/task_2_interfaces
[1.127s] Invoked command in '/home/me597/ME-597/Lab1ws/build/task_2_interfaces' returned '0': CMAKE_PREFIX_PATH=/home/me597/ME-597/Lab1ws/install/task_2:/home/me597/ME-597/Lab1ws/install/task_1:/opt/ros/humble /usr/bin/cmake /home/me597/ME-597/Lab1ws/task_2_interfaces -DCMAKE_INSTALL_PREFIX=/home/me597/ME-597/Lab1ws/install/task_2_interfaces
[1.129s] Invoking command in '/home/me597/ME-597/Lab1ws/build/task_2_interfaces': CMAKE_PREFIX_PATH=/home/me597/ME-597/Lab1ws/install/task_2:/home/me597/ME-597/Lab1ws/install/task_1:/opt/ros/humble /usr/bin/cmake --build /home/me597/ME-597/Lab1ws/build/task_2_interfaces -- -j2 -l2
[1.172s] [  5%] [34m[1mGenerating C++ code for ROS interfaces[0m
[1.173s] [  5%] [34m[1mGenerating C code for ROS interfaces[0m
[1.648s] [  7%] [32mBuilding C object CMakeFiles/task_2_interfaces__rosidl_generator_c.dir/rosidl_generator_c/task_2_interfaces/msg/detail/joint_data__functions.c.o[0m
[1.680s] [  7%] Built target task_2_interfaces__cpp
[1.685s] [ 10%] [32mBuilding C object CMakeFiles/task_2_interfaces__rosidl_generator_c.dir/rosidl_generator_c/task_2_interfaces/srv/detail/joint_state__functions.c.o[0m
[1.789s] [ 12%] [32m[1mLinking C shared library libtask_2_interfaces__rosidl_generator_c.so[0m
[1.803s] [ 12%] Built target ament_cmake_python_copy_task_2_interfaces
[1.813s] [ 15%] [34m[1mGenerating C++ type support for eProsima Fast-RTPS[0m
[1.824s] [ 15%] Built target task_2_interfaces__rosidl_generator_c
[1.833s] [ 17%] [34m[1mGenerating C++ introspection for ROS interfaces[0m
[2.074s] [ 20%] [32mBuilding CXX object CMakeFiles/task_2_interfaces__rosidl_typesupport_introspection_cpp.dir/rosidl_typesupport_introspection_cpp/task_2_interfaces/msg/detail/joint_data__type_support.cpp.o[0m
[2.077s] [ 23%] [32mBuilding CXX object CMakeFiles/task_2_interfaces__rosidl_typesupport_fastrtps_cpp.dir/rosidl_typesupport_fastrtps_cpp/task_2_interfaces/msg/detail/dds_fastrtps/joint_data__type_support.cpp.o[0m
[2.705s] [ 25%] [32mBuilding CXX object CMakeFiles/task_2_interfaces__rosidl_typesupport_fastrtps_cpp.dir/rosidl_typesupport_fastrtps_cpp/task_2_interfaces/srv/detail/dds_fastrtps/joint_state__type_support.cpp.o[0m
[2.781s] [ 28%] [32mBuilding CXX object CMakeFiles/task_2_interfaces__rosidl_typesupport_introspection_cpp.dir/rosidl_typesupport_introspection_cpp/task_2_interfaces/srv/detail/joint_state__type_support.cpp.o[0m
[3.039s] [ 30%] [32m[1mLinking CXX shared library libtask_2_interfaces__rosidl_typesupport_fastrtps_cpp.so[0m
[3.092s] [ 33%] [32m[1mLinking CXX shared library libtask_2_interfaces__rosidl_typesupport_introspection_cpp.so[0m
[3.111s] [ 33%] Built target task_2_interfaces__rosidl_typesupport_fastrtps_cpp
[3.119s] [ 35%] [34m[1mGenerating C++ type support dispatch for ROS interfaces[0m
[3.156s] [ 35%] Built target task_2_interfaces__rosidl_typesupport_introspection_cpp
[3.351s] [ 38%] [32mBuilding CXX object CMakeFiles/task_2_interfaces__rosidl_typesupport_cpp.dir/rosidl_typesupport_cpp/task_2_interfaces/msg/joint_data__type_support.cpp.o[0m
[3.372s] running egg_info
[3.373s] creating task_2_interfaces.egg-info
[3.373s] writing task_2_interfaces.egg-info/PKG-INFO
[3.373s] writing dependency_links to task_2_interfaces.egg-info/dependency_links.txt
[3.374s] writing top-level names to task_2_interfaces.egg-info/top_level.txt
[3.376s] writing manifest file 'task_2_interfaces.egg-info/SOURCES.txt'
[3.377s] reading manifest file 'task_2_interfaces.egg-info/SOURCES.txt'
[3.378s] writing manifest file 'task_2_interfaces.egg-info/SOURCES.txt'
[3.398s] [ 38%] Built target ament_cmake_python_build_task_2_interfaces_egg
[3.412s] [ 41%] [34m[1mGenerating C type support for eProsima Fast-RTPS[0m
[3.564s] [ 43%] [32mBuilding CXX object CMakeFiles/task_2_interfaces__rosidl_typesupport_cpp.dir/rosidl_typesupport_cpp/task_2_interfaces/srv/joint_state__type_support.cpp.o[0m
[3.739s] [ 46%] [32mBuilding CXX object CMakeFiles/task_2_interfaces__rosidl_typesupport_fastrtps_c.dir/rosidl_typesupport_fastrtps_c/task_2_interfaces/msg/detail/joint_data__type_support_c.cpp.o[0m
[3.912s] [ 48%] [32m[1mLinking CXX shared library libtask_2_interfaces__rosidl_typesupport_cpp.so[0m
[4.027s] [ 48%] Built target task_2_interfaces__rosidl_typesupport_cpp
[4.045s] [ 51%] [32mBuilding CXX object CMakeFiles/task_2_interfaces__rosidl_typesupport_fastrtps_c.dir/rosidl_typesupport_fastrtps_c/task_2_interfaces/srv/detail/joint_state__type_support_c.cpp.o[0m
[4.315s] [ 53%] [34m[1mGenerating C introspection for ROS interfaces[0m
[4.775s] [ 56%] [32m[1mLinking CXX shared library libtask_2_interfaces__rosidl_typesupport_fastrtps_c.so[0m
[4.833s] [ 58%] [32mBuilding C object CMakeFiles/task_2_interfaces__rosidl_typesupport_introspection_c.dir/rosidl_typesupport_introspection_c/task_2_interfaces/msg/detail/joint_data__type_support.c.o[0m
[4.839s] [ 58%] Built target task_2_interfaces__rosidl_typesupport_fastrtps_c
[4.849s] [ 61%] [34m[1mGenerating C type support dispatch for ROS interfaces[0m
[4.874s] [ 64%] [32mBuilding C object CMakeFiles/task_2_interfaces__rosidl_typesupport_introspection_c.dir/rosidl_typesupport_introspection_c/task_2_interfaces/srv/detail/joint_state__type_support.c.o[0m
[4.913s] [ 66%] [32m[1mLinking C shared library libtask_2_interfaces__rosidl_typesupport_introspection_c.so[0m
[4.947s] [ 66%] Built target task_2_interfaces__rosidl_typesupport_introspection_c
[5.048s] [ 69%] [32mBuilding CXX object CMakeFiles/task_2_interfaces__rosidl_typesupport_c.dir/rosidl_typesupport_c/task_2_interfaces/msg/joint_data__type_support.cpp.o[0m
[5.049s] [ 71%] [32mBuilding CXX object CMakeFiles/task_2_interfaces__rosidl_typesupport_c.dir/rosidl_typesupport_c/task_2_interfaces/srv/joint_state__type_support.cpp.o[0m
[5.079s] [ 74%] [32m[1mLinking CXX shared library libtask_2_interfaces__rosidl_typesupport_c.so[0m
[5.116s] [ 74%] Built target task_2_interfaces__rosidl_typesupport_c
[5.139s] [ 74%] Built target task_2_interfaces
[5.161s] [ 76%] [34m[1mGenerating Python code for ROS interfaces[0m
[5.602s] [ 76%] Built target task_2_interfaces__py
[5.630s] [ 79%] [32mBuilding C object CMakeFiles/task_2_interfaces__rosidl_generator_py.dir/rosidl_generator_py/task_2_interfaces/msg/_joint_data_s.c.o[0m
[5.631s] [ 82%] [32mBuilding C object CMakeFiles/task_2_interfaces__rosidl_generator_py.dir/rosidl_generator_py/task_2_interfaces/srv/_joint_state_s.c.o[0m
[5.828s] [ 84%] [32m[1mLinking C shared library rosidl_generator_py/task_2_interfaces/libtask_2_interfaces__rosidl_generator_py.so[0m
[5.891s] [ 84%] Built target task_2_interfaces__rosidl_generator_py
[5.913s] [ 87%] [32mBuilding C object CMakeFiles/task_2_interfaces__rosidl_typesupport_fastrtps_c__pyext.dir/rosidl_generator_py/task_2_interfaces/_task_2_interfaces_s.ep.rosidl_typesupport_fastrtps_c.c.o[0m
[5.914s] [ 89%] [32mBuilding C object CMakeFiles/task_2_interfaces__rosidl_typesupport_introspection_c__pyext.dir/rosidl_generator_py/task_2_interfaces/_task_2_interfaces_s.ep.rosidl_typesupport_introspection_c.c.o[0m
[6.030s] [ 92%] [32m[1mLinking C shared library rosidl_generator_py/task_2_interfaces/task_2_interfaces_s__rosidl_typesupport_fastrtps_c.cpython-310-x86_64-linux-gnu.so[0m
[6.093s] [ 92%] Built target task_2_interfaces__rosidl_typesupport_fastrtps_c__pyext
[6.094s] [ 94%] [32m[1mLinking C shared library rosidl_generator_py/task_2_interfaces/task_2_interfaces_s__rosidl_typesupport_introspection_c.cpython-310-x86_64-linux-gnu.so[0m
[6.125s] [ 97%] [32mBuilding C object CMakeFiles/task_2_interfaces__rosidl_typesupport_c__pyext.dir/rosidl_generator_py/task_2_interfaces/_task_2_interfaces_s.ep.rosidl_typesupport_c.c.o[0m
[6.173s] [ 97%] Built target task_2_interfaces__rosidl_typesupport_introspection_c__pyext
[6.265s] [100%] [32m[1mLinking C shared library rosidl_generator_py/task_2_interfaces/task_2_interfaces_s__rosidl_typesupport_c.cpython-310-x86_64-linux-gnu.so[0m
[6.310s] [100%] Built target task_2_interfaces__rosidl_typesupport_c__pyext
[6.331s] Invoked command in '/home/me597/ME-597/Lab1ws/build/task_2_interfaces' returned '0': CMAKE_PREFIX_PATH=/home/me597/ME-597/Lab1ws/install/task_2:/home/me597/ME-597/Lab1ws/install/task_1:/opt/ros/humble /usr/bin/cmake --build /home/me597/ME-597/Lab1ws/build/task_2_interfaces -- -j2 -l2
[6.340s] Invoking command in '/home/me597/ME-597/Lab1ws/build/task_2_interfaces': CMAKE_PREFIX_PATH=/home/me597/ME-597/Lab1ws/install/task_2:/home/me597/ME-597/Lab1ws/install/task_1:/opt/ros/humble /usr/bin/cmake --install /home/me597/ME-597/Lab1ws/build/task_2_interfaces
[6.352s] -- Install configuration: ""
[6.352s] -- Installing: /home/me597/ME-597/Lab1ws/install/task_2_interfaces/share/ament_index/resource_index/rosidl_interfaces/task_2_interfaces
[6.352s] -- Installing: /home/me597/ME-597/Lab1ws/install/task_2_interfaces/include/task_2_interfaces/task_2_interfaces
[6.354s] -- Installing: /home/me597/ME-597/Lab1ws/install/task_2_interfaces/include/task_2_interfaces/task_2_interfaces/msg
[6.355s] -- Installing: /home/me597/ME-597/Lab1ws/install/task_2_interfaces/include/task_2_interfaces/task_2_interfaces/msg/joint_data.h
[6.356s] -- Installing: /home/me597/ME-597/Lab1ws/install/task_2_interfaces/include/task_2_interfaces/task_2_interfaces/msg/rosidl_generator_c__visibility_control.h
[6.356s] -- Installing: /home/me597/ME-597/Lab1ws/install/task_2_interfaces/include/task_2_interfaces/task_2_interfaces/msg/detail
[6.356s] -- Installing: /home/me597/ME-597/Lab1ws/install/task_2_interfaces/include/task_2_interfaces/task_2_interfaces/msg/detail/joint_data__functions.h
[6.356s] -- Installing: /home/me597/ME-597/Lab1ws/install/task_2_interfaces/include/task_2_interfaces/task_2_interfaces/msg/detail/joint_data__struct.h
[6.356s] -- Installing: /home/me597/ME-597/Lab1ws/install/task_2_interfaces/include/task_2_interfaces/task_2_interfaces/msg/detail/joint_data__functions.c
[6.356s] -- Installing: /home/me597/ME-597/Lab1ws/install/task_2_interfaces/include/task_2_interfaces/task_2_interfaces/msg/detail/joint_data__type_support.h
[6.356s] -- Installing: /home/me597/ME-597/Lab1ws/install/task_2_interfaces/include/task_2_interfaces/task_2_interfaces/srv
[6.356s] -- Installing: /home/me597/ME-597/Lab1ws/install/task_2_interfaces/include/task_2_interfaces/task_2_interfaces/srv/detail
[6.357s] -- Installing: /home/me597/ME-597/Lab1ws/install/task_2_interfaces/include/task_2_interfaces/task_2_interfaces/srv/detail/joint_state__functions.h
[6.357s] -- Installing: /home/me597/ME-597/Lab1ws/install/task_2_interfaces/include/task_2_interfaces/task_2_interfaces/srv/detail/joint_state__functions.c
[6.357s] -- Installing: /home/me597/ME-597/Lab1ws/install/task_2_interfaces/include/task_2_interfaces/task_2_interfaces/srv/detail/joint_state__type_support.h
[6.357s] -- Installing: /home/me597/ME-597/Lab1ws/install/task_2_interfaces/include/task_2_interfaces/task_2_interfaces/srv/detail/joint_state__struct.h
[6.357s] -- Installing: /home/me597/ME-597/Lab1ws/install/task_2_interfaces/include/task_2_interfaces/task_2_interfaces/srv/joint_state.h
[6.357s] -- Installing: /home/me597/ME-597/Lab1ws/install/task_2_interfaces/share/task_2_interfaces/environment/library_path.sh
[6.357s] -- Installing: /home/me597/ME-597/Lab1ws/install/task_2_interfaces/share/task_2_interfaces/environment/library_path.dsv
[6.358s] -- Installing: /home/me597/ME-597/Lab1ws/install/task_2_interfaces/lib/libtask_2_interfaces__rosidl_generator_c.so
[6.358s] -- Set runtime path of "/home/me597/ME-597/Lab1ws/install/task_2_interfaces/lib/libtask_2_interfaces__rosidl_generator_c.so" to ""
[6.358s] -- Up-to-date: /home/me597/ME-597/Lab1ws/install/task_2_interfaces/include/task_2_interfaces/task_2_interfaces
[6.358s] -- Up-to-date: /home/me597/ME-597/Lab1ws/install/task_2_interfaces/include/task_2_interfaces/task_2_interfaces/msg
[6.359s] -- Up-to-date: /home/me597/ME-597/Lab1ws/install/task_2_interfaces/include/task_2_interfaces/task_2_interfaces/msg/detail
[6.359s] -- Installing: /home/me597/ME-597/Lab1ws/install/task_2_interfaces/include/task_2_interfaces/task_2_interfaces/msg/detail/joint_data__rosidl_typesupport_fastrtps_c.h
[6.361s] -- Installing: /home/me597/ME-597/Lab1ws/install/task_2_interfaces/include/task_2_interfaces/task_2_interfaces/msg/rosidl_typesupport_fastrtps_c__visibility_control.h
[6.361s] -- Up-to-date: /home/me597/ME-597/Lab1ws/install/task_2_interfaces/include/task_2_interfaces/task_2_interfaces/srv
[6.361s] -- Up-to-date: /home/me597/ME-597/Lab1ws/install/task_2_interfaces/include/task_2_interfaces/task_2_interfaces/srv/detail
[6.362s] -- Installing: /home/me597/ME-597/Lab1ws/install/task_2_interfaces/include/task_2_interfaces/task_2_interfaces/srv/detail/joint_state__rosidl_typesupport_fastrtps_c.h
[6.362s] -- Installing: /home/me597/ME-597/Lab1ws/install/task_2_interfaces/lib/libtask_2_interfaces__rosidl_typesupport_fastrtps_c.so
[6.362s] -- Set runtime path of "/home/me597/ME-597/Lab1ws/install/task_2_interfaces/lib/libtask_2_interfaces__rosidl_typesupport_fastrtps_c.so" to ""
[6.362s] -- Up-to-date: /home/me597/ME-597/Lab1ws/install/task_2_interfaces/include/task_2_interfaces/task_2_interfaces
[6.362s] -- Up-to-date: /home/me597/ME-597/Lab1ws/install/task_2_interfaces/include/task_2_interfaces/task_2_interfaces/msg
[6.362s] -- Installing: /home/me597/ME-597/Lab1ws/install/task_2_interfaces/include/task_2_interfaces/task_2_interfaces/msg/rosidl_generator_cpp__visibility_control.hpp
[6.362s] -- Up-to-date: /home/me597/ME-597/Lab1ws/install/task_2_interfaces/include/task_2_interfaces/task_2_interfaces/msg/detail
[6.363s] -- Installing: /home/me597/ME-597/Lab1ws/install/task_2_interfaces/include/task_2_interfaces/task_2_interfaces/msg/detail/joint_data__type_support.hpp
[6.363s] -- Installing: /home/me597/ME-597/Lab1ws/install/task_2_interfaces/include/task_2_interfaces/task_2_interfaces/msg/detail/joint_data__builder.hpp
[6.363s] -- Installing: /home/me597/ME-597/Lab1ws/install/task_2_interfaces/include/task_2_interfaces/task_2_interfaces/msg/detail/joint_data__struct.hpp
[6.363s] -- Installing: /home/me597/ME-597/Lab1ws/install/task_2_interfaces/include/task_2_interfaces/task_2_interfaces/msg/detail/joint_data__traits.hpp
[6.363s] -- Installing: /home/me597/ME-597/Lab1ws/install/task_2_interfaces/include/task_2_interfaces/task_2_interfaces/msg/joint_data.hpp
[6.363s] -- Up-to-date: /home/me597/ME-597/Lab1ws/install/task_2_interfaces/include/task_2_interfaces/task_2_interfaces/srv
[6.363s] -- Up-to-date: /home/me597/ME-597/Lab1ws/install/task_2_interfaces/include/task_2_interfaces/task_2_interfaces/srv/detail
[6.363s] -- Installing: /home/me597/ME-597/Lab1ws/install/task_2_interfaces/include/task_2_interfaces/task_2_interfaces/srv/detail/joint_state__traits.hpp
[6.363s] -- Installing: /home/me597/ME-597/Lab1ws/install/task_2_interfaces/include/task_2_interfaces/task_2_interfaces/srv/detail/joint_state__type_support.hpp
[6.363s] -- Installing: /home/me597/ME-597/Lab1ws/install/task_2_interfaces/include/task_2_interfaces/task_2_interfaces/srv/detail/joint_state__builder.hpp
[6.363s] -- Installing: /home/me597/ME-597/Lab1ws/install/task_2_interfaces/include/task_2_interfaces/task_2_interfaces/srv/detail/joint_state__struct.hpp
[6.363s] -- Installing: /home/me597/ME-597/Lab1ws/install/task_2_interfaces/include/task_2_interfaces/task_2_interfaces/srv/joint_state.hpp
[6.363s] -- Up-to-date: /home/me597/ME-597/Lab1ws/install/task_2_interfaces/include/task_2_interfaces/task_2_interfaces
[6.363s] -- Up-to-date: /home/me597/ME-597/Lab1ws/install/task_2_interfaces/include/task_2_interfaces/task_2_interfaces/msg
[6.364s] -- Up-to-date: /home/me597/ME-597/Lab1ws/install/task_2_interfaces/include/task_2_interfaces/task_2_interfaces/msg/detail
[6.364s] -- Installing: /home/me597/ME-597/Lab1ws/install/task_2_interfaces/include/task_2_interfaces/task_2_interfaces/msg/detail/joint_data__rosidl_typesupport_fastrtps_cpp.hpp
[6.364s] -- Installing: /home/me597/ME-597/Lab1ws/install/task_2_interfaces/include/task_2_interfaces/task_2_interfaces/msg/detail/dds_fastrtps
[6.368s] -- Installing: /home/me597/ME-597/Lab1ws/install/task_2_interfaces/include/task_2_interfaces/task_2_interfaces/msg/rosidl_typesupport_fastrtps_cpp__visibility_control.h
[6.368s] -- Up-to-date: /home/me597/ME-597/Lab1ws/install/task_2_interfaces/include/task_2_interfaces/task_2_interfaces/srv
[6.368s] -- Up-to-date: /home/me597/ME-597/Lab1ws/install/task_2_interfaces/include/task_2_interfaces/task_2_interfaces/srv/detail
[6.368s] -- Installing: /home/me597/ME-597/Lab1ws/install/task_2_interfaces/include/task_2_interfaces/task_2_interfaces/srv/detail/joint_state__rosidl_typesupport_fastrtps_cpp.hpp
[6.368s] -- Installing: /home/me597/ME-597/Lab1ws/install/task_2_interfaces/include/task_2_interfaces/task_2_interfaces/srv/detail/dds_fastrtps
[6.368s] -- Installing: /home/me597/ME-597/Lab1ws/install/task_2_interfaces/lib/libtask_2_interfaces__rosidl_typesupport_fastrtps_cpp.so
[6.368s] -- Set runtime path of "/home/me597/ME-597/Lab1ws/install/task_2_interfaces/lib/libtask_2_interfaces__rosidl_typesupport_fastrtps_cpp.so" to ""
[6.368s] -- Up-to-date: /home/me597/ME-597/Lab1ws/install/task_2_interfaces/include/task_2_interfaces/task_2_interfaces
[6.368s] -- Up-to-date: /home/me597/ME-597/Lab1ws/install/task_2_interfaces/include/task_2_interfaces/task_2_interfaces/msg
[6.368s] -- Installing: /home/me597/ME-597/Lab1ws/install/task_2_interfaces/include/task_2_interfaces/task_2_interfaces/msg/rosidl_typesupport_introspection_c__visibility_control.h
[6.368s] -- Up-to-date: /home/me597/ME-597/Lab1ws/install/task_2_interfaces/include/task_2_interfaces/task_2_interfaces/msg/detail
[6.368s] -- Installing: /home/me597/ME-597/Lab1ws/install/task_2_interfaces/include/task_2_interfaces/task_2_interfaces/msg/detail/joint_data__rosidl_typesupport_introspection_c.h
[6.368s] -- Installing: /home/me597/ME-597/Lab1ws/install/task_2_interfaces/include/task_2_interfaces/task_2_interfaces/msg/detail/joint_data__type_support.c
[6.368s] -- Up-to-date: /home/me597/ME-597/Lab1ws/install/task_2_interfaces/include/task_2_interfaces/task_2_interfaces/srv
[6.368s] -- Up-to-date: /home/me597/ME-597/Lab1ws/install/task_2_interfaces/include/task_2_interfaces/task_2_interfaces/srv/detail
[6.368s] -- Installing: /home/me597/ME-597/Lab1ws/install/task_2_interfaces/include/task_2_interfaces/task_2_interfaces/srv/detail/joint_state__rosidl_typesupport_introspection_c.h
[6.369s] -- Installing: /home/me597/ME-597/Lab1ws/install/task_2_interfaces/include/task_2_interfaces/task_2_interfaces/srv/detail/joint_state__type_support.c
[6.369s] -- Installing: /home/me597/ME-597/Lab1ws/install/task_2_interfaces/lib/libtask_2_interfaces__rosidl_typesupport_introspection_c.so
[6.369s] -- Set runtime path of "/home/me597/ME-597/Lab1ws/install/task_2_interfaces/lib/libtask_2_interfaces__rosidl_typesupport_introspection_c.so" to ""
[6.369s] -- Installing: /home/me597/ME-597/Lab1ws/install/task_2_interfaces/lib/libtask_2_interfaces__rosidl_typesupport_c.so
[6.369s] -- Set runtime path of "/home/me597/ME-597/Lab1ws/install/task_2_interfaces/lib/libtask_2_interfaces__rosidl_typesupport_c.so" to ""
[6.369s] -- Up-to-date: /home/me597/ME-597/Lab1ws/install/task_2_interfaces/include/task_2_interfaces/task_2_interfaces
[6.370s] -- Up-to-date: /home/me597/ME-597/Lab1ws/install/task_2_interfaces/include/task_2_interfaces/task_2_interfaces/msg
[6.370s] -- Up-to-date: /home/me597/ME-597/Lab1ws/install/task_2_interfaces/include/task_2_interfaces/task_2_interfaces/msg/detail
[6.370s] -- Installing: /home/me597/ME-597/Lab1ws/install/task_2_interfaces/include/task_2_interfaces/task_2_interfaces/msg/detail/joint_data__rosidl_typesupport_introspection_cpp.hpp
[6.370s] -- Installing: /home/me597/ME-597/Lab1ws/install/task_2_interfaces/include/task_2_interfaces/task_2_interfaces/msg/detail/joint_data__type_support.cpp
[6.370s] -- Up-to-date: /home/me597/ME-597/Lab1ws/install/task_2_interfaces/include/task_2_interfaces/task_2_interfaces/srv
[6.370s] -- Up-to-date: /home/me597/ME-597/Lab1ws/install/task_2_interfaces/include/task_2_interfaces/task_2_interfaces/srv/detail
[6.370s] -- Installing: /home/me597/ME-597/Lab1ws/install/task_2_interfaces/include/task_2_interfaces/task_2_interfaces/srv/detail/joint_state__rosidl_typesupport_introspection_cpp.hpp
[6.371s] -- Installing: /home/me597/ME-597/Lab1ws/install/task_2_interfaces/include/task_2_interfaces/task_2_interfaces/srv/detail/joint_state__type_support.cpp
[6.371s] -- Installing: /home/me597/ME-597/Lab1ws/install/task_2_interfaces/lib/libtask_2_interfaces__rosidl_typesupport_introspection_cpp.so
[6.371s] -- Set runtime path of "/home/me597/ME-597/Lab1ws/install/task_2_interfaces/lib/libtask_2_interfaces__rosidl_typesupport_introspection_cpp.so" to ""
[6.371s] -- Installing: /home/me597/ME-597/Lab1ws/install/task_2_interfaces/lib/libtask_2_interfaces__rosidl_typesupport_cpp.so
[6.372s] -- Set runtime path of "/home/me597/ME-597/Lab1ws/install/task_2_interfaces/lib/libtask_2_interfaces__rosidl_typesupport_cpp.so" to ""
[6.372s] -- Installing: /home/me597/ME-597/Lab1ws/install/task_2_interfaces/share/task_2_interfaces/environment/pythonpath.sh
[6.372s] -- Installing: /home/me597/ME-597/Lab1ws/install/task_2_interfaces/share/task_2_interfaces/environment/pythonpath.dsv
[6.372s] -- Installing: /home/me597/ME-597/Lab1ws/install/task_2_interfaces/local/lib/python3.10/dist-packages/task_2_interfaces-0.0.0-py3.10.egg-info
[6.372s] -- Installing: /home/me597/ME-597/Lab1ws/install/task_2_interfaces/local/lib/python3.10/dist-packages/task_2_interfaces-0.0.0-py3.10.egg-info/top_level.txt
[6.372s] -- Installing: /home/me597/ME-597/Lab1ws/install/task_2_interfaces/local/lib/python3.10/dist-packages/task_2_interfaces-0.0.0-py3.10.egg-info/SOURCES.txt
[6.373s] -- Installing: /home/me597/ME-597/Lab1ws/install/task_2_interfaces/local/lib/python3.10/dist-packages/task_2_interfaces-0.0.0-py3.10.egg-info/dependency_links.txt
[6.373s] -- Installing: /home/me597/ME-597/Lab1ws/install/task_2_interfaces/local/lib/python3.10/dist-packages/task_2_interfaces-0.0.0-py3.10.egg-info/PKG-INFO
[6.373s] -- Installing: /home/me597/ME-597/Lab1ws/install/task_2_interfaces/local/lib/python3.10/dist-packages/task_2_interfaces
[6.373s] -- Installing: /home/me597/ME-597/Lab1ws/install/task_2_interfaces/local/lib/python3.10/dist-packages/task_2_interfaces/_task_2_interfaces_s.ep.rosidl_typesupport_fastrtps_c.c
[6.373s] -- Installing: /home/me597/ME-597/Lab1ws/install/task_2_interfaces/local/lib/python3.10/dist-packages/task_2_interfaces/task_2_interfaces_s__rosidl_typesupport_fastrtps_c.cpython-310-x86_64-linux-gnu.so
[6.374s] -- Installing: /home/me597/ME-597/Lab1ws/install/task_2_interfaces/local/lib/python3.10/dist-packages/task_2_interfaces/_task_2_interfaces_s.ep.rosidl_typesupport_c.c
[6.374s] -- Installing: /home/me597/ME-597/Lab1ws/install/task_2_interfaces/local/lib/python3.10/dist-packages/task_2_interfaces/msg
[6.374s] -- Installing: /home/me597/ME-597/Lab1ws/install/task_2_interfaces/local/lib/python3.10/dist-packages/task_2_interfaces/msg/_joint_data.py
[6.374s] -- Installing: /home/me597/ME-597/Lab1ws/install/task_2_interfaces/local/lib/python3.10/dist-packages/task_2_interfaces/msg/_joint_data_s.c
[6.374s] -- Installing: /home/me597/ME-597/Lab1ws/install/task_2_interfaces/local/lib/python3.10/dist-packages/task_2_interfaces/msg/__init__.py
[6.374s] -- Installing: /home/me597/ME-597/Lab1ws/install/task_2_interfaces/local/lib/python3.10/dist-packages/task_2_interfaces/task_2_interfaces_s__rosidl_typesupport_introspection_c.cpython-310-x86_64-linux-gnu.so
[6.374s] -- Installing: /home/me597/ME-597/Lab1ws/install/task_2_interfaces/local/lib/python3.10/dist-packages/task_2_interfaces/task_2_interfaces_s__rosidl_typesupport_c.cpython-310-x86_64-linux-gnu.so
[6.375s] -- Installing: /home/me597/ME-597/Lab1ws/install/task_2_interfaces/local/lib/python3.10/dist-packages/task_2_interfaces/__init__.py
[6.375s] -- Installing: /home/me597/ME-597/Lab1ws/install/task_2_interfaces/local/lib/python3.10/dist-packages/task_2_interfaces/libtask_2_interfaces__rosidl_generator_py.so
[6.375s] -- Installing: /home/me597/ME-597/Lab1ws/install/task_2_interfaces/local/lib/python3.10/dist-packages/task_2_interfaces/_task_2_interfaces_s.ep.rosidl_typesupport_introspection_c.c
[6.375s] -- Installing: /home/me597/ME-597/Lab1ws/install/task_2_interfaces/local/lib/python3.10/dist-packages/task_2_interfaces/srv
[6.376s] -- Installing: /home/me597/ME-597/Lab1ws/install/task_2_interfaces/local/lib/python3.10/dist-packages/task_2_interfaces/srv/_joint_state.py
[6.376s] -- Installing: /home/me597/ME-597/Lab1ws/install/task_2_interfaces/local/lib/python3.10/dist-packages/task_2_interfaces/srv/_joint_state_s.c
[6.377s] -- Installing: /home/me597/ME-597/Lab1ws/install/task_2_interfaces/local/lib/python3.10/dist-packages/task_2_interfaces/srv/__init__.py
[6.407s] Listing '/home/me597/ME-597/Lab1ws/install/task_2_interfaces/local/lib/python3.10/dist-packages/task_2_interfaces'...
[6.407s] Compiling '/home/me597/ME-597/Lab1ws/install/task_2_interfaces/local/lib/python3.10/dist-packages/task_2_interfaces/__init__.py'...
[6.407s] Listing '/home/me597/ME-597/Lab1ws/install/task_2_interfaces/local/lib/python3.10/dist-packages/task_2_interfaces/msg'...
[6.408s] Compiling '/home/me597/ME-597/Lab1ws/install/task_2_interfaces/local/lib/python3.10/dist-packages/task_2_interfaces/msg/__init__.py'...
[6.408s] Compiling '/home/me597/ME-597/Lab1ws/install/task_2_interfaces/local/lib/python3.10/dist-packages/task_2_interfaces/msg/_joint_data.py'...
[6.408s] Listing '/home/me597/ME-597/Lab1ws/install/task_2_interfaces/local/lib/python3.10/dist-packages/task_2_interfaces/srv'...
[6.408s] Compiling '/home/me597/ME-597/Lab1ws/install/task_2_interfaces/local/lib/python3.10/dist-packages/task_2_interfaces/srv/__init__.py'...
[6.408s] Compiling '/home/me597/ME-597/Lab1ws/install/task_2_interfaces/local/lib/python3.10/dist-packages/task_2_interfaces/srv/_joint_state.py'...
[6.412s] -- Installing: /home/me597/ME-597/Lab1ws/install/task_2_interfaces/local/lib/python3.10/dist-packages/task_2_interfaces/task_2_interfaces_s__rosidl_typesupport_fastrtps_c.cpython-310-x86_64-linux-gnu.so
[6.412s] -- Set runtime path of "/home/me597/ME-597/Lab1ws/install/task_2_interfaces/local/lib/python3.10/dist-packages/task_2_interfaces/task_2_interfaces_s__rosidl_typesupport_fastrtps_c.cpython-310-x86_64-linux-gnu.so" to ""
[6.412s] -- Installing: /home/me597/ME-597/Lab1ws/install/task_2_interfaces/local/lib/python3.10/dist-packages/task_2_interfaces/task_2_interfaces_s__rosidl_typesupport_introspection_c.cpython-310-x86_64-linux-gnu.so
[6.413s] -- Set runtime path of "/home/me597/ME-597/Lab1ws/install/task_2_interfaces/local/lib/python3.10/dist-packages/task_2_interfaces/task_2_interfaces_s__rosidl_typesupport_introspection_c.cpython-310-x86_64-linux-gnu.so" to ""
[6.413s] -- Installing: /home/me597/ME-597/Lab1ws/install/task_2_interfaces/local/lib/python3.10/dist-packages/task_2_interfaces/task_2_interfaces_s__rosidl_typesupport_c.cpython-310-x86_64-linux-gnu.so
[6.413s] -- Set runtime path of "/home/me597/ME-597/Lab1ws/install/task_2_interfaces/local/lib/python3.10/dist-packages/task_2_interfaces/task_2_interfaces_s__rosidl_typesupport_c.cpython-310-x86_64-linux-gnu.so" to ""
[6.413s] -- Installing: /home/me597/ME-597/Lab1ws/install/task_2_interfaces/lib/libtask_2_interfaces__rosidl_generator_py.so
[6.414s] -- Set runtime path of "/home/me597/ME-597/Lab1ws/install/task_2_interfaces/lib/libtask_2_interfaces__rosidl_generator_py.so" to ""
[6.414s] -- Installing: /home/me597/ME-597/Lab1ws/install/task_2_interfaces/share/task_2_interfaces/msg/JointData.idl
[6.414s] -- Installing: /home/me597/ME-597/Lab1ws/install/task_2_interfaces/share/task_2_interfaces/srv/JointState.idl
[6.414s] -- Installing: /home/me597/ME-597/Lab1ws/install/task_2_interfaces/share/task_2_interfaces/msg/JointData.msg
[6.415s] -- Installing: /home/me597/ME-597/Lab1ws/install/task_2_interfaces/share/task_2_interfaces/srv/JointState.srv
[6.415s] -- Installing: /home/me597/ME-597/Lab1ws/install/task_2_interfaces/share/task_2_interfaces/srv/JointState_Request.msg
[6.415s] -- Installing: /home/me597/ME-597/Lab1ws/install/task_2_interfaces/share/task_2_interfaces/srv/JointState_Response.msg
[6.415s] -- Installing: /home/me597/ME-597/Lab1ws/install/task_2_interfaces/share/ament_index/resource_index/package_run_dependencies/task_2_interfaces
[6.415s] -- Installing: /home/me597/ME-597/Lab1ws/install/task_2_interfaces/share/ament_index/resource_index/parent_prefix_path/task_2_interfaces
[6.416s] -- Installing: /home/me597/ME-597/Lab1ws/install/task_2_interfaces/share/task_2_interfaces/environment/ament_prefix_path.sh
[6.416s] -- Installing: /home/me597/ME-597/Lab1ws/install/task_2_interfaces/share/task_2_interfaces/environment/ament_prefix_path.dsv
[6.416s] -- Installing: /home/me597/ME-597/Lab1ws/install/task_2_interfaces/share/task_2_interfaces/environment/path.sh
[6.416s] -- Installing: /home/me597/ME-597/Lab1ws/install/task_2_interfaces/share/task_2_interfaces/environment/path.dsv
[6.416s] -- Installing: /home/me597/ME-597/Lab1ws/install/task_2_interfaces/share/task_2_interfaces/local_setup.bash
[6.417s] -- Installing: /home/me597/ME-597/Lab1ws/install/task_2_interfaces/share/task_2_interfaces/local_setup.sh
[6.419s] -- Installing: /home/me597/ME-597/Lab1ws/install/task_2_interfaces/share/task_2_interfaces/local_setup.zsh
[6.422s] -- Installing: /home/me597/ME-597/Lab1ws/install/task_2_interfaces/share/task_2_interfaces/local_setup.dsv
[6.422s] -- Installing: /home/me597/ME-597/Lab1ws/install/task_2_interfaces/share/task_2_interfaces/package.dsv
[6.422s] -- Installing: /home/me597/ME-597/Lab1ws/install/task_2_interfaces/share/ament_index/resource_index/packages/task_2_interfaces
[6.422s] -- Installing: /home/me597/ME-597/Lab1ws/install/task_2_interfaces/share/task_2_interfaces/cmake/export_task_2_interfaces__rosidl_generator_cExport.cmake
[6.422s] -- Installing: /home/me597/ME-597/Lab1ws/install/task_2_interfaces/share/task_2_interfaces/cmake/export_task_2_interfaces__rosidl_generator_cExport-noconfig.cmake
[6.422s] -- Installing: /home/me597/ME-597/Lab1ws/install/task_2_interfaces/share/task_2_interfaces/cmake/export_task_2_interfaces__rosidl_typesupport_fastrtps_cExport.cmake
[6.422s] -- Installing: /home/me597/ME-597/Lab1ws/install/task_2_interfaces/share/task_2_interfaces/cmake/export_task_2_interfaces__rosidl_typesupport_fastrtps_cExport-noconfig.cmake
[6.422s] -- Installing: /home/me597/ME-597/Lab1ws/install/task_2_interfaces/share/task_2_interfaces/cmake/export_task_2_interfaces__rosidl_generator_cppExport.cmake
[6.425s] -- Installing: /home/me597/ME-597/Lab1ws/install/task_2_interfaces/share/task_2_interfaces/cmake/export_task_2_interfaces__rosidl_typesupport_fastrtps_cppExport.cmake
[6.430s] -- Installing: /home/me597/ME-597/Lab1ws/install/task_2_interfaces/share/task_2_interfaces/cmake/export_task_2_interfaces__rosidl_typesupport_fastrtps_cppExport-noconfig.cmake
[6.430s] -- Installing: /home/me597/ME-597/Lab1ws/install/task_2_interfaces/share/task_2_interfaces/cmake/task_2_interfaces__rosidl_typesupport_introspection_cExport.cmake
[6.430s] -- Installing: /home/me597/ME-597/Lab1ws/install/task_2_interfaces/share/task_2_interfaces/cmake/task_2_interfaces__rosidl_typesupport_introspection_cExport-noconfig.cmake
[6.430s] -- Installing: /home/me597/ME-597/Lab1ws/install/task_2_interfaces/share/task_2_interfaces/cmake/task_2_interfaces__rosidl_typesupport_cExport.cmake
[6.430s] -- Installing: /home/me597/ME-597/Lab1ws/install/task_2_interfaces/share/task_2_interfaces/cmake/task_2_interfaces__rosidl_typesupport_cExport-noconfig.cmake
[6.430s] -- Installing: /home/me597/ME-597/Lab1ws/install/task_2_interfaces/share/task_2_interfaces/cmake/task_2_interfaces__rosidl_typesupport_introspection_cppExport.cmake
[6.430s] -- Installing: /home/me597/ME-597/Lab1ws/install/task_2_interfaces/share/task_2_interfaces/cmake/task_2_interfaces__rosidl_typesupport_introspection_cppExport-noconfig.cmake
[6.430s] -- Installing: /home/me597/ME-597/Lab1ws/install/task_2_interfaces/share/task_2_interfaces/cmake/task_2_interfaces__rosidl_typesupport_cppExport.cmake
[6.430s] -- Installing: /home/me597/ME-597/Lab1ws/install/task_2_interfaces/share/task_2_interfaces/cmake/task_2_interfaces__rosidl_typesupport_cppExport-noconfig.cmake
[6.430s] -- Installing: /home/me597/ME-597/Lab1ws/install/task_2_interfaces/share/task_2_interfaces/cmake/export_task_2_interfaces__rosidl_generator_pyExport.cmake
[6.430s] -- Installing: /home/me597/ME-597/Lab1ws/install/task_2_interfaces/share/task_2_interfaces/cmake/export_task_2_interfaces__rosidl_generator_pyExport-noconfig.cmake
[6.430s] -- Installing: /home/me597/ME-597/Lab1ws/install/task_2_interfaces/share/task_2_interfaces/cmake/rosidl_cmake-extras.cmake
[6.430s] -- Installing: /home/me597/ME-597/Lab1ws/install/task_2_interfaces/share/task_2_interfaces/cmake/ament_cmake_export_dependencies-extras.cmake
[6.430s] -- Installing: /home/me597/ME-597/Lab1ws/install/task_2_interfaces/share/task_2_interfaces/cmake/ament_cmake_export_include_directories-extras.cmake
[6.430s] -- Installing: /home/me597/ME-597/Lab1ws/install/task_2_interfaces/share/task_2_interfaces/cmake/ament_cmake_export_libraries-extras.cmake
[6.430s] -- Installing: /home/me597/ME-597/Lab1ws/install/task_2_interfaces/share/task_2_interfaces/cmake/ament_cmake_export_targets-extras.cmake
[6.431s] -- Installing: /home/me597/ME-597/Lab1ws/install/task_2_interfaces/share/task_2_interfaces/cmake/rosidl_cmake_export_typesupport_targets-extras.cmake
[6.431s] -- Installing: /home/me597/ME-597/Lab1ws/install/task_2_interfaces/share/task_2_interfaces/cmake/rosidl_cmake_export_typesupport_libraries-extras.cmake
[6.431s] -- Installing: /home/me597/ME-597/Lab1ws/install/task_2_interfaces/share/task_2_interfaces/cmake/task_2_interfacesConfig.cmake
[6.431s] -- Installing: /home/me597/ME-597/Lab1ws/install/task_2_interfaces/share/task_2_interfaces/cmake/task_2_interfacesConfig-version.cmake
[6.431s] -- Installing: /home/me597/ME-597/Lab1ws/install/task_2_interfaces/share/task_2_interfaces/package.xml
[6.435s] Invoked command in '/home/me597/ME-597/Lab1ws/build/task_2_interfaces' returned '0': CMAKE_PREFIX_PATH=/home/me597/ME-597/Lab1ws/install/task_2:/home/me597/ME-597/Lab1ws/install/task_1:/opt/ros/humble /usr/bin/cmake --install /home/me597/ME-597/Lab1ws/build/task_2_interfaces
