[0.796s] Invoking command in '/home/me597/ME-597/lab2ws/src/task_3': PYTHONPATH=/home/me597/ME-597/lab2ws/build/task_3/prefix_override:/usr/lib/python3/dist-packages/colcon_core/task/python/colcon_distutils_commands:/home/me597/ME-597/lab2ws/install/task_3/lib/python3.10/site-packages:${PYTHONPATH} /usr/bin/python3 -W ignore:setup.py install is deprecated -W ignore:easy_install command is deprecated setup.py egg_info --egg-base ../../build/task_3 build --build-base /home/me597/ME-597/lab2ws/build/task_3/build install --record /home/me597/ME-597/lab2ws/build/task_3/install.log --single-version-externally-managed install_data
[1.054s] running egg_info
[1.056s] writing ../../build/task_3/task_3.egg-info/PKG-INFO
[1.056s] writing dependency_links to ../../build/task_3/task_3.egg-info/dependency_links.txt
[1.056s] writing entry points to ../../build/task_3/task_3.egg-info/entry_points.txt
[1.056s] writing requirements to ../../build/task_3/task_3.egg-info/requires.txt
[1.056s] writing top-level names to ../../build/task_3/task_3.egg-info/top_level.txt
[1.059s] reading manifest file '../../build/task_3/task_3.egg-info/SOURCES.txt'
[1.059s] adding license file 'LICENSE'
[1.061s] writing manifest file '../../build/task_3/task_3.egg-info/SOURCES.txt'
[1.061s] running build
[1.061s] running build_py
[1.061s] running install
[1.061s] running install_lib
[1.063s] running install_data
[1.063s] running install_egg_info
[1.065s] removing '/home/me597/ME-597/lab2ws/install/task_3/lib/python3.10/site-packages/task_3-0.0.0-py3.10.egg-info' (and everything under it)
[1.067s] Copying ../../build/task_3/task_3.egg-info to /home/me597/ME-597/lab2ws/install/task_3/lib/python3.10/site-packages/task_3-0.0.0-py3.10.egg-info
[1.069s] running install_scripts
[1.088s] Installing pid_controller script to /home/me597/ME-597/lab2ws/install/task_3/lib/task_3
[1.093s] writing list of installed files to '/home/me597/ME-597/lab2ws/build/task_3/install.log'
[1.109s] Invoked command in '/home/me597/ME-597/lab2ws/src/task_3' returned '0': PYTHONPATH=/home/me597/ME-597/lab2ws/build/task_3/prefix_override:/usr/lib/python3/dist-packages/colcon_core/task/python/colcon_distutils_commands:/home/me597/ME-597/lab2ws/install/task_3/lib/python3.10/site-packages:${PYTHONPATH} /usr/bin/python3 -W ignore:setup.py install is deprecated -W ignore:easy_install command is deprecated setup.py egg_info --egg-base ../../build/task_3 build --build-base /home/me597/ME-597/lab2ws/build/task_3/build install --record /home/me597/ME-597/lab2ws/build/task_3/install.log --single-version-externally-managed install_data
